[ 2018-03-05T00:52:13+08:00 ] 60.205.47.19 123.125.67.222 GET /robots.txt
[ log ] www.yuhal.com/robots.txt [运行时间：0.183042s][吞吐率：5.46req/s] [内存消耗：2,120.39kb] [文件加载：35]
[ info ] [ SESSION ] INIT array (
  'id' => '',
  'var_session_id' => '',
  'prefix' => 'think',
  'type' => '',
  'auto_start' => true,
)
[ info ] [ DB ] INIT mysql
[ info ] [ LANG ] /data/home/bxu2713790162/htdocs/thinkphp/lang/zh-cn.php
[ info ] [ ROUTE ] array (
  'type' => 'module',
  'module' => 
  array (
    0 => 'blog',
    1 => 'error',
    2 => 'index',
  ),
  'convert' => false,
)
[ info ] [ HEADER ] array (
  'accept' => '*/*',
  'accept-encoding' => 'gzip',
  'accept-language' => 'zh-cn,zh-tw',
  'connection' => 'close',
  'host' => 'www.yuhal.com',
  'user-agent' => 'Mozilla/5.0 (Windows NT 10.0; WOW64) AppleWebKit/537.36 (KHTML, like Gecko) Chrome/45.0.2454.93 Safari/537.36',
)
[ info ] [ PARAM ] array (
)
[ info ] [ RUN ] app\blog\controller\Error->index[ /data/home/bxu2713790162/htdocs/application/blog/controller/Error.php ]
[ info ] [ VIEW ] /data/home/bxu2713790162/htdocs/application/blog/view/error/error.html [ array (
  0 => 'code',
  1 => 'msg',
) ]
[ info ] [ LOG ] INIT File

---------------------------------------------------------------
[ 2018-03-05T04:07:34+08:00 ] 60.205.47.19 199.58.86.211 GET /robots.txt
[ log ] yuhal.com/robots.txt [运行时间：0.197390s][吞吐率：5.07req/s] [内存消耗：2,119.09kb] [文件加载：35]
[ info ] [ SESSION ] INIT array (
  'id' => '',
  'var_session_id' => '',
  'prefix' => 'think',
  'type' => '',
  'auto_start' => true,
)
[ info ] [ DB ] INIT mysql
[ info ] [ LANG ] /data/home/bxu2713790162/htdocs/thinkphp/lang/zh-cn.php
[ info ] [ ROUTE ] array (
  'type' => 'module',
  'module' => 
  array (
    0 => 'blog',
    1 => 'error',
    2 => 'index',
  ),
  'convert' => false,
)
[ info ] [ HEADER ] array (
  'accept' => '*/*',
  'connection' => 'keep-alive',
  'host' => 'yuhal.com',
  'user-agent' => 'Mozilla/5.0 (compatible; MJ12bot/v1.4.8; http://mj12bot.com/)',
)
[ info ] [ PARAM ] array (
)
[ info ] [ RUN ] app\blog\controller\Error->index[ /data/home/bxu2713790162/htdocs/application/blog/controller/Error.php ]
[ info ] [ VIEW ] /data/home/bxu2713790162/htdocs/application/blog/view/error/error.html [ array (
  0 => 'code',
  1 => 'msg',
) ]
[ info ] [ LOG ] INIT File

---------------------------------------------------------------
[ 2018-03-05T04:07:37+08:00 ] 60.205.47.19 199.58.86.211 GET /details/2
[ log ] yuhal.com/details/2 [运行时间：0.981019s][吞吐率：1.02req/s] [内存消耗：3,404.98kb] [文件加载：49]
[ info ] [ SESSION ] INIT array (
  'id' => '',
  'var_session_id' => '',
  'prefix' => 'think',
  'type' => '',
  'auto_start' => true,
)
[ info ] [ DB ] INIT mysql
[ info ] [ LANG ] /data/home/bxu2713790162/htdocs/thinkphp/lang/zh-cn.php
[ info ] [ ROUTE ] array (
  'type' => 'module',
  'module' => 
  array (
    0 => 'blog',
    1 => 'details',
    2 => 'index',
  ),
  'convert' => false,
)
[ info ] [ HEADER ] array (
  'accept' => 'text/html,text/plain,text/xml,text/*,application/xml,application/xhtml+xml,application/rss+xml,application/atom+xml,application/rdf+xml,application/php,application/x-php,application/x-httpd-php',
  'accept-language' => 'en',
  'host' => 'yuhal.com',
  'user-agent' => 'Mozilla/5.0 (compatible; MJ12bot/v1.4.8; http://mj12bot.com/)',
)
[ info ] [ PARAM ] array (
  'id' => '2',
)
[ info ] [ DB ] INIT mysql
[ info ] [ RUN ] app\blog\controller\Details->index[ /data/home/bxu2713790162/htdocs/application/blog/controller/Details.php ]
[ info ] [ VIEW ] /data/home/bxu2713790162/htdocs/application/blog/view/details/index.html [ array (
  0 => 'Tag',
  1 => 'Information',
  2 => 'User',
  3 => 'content',
) ]
[ info ] [ LOG ] INIT File
[ sql ] [ DB ] CONNECT:[ UseTime:0.090332s ] mysql:dbname=yuhal;host=118.31.23.98;port=3306;charset=utf8
[ sql ] [ SQL ] SHOW COLUMNS FROM `yh_b_tags` [ RunTime:0.060749s ]
[ sql ] [ SQL ] SELECT `value` FROM `yh_b_tags` WHERE  `yh_b_tags`.`delete_time` IS NULL ORDER BY update_time desc [ RunTime:0.060312s ]
[ sql ] [ SQL ] SHOW COLUMNS FROM `yh_b_information` [ RunTime:0.060792s ]
[ sql ] [ SQL ] SELECT * FROM `yh_b_information` ORDER BY rand() LIMIT 5 [ RunTime:0.060337s ]
[ sql ] [ SQL ] SHOW COLUMNS FROM `yh_b_article` [ RunTime:0.060842s ]
[ sql ] [ SQL ] SELECT `a`.`article_title`,`a`.`create_time`,`a`.`note`,`b`.`color`,`b`.`show_type`,`b`.`value`,`a`.`article_id`,`a`.`tag_ids` FROM `yh_b_article` `a` INNER JOIN `yh_b_article_type` `b` ON `b`.`id`=`a`.`type_id` WHERE  `a`.`delete_time` IS NULL  AND (  article_id=2 ) LIMIT 1 [ RunTime:0.060339s ]
[ sql ] [ SQL ] SHOW COLUMNS FROM `yh_b_des` [ RunTime:0.060840s ]
[ sql ] [ SQL ] SELECT * FROM `yh_b_des` WHERE  (  pid=2 ) [ RunTime:0.060346s ]
[ sql ] [ SQL ] SELECT * FROM `yh_b_tags` WHERE  `yh_b_tags`.`delete_time` IS NULL  AND `id` = 12 LIMIT 1 [ RunTime:0.060443s ]
[ sql ] [ SQL ] SELECT `article_id` FROM `yh_b_article` WHERE  `yh_b_article`.`delete_time` IS NULL  AND (  article_id < 2 ) ORDER BY create_time desc LIMIT 1 [ RunTime:0.060423s ]
[ sql ] [ SQL ] SELECT `article_id` FROM `yh_b_article` WHERE  `yh_b_article`.`delete_time` IS NULL  AND (  article_id > 2 ) ORDER BY article_id asc LIMIT 1 [ RunTime:0.060336s ]

---------------------------------------------------------------
[ 2018-03-05T04:07:40+08:00 ] 60.205.47.19 199.58.86.211 GET /robots.txt
[ log ] www.yuhal.com/robots.txt [运行时间：0.202009s][吞吐率：4.95req/s] [内存消耗：2,119.00kb] [文件加载：35]
[ info ] [ SESSION ] INIT array (
  'id' => '',
  'var_session_id' => '',
  'prefix' => 'think',
  'type' => '',
  'auto_start' => true,
)
[ info ] [ DB ] INIT mysql
[ info ] [ LANG ] /data/home/bxu2713790162/htdocs/thinkphp/lang/zh-cn.php
[ info ] [ ROUTE ] array (
  'type' => 'module',
  'module' => 
  array (
    0 => 'blog',
    1 => 'error',
    2 => 'index',
  ),
  'convert' => false,
)
[ info ] [ HEADER ] array (
  'accept' => '*/*',
  'connection' => 'keep-alive',
  'host' => 'www.yuhal.com',
  'user-agent' => 'Mozilla/5.0 (compatible; MJ12bot/v1.4.8; http://mj12bot.com/)',
)
[ info ] [ PARAM ] array (
)
[ info ] [ RUN ] app\blog\controller\Error->index[ /data/home/bxu2713790162/htdocs/application/blog/controller/Error.php ]
[ info ] [ VIEW ] /data/home/bxu2713790162/htdocs/application/blog/view/error/error.html [ array (
  0 => 'code',
  1 => 'msg',
) ]
[ info ] [ LOG ] INIT File

---------------------------------------------------------------
[ 2018-03-05T04:07:43+08:00 ] 60.205.47.19 199.58.86.211 GET /categories/%E5%B7%A5%E5%85%B7
[ log ] www.yuhal.com/categories/%E5%B7%A5%E5%85%B7 [运行时间：1.053214s][吞吐率：0.95req/s] [内存消耗：3,373.58kb] [文件加载：48]
[ info ] [ SESSION ] INIT array (
  'id' => '',
  'var_session_id' => '',
  'prefix' => 'think',
  'type' => '',
  'auto_start' => true,
)
[ info ] [ DB ] INIT mysql
[ info ] [ LANG ] /data/home/bxu2713790162/htdocs/thinkphp/lang/zh-cn.php
[ info ] [ ROUTE ] array (
  'type' => 'module',
  'module' => 
  array (
    0 => 'blog',
    1 => 'category',
    2 => 'index',
  ),
  'convert' => false,
)
[ info ] [ HEADER ] array (
  'accept' => 'text/html,text/plain,text/xml,text/*,application/xml,application/xhtml+xml,application/rss+xml,application/atom+xml,application/rdf+xml,application/php,application/x-php,application/x-httpd-php',
  'accept-language' => 'en',
  'host' => 'www.yuhal.com',
  'user-agent' => 'Mozilla/5.0 (compatible; MJ12bot/v1.4.8; http://mj12bot.com/)',
)
[ info ] [ PARAM ] array (
  'cate' => '工具',
)
[ info ] [ DB ] INIT mysql
[ info ] [ RUN ] app\blog\controller\Category->index[ /data/home/bxu2713790162/htdocs/application/blog/controller/Category.php ]
[ info ] [ VIEW ] /data/home/bxu2713790162/htdocs/application/blog/view/category/index.html [ array (
  0 => 'Tag',
  1 => 'Information',
  2 => 'User',
  3 => 'list',
  4 => 'allart',
  5 => 'cate',
) ]
[ info ] [ LOG ] INIT File
[ sql ] [ DB ] CONNECT:[ UseTime:0.102838s ] mysql:dbname=yuhal;host=118.31.23.98;port=3306;charset=utf8
[ sql ] [ SQL ] SHOW COLUMNS FROM `yh_b_tags` [ RunTime:0.067882s ]
[ sql ] [ SQL ] SELECT `value` FROM `yh_b_tags` WHERE  `yh_b_tags`.`delete_time` IS NULL ORDER BY update_time desc [ RunTime:0.067222s ]
[ sql ] [ SQL ] SHOW COLUMNS FROM `yh_b_information` [ RunTime:0.067673s ]
[ sql ] [ SQL ] SELECT * FROM `yh_b_information` ORDER BY rand() LIMIT 5 [ RunTime:0.067197s ]
[ sql ] [ SQL ] SHOW COLUMNS FROM `yh_b_article_type` [ RunTime:0.067772s ]
[ sql ] [ SQL ] SELECT * FROM `yh_b_article_type` WHERE  `yh_b_article_type`.`delete_time` IS NULL  AND `value` = '工具' LIMIT 1 [ RunTime:0.067256s ]
[ sql ] [ SQL ] SHOW COLUMNS FROM `yh_b_article` [ RunTime:0.067802s ]
[ sql ] [ SQL ] SELECT * FROM `yh_b_article` WHERE  `yh_b_article`.`delete_time` IS NULL  AND (  type_id = 7 ) [ RunTime:0.067309s ]
[ sql ] [ SQL ] select a.path from yh_s_picture as a left join yh_s_group as b on a.group_id=b.id where b.value='博客' order by rand() limit 1 [ RunTime:0.067521s ]
[ sql ] [ SQL ] select a.path from yh_s_picture as a left join yh_s_group as b on a.group_id=b.id where b.value='博客' order by rand() limit 1 [ RunTime:0.067516s ]
[ sql ] [ SQL ] select a.path from yh_s_picture as a left join yh_s_group as b on a.group_id=b.id where b.value='博客' order by rand() limit 1 [ RunTime:0.067606s ]

---------------------------------------------------------------
[ 2018-03-05T04:07:46+08:00 ] 60.205.47.19 199.58.86.211 GET /categories/%E6%8A%80%E6%9C%AF%E4%B9%8B%E5%A4%96
[ log ] www.yuhal.com/categories/%E6%8A%80%E6%9C%AF%E4%B9%8B%E5%A4%96 [运行时间：0.932246s][吞吐率：1.07req/s] [内存消耗：3,368.92kb] [文件加载：48]
[ info ] [ SESSION ] INIT array (
  'id' => '',
  'var_session_id' => '',
  'prefix' => 'think',
  'type' => '',
  'auto_start' => true,
)
[ info ] [ DB ] INIT mysql
[ info ] [ LANG ] /data/home/bxu2713790162/htdocs/thinkphp/lang/zh-cn.php
[ info ] [ ROUTE ] array (
  'type' => 'module',
  'module' => 
  array (
    0 => 'blog',
    1 => 'category',
    2 => 'index',
  ),
  'convert' => false,
)
[ info ] [ HEADER ] array (
  'accept' => 'text/html,text/plain,text/xml,text/*,application/xml,application/xhtml+xml,application/rss+xml,application/atom+xml,application/rdf+xml,application/php,application/x-php,application/x-httpd-php',
  'accept-encoding' => 'gzip',
  'accept-language' => 'en',
  'host' => 'www.yuhal.com',
  'user-agent' => 'Mozilla/5.0 (compatible; MJ12bot/v1.4.8; http://mj12bot.com/)',
)
[ info ] [ PARAM ] array (
  'cate' => '技术之外',
)
[ info ] [ DB ] INIT mysql
[ info ] [ RUN ] app\blog\controller\Category->index[ /data/home/bxu2713790162/htdocs/application/blog/controller/Category.php ]
[ info ] [ VIEW ] /data/home/bxu2713790162/htdocs/application/blog/view/category/index.html [ array (
  0 => 'Tag',
  1 => 'Information',
  2 => 'User',
  3 => 'list',
  4 => 'allart',
  5 => 'cate',
) ]
[ info ] [ LOG ] INIT File
[ sql ] [ DB ] CONNECT:[ UseTime:0.100120s ] mysql:dbname=yuhal;host=118.31.23.98;port=3306;charset=utf8
[ sql ] [ SQL ] SHOW COLUMNS FROM `yh_b_tags` [ RunTime:0.067374s ]
[ sql ] [ SQL ] SELECT `value` FROM `yh_b_tags` WHERE  `yh_b_tags`.`delete_time` IS NULL ORDER BY update_time desc [ RunTime:0.066883s ]
[ sql ] [ SQL ] SHOW COLUMNS FROM `yh_b_information` [ RunTime:0.067377s ]
[ sql ] [ SQL ] SELECT * FROM `yh_b_information` ORDER BY rand() LIMIT 5 [ RunTime:0.067057s ]
[ sql ] [ SQL ] SHOW COLUMNS FROM `yh_b_article_type` [ RunTime:0.067524s ]
[ sql ] [ SQL ] SELECT * FROM `yh_b_article_type` WHERE  `yh_b_article_type`.`delete_time` IS NULL  AND `value` = '技术之外' LIMIT 1 [ RunTime:0.067160s ]
[ sql ] [ SQL ] SHOW COLUMNS FROM `yh_b_article` [ RunTime:0.067466s ]
[ sql ] [ SQL ] SELECT * FROM `yh_b_article` WHERE  `yh_b_article`.`delete_time` IS NULL  AND (  type_id = 6 ) [ RunTime:0.066935s ]
[ sql ] [ SQL ] select a.path from yh_s_picture as a left join yh_s_group as b on a.group_id=b.id where b.value='博客' order by rand() limit 1 [ RunTime:0.067175s ]

---------------------------------------------------------------
[ 2018-03-05T04:07:48+08:00 ] 60.205.47.19 199.58.86.211 GET /categories/%E6%95%B0%E6%8D%AE%E5%BA%93
[ log ] www.yuhal.com/categories/%E6%95%B0%E6%8D%AE%E5%BA%93 [运行时间：0.989260s][吞吐率：1.01req/s] [内存消耗：3,371.33kb] [文件加载：48]
[ info ] [ SESSION ] INIT array (
  'id' => '',
  'var_session_id' => '',
  'prefix' => 'think',
  'type' => '',
  'auto_start' => true,
)
[ info ] [ DB ] INIT mysql
[ info ] [ LANG ] /data/home/bxu2713790162/htdocs/thinkphp/lang/zh-cn.php
[ info ] [ ROUTE ] array (
  'type' => 'module',
  'module' => 
  array (
    0 => 'blog',
    1 => 'category',
    2 => 'index',
  ),
  'convert' => false,
)
[ info ] [ HEADER ] array (
  'accept' => 'text/html,text/plain,text/xml,text/*,application/xml,application/xhtml+xml,application/rss+xml,application/atom+xml,application/rdf+xml,application/php,application/x-php,application/x-httpd-php',
  'accept-encoding' => 'gzip',
  'accept-language' => 'en',
  'host' => 'www.yuhal.com',
  'user-agent' => 'Mozilla/5.0 (compatible; MJ12bot/v1.4.8; http://mj12bot.com/)',
)
[ info ] [ PARAM ] array (
  'cate' => '数据库',
)
[ info ] [ DB ] INIT mysql
[ info ] [ RUN ] app\blog\controller\Category->index[ /data/home/bxu2713790162/htdocs/application/blog/controller/Category.php ]
[ info ] [ VIEW ] /data/home/bxu2713790162/htdocs/application/blog/view/category/index.html [ array (
  0 => 'Tag',
  1 => 'Information',
  2 => 'User',
  3 => 'list',
  4 => 'allart',
  5 => 'cate',
) ]
[ info ] [ LOG ] INIT File
[ sql ] [ DB ] CONNECT:[ UseTime:0.099944s ] mysql:dbname=yuhal;host=118.31.23.98;port=3306;charset=utf8
[ sql ] [ SQL ] SHOW COLUMNS FROM `yh_b_tags` [ RunTime:0.066959s ]
[ sql ] [ SQL ] SELECT `value` FROM `yh_b_tags` WHERE  `yh_b_tags`.`delete_time` IS NULL ORDER BY update_time desc [ RunTime:0.066453s ]
[ sql ] [ SQL ] SHOW COLUMNS FROM `yh_b_information` [ RunTime:0.067003s ]
[ sql ] [ SQL ] SELECT * FROM `yh_b_information` ORDER BY rand() LIMIT 5 [ RunTime:0.066462s ]
[ sql ] [ SQL ] SHOW COLUMNS FROM `yh_b_article_type` [ RunTime:0.066909s ]
[ sql ] [ SQL ] SELECT * FROM `yh_b_article_type` WHERE  `yh_b_article_type`.`delete_time` IS NULL  AND `value` = '数据库' LIMIT 1 [ RunTime:0.066518s ]
[ sql ] [ SQL ] SHOW COLUMNS FROM `yh_b_article` [ RunTime:0.066945s ]
[ sql ] [ SQL ] SELECT * FROM `yh_b_article` WHERE  `yh_b_article`.`delete_time` IS NULL  AND (  type_id = 5 ) [ RunTime:0.066446s ]
[ sql ] [ SQL ] select a.path from yh_s_picture as a left join yh_s_group as b on a.group_id=b.id where b.value='博客' order by rand() limit 1 [ RunTime:0.066704s ]
[ sql ] [ SQL ] select a.path from yh_s_picture as a left join yh_s_group as b on a.group_id=b.id where b.value='博客' order by rand() limit 1 [ RunTime:0.066669s ]

---------------------------------------------------------------
[ 2018-03-05T04:07:51+08:00 ] 60.205.47.19 199.58.86.211 GET /tag/%E5%86%85%E7%BD%91%E7%A9%BF%E9%80%8F
[ log ] www.yuhal.com/tag/%E5%86%85%E7%BD%91%E7%A9%BF%E9%80%8F [运行时间：0.607219s][吞吐率：1.65req/s] [内存消耗：3,298.49kb] [文件加载：46]
[ info ] [ SESSION ] INIT array (
  'id' => '',
  'var_session_id' => '',
  'prefix' => 'think',
  'type' => '',
  'auto_start' => true,
)
[ info ] [ DB ] INIT mysql
[ info ] [ LANG ] /data/home/bxu2713790162/htdocs/thinkphp/lang/zh-cn.php
[ info ] [ ROUTE ] array (
  'type' => 'module',
  'module' => 
  array (
    0 => 'blog',
    1 => 'tag',
    2 => 'index',
  ),
  'convert' => false,
)
[ info ] [ HEADER ] array (
  'accept' => 'text/html,text/plain,text/xml,text/*,application/xml,application/xhtml+xml,application/rss+xml,application/atom+xml,application/rdf+xml,application/php,application/x-php,application/x-httpd-php',
  'accept-encoding' => 'gzip',
  'accept-language' => 'en',
  'host' => 'www.yuhal.com',
  'user-agent' => 'Mozilla/5.0 (compatible; MJ12bot/v1.4.8; http://mj12bot.com/)',
)
[ info ] [ PARAM ] array (
  'tag' => '内网穿透',
)
[ info ] [ DB ] INIT mysql
[ info ] [ RUN ] app\blog\controller\Tag->index[ /data/home/bxu2713790162/htdocs/application/blog/controller/Tag.php ]
[ info ] [ VIEW ] /data/home/bxu2713790162/htdocs/application/blog/view/error/error.html [ array (
  0 => 'Tag',
  1 => 'Information',
  2 => 'User',
  3 => 'code',
  4 => 'msg',
) ]
[ info ] [ LOG ] INIT File
[ sql ] [ DB ] CONNECT:[ UseTime:0.089261s ] mysql:dbname=yuhal;host=118.31.23.98;port=3306;charset=utf8
[ sql ] [ SQL ] SHOW COLUMNS FROM `yh_b_tags` [ RunTime:0.060227s ]
[ sql ] [ SQL ] SELECT `value` FROM `yh_b_tags` WHERE  `yh_b_tags`.`delete_time` IS NULL ORDER BY update_time desc [ RunTime:0.059740s ]
[ sql ] [ SQL ] SHOW COLUMNS FROM `yh_b_information` [ RunTime:0.060277s ]
[ sql ] [ SQL ] SELECT * FROM `yh_b_information` ORDER BY rand() LIMIT 5 [ RunTime:0.059852s ]
[ sql ] [ SQL ] SELECT * FROM `yh_b_tags` WHERE  `yh_b_tags`.`delete_time` IS NULL  AND `value` = '内网穿透' LIMIT 1 [ RunTime:0.059848s ]

---------------------------------------------------------------
[ 2018-03-05T04:07:54+08:00 ] 60.205.47.19 199.58.86.211 GET /tag/%E6%8A%80%E6%9C%AF%E4%B9%8B%E5%A4%96
[ log ] www.yuhal.com/tag/%E6%8A%80%E6%9C%AF%E4%B9%8B%E5%A4%96 [运行时间：1.394053s][吞吐率：0.72req/s] [内存消耗：3,314.98kb] [文件加载：46]
[ info ] [ SESSION ] INIT array (
  'id' => '',
  'var_session_id' => '',
  'prefix' => 'think',
  'type' => '',
  'auto_start' => true,
)
[ info ] [ DB ] INIT mysql
[ info ] [ LANG ] /data/home/bxu2713790162/htdocs/thinkphp/lang/zh-cn.php
[ info ] [ ROUTE ] array (
  'type' => 'module',
  'module' => 
  array (
    0 => 'blog',
    1 => 'tag',
    2 => 'index',
  ),
  'convert' => false,
)
[ info ] [ HEADER ] array (
  'accept' => 'text/html,text/plain,text/xml,text/*,application/xml,application/xhtml+xml,application/rss+xml,application/atom+xml,application/rdf+xml,application/php,application/x-php,application/x-httpd-php',
  'accept-encoding' => 'gzip',
  'accept-language' => 'en',
  'host' => 'www.yuhal.com',
  'user-agent' => 'Mozilla/5.0 (compatible; MJ12bot/v1.4.8; http://mj12bot.com/)',
)
[ info ] [ PARAM ] array (
  'tag' => '技术之外',
)
[ info ] [ DB ] INIT mysql
[ info ] [ RUN ] app\blog\controller\Tag->index[ /data/home/bxu2713790162/htdocs/application/blog/controller/Tag.php ]
[ info ] [ VIEW ] /data/home/bxu2713790162/htdocs/application/blog/view/tag/index.html [ array (
  0 => 'Tag',
  1 => 'Information',
  2 => 'User',
  3 => 'allart',
  4 => 'list',
) ]
[ info ] [ LOG ] INIT File
[ sql ] [ DB ] CONNECT:[ UseTime:0.099802s ] mysql:dbname=yuhal;host=118.31.23.98;port=3306;charset=utf8
[ sql ] [ SQL ] SHOW COLUMNS FROM `yh_b_tags` [ RunTime:0.067270s ]
[ sql ] [ SQL ] SELECT `value` FROM `yh_b_tags` WHERE  `yh_b_tags`.`delete_time` IS NULL ORDER BY update_time desc [ RunTime:0.066772s ]
[ sql ] [ SQL ] SHOW COLUMNS FROM `yh_b_information` [ RunTime:0.067229s ]
[ sql ] [ SQL ] SELECT * FROM `yh_b_information` ORDER BY rand() LIMIT 5 [ RunTime:0.066755s ]
[ sql ] [ SQL ] SELECT * FROM `yh_b_tags` WHERE  `yh_b_tags`.`delete_time` IS NULL  AND `value` = '技术之外' LIMIT 1 [ RunTime:0.066813s ]
[ sql ] [ SQL ] SHOW COLUMNS FROM `yh_b_article` [ RunTime:0.067310s ]
[ sql ] [ SQL ] SELECT `a`.`article_id`,`a`.`tag_ids`,`a`.`article_title`,`a`.`create_time`,`a`.`note`,`b`.`value`,`b`.`color` FROM `yh_b_article` `a` INNER JOIN `yh_b_article_type` `b` ON `b`.`id`=`a`.`type_id` WHERE  `a`.`delete_time` IS NULL ORDER BY a.create_time desc [ RunTime:0.066982s ]
[ sql ] [ SQL ] select a.path from yh_s_picture as a left join yh_s_group as b on a.group_id=b.id where b.value='博客' order by rand() limit 1 [ RunTime:0.066933s ]
[ sql ] [ SQL ] select a.path from yh_s_picture as a left join yh_s_group as b on a.group_id=b.id where b.value='博客' order by rand() limit 1 [ RunTime:0.066986s ]
[ sql ] [ SQL ] select a.path from yh_s_picture as a left join yh_s_group as b on a.group_id=b.id where b.value='博客' order by rand() limit 1 [ RunTime:0.067308s ]
[ sql ] [ SQL ] select a.path from yh_s_picture as a left join yh_s_group as b on a.group_id=b.id where b.value='博客' order by rand() limit 1 [ RunTime:0.067076s ]
[ sql ] [ SQL ] select a.path from yh_s_picture as a left join yh_s_group as b on a.group_id=b.id where b.value='博客' order by rand() limit 1 [ RunTime:0.066952s ]
[ sql ] [ SQL ] select a.path from yh_s_picture as a left join yh_s_group as b on a.group_id=b.id where b.value='博客' order by rand() limit 1 [ RunTime:0.067048s ]
[ sql ] [ SQL ] select a.path from yh_s_picture as a left join yh_s_group as b on a.group_id=b.id where b.value='博客' order by rand() limit 1 [ RunTime:0.066933s ]
[ sql ] [ SQL ] select a.path from yh_s_picture as a left join yh_s_group as b on a.group_id=b.id where b.value='博客' order by rand() limit 1 [ RunTime:0.067609s ]
[ sql ] [ SQL ] select a.path from yh_s_picture as a left join yh_s_group as b on a.group_id=b.id where b.value='博客' order by rand() limit 1 [ RunTime:0.066992s ]

---------------------------------------------------------------
[ 2018-03-05T04:07:57+08:00 ] 60.205.47.19 199.58.86.211 GET /tag/%E6%97%A0%E9%99%90%E6%9E%81%E5%88%86%E7%B1%BB
[ log ] www.yuhal.com/tag/%E6%97%A0%E9%99%90%E6%9E%81%E5%88%86%E7%B1%BB [运行时间：0.567164s][吞吐率：1.76req/s] [内存消耗：3,298.21kb] [文件加载：46]
[ info ] [ SESSION ] INIT array (
  'id' => '',
  'var_session_id' => '',
  'prefix' => 'think',
  'type' => '',
  'auto_start' => true,
)
[ info ] [ DB ] INIT mysql
[ info ] [ LANG ] /data/home/bxu2713790162/htdocs/thinkphp/lang/zh-cn.php
[ info ] [ ROUTE ] array (
  'type' => 'module',
  'module' => 
  array (
    0 => 'blog',
    1 => 'tag',
    2 => 'index',
  ),
  'convert' => false,
)
[ info ] [ HEADER ] array (
  'accept' => 'text/html,text/plain,text/xml,text/*,application/xml,application/xhtml+xml,application/rss+xml,application/atom+xml,application/rdf+xml,application/php,application/x-php,application/x-httpd-php',
  'accept-encoding' => 'gzip',
  'accept-language' => 'en',
  'host' => 'www.yuhal.com',
  'user-agent' => 'Mozilla/5.0 (compatible; MJ12bot/v1.4.8; http://mj12bot.com/)',
)
[ info ] [ PARAM ] array (
  'tag' => '无限极分类',
)
[ info ] [ DB ] INIT mysql
[ info ] [ RUN ] app\blog\controller\Tag->index[ /data/home/bxu2713790162/htdocs/application/blog/controller/Tag.php ]
[ info ] [ VIEW ] /data/home/bxu2713790162/htdocs/application/blog/view/error/error.html [ array (
  0 => 'Tag',
  1 => 'Information',
  2 => 'User',
  3 => 'code',
  4 => 'msg',
) ]
[ info ] [ LOG ] INIT File
[ sql ] [ DB ] CONNECT:[ UseTime:0.088851s ] mysql:dbname=yuhal;host=118.31.23.98;port=3306;charset=utf8
[ sql ] [ SQL ] SHOW COLUMNS FROM `yh_b_tags` [ RunTime:0.059902s ]
[ sql ] [ SQL ] SELECT `value` FROM `yh_b_tags` WHERE  `yh_b_tags`.`delete_time` IS NULL ORDER BY update_time desc [ RunTime:0.059659s ]
[ sql ] [ SQL ] SHOW COLUMNS FROM `yh_b_information` [ RunTime:0.059838s ]
[ sql ] [ SQL ] SELECT * FROM `yh_b_information` ORDER BY rand() LIMIT 5 [ RunTime:0.059349s ]
[ sql ] [ SQL ] SELECT * FROM `yh_b_tags` WHERE  `yh_b_tags`.`delete_time` IS NULL  AND `value` = '无限极分类' LIMIT 1 [ RunTime:0.059478s ]

---------------------------------------------------------------
[ 2018-03-05T04:08:01+08:00 ] 60.205.47.19 199.58.86.211 GET /tag/%E9%80%92%E5%BD%92
[ log ] www.yuhal.com/tag/%E9%80%92%E5%BD%92 [运行时间：1.399296s][吞吐率：0.71req/s] [内存消耗：3,314.67kb] [文件加载：46]
[ info ] [ SESSION ] INIT array (
  'id' => '',
  'var_session_id' => '',
  'prefix' => 'think',
  'type' => '',
  'auto_start' => true,
)
[ info ] [ DB ] INIT mysql
[ info ] [ LANG ] /data/home/bxu2713790162/htdocs/thinkphp/lang/zh-cn.php
[ info ] [ ROUTE ] array (
  'type' => 'module',
  'module' => 
  array (
    0 => 'blog',
    1 => 'tag',
    2 => 'index',
  ),
  'convert' => false,
)
[ info ] [ HEADER ] array (
  'accept' => 'text/html,text/plain,text/xml,text/*,application/xml,application/xhtml+xml,application/rss+xml,application/atom+xml,application/rdf+xml,application/php,application/x-php,application/x-httpd-php',
  'accept-encoding' => 'gzip',
  'accept-language' => 'en',
  'host' => 'www.yuhal.com',
  'user-agent' => 'Mozilla/5.0 (compatible; MJ12bot/v1.4.8; http://mj12bot.com/)',
)
[ info ] [ PARAM ] array (
  'tag' => '递归',
)
[ info ] [ DB ] INIT mysql
[ info ] [ RUN ] app\blog\controller\Tag->index[ /data/home/bxu2713790162/htdocs/application/blog/controller/Tag.php ]
[ info ] [ VIEW ] /data/home/bxu2713790162/htdocs/application/blog/view/tag/index.html [ array (
  0 => 'Tag',
  1 => 'Information',
  2 => 'User',
  3 => 'allart',
  4 => 'list',
) ]
[ info ] [ LOG ] INIT File
[ sql ] [ DB ] CONNECT:[ UseTime:0.100437s ] mysql:dbname=yuhal;host=118.31.23.98;port=3306;charset=utf8
[ sql ] [ SQL ] SHOW COLUMNS FROM `yh_b_tags` [ RunTime:0.067587s ]
[ sql ] [ SQL ] SELECT `value` FROM `yh_b_tags` WHERE  `yh_b_tags`.`delete_time` IS NULL ORDER BY update_time desc [ RunTime:0.067018s ]
[ sql ] [ SQL ] SHOW COLUMNS FROM `yh_b_information` [ RunTime:0.067687s ]
[ sql ] [ SQL ] SELECT * FROM `yh_b_information` ORDER BY rand() LIMIT 5 [ RunTime:0.067172s ]
[ sql ] [ SQL ] SELECT * FROM `yh_b_tags` WHERE  `yh_b_tags`.`delete_time` IS NULL  AND `value` = '递归' LIMIT 1 [ RunTime:0.067226s ]
[ sql ] [ SQL ] SHOW COLUMNS FROM `yh_b_article` [ RunTime:0.067746s ]
[ sql ] [ SQL ] SELECT `a`.`article_id`,`a`.`tag_ids`,`a`.`article_title`,`a`.`create_time`,`a`.`note`,`b`.`value`,`b`.`color` FROM `yh_b_article` `a` INNER JOIN `yh_b_article_type` `b` ON `b`.`id`=`a`.`type_id` WHERE  `a`.`delete_time` IS NULL ORDER BY a.create_time desc [ RunTime:0.067308s ]
[ sql ] [ SQL ] select a.path from yh_s_picture as a left join yh_s_group as b on a.group_id=b.id where b.value='博客' order by rand() limit 1 [ RunTime:0.067359s ]
[ sql ] [ SQL ] select a.path from yh_s_picture as a left join yh_s_group as b on a.group_id=b.id where b.value='博客' order by rand() limit 1 [ RunTime:0.067427s ]
[ sql ] [ SQL ] select a.path from yh_s_picture as a left join yh_s_group as b on a.group_id=b.id where b.value='博客' order by rand() limit 1 [ RunTime:0.067536s ]
[ sql ] [ SQL ] select a.path from yh_s_picture as a left join yh_s_group as b on a.group_id=b.id where b.value='博客' order by rand() limit 1 [ RunTime:0.067438s ]
[ sql ] [ SQL ] select a.path from yh_s_picture as a left join yh_s_group as b on a.group_id=b.id where b.value='博客' order by rand() limit 1 [ RunTime:0.067503s ]
[ sql ] [ SQL ] select a.path from yh_s_picture as a left join yh_s_group as b on a.group_id=b.id where b.value='博客' order by rand() limit 1 [ RunTime:0.067337s ]
[ sql ] [ SQL ] select a.path from yh_s_picture as a left join yh_s_group as b on a.group_id=b.id where b.value='博客' order by rand() limit 1 [ RunTime:0.067827s ]
[ sql ] [ SQL ] select a.path from yh_s_picture as a left join yh_s_group as b on a.group_id=b.id where b.value='博客' order by rand() limit 1 [ RunTime:0.067440s ]
[ sql ] [ SQL ] select a.path from yh_s_picture as a left join yh_s_group as b on a.group_id=b.id where b.value='博客' order by rand() limit 1 [ RunTime:0.067296s ]

---------------------------------------------------------------
[ 2018-03-05T04:08:04+08:00 ] 60.205.47.19 199.58.86.211 GET /tag/%E9%9D%9E%E5%85%B3%E7%B3%BB%E5%9E%8B%E6%95%B0%E6%8D%AE%E5%BA%93
[ log ] www.yuhal.com/tag/%E9%9D%9E%E5%85%B3%E7%B3%BB%E5%9E%8B%E6%95%B0%E6%8D%AE%E5%BA%93 [运行时间：1.271511s][吞吐率：0.79req/s] [内存消耗：3,317.12kb] [文件加载：46]
[ info ] [ SESSION ] INIT array (
  'id' => '',
  'var_session_id' => '',
  'prefix' => 'think',
  'type' => '',
  'auto_start' => true,
)
[ info ] [ DB ] INIT mysql
[ info ] [ LANG ] /data/home/bxu2713790162/htdocs/thinkphp/lang/zh-cn.php
[ info ] [ ROUTE ] array (
  'type' => 'module',
  'module' => 
  array (
    0 => 'blog',
    1 => 'tag',
    2 => 'index',
  ),
  'convert' => false,
)
[ info ] [ HEADER ] array (
  'accept' => 'text/html,text/plain,text/xml,text/*,application/xml,application/xhtml+xml,application/rss+xml,application/atom+xml,application/rdf+xml,application/php,application/x-php,application/x-httpd-php',
  'accept-encoding' => 'gzip',
  'accept-language' => 'en',
  'host' => 'www.yuhal.com',
  'user-agent' => 'Mozilla/5.0 (compatible; MJ12bot/v1.4.8; http://mj12bot.com/)',
)
[ info ] [ PARAM ] array (
  'tag' => '非关系型数据库',
)
[ info ] [ DB ] INIT mysql
[ info ] [ RUN ] app\blog\controller\Tag->index[ /data/home/bxu2713790162/htdocs/application/blog/controller/Tag.php ]
[ info ] [ VIEW ] /data/home/bxu2713790162/htdocs/application/blog/view/tag/index.html [ array (
  0 => 'Tag',
  1 => 'Information',
  2 => 'User',
  3 => 'allart',
  4 => 'list',
) ]
[ info ] [ LOG ] INIT File
[ sql ] [ DB ] CONNECT:[ UseTime:0.089331s ] mysql:dbname=yuhal;host=118.31.23.98;port=3306;charset=utf8
[ sql ] [ SQL ] SHOW COLUMNS FROM `yh_b_tags` [ RunTime:0.060466s ]
[ sql ] [ SQL ] SELECT `value` FROM `yh_b_tags` WHERE  `yh_b_tags`.`delete_time` IS NULL ORDER BY update_time desc [ RunTime:0.059705s ]
[ sql ] [ SQL ] SHOW COLUMNS FROM `yh_b_information` [ RunTime:0.060251s ]
[ sql ] [ SQL ] SELECT * FROM `yh_b_information` ORDER BY rand() LIMIT 5 [ RunTime:0.060139s ]
[ sql ] [ SQL ] SELECT * FROM `yh_b_tags` WHERE  `yh_b_tags`.`delete_time` IS NULL  AND `value` = '非关系型数据库' LIMIT 1 [ RunTime:0.059843s ]
[ sql ] [ SQL ] SHOW COLUMNS FROM `yh_b_article` [ RunTime:0.060249s ]
[ sql ] [ SQL ] SELECT `a`.`article_id`,`a`.`tag_ids`,`a`.`article_title`,`a`.`create_time`,`a`.`note`,`b`.`value`,`b`.`color` FROM `yh_b_article` `a` INNER JOIN `yh_b_article_type` `b` ON `b`.`id`=`a`.`type_id` WHERE  `a`.`delete_time` IS NULL ORDER BY a.create_time desc [ RunTime:0.059958s ]
[ sql ] [ SQL ] select a.path from yh_s_picture as a left join yh_s_group as b on a.group_id=b.id where b.value='博客' order by rand() limit 1 [ RunTime:0.059957s ]
[ sql ] [ SQL ] select a.path from yh_s_picture as a left join yh_s_group as b on a.group_id=b.id where b.value='博客' order by rand() limit 1 [ RunTime:0.059951s ]
[ sql ] [ SQL ] select a.path from yh_s_picture as a left join yh_s_group as b on a.group_id=b.id where b.value='博客' order by rand() limit 1 [ RunTime:0.060017s ]
[ sql ] [ SQL ] select a.path from yh_s_picture as a left join yh_s_group as b on a.group_id=b.id where b.value='博客' order by rand() limit 1 [ RunTime:0.059966s ]
[ sql ] [ SQL ] select a.path from yh_s_picture as a left join yh_s_group as b on a.group_id=b.id where b.value='博客' order by rand() limit 1 [ RunTime:0.060045s ]
[ sql ] [ SQL ] select a.path from yh_s_picture as a left join yh_s_group as b on a.group_id=b.id where b.value='博客' order by rand() limit 1 [ RunTime:0.059854s ]
[ sql ] [ SQL ] select a.path from yh_s_picture as a left join yh_s_group as b on a.group_id=b.id where b.value='博客' order by rand() limit 1 [ RunTime:0.060007s ]
[ sql ] [ SQL ] select a.path from yh_s_picture as a left join yh_s_group as b on a.group_id=b.id where b.value='博客' order by rand() limit 1 [ RunTime:0.059993s ]
[ sql ] [ SQL ] select a.path from yh_s_picture as a left join yh_s_group as b on a.group_id=b.id where b.value='博客' order by rand() limit 1 [ RunTime:0.059879s ]

---------------------------------------------------------------
[ 2018-03-05T05:26:12+08:00 ] 60.205.47.19 106.11.230.128 GET /
[ log ] www.yuhal.com/ [运行时间：1.095067s][吞吐率：0.91req/s] [内存消耗：3,334.19kb] [文件加载：46]
[ info ] [ SESSION ] INIT array (
  'id' => '',
  'var_session_id' => '',
  'prefix' => 'think',
  'type' => '',
  'auto_start' => true,
)
[ info ] [ DB ] INIT mysql
[ info ] [ LANG ] /data/home/bxu2713790162/htdocs/thinkphp/lang/zh-cn.php
[ info ] [ ROUTE ] array (
  'type' => 'module',
  'module' => 
  array (
    0 => 'blog',
    1 => 'index',
    2 => 'index',
  ),
  'convert' => false,
)
[ info ] [ HEADER ] array (
  'accept-encoding' => 'gzip',
  'host' => 'www.yuhal.com',
  'user-agent' => 'Go-http-client/1.1',
)
[ info ] [ PARAM ] array (
)
[ info ] [ DB ] INIT mysql
[ info ] [ RUN ] app\blog\controller\Index->index[ /data/home/bxu2713790162/htdocs/application/blog/controller/Index.php ]
[ info ] [ VIEW ] /data/home/bxu2713790162/htdocs/application/blog/view/index/index.html [ array (
  0 => 'Tag',
  1 => 'Information',
  2 => 'User',
  3 => 'allart',
  4 => 'p',
  5 => 'page',
  6 => 'title',
) ]
[ info ] [ LOG ] INIT File
[ sql ] [ DB ] CONNECT:[ UseTime:0.100342s ] mysql:dbname=yuhal;host=118.31.23.98;port=3306;charset=utf8
[ sql ] [ SQL ] SHOW COLUMNS FROM `yh_b_tags` [ RunTime:0.067594s ]
[ sql ] [ SQL ] SELECT `value` FROM `yh_b_tags` WHERE  `yh_b_tags`.`delete_time` IS NULL ORDER BY update_time desc [ RunTime:0.066902s ]
[ sql ] [ SQL ] SHOW COLUMNS FROM `yh_b_information` [ RunTime:0.067451s ]
[ sql ] [ SQL ] SELECT * FROM `yh_b_information` ORDER BY rand() LIMIT 5 [ RunTime:0.067091s ]
[ sql ] [ SQL ] SHOW COLUMNS FROM `yh_b_article` [ RunTime:0.067467s ]
[ sql ] [ SQL ] SELECT `a`.`article_id`,`a`.`tag_ids`,`a`.`article_title`,`a`.`create_time`,`a`.`note`,`b`.`value`,`b`.`color` FROM `yh_b_article` `a` INNER JOIN `yh_b_article_type` `b` ON `b`.`id`=`a`.`type_id` WHERE  `a`.`delete_time` IS NULL  AND (  article_title like '%%' ) ORDER BY a.create_time desc LIMIT 0,5 [ RunTime:0.067168s ]
[ sql ] [ SQL ] select a.path from yh_s_picture as a left join yh_s_group as b on a.group_id=b.id where b.value='博客' order by rand() limit 1 [ RunTime:0.067179s ]
[ sql ] [ SQL ] select a.path from yh_s_picture as a left join yh_s_group as b on a.group_id=b.id where b.value='博客' order by rand() limit 1 [ RunTime:0.067254s ]
[ sql ] [ SQL ] select a.path from yh_s_picture as a left join yh_s_group as b on a.group_id=b.id where b.value='博客' order by rand() limit 1 [ RunTime:0.067402s ]
[ sql ] [ SQL ] select a.path from yh_s_picture as a left join yh_s_group as b on a.group_id=b.id where b.value='博客' order by rand() limit 1 [ RunTime:0.067304s ]
[ sql ] [ SQL ] select a.path from yh_s_picture as a left join yh_s_group as b on a.group_id=b.id where b.value='博客' order by rand() limit 1 [ RunTime:0.067313s ]
[ sql ] [ SQL ] SELECT COUNT(*) AS tp_count FROM `yh_b_article` WHERE  `yh_b_article`.`delete_time` IS NULL  AND (  article_title like '%%' ) LIMIT 1 [ RunTime:0.067253s ]

---------------------------------------------------------------
[ 2018-03-05T07:28:45+08:00 ] 60.205.47.19 180.97.79.10 HEAD /
[ log ] www.yuhal.com/ [运行时间：1.130127s][吞吐率：0.88req/s] [内存消耗：3,334.99kb] [文件加载：46]
[ info ] [ SESSION ] INIT array (
  'id' => '',
  'var_session_id' => '',
  'prefix' => 'think',
  'type' => '',
  'auto_start' => true,
)
[ info ] [ DB ] INIT mysql
[ info ] [ LANG ] /data/home/bxu2713790162/htdocs/thinkphp/lang/zh-cn.php
[ info ] [ ROUTE ] array (
  'type' => 'module',
  'module' => 
  array (
    0 => 'blog',
    1 => 'index',
    2 => 'index',
  ),
  'convert' => false,
)
[ info ] [ HEADER ] array (
  'accept' => '*/*',
  'accept-encoding' => 'gzip, deflate',
  'connection' => 'keep-alive',
  'host' => 'www.yuhal.com',
  'user-agent' => 'python-requests/2.18.1',
)
[ info ] [ PARAM ] array (
)
[ info ] [ DB ] INIT mysql
[ info ] [ RUN ] app\blog\controller\Index->index[ /data/home/bxu2713790162/htdocs/application/blog/controller/Index.php ]
[ info ] [ VIEW ] /data/home/bxu2713790162/htdocs/application/blog/view/index/index.html [ array (
  0 => 'Tag',
  1 => 'Information',
  2 => 'User',
  3 => 'allart',
  4 => 'p',
  5 => 'page',
  6 => 'title',
) ]
[ info ] [ LOG ] INIT File
[ sql ] [ DB ] CONNECT:[ UseTime:0.100201s ] mysql:dbname=yuhal;host=118.31.23.98;port=3306;charset=utf8
[ sql ] [ SQL ] SHOW COLUMNS FROM `yh_b_tags` [ RunTime:0.067598s ]
[ sql ] [ SQL ] SELECT `value` FROM `yh_b_tags` WHERE  `yh_b_tags`.`delete_time` IS NULL ORDER BY update_time desc [ RunTime:0.067061s ]
[ sql ] [ SQL ] SHOW COLUMNS FROM `yh_b_information` [ RunTime:0.067644s ]
[ sql ] [ SQL ] SELECT * FROM `yh_b_information` ORDER BY rand() LIMIT 5 [ RunTime:0.067162s ]
[ sql ] [ SQL ] SHOW COLUMNS FROM `yh_b_article` [ RunTime:0.067660s ]
[ sql ] [ SQL ] SELECT `a`.`article_id`,`a`.`tag_ids`,`a`.`article_title`,`a`.`create_time`,`a`.`note`,`b`.`value`,`b`.`color` FROM `yh_b_article` `a` INNER JOIN `yh_b_article_type` `b` ON `b`.`id`=`a`.`type_id` WHERE  `a`.`delete_time` IS NULL  AND (  article_title like '%%' ) ORDER BY a.create_time desc LIMIT 0,5 [ RunTime:0.067294s ]
[ sql ] [ SQL ] select a.path from yh_s_picture as a left join yh_s_group as b on a.group_id=b.id where b.value='博客' order by rand() limit 1 [ RunTime:0.067370s ]
[ sql ] [ SQL ] select a.path from yh_s_picture as a left join yh_s_group as b on a.group_id=b.id where b.value='博客' order by rand() limit 1 [ RunTime:0.067408s ]
[ sql ] [ SQL ] select a.path from yh_s_picture as a left join yh_s_group as b on a.group_id=b.id where b.value='博客' order by rand() limit 1 [ RunTime:0.067334s ]
[ sql ] [ SQL ] select a.path from yh_s_picture as a left join yh_s_group as b on a.group_id=b.id where b.value='博客' order by rand() limit 1 [ RunTime:0.067252s ]
[ sql ] [ SQL ] select a.path from yh_s_picture as a left join yh_s_group as b on a.group_id=b.id where b.value='博客' order by rand() limit 1 [ RunTime:0.067239s ]
[ sql ] [ SQL ] SELECT COUNT(*) AS tp_count FROM `yh_b_article` WHERE  `yh_b_article`.`delete_time` IS NULL  AND (  article_title like '%%' ) LIMIT 1 [ RunTime:0.067064s ]

---------------------------------------------------------------
[ 2018-03-05T07:29:53+08:00 ] 60.205.47.19 123.125.71.113 GET /
[ log ] www.yuhal.com/ [运行时间：1.124327s][吞吐率：0.89req/s] [内存消耗：3,335.90kb] [文件加载：46]
[ info ] [ SESSION ] INIT array (
  'id' => '',
  'var_session_id' => '',
  'prefix' => 'think',
  'type' => '',
  'auto_start' => true,
)
[ info ] [ DB ] INIT mysql
[ info ] [ LANG ] /data/home/bxu2713790162/htdocs/thinkphp/lang/zh-cn.php
[ info ] [ ROUTE ] array (
  'type' => 'module',
  'module' => 
  array (
    0 => 'blog',
    1 => 'index',
    2 => 'index',
  ),
  'convert' => false,
)
[ info ] [ HEADER ] array (
  'accept' => '*/*',
  'accept-encoding' => 'gzip',
  'accept-language' => 'zh-cn,zh-tw',
  'connection' => 'close',
  'host' => 'www.yuhal.com',
  'if-modified-since' => 'Wed, 16 Aug 2017 05:55:12 GMT',
  'if-none-match' => '"15-556d88a041000"',
  'user-agent' => 'Mozilla/5.0 (compatible; Baiduspider/2.0; +http://www.baidu.com/search/spider.html)',
)
[ info ] [ PARAM ] array (
)
[ info ] [ DB ] INIT mysql
[ info ] [ RUN ] app\blog\controller\Index->index[ /data/home/bxu2713790162/htdocs/application/blog/controller/Index.php ]
[ info ] [ VIEW ] /data/home/bxu2713790162/htdocs/application/blog/view/index/index.html [ array (
  0 => 'Tag',
  1 => 'Information',
  2 => 'User',
  3 => 'allart',
  4 => 'p',
  5 => 'page',
  6 => 'title',
) ]
[ info ] [ LOG ] INIT File
[ sql ] [ DB ] CONNECT:[ UseTime:0.099737s ] mysql:dbname=yuhal;host=118.31.23.98;port=3306;charset=utf8
[ sql ] [ SQL ] SHOW COLUMNS FROM `yh_b_tags` [ RunTime:0.067184s ]
[ sql ] [ SQL ] SELECT `value` FROM `yh_b_tags` WHERE  `yh_b_tags`.`delete_time` IS NULL ORDER BY update_time desc [ RunTime:0.066671s ]
[ sql ] [ SQL ] SHOW COLUMNS FROM `yh_b_information` [ RunTime:0.067210s ]
[ sql ] [ SQL ] SELECT * FROM `yh_b_information` ORDER BY rand() LIMIT 5 [ RunTime:0.066700s ]
[ sql ] [ SQL ] SHOW COLUMNS FROM `yh_b_article` [ RunTime:0.067169s ]
[ sql ] [ SQL ] SELECT `a`.`article_id`,`a`.`tag_ids`,`a`.`article_title`,`a`.`create_time`,`a`.`note`,`b`.`value`,`b`.`color` FROM `yh_b_article` `a` INNER JOIN `yh_b_article_type` `b` ON `b`.`id`=`a`.`type_id` WHERE  `a`.`delete_time` IS NULL  AND (  article_title like '%%' ) ORDER BY a.create_time desc LIMIT 0,5 [ RunTime:0.066769s ]
[ sql ] [ SQL ] select a.path from yh_s_picture as a left join yh_s_group as b on a.group_id=b.id where b.value='博客' order by rand() limit 1 [ RunTime:0.066990s ]
[ sql ] [ SQL ] select a.path from yh_s_picture as a left join yh_s_group as b on a.group_id=b.id where b.value='博客' order by rand() limit 1 [ RunTime:0.066925s ]
[ sql ] [ SQL ] select a.path from yh_s_picture as a left join yh_s_group as b on a.group_id=b.id where b.value='博客' order by rand() limit 1 [ RunTime:0.066860s ]
[ sql ] [ SQL ] select a.path from yh_s_picture as a left join yh_s_group as b on a.group_id=b.id where b.value='博客' order by rand() limit 1 [ RunTime:0.066858s ]
[ sql ] [ SQL ] select a.path from yh_s_picture as a left join yh_s_group as b on a.group_id=b.id where b.value='博客' order by rand() limit 1 [ RunTime:0.066801s ]
[ sql ] [ SQL ] SELECT COUNT(*) AS tp_count FROM `yh_b_article` WHERE  `yh_b_article`.`delete_time` IS NULL  AND (  article_title like '%%' ) LIMIT 1 [ RunTime:0.066614s ]

---------------------------------------------------------------
[ 2018-03-05T07:30:11+08:00 ] 60.205.47.19 111.206.198.25 GET /sponsorinfo
[ log ] www.yuhal.com/sponsorinfo [运行时间：0.183169s][吞吐率：5.46req/s] [内存消耗：2,134.02kb] [文件加载：36]
[ info ] [ SESSION ] INIT array (
  'id' => '',
  'var_session_id' => '',
  'prefix' => 'think',
  'type' => '',
  'auto_start' => true,
)
[ info ] [ DB ] INIT mysql
[ info ] [ LANG ] /data/home/bxu2713790162/htdocs/thinkphp/lang/zh-cn.php
[ info ] [ ROUTE ] array (
  'type' => 'module',
  'module' => 
  array (
    0 => 'blog',
    1 => 'error',
    2 => 'index',
  ),
  'convert' => false,
)
[ info ] [ HEADER ] array (
  'accept' => 'application/json, text/javascript, */*; q=0.01',
  'accept-language' => 'zh-CN,zh;q=0.8,en-US;q=0.5,en;q=0.3',
  'host' => 'www.yuhal.com',
  'proxy-connection' => 'keep-alive',
  'referer' => 'http://www.yuhal.com/',
  'resource-type' => '13',
  'user-agent' => 'Mozilla/5.0 (iPhone; CPU iPhone OS 9_1 like Mac OS X) AppleWebKit/601.1.46 (KHTML, like Gecko) Version/9.0 Mobile/13B143 Safari/601.1 (compatible; Baiduspider-render/2.0; +http://www.baidu.com/search/spider.html)',
  'x-devtools-emulate-network-conditions-client-id' => '37aae19e-6e8e-446d-9b03-54d429c274cd',
  'x-requested-with' => 'XMLHttpRequest',
)
[ info ] [ PARAM ] array (
)
[ info ] [ RUN ] app\blog\controller\Error->index[ /data/home/bxu2713790162/htdocs/application/blog/controller/Error.php ]
[ info ] [ VIEW ] /data/home/bxu2713790162/htdocs/application/blog/view/error/error.html [ array (
  0 => 'code',
  1 => 'msg',
) ]
[ info ] [ LOG ] INIT File

---------------------------------------------------------------
[ 2018-03-05T07:30:11+08:00 ] 60.205.47.19 111.206.221.67 GET /informationinfo
[ log ] www.yuhal.com/informationinfo [运行时间：0.571271s][吞吐率：1.75req/s] [内存消耗：3,317.40kb] [文件加载：46]
[ info ] [ SESSION ] INIT array (
  'id' => '',
  'var_session_id' => '',
  'prefix' => 'think',
  'type' => '',
  'auto_start' => true,
)
[ info ] [ DB ] INIT mysql
[ info ] [ LANG ] /data/home/bxu2713790162/htdocs/thinkphp/lang/zh-cn.php
[ info ] [ ROUTE ] array (
  'type' => 'module',
  'module' => 
  array (
    0 => 'blog',
    1 => 'information',
    2 => 'informationinfo',
  ),
  'convert' => false,
)
[ info ] [ HEADER ] array (
  'accept' => 'application/json, text/javascript, */*; q=0.01',
  'accept-language' => 'zh-CN,zh;q=0.8,en-US;q=0.5,en;q=0.3',
  'host' => 'www.yuhal.com',
  'proxy-connection' => 'keep-alive',
  'referer' => 'http://www.yuhal.com/',
  'resource-type' => '13',
  'user-agent' => 'Mozilla/5.0 (iPhone; CPU iPhone OS 9_1 like Mac OS X) AppleWebKit/601.1.46 (KHTML, like Gecko) Version/9.0 Mobile/13B143 Safari/601.1 (compatible; Baiduspider-render/2.0; +http://www.baidu.com/search/spider.html)',
  'x-devtools-emulate-network-conditions-client-id' => '37aae19e-6e8e-446d-9b03-54d429c274cd',
  'x-requested-with' => 'XMLHttpRequest',
)
[ info ] [ PARAM ] array (
)
[ info ] [ DB ] INIT mysql
[ info ] [ RUN ] app\blog\controller\Information->informationinfo[ /data/home/bxu2713790162/htdocs/application/blog/controller/Information.php ]
[ info ] [ LOG ] INIT File
[ sql ] [ DB ] CONNECT:[ UseTime:0.100346s ] mysql:dbname=yuhal;host=118.31.23.98;port=3306;charset=utf8
[ sql ] [ SQL ] SHOW COLUMNS FROM `yh_b_tags` [ RunTime:0.067417s ]
[ sql ] [ SQL ] SELECT `value` FROM `yh_b_tags` WHERE  `yh_b_tags`.`delete_time` IS NULL ORDER BY update_time desc [ RunTime:0.066929s ]
[ sql ] [ SQL ] SHOW COLUMNS FROM `yh_b_information` [ RunTime:0.067452s ]
[ sql ] [ SQL ] SELECT * FROM `yh_b_information` ORDER BY rand() LIMIT 5 [ RunTime:0.067159s ]

---------------------------------------------------------------
[ 2018-03-05T07:48:40+08:00 ] 60.205.47.19 159.89.182.187 GET /
[ log ] www.yuhal.com/ [运行时间：1.028729s][吞吐率：0.97req/s] [内存消耗：3,335.85kb] [文件加载：46]
[ info ] [ SESSION ] INIT array (
  'id' => '',
  'var_session_id' => '',
  'prefix' => 'think',
  'type' => '',
  'auto_start' => true,
)
[ info ] [ DB ] INIT mysql
[ info ] [ LANG ] /data/home/bxu2713790162/htdocs/thinkphp/lang/zh-cn.php
[ info ] [ ROUTE ] array (
  'type' => 'module',
  'module' => 
  array (
    0 => 'blog',
    1 => 'index',
    2 => 'index',
  ),
  'convert' => false,
)
[ info ] [ HEADER ] array (
  'accept' => 'text/xml,application/xml,application/xhtml+xml,text/html;q=0.9,text/plain;q=0.8,image/png,*/*;q=0.5',
  'accept-charset' => 'ISO-8859-1,utf-8;q=0.7,*;q=0.7',
  'accept-encoding' => 'identity',
  'accept-language' => 'en-gb,en;q=0.5',
  'connection' => 'close',
  'host' => 'www.yuhal.com',
  'user-agent' => 'Mozilla/5.0 (compatible; NetcraftSurveyAgent/1.0; +info@netcraft.com)',
)
[ info ] [ PARAM ] array (
)
[ info ] [ DB ] INIT mysql
[ info ] [ RUN ] app\blog\controller\Index->index[ /data/home/bxu2713790162/htdocs/application/blog/controller/Index.php ]
[ info ] [ VIEW ] /data/home/bxu2713790162/htdocs/application/blog/view/index/index.html [ array (
  0 => 'Tag',
  1 => 'Information',
  2 => 'User',
  3 => 'allart',
  4 => 'p',
  5 => 'page',
  6 => 'title',
) ]
[ info ] [ LOG ] INIT File
[ sql ] [ DB ] CONNECT:[ UseTime:0.089272s ] mysql:dbname=yuhal;host=118.31.23.98;port=3306;charset=utf8
[ sql ] [ SQL ] SHOW COLUMNS FROM `yh_b_tags` [ RunTime:0.059994s ]
[ sql ] [ SQL ] SELECT `value` FROM `yh_b_tags` WHERE  `yh_b_tags`.`delete_time` IS NULL ORDER BY update_time desc [ RunTime:0.059408s ]
[ sql ] [ SQL ] SHOW COLUMNS FROM `yh_b_information` [ RunTime:0.060519s ]
[ sql ] [ SQL ] SELECT * FROM `yh_b_information` ORDER BY rand() LIMIT 5 [ RunTime:0.059745s ]
[ sql ] [ SQL ] SHOW COLUMNS FROM `yh_b_article` [ RunTime:0.060143s ]
[ sql ] [ SQL ] SELECT `a`.`article_id`,`a`.`tag_ids`,`a`.`article_title`,`a`.`create_time`,`a`.`note`,`b`.`value`,`b`.`color` FROM `yh_b_article` `a` INNER JOIN `yh_b_article_type` `b` ON `b`.`id`=`a`.`type_id` WHERE  `a`.`delete_time` IS NULL  AND (  article_title like '%%' ) ORDER BY a.create_time desc LIMIT 0,5 [ RunTime:0.059867s ]
[ sql ] [ SQL ] select a.path from yh_s_picture as a left join yh_s_group as b on a.group_id=b.id where b.value='博客' order by rand() limit 1 [ RunTime:0.059692s ]
[ sql ] [ SQL ] select a.path from yh_s_picture as a left join yh_s_group as b on a.group_id=b.id where b.value='博客' order by rand() limit 1 [ RunTime:0.059827s ]
[ sql ] [ SQL ] select a.path from yh_s_picture as a left join yh_s_group as b on a.group_id=b.id where b.value='博客' order by rand() limit 1 [ RunTime:0.059991s ]
[ sql ] [ SQL ] select a.path from yh_s_picture as a left join yh_s_group as b on a.group_id=b.id where b.value='博客' order by rand() limit 1 [ RunTime:0.059856s ]
[ sql ] [ SQL ] select a.path from yh_s_picture as a left join yh_s_group as b on a.group_id=b.id where b.value='博客' order by rand() limit 1 [ RunTime:0.059923s ]
[ sql ] [ SQL ] SELECT COUNT(*) AS tp_count FROM `yh_b_article` WHERE  `yh_b_article`.`delete_time` IS NULL  AND (  article_title like '%%' ) LIMIT 1 [ RunTime:0.059533s ]

---------------------------------------------------------------
[ 2018-03-05T08:16:08+08:00 ] 60.205.47.19 180.76.15.29 GET /robots.txt
[ log ] yuhal.com/robots.txt [运行时间：0.183824s][吞吐率：5.44req/s] [内存消耗：2,120.05kb] [文件加载：35]
[ info ] [ SESSION ] INIT array (
  'id' => '',
  'var_session_id' => '',
  'prefix' => 'think',
  'type' => '',
  'auto_start' => true,
)
[ info ] [ DB ] INIT mysql
[ info ] [ LANG ] /data/home/bxu2713790162/htdocs/thinkphp/lang/zh-cn.php
[ info ] [ ROUTE ] array (
  'type' => 'module',
  'module' => 
  array (
    0 => 'blog',
    1 => 'error',
    2 => 'index',
  ),
  'convert' => false,
)
[ info ] [ HEADER ] array (
  'accept' => '*/*',
  'accept-encoding' => 'gzip',
  'accept-language' => 'zh-cn,zh-tw',
  'connection' => 'close',
  'host' => 'yuhal.com',
  'user-agent' => 'Mozilla/5.0 (Windows NT 5.1; rv:6.0.2) Gecko/20100101 Firefox/6.0.2',
)
[ info ] [ PARAM ] array (
)
[ info ] [ RUN ] app\blog\controller\Error->index[ /data/home/bxu2713790162/htdocs/application/blog/controller/Error.php ]
[ info ] [ VIEW ] /data/home/bxu2713790162/htdocs/application/blog/view/error/error.html [ array (
  0 => 'code',
  1 => 'msg',
) ]
[ info ] [ LOG ] INIT File

---------------------------------------------------------------
[ 2018-03-05T08:16:08+08:00 ] 60.205.47.19 180.76.15.140 GET /robots.txt
[ log ] yuhal.com/robots.txt [运行时间：0.198607s][吞吐率：5.04req/s] [内存消耗：2,120.05kb] [文件加载：35]
[ info ] [ SESSION ] INIT array (
  'id' => '',
  'var_session_id' => '',
  'prefix' => 'think',
  'type' => '',
  'auto_start' => true,
)
[ info ] [ DB ] INIT mysql
[ info ] [ LANG ] /data/home/bxu2713790162/htdocs/thinkphp/lang/zh-cn.php
[ info ] [ ROUTE ] array (
  'type' => 'module',
  'module' => 
  array (
    0 => 'blog',
    1 => 'error',
    2 => 'index',
  ),
  'convert' => false,
)
[ info ] [ HEADER ] array (
  'accept' => '*/*',
  'accept-encoding' => 'gzip',
  'accept-language' => 'zh-cn,zh-tw',
  'connection' => 'close',
  'host' => 'yuhal.com',
  'user-agent' => 'Mozilla/5.0 (Windows NT 5.1; rv:6.0.2) Gecko/20100101 Firefox/6.0.2',
)
[ info ] [ PARAM ] array (
)
[ info ] [ RUN ] app\blog\controller\Error->index[ /data/home/bxu2713790162/htdocs/application/blog/controller/Error.php ]
[ info ] [ VIEW ] /data/home/bxu2713790162/htdocs/application/blog/view/error/error.html [ array (
  0 => 'code',
  1 => 'msg',
) ]
[ info ] [ LOG ] INIT File

---------------------------------------------------------------
[ 2018-03-05T09:20:24+08:00 ] 60.205.47.19 191.33.124.155 GET /wp-login.php
[ log ] yuhal.com/wp-login.php [运行时间：0.200841s][吞吐率：4.98req/s] [内存消耗：2,118.55kb] [文件加载：35]
[ info ] [ SESSION ] INIT array (
  'id' => '',
  'var_session_id' => '',
  'prefix' => 'think',
  'type' => '',
  'auto_start' => true,
)
[ info ] [ DB ] INIT mysql
[ info ] [ LANG ] /data/home/bxu2713790162/htdocs/thinkphp/lang/zh-cn.php
[ info ] [ ROUTE ] array (
  'type' => 'module',
  'module' => 
  array (
    0 => 'blog',
    1 => 'error',
    2 => 'index',
  ),
  'convert' => false,
)
[ info ] [ HEADER ] array (
  'accept' => '*/*',
  'host' => 'yuhal.com',
  'user-agent' => 'Mozilla/5.0 (Windows NT 6.1; WOW64; Trident/7.0; rv:11.0) like Gecko',
)
[ info ] [ PARAM ] array (
)
[ info ] [ RUN ] app\blog\controller\Error->index[ /data/home/bxu2713790162/htdocs/application/blog/controller/Error.php ]
[ info ] [ VIEW ] /data/home/bxu2713790162/htdocs/application/blog/view/error/error.html [ array (
  0 => 'code',
  1 => 'msg',
) ]
[ info ] [ LOG ] INIT File

---------------------------------------------------------------
[ 2018-03-05T09:27:20+08:00 ] 60.205.47.19 47.92.22.210 GET /categories/%E5%B7%A5%E5%85%B7
[ log ] yuhal.com/categories/%E5%B7%A5%E5%85%B7 [运行时间：0.942615s][吞吐率：1.06req/s] [内存消耗：3,373.73kb] [文件加载：48]
[ info ] [ SESSION ] INIT array (
  'id' => '',
  'var_session_id' => '',
  'prefix' => 'think',
  'type' => '',
  'auto_start' => true,
)
[ info ] [ DB ] INIT mysql
[ info ] [ LANG ] /data/home/bxu2713790162/htdocs/thinkphp/lang/zh-cn.php
[ info ] [ ROUTE ] array (
  'type' => 'module',
  'module' => 
  array (
    0 => 'blog',
    1 => 'category',
    2 => 'index',
  ),
  'convert' => false,
)
[ info ] [ HEADER ] array (
  'accept' => 'text/html, image/gif, image/jpeg, *; q=.2, */*; q=.2',
  'cache-control' => 'no-cache',
  'connection' => 'keep-alive',
  'host' => 'yuhal.com',
  'pragma' => 'no-cache',
  'user-agent' => 'Mozilla/5.0 (X11; Ubuntu; Linux x86_64; rv:36.0) Gecko/20100101 Firefox/36.0',
)
[ info ] [ PARAM ] array (
  'cate' => '工具',
)
[ info ] [ DB ] INIT mysql
[ info ] [ RUN ] app\blog\controller\Category->index[ /data/home/bxu2713790162/htdocs/application/blog/controller/Category.php ]
[ info ] [ VIEW ] /data/home/bxu2713790162/htdocs/application/blog/view/category/index.html [ array (
  0 => 'Tag',
  1 => 'Information',
  2 => 'User',
  3 => 'list',
  4 => 'allart',
  5 => 'cate',
) ]
[ info ] [ LOG ] INIT File
[ sql ] [ DB ] CONNECT:[ UseTime:0.088071s ] mysql:dbname=yuhal;host=118.31.23.98;port=3306;charset=utf8
[ sql ] [ SQL ] SHOW COLUMNS FROM `yh_b_tags` [ RunTime:0.059404s ]
[ sql ] [ SQL ] SELECT `value` FROM `yh_b_tags` WHERE  `yh_b_tags`.`delete_time` IS NULL ORDER BY update_time desc [ RunTime:0.059058s ]
[ sql ] [ SQL ] SHOW COLUMNS FROM `yh_b_information` [ RunTime:0.059592s ]
[ sql ] [ SQL ] SELECT * FROM `yh_b_information` ORDER BY rand() LIMIT 5 [ RunTime:0.059003s ]
[ sql ] [ SQL ] SHOW COLUMNS FROM `yh_b_article_type` [ RunTime:0.059391s ]
[ sql ] [ SQL ] SELECT * FROM `yh_b_article_type` WHERE  `yh_b_article_type`.`delete_time` IS NULL  AND `value` = '工具' LIMIT 1 [ RunTime:0.059047s ]
[ sql ] [ SQL ] SHOW COLUMNS FROM `yh_b_article` [ RunTime:0.059409s ]
[ sql ] [ SQL ] SELECT * FROM `yh_b_article` WHERE  `yh_b_article`.`delete_time` IS NULL  AND (  type_id = 7 ) [ RunTime:0.058973s ]
[ sql ] [ SQL ] select a.path from yh_s_picture as a left join yh_s_group as b on a.group_id=b.id where b.value='博客' order by rand() limit 1 [ RunTime:0.059093s ]
[ sql ] [ SQL ] select a.path from yh_s_picture as a left join yh_s_group as b on a.group_id=b.id where b.value='博客' order by rand() limit 1 [ RunTime:0.059214s ]
[ sql ] [ SQL ] select a.path from yh_s_picture as a left join yh_s_group as b on a.group_id=b.id where b.value='博客' order by rand() limit 1 [ RunTime:0.059165s ]

---------------------------------------------------------------
[ 2018-03-05T12:25:51+08:00 ] 60.205.47.19 141.8.132.7 GET /robots.txt
[ log ] www.yuhal.com/robots.txt [运行时间：0.204075s][吞吐率：4.90req/s] [内存消耗：2,119.76kb] [文件加载：35]
[ info ] [ SESSION ] INIT array (
  'id' => '',
  'var_session_id' => '',
  'prefix' => 'think',
  'type' => '',
  'auto_start' => true,
)
[ info ] [ DB ] INIT mysql
[ info ] [ LANG ] /data/home/bxu2713790162/htdocs/thinkphp/lang/zh-cn.php
[ info ] [ ROUTE ] array (
  'type' => 'module',
  'module' => 
  array (
    0 => 'blog',
    1 => 'error',
    2 => 'index',
  ),
  'convert' => false,
)
[ info ] [ HEADER ] array (
  'accept' => '*/*',
  'connection' => 'Keep-Alive',
  'from' => 'support@search.yandex.ru',
  'host' => 'www.yuhal.com',
  'user-agent' => 'Mozilla/5.0 (compatible; YandexBot/3.0; +http://yandex.com/bots)',
)
[ info ] [ PARAM ] array (
)
[ info ] [ RUN ] app\blog\controller\Error->index[ /data/home/bxu2713790162/htdocs/application/blog/controller/Error.php ]
[ info ] [ VIEW ] /data/home/bxu2713790162/htdocs/application/blog/view/error/error.html [ array (
  0 => 'code',
  1 => 'msg',
) ]
[ info ] [ LOG ] INIT File

---------------------------------------------------------------
[ 2018-03-05T12:25:55+08:00 ] 60.205.47.19 141.8.132.7 GET /public/static/assets/i/app-icon72x72@2x.png
[ log ] www.yuhal.com/public/static/assets/i/app-icon72x72@2x.png [运行时间：0.184780s][吞吐率：5.41req/s] [内存消耗：2,121.48kb] [文件加载：35]
[ info ] [ SESSION ] INIT array (
  'id' => '',
  'var_session_id' => '',
  'prefix' => 'think',
  'type' => '',
  'auto_start' => true,
)
[ info ] [ DB ] INIT mysql
[ info ] [ LANG ] /data/home/bxu2713790162/htdocs/thinkphp/lang/zh-cn.php
[ info ] [ ROUTE ] array (
  'type' => 'module',
  'module' => 
  array (
    0 => 'blog',
    1 => 'error',
    2 => 'index',
  ),
  'convert' => false,
)
[ info ] [ HEADER ] array (
  'accept' => '*/*',
  'accept-encoding' => 'gzip,deflate',
  'connection' => 'Keep-Alive',
  'from' => 'support@search.yandex.ru',
  'host' => 'www.yuhal.com',
  'user-agent' => 'Mozilla/5.0 (compatible; YandexBot/3.0; +http://yandex.com/bots)',
)
[ info ] [ PARAM ] array (
  'public' => 'static',
  'assets' => 'i',
)
[ info ] [ RUN ] app\blog\controller\Error->index[ /data/home/bxu2713790162/htdocs/application/blog/controller/Error.php ]
[ info ] [ VIEW ] /data/home/bxu2713790162/htdocs/application/blog/view/error/error.html [ array (
  0 => 'code',
  1 => 'msg',
) ]
[ info ] [ LOG ] INIT File

---------------------------------------------------------------
[ 2018-03-05T14:03:21+08:00 ] 60.205.47.19 212.83.178.172 GET /log.php
[ log ] yuhal.com/log.php [运行时间：0.210955s][吞吐率：4.74req/s] [内存消耗：2,119.69kb] [文件加载：35]
[ info ] [ SESSION ] INIT array (
  'id' => '',
  'var_session_id' => '',
  'prefix' => 'think',
  'type' => '',
  'auto_start' => true,
)
[ info ] [ DB ] INIT mysql
[ info ] [ LANG ] /data/home/bxu2713790162/htdocs/thinkphp/lang/zh-cn.php
[ info ] [ ROUTE ] array (
  'type' => 'module',
  'module' => 
  array (
    0 => 'blog',
    1 => 'error',
    2 => 'index',
  ),
  'convert' => false,
)
[ info ] [ HEADER ] array (
  'accept' => '*/*',
  'accept-language' => 'en-US,en;q=0.5',
  'cache-control' => 'max-age=0',
  'host' => 'yuhal.com',
  'user-agent' => 'Mozilla/5.0 (Windows NT 6.1; Win64; x64) AppleWebKit/537.36 (KHTML, like Gecko) Chrome/60.0.3112.113 Safari/537.36',
)
[ info ] [ PARAM ] array (
)
[ info ] [ RUN ] app\blog\controller\Error->index[ /data/home/bxu2713790162/htdocs/application/blog/controller/Error.php ]
[ info ] [ VIEW ] /data/home/bxu2713790162/htdocs/application/blog/view/error/error.html [ array (
  0 => 'code',
  1 => 'msg',
) ]
[ info ] [ LOG ] INIT File

---------------------------------------------------------------
[ 2018-03-05T19:35:18+08:00 ] 60.205.47.19 106.11.225.198 GET /
[ log ] yuhal.com/ [运行时间：1.105921s][吞吐率：0.90req/s] [内存消耗：3,335.46kb] [文件加载：46]
[ info ] [ SESSION ] INIT array (
  'id' => '',
  'var_session_id' => '',
  'prefix' => 'think',
  'type' => '',
  'auto_start' => true,
)
[ info ] [ DB ] INIT mysql
[ info ] [ LANG ] /data/home/bxu2713790162/htdocs/thinkphp/lang/zh-cn.php
[ info ] [ ROUTE ] array (
  'type' => 'module',
  'module' => 
  array (
    0 => 'blog',
    1 => 'index',
    2 => 'index',
  ),
  'convert' => false,
)
[ info ] [ HEADER ] array (
  'accept' => 'text/html, image/gif, image/jpeg, *; q=.2, */*; q=.2',
  'accept-encoding' => 'gzip',
  'cache-control' => 'no-cache',
  'connection' => 'keep-alive',
  'host' => 'yuhal.com',
  'pragma' => 'no-cache',
  'user-agent' => 'Mozilla/5.0 (iPad; CPU OS 9_1 like Mac OS X) AppleWebKit/601.1.46 (KHTML, like Gecko) Version/9.0 Mobile/13B143 Safari/601.1',
)
[ info ] [ PARAM ] array (
)
[ info ] [ DB ] INIT mysql
[ info ] [ RUN ] app\blog\controller\Index->index[ /data/home/bxu2713790162/htdocs/application/blog/controller/Index.php ]
[ info ] [ VIEW ] /data/home/bxu2713790162/htdocs/application/blog/view/index/index.html [ array (
  0 => 'Tag',
  1 => 'Information',
  2 => 'User',
  3 => 'allart',
  4 => 'p',
  5 => 'page',
  6 => 'title',
) ]
[ info ] [ LOG ] INIT File
[ sql ] [ DB ] CONNECT:[ UseTime:0.099898s ] mysql:dbname=yuhal;host=118.31.23.98;port=3306;charset=utf8
[ sql ] [ SQL ] SHOW COLUMNS FROM `yh_b_tags` [ RunTime:0.067404s ]
[ sql ] [ SQL ] SELECT `value` FROM `yh_b_tags` WHERE  `yh_b_tags`.`delete_time` IS NULL ORDER BY update_time desc [ RunTime:0.066781s ]
[ sql ] [ SQL ] SHOW COLUMNS FROM `yh_b_information` [ RunTime:0.067244s ]
[ sql ] [ SQL ] SELECT * FROM `yh_b_information` ORDER BY rand() LIMIT 5 [ RunTime:0.066862s ]
[ sql ] [ SQL ] SHOW COLUMNS FROM `yh_b_article` [ RunTime:0.067451s ]
[ sql ] [ SQL ] SELECT `a`.`article_id`,`a`.`tag_ids`,`a`.`article_title`,`a`.`create_time`,`a`.`note`,`b`.`value`,`b`.`color` FROM `yh_b_article` `a` INNER JOIN `yh_b_article_type` `b` ON `b`.`id`=`a`.`type_id` WHERE  `a`.`delete_time` IS NULL  AND (  article_title like '%%' ) ORDER BY a.create_time desc LIMIT 0,5 [ RunTime:0.066945s ]
[ sql ] [ SQL ] select a.path from yh_s_picture as a left join yh_s_group as b on a.group_id=b.id where b.value='博客' order by rand() limit 1 [ RunTime:0.066952s ]
[ sql ] [ SQL ] select a.path from yh_s_picture as a left join yh_s_group as b on a.group_id=b.id where b.value='博客' order by rand() limit 1 [ RunTime:0.067009s ]
[ sql ] [ SQL ] select a.path from yh_s_picture as a left join yh_s_group as b on a.group_id=b.id where b.value='博客' order by rand() limit 1 [ RunTime:0.067037s ]
[ sql ] [ SQL ] select a.path from yh_s_picture as a left join yh_s_group as b on a.group_id=b.id where b.value='博客' order by rand() limit 1 [ RunTime:0.066973s ]
[ sql ] [ SQL ] select a.path from yh_s_picture as a left join yh_s_group as b on a.group_id=b.id where b.value='博客' order by rand() limit 1 [ RunTime:0.066944s ]
[ sql ] [ SQL ] SELECT COUNT(*) AS tp_count FROM `yh_b_article` WHERE  `yh_b_article`.`delete_time` IS NULL  AND (  article_title like '%%' ) LIMIT 1 [ RunTime:0.066842s ]

---------------------------------------------------------------
[ 2018-03-05T22:07:17+08:00 ] 60.205.47.19 141.8.132.7 GET /robots.txt
[ log ] www.yuhal.com/robots.txt [运行时间：0.197523s][吞吐率：5.06req/s] [内存消耗：2,119.76kb] [文件加载：35]
[ info ] [ SESSION ] INIT array (
  'id' => '',
  'var_session_id' => '',
  'prefix' => 'think',
  'type' => '',
  'auto_start' => true,
)
[ info ] [ DB ] INIT mysql
[ info ] [ LANG ] /data/home/bxu2713790162/htdocs/thinkphp/lang/zh-cn.php
[ info ] [ ROUTE ] array (
  'type' => 'module',
  'module' => 
  array (
    0 => 'blog',
    1 => 'error',
    2 => 'index',
  ),
  'convert' => false,
)
[ info ] [ HEADER ] array (
  'accept' => '*/*',
  'connection' => 'Keep-Alive',
  'from' => 'support@search.yandex.ru',
  'host' => 'www.yuhal.com',
  'user-agent' => 'Mozilla/5.0 (compatible; YandexBot/3.0; +http://yandex.com/bots)',
)
[ info ] [ PARAM ] array (
)
[ info ] [ RUN ] app\blog\controller\Error->index[ /data/home/bxu2713790162/htdocs/application/blog/controller/Error.php ]
[ info ] [ VIEW ] /data/home/bxu2713790162/htdocs/application/blog/view/error/error.html [ array (
  0 => 'code',
  1 => 'msg',
) ]
[ info ] [ LOG ] INIT File

---------------------------------------------------------------
[ 2018-03-05T22:07:20+08:00 ] 60.205.47.19 141.8.132.7 GET /favicon.ico
[ log ] www.yuhal.com/favicon.ico [运行时间：0.201510s][吞吐率：4.96req/s] [内存消耗：2,120.12kb] [文件加载：35]
[ info ] [ SESSION ] INIT array (
  'id' => '',
  'var_session_id' => '',
  'prefix' => 'think',
  'type' => '',
  'auto_start' => true,
)
[ info ] [ DB ] INIT mysql
[ info ] [ LANG ] /data/home/bxu2713790162/htdocs/thinkphp/lang/zh-cn.php
[ info ] [ ROUTE ] array (
  'type' => 'module',
  'module' => 
  array (
    0 => 'blog',
    1 => 'error',
    2 => 'index',
  ),
  'convert' => false,
)
[ info ] [ HEADER ] array (
  'accept' => '*/*',
  'accept-encoding' => 'gzip,deflate',
  'connection' => 'Keep-Alive',
  'from' => 'support@search.yandex.ru',
  'host' => 'www.yuhal.com',
  'user-agent' => 'Mozilla/5.0 (compatible; YandexBot/3.0; +http://yandex.com/bots)',
)
[ info ] [ PARAM ] array (
)
[ info ] [ RUN ] app\blog\controller\Error->index[ /data/home/bxu2713790162/htdocs/application/blog/controller/Error.php ]
[ info ] [ VIEW ] /data/home/bxu2713790162/htdocs/application/blog/view/error/error.html [ array (
  0 => 'code',
  1 => 'msg',
) ]
[ info ] [ LOG ] INIT File

---------------------------------------------------------------
