[ 2018-03-16T01:32:44+08:00 ] 60.205.47.19 141.8.132.7 GET /robots.txt
[ log ] www.yuhal.com/robots.txt [运行时间：0.203807s][吞吐率：4.91req/s] [内存消耗：2,119.75kb] [文件加载：35]
[ info ] [ SESSION ] INIT array (
  'id' => '',
  'var_session_id' => '',
  'prefix' => 'think',
  'type' => '',
  'auto_start' => true,
)
[ info ] [ DB ] INIT mysql
[ info ] [ LANG ] /data/home/bxu2713790162/htdocs/thinkphp/lang/zh-cn.php
[ info ] [ ROUTE ] array (
  'type' => 'module',
  'module' => 
  array (
    0 => 'blog',
    1 => 'error',
    2 => 'index',
  ),
  'convert' => false,
)
[ info ] [ HEADER ] array (
  'accept' => '*/*',
  'connection' => 'Keep-Alive',
  'from' => 'support@search.yandex.ru',
  'host' => 'www.yuhal.com',
  'user-agent' => 'Mozilla/5.0 (compatible; YandexBot/3.0; +http://yandex.com/bots)',
)
[ info ] [ PARAM ] array (
)
[ info ] [ RUN ] app\blog\controller\Error->index[ /data/home/bxu2713790162/htdocs/application/blog/controller/Error.php ]
[ info ] [ VIEW ] /data/home/bxu2713790162/htdocs/application/blog/view/error/error.html [ array (
  0 => 'code',
  1 => 'msg',
) ]
[ info ] [ LOG ] INIT File

---------------------------------------------------------------
[ 2018-03-16T01:32:48+08:00 ] 60.205.47.19 141.8.132.7 GET /favicon.ico
[ log ] www.yuhal.com/favicon.ico [运行时间：0.196550s][吞吐率：5.09req/s] [内存消耗：2,120.12kb] [文件加载：35]
[ info ] [ SESSION ] INIT array (
  'id' => '',
  'var_session_id' => '',
  'prefix' => 'think',
  'type' => '',
  'auto_start' => true,
)
[ info ] [ DB ] INIT mysql
[ info ] [ LANG ] /data/home/bxu2713790162/htdocs/thinkphp/lang/zh-cn.php
[ info ] [ ROUTE ] array (
  'type' => 'module',
  'module' => 
  array (
    0 => 'blog',
    1 => 'error',
    2 => 'index',
  ),
  'convert' => false,
)
[ info ] [ HEADER ] array (
  'accept' => '*/*',
  'accept-encoding' => 'gzip,deflate',
  'connection' => 'Keep-Alive',
  'from' => 'support@search.yandex.ru',
  'host' => 'www.yuhal.com',
  'user-agent' => 'Mozilla/5.0 (compatible; YandexBot/3.0; +http://yandex.com/bots)',
)
[ info ] [ PARAM ] array (
)
[ info ] [ RUN ] app\blog\controller\Error->index[ /data/home/bxu2713790162/htdocs/application/blog/controller/Error.php ]
[ info ] [ VIEW ] /data/home/bxu2713790162/htdocs/application/blog/view/error/error.html [ array (
  0 => 'code',
  1 => 'msg',
) ]
[ info ] [ LOG ] INIT File

---------------------------------------------------------------
[ 2018-03-16T03:36:29+08:00 ] 60.205.47.19 106.11.225.126 GET /
[ log ] yuhal.com/ [运行时间：1.046947s][吞吐率：0.96req/s] [内存消耗：3,335.45kb] [文件加载：46]
[ info ] [ SESSION ] INIT array (
  'id' => '',
  'var_session_id' => '',
  'prefix' => 'think',
  'type' => '',
  'auto_start' => true,
)
[ info ] [ DB ] INIT mysql
[ info ] [ LANG ] /data/home/bxu2713790162/htdocs/thinkphp/lang/zh-cn.php
[ info ] [ ROUTE ] array (
  'type' => 'module',
  'module' => 
  array (
    0 => 'blog',
    1 => 'index',
    2 => 'index',
  ),
  'convert' => false,
)
[ info ] [ HEADER ] array (
  'accept' => 'text/html, image/gif, image/jpeg, *; q=.2, */*; q=.2',
  'accept-encoding' => 'gzip',
  'cache-control' => 'no-cache',
  'connection' => 'keep-alive',
  'host' => 'yuhal.com',
  'pragma' => 'no-cache',
  'user-agent' => 'Mozilla/5.0 (iPad; CPU OS 9_1 like Mac OS X) AppleWebKit/601.1.46 (KHTML, like Gecko) Version/9.0 Mobile/13B143 Safari/601.1',
)
[ info ] [ PARAM ] array (
)
[ info ] [ DB ] INIT mysql
[ info ] [ RUN ] app\blog\controller\Index->index[ /data/home/bxu2713790162/htdocs/application/blog/controller/Index.php ]
[ info ] [ VIEW ] /data/home/bxu2713790162/htdocs/application/blog/view/index/index.html [ array (
  0 => 'Tag',
  1 => 'Information',
  2 => 'User',
  3 => 'allart',
  4 => 'p',
  5 => 'page',
  6 => 'title',
) ]
[ info ] [ LOG ] INIT File
[ sql ] [ DB ] CONNECT:[ UseTime:0.091130s ] mysql:dbname=yuhal;host=118.31.23.98;port=3306;charset=utf8
[ sql ] [ SQL ] SHOW COLUMNS FROM `yh_b_tags` [ RunTime:0.061455s ]
[ sql ] [ SQL ] SELECT `value` FROM `yh_b_tags` WHERE  `yh_b_tags`.`delete_time` IS NULL ORDER BY update_time desc [ RunTime:0.060967s ]
[ sql ] [ SQL ] SHOW COLUMNS FROM `yh_b_information` [ RunTime:0.061380s ]
[ sql ] [ SQL ] SELECT * FROM `yh_b_information` ORDER BY rand() LIMIT 5 [ RunTime:0.060996s ]
[ sql ] [ SQL ] SHOW COLUMNS FROM `yh_b_article` [ RunTime:0.061472s ]
[ sql ] [ SQL ] SELECT `a`.`article_id`,`a`.`tag_ids`,`a`.`article_title`,`a`.`create_time`,`a`.`note`,`b`.`value`,`b`.`color` FROM `yh_b_article` `a` INNER JOIN `yh_b_article_type` `b` ON `b`.`id`=`a`.`type_id` WHERE  `a`.`delete_time` IS NULL  AND (  article_title like '%%' ) ORDER BY a.create_time desc LIMIT 0,5 [ RunTime:0.061123s ]
[ sql ] [ SQL ] select a.path from yh_s_picture as a left join yh_s_group as b on a.group_id=b.id where b.value='博客' order by rand() limit 1 [ RunTime:0.061042s ]
[ sql ] [ SQL ] select a.path from yh_s_picture as a left join yh_s_group as b on a.group_id=b.id where b.value='博客' order by rand() limit 1 [ RunTime:0.061154s ]
[ sql ] [ SQL ] select a.path from yh_s_picture as a left join yh_s_group as b on a.group_id=b.id where b.value='博客' order by rand() limit 1 [ RunTime:0.061133s ]
[ sql ] [ SQL ] select a.path from yh_s_picture as a left join yh_s_group as b on a.group_id=b.id where b.value='博客' order by rand() limit 1 [ RunTime:0.061311s ]
[ sql ] [ SQL ] select a.path from yh_s_picture as a left join yh_s_group as b on a.group_id=b.id where b.value='博客' order by rand() limit 1 [ RunTime:0.061148s ]
[ sql ] [ SQL ] SELECT COUNT(*) AS tp_count FROM `yh_b_article` WHERE  `yh_b_article`.`delete_time` IS NULL  AND (  article_title like '%%' ) LIMIT 1 [ RunTime:0.061030s ]

---------------------------------------------------------------
[ 2018-03-16T05:20:11+08:00 ] 60.205.47.19 203.208.60.144 GET /robots.txt
[ log ] yuhal.com/robots.txt [运行时间：0.199875s][吞吐率：5.00req/s] [内存消耗：2,119.80kb] [文件加载：35]
[ info ] [ SESSION ] INIT array (
  'id' => '',
  'var_session_id' => '',
  'prefix' => 'think',
  'type' => '',
  'auto_start' => true,
)
[ info ] [ DB ] INIT mysql
[ info ] [ LANG ] /data/home/bxu2713790162/htdocs/thinkphp/lang/zh-cn.php
[ info ] [ ROUTE ] array (
  'type' => 'module',
  'module' => 
  array (
    0 => 'blog',
    1 => 'error',
    2 => 'index',
  ),
  'convert' => false,
)
[ info ] [ HEADER ] array (
  'accept' => 'text/plain,text/html,*/*',
  'accept-encoding' => 'gzip,deflate,br',
  'connection' => 'keep-alive',
  'host' => 'yuhal.com',
  'user-agent' => 'Mozilla/5.0 (compatible; Googlebot/2.1; +http://www.google.com/bot.html)',
)
[ info ] [ PARAM ] array (
)
[ info ] [ RUN ] app\blog\controller\Error->index[ /data/home/bxu2713790162/htdocs/application/blog/controller/Error.php ]
[ info ] [ VIEW ] /data/home/bxu2713790162/htdocs/application/blog/view/error/error.html [ array (
  0 => 'code',
  1 => 'msg',
) ]
[ info ] [ LOG ] INIT File

---------------------------------------------------------------
[ 2018-03-16T05:20:13+08:00 ] 60.205.47.19 203.208.60.144 GET /tag/Git
[ log ] yuhal.com/tag/Git [运行时间：1.425952s][吞吐率：0.70req/s] [内存消耗：3,315.60kb] [文件加载：46]
[ info ] [ SESSION ] INIT array (
  'id' => '',
  'var_session_id' => '',
  'prefix' => 'think',
  'type' => '',
  'auto_start' => true,
)
[ info ] [ DB ] INIT mysql
[ info ] [ LANG ] /data/home/bxu2713790162/htdocs/thinkphp/lang/zh-cn.php
[ info ] [ ROUTE ] array (
  'type' => 'module',
  'module' => 
  array (
    0 => 'blog',
    1 => 'tag',
    2 => 'index',
  ),
  'convert' => false,
)
[ info ] [ HEADER ] array (
  'accept' => 'text/html,application/xhtml+xml,application/xml;q=0.9,*/*;q=0.8',
  'accept-encoding' => 'gzip,deflate,br',
  'connection' => 'keep-alive',
  'from' => 'googlebot(at)googlebot.com',
  'host' => 'yuhal.com',
  'if-modified-since' => 'Thu, 01 Mar 2018 18:45:39 GMT',
  'user-agent' => 'Mozilla/5.0 (compatible; Googlebot/2.1; +http://www.google.com/bot.html)',
)
[ info ] [ PARAM ] array (
  'tag' => 'Git',
)
[ info ] [ DB ] INIT mysql
[ info ] [ RUN ] app\blog\controller\Tag->index[ /data/home/bxu2713790162/htdocs/application/blog/controller/Tag.php ]
[ info ] [ VIEW ] /data/home/bxu2713790162/htdocs/application/blog/view/tag/index.html [ array (
  0 => 'Tag',
  1 => 'Information',
  2 => 'User',
  3 => 'allart',
  4 => 'list',
) ]
[ info ] [ LOG ] INIT File
[ sql ] [ DB ] CONNECT:[ UseTime:0.101757s ] mysql:dbname=yuhal;host=118.31.23.98;port=3306;charset=utf8
[ sql ] [ SQL ] SHOW COLUMNS FROM `yh_b_tags` [ RunTime:0.068598s ]
[ sql ] [ SQL ] SELECT `value` FROM `yh_b_tags` WHERE  `yh_b_tags`.`delete_time` IS NULL ORDER BY update_time desc [ RunTime:0.067966s ]
[ sql ] [ SQL ] SHOW COLUMNS FROM `yh_b_information` [ RunTime:0.068502s ]
[ sql ] [ SQL ] SELECT * FROM `yh_b_information` ORDER BY rand() LIMIT 5 [ RunTime:0.068070s ]
[ sql ] [ SQL ] SELECT * FROM `yh_b_tags` WHERE  `yh_b_tags`.`delete_time` IS NULL  AND `value` = 'Git' LIMIT 1 [ RunTime:0.068102s ]
[ sql ] [ SQL ] SHOW COLUMNS FROM `yh_b_article` [ RunTime:0.070481s ]
[ sql ] [ SQL ] SELECT `a`.`article_id`,`a`.`tag_ids`,`a`.`article_title`,`a`.`create_time`,`a`.`note`,`b`.`value`,`b`.`color` FROM `yh_b_article` `a` INNER JOIN `yh_b_article_type` `b` ON `b`.`id`=`a`.`type_id` WHERE  `a`.`delete_time` IS NULL ORDER BY a.create_time desc [ RunTime:0.068220s ]
[ sql ] [ SQL ] select a.path from yh_s_picture as a left join yh_s_group as b on a.group_id=b.id where b.value='博客' order by rand() limit 1 [ RunTime:0.068222s ]
[ sql ] [ SQL ] select a.path from yh_s_picture as a left join yh_s_group as b on a.group_id=b.id where b.value='博客' order by rand() limit 1 [ RunTime:0.068300s ]
[ sql ] [ SQL ] select a.path from yh_s_picture as a left join yh_s_group as b on a.group_id=b.id where b.value='博客' order by rand() limit 1 [ RunTime:0.068248s ]
[ sql ] [ SQL ] select a.path from yh_s_picture as a left join yh_s_group as b on a.group_id=b.id where b.value='博客' order by rand() limit 1 [ RunTime:0.068233s ]
[ sql ] [ SQL ] select a.path from yh_s_picture as a left join yh_s_group as b on a.group_id=b.id where b.value='博客' order by rand() limit 1 [ RunTime:0.068244s ]
[ sql ] [ SQL ] select a.path from yh_s_picture as a left join yh_s_group as b on a.group_id=b.id where b.value='博客' order by rand() limit 1 [ RunTime:0.068250s ]
[ sql ] [ SQL ] select a.path from yh_s_picture as a left join yh_s_group as b on a.group_id=b.id where b.value='博客' order by rand() limit 1 [ RunTime:0.068197s ]
[ sql ] [ SQL ] select a.path from yh_s_picture as a left join yh_s_group as b on a.group_id=b.id where b.value='博客' order by rand() limit 1 [ RunTime:0.068259s ]
[ sql ] [ SQL ] select a.path from yh_s_picture as a left join yh_s_group as b on a.group_id=b.id where b.value='博客' order by rand() limit 1 [ RunTime:0.068204s ]

---------------------------------------------------------------
[ 2018-03-16T05:20:26+08:00 ] 60.205.47.19 203.208.60.147 GET /informationinfo
[ log ] yuhal.com/informationinfo [运行时间：0.373154s][吞吐率：2.68req/s] [内存消耗：3,114.52kb] [文件加载：46]
[ info ] [ SESSION ] INIT array (
  'id' => '',
  'var_session_id' => '',
  'prefix' => 'think',
  'type' => '',
  'auto_start' => true,
)
[ info ] [ LANG ] /data/home/bxu2713790162/htdocs/thinkphp/lang/zh-cn.php
[ info ] [ ROUTE ] array (
  'type' => 'module',
  'module' => 
  array (
    0 => 'blog',
    1 => 'information',
    2 => 'informationinfo',
  ),
  'convert' => false,
)
[ info ] [ HEADER ] array (
  'accept' => '*/*,application/json, text/javascript, */*; q=0.01',
  'accept-encoding' => 'gzip,deflate,br',
  'accept-language' => 'en-US',
  'connection' => 'keep-alive',
  'cookie' => 'PHPSESSID=rqj8vum744k7gn2c2db1k6vqb0',
  'from' => 'googlebot(at)googlebot.com',
  'host' => 'yuhal.com',
  'referer' => 'http://yuhal.com/tag/Git',
  'user-agent' => 'Mozilla/5.0 (compatible; Googlebot/2.1; +http://www.google.com/bot.html)',
  'x-requested-with' => 'XMLHttpRequest',
)
[ info ] [ PARAM ] array (
)
[ info ] [ DB ] INIT mysql
[ info ] [ RUN ] app\blog\controller\Information->informationinfo[ /data/home/bxu2713790162/htdocs/application/blog/controller/Information.php ]
[ info ] [ LOG ] INIT File
[ sql ] [ DB ] CONNECT:[ UseTime:0.090389s ] mysql:dbname=yuhal;host=118.31.23.98;port=3306;charset=utf8
[ sql ] [ SQL ] SHOW COLUMNS FROM `yh_b_tags` [ RunTime:0.059748s ]
[ sql ] [ SQL ] SELECT `value` FROM `yh_b_tags` WHERE  `yh_b_tags`.`delete_time` IS NULL ORDER BY update_time desc [ RunTime:0.059030s ]
[ sql ] [ SQL ] SHOW COLUMNS FROM `yh_b_information` [ RunTime:0.059531s ]
[ sql ] [ SQL ] SELECT * FROM `yh_b_information` ORDER BY rand() LIMIT 5 [ RunTime:0.059045s ]

---------------------------------------------------------------
[ 2018-03-16T06:54:00+08:00 ] 60.205.47.19 180.97.79.16 HEAD /
[ log ] www.yuhal.com/ [运行时间：1.038052s][吞吐率：0.96req/s] [内存消耗：3,334.95kb] [文件加载：46]
[ info ] [ SESSION ] INIT array (
  'id' => '',
  'var_session_id' => '',
  'prefix' => 'think',
  'type' => '',
  'auto_start' => true,
)
[ info ] [ DB ] INIT mysql
[ info ] [ LANG ] /data/home/bxu2713790162/htdocs/thinkphp/lang/zh-cn.php
[ info ] [ ROUTE ] array (
  'type' => 'module',
  'module' => 
  array (
    0 => 'blog',
    1 => 'index',
    2 => 'index',
  ),
  'convert' => false,
)
[ info ] [ HEADER ] array (
  'accept' => '*/*',
  'accept-encoding' => 'gzip, deflate',
  'connection' => 'keep-alive',
  'host' => 'www.yuhal.com',
  'user-agent' => 'python-requests/2.18.1',
)
[ info ] [ PARAM ] array (
)
[ info ] [ DB ] INIT mysql
[ info ] [ RUN ] app\blog\controller\Index->index[ /data/home/bxu2713790162/htdocs/application/blog/controller/Index.php ]
[ info ] [ VIEW ] /data/home/bxu2713790162/htdocs/application/blog/view/index/index.html [ array (
  0 => 'Tag',
  1 => 'Information',
  2 => 'User',
  3 => 'allart',
  4 => 'p',
  5 => 'page',
  6 => 'title',
) ]
[ info ] [ LOG ] INIT File
[ sql ] [ DB ] CONNECT:[ UseTime:0.090933s ] mysql:dbname=yuhal;host=118.31.23.98;port=3306;charset=utf8
[ sql ] [ SQL ] SHOW COLUMNS FROM `yh_b_tags` [ RunTime:0.061247s ]
[ sql ] [ SQL ] SELECT `value` FROM `yh_b_tags` WHERE  `yh_b_tags`.`delete_time` IS NULL ORDER BY update_time desc [ RunTime:0.060586s ]
[ sql ] [ SQL ] SHOW COLUMNS FROM `yh_b_information` [ RunTime:0.061128s ]
[ sql ] [ SQL ] SELECT * FROM `yh_b_information` ORDER BY rand() LIMIT 5 [ RunTime:0.060654s ]
[ sql ] [ SQL ] SHOW COLUMNS FROM `yh_b_article` [ RunTime:0.061089s ]
[ sql ] [ SQL ] SELECT `a`.`article_id`,`a`.`tag_ids`,`a`.`article_title`,`a`.`create_time`,`a`.`note`,`b`.`value`,`b`.`color` FROM `yh_b_article` `a` INNER JOIN `yh_b_article_type` `b` ON `b`.`id`=`a`.`type_id` WHERE  `a`.`delete_time` IS NULL  AND (  article_title like '%%' ) ORDER BY a.create_time desc LIMIT 0,5 [ RunTime:0.060962s ]
[ sql ] [ SQL ] select a.path from yh_s_picture as a left join yh_s_group as b on a.group_id=b.id where b.value='博客' order by rand() limit 1 [ RunTime:0.060908s ]
[ sql ] [ SQL ] select a.path from yh_s_picture as a left join yh_s_group as b on a.group_id=b.id where b.value='博客' order by rand() limit 1 [ RunTime:0.060866s ]
[ sql ] [ SQL ] select a.path from yh_s_picture as a left join yh_s_group as b on a.group_id=b.id where b.value='博客' order by rand() limit 1 [ RunTime:0.060782s ]
[ sql ] [ SQL ] select a.path from yh_s_picture as a left join yh_s_group as b on a.group_id=b.id where b.value='博客' order by rand() limit 1 [ RunTime:0.060855s ]
[ sql ] [ SQL ] select a.path from yh_s_picture as a left join yh_s_group as b on a.group_id=b.id where b.value='博客' order by rand() limit 1 [ RunTime:0.060828s ]
[ sql ] [ SQL ] SELECT COUNT(*) AS tp_count FROM `yh_b_article` WHERE  `yh_b_article`.`delete_time` IS NULL  AND (  article_title like '%%' ) LIMIT 1 [ RunTime:0.060705s ]

---------------------------------------------------------------
[ 2018-03-16T09:15:48+08:00 ] 60.205.47.19 203.208.60.195 GET /robots.txt
[ log ] yuhal.com/robots.txt [运行时间：0.202407s][吞吐率：4.94req/s] [内存消耗：2,119.80kb] [文件加载：35]
[ info ] [ SESSION ] INIT array (
  'id' => '',
  'var_session_id' => '',
  'prefix' => 'think',
  'type' => '',
  'auto_start' => true,
)
[ info ] [ DB ] INIT mysql
[ info ] [ LANG ] /data/home/bxu2713790162/htdocs/thinkphp/lang/zh-cn.php
[ info ] [ ROUTE ] array (
  'type' => 'module',
  'module' => 
  array (
    0 => 'blog',
    1 => 'error',
    2 => 'index',
  ),
  'convert' => false,
)
[ info ] [ HEADER ] array (
  'accept' => 'text/plain,text/html,*/*',
  'accept-encoding' => 'gzip,deflate,br',
  'connection' => 'keep-alive',
  'host' => 'yuhal.com',
  'user-agent' => 'Mozilla/5.0 (compatible; Googlebot/2.1; +http://www.google.com/bot.html)',
)
[ info ] [ PARAM ] array (
)
[ info ] [ RUN ] app\blog\controller\Error->index[ /data/home/bxu2713790162/htdocs/application/blog/controller/Error.php ]
[ info ] [ VIEW ] /data/home/bxu2713790162/htdocs/application/blog/view/error/error.html [ array (
  0 => 'code',
  1 => 'msg',
) ]
[ info ] [ LOG ] INIT File

---------------------------------------------------------------
[ 2018-03-16T09:15:49+08:00 ] 60.205.47.19 203.208.60.217 GET /informationinfo
[ log ] yuhal.com/informationinfo [运行时间：0.517346s][吞吐率：1.93req/s] [内存消耗：3,317.63kb] [文件加载：46]
[ info ] [ SESSION ] INIT array (
  'id' => '',
  'var_session_id' => '',
  'prefix' => 'think',
  'type' => '',
  'auto_start' => true,
)
[ info ] [ DB ] INIT mysql
[ info ] [ LANG ] /data/home/bxu2713790162/htdocs/thinkphp/lang/zh-cn.php
[ info ] [ ROUTE ] array (
  'type' => 'module',
  'module' => 
  array (
    0 => 'blog',
    1 => 'information',
    2 => 'informationinfo',
  ),
  'convert' => false,
)
[ info ] [ HEADER ] array (
  'accept' => '*/*,application/json, text/javascript, */*; q=0.01',
  'accept-encoding' => 'gzip,deflate,br',
  'accept-language' => 'en-US',
  'connection' => 'keep-alive',
  'cookie' => 'PHPSESSID=mtp54oj68l38inh362hcl8kh27',
  'from' => 'googlebot(at)googlebot.com',
  'host' => 'yuhal.com',
  'referer' => 'http://yuhal.com/tag/%E9%80%92%E5%BD%92',
  'user-agent' => 'Mozilla/5.0 (compatible; Googlebot/2.1; +http://www.google.com/bot.html)',
  'x-requested-with' => 'XMLHttpRequest',
)
[ info ] [ PARAM ] array (
)
[ info ] [ DB ] INIT mysql
[ info ] [ RUN ] app\blog\controller\Information->informationinfo[ /data/home/bxu2713790162/htdocs/application/blog/controller/Information.php ]
[ info ] [ LOG ] INIT File
[ sql ] [ DB ] CONNECT:[ UseTime:0.088353s ] mysql:dbname=yuhal;host=118.31.23.98;port=3306;charset=utf8
[ sql ] [ SQL ] SHOW COLUMNS FROM `yh_b_tags` [ RunTime:0.059644s ]
[ sql ] [ SQL ] SELECT `value` FROM `yh_b_tags` WHERE  `yh_b_tags`.`delete_time` IS NULL ORDER BY update_time desc [ RunTime:0.059092s ]
[ sql ] [ SQL ] SHOW COLUMNS FROM `yh_b_information` [ RunTime:0.059628s ]
[ sql ] [ SQL ] SELECT * FROM `yh_b_information` ORDER BY rand() LIMIT 5 [ RunTime:0.059116s ]

---------------------------------------------------------------
[ 2018-03-16T09:58:23+08:00 ] 60.205.47.19 203.208.60.227 GET /static/themes/default/css/umeditor.css
[ log ] yuhal.com/static/themes/default/css/umeditor.css [运行时间：0.181245s][吞吐率：5.52req/s] [内存消耗：2,122.18kb] [文件加载：35]
[ info ] [ SESSION ] INIT array (
  'id' => '',
  'var_session_id' => '',
  'prefix' => 'think',
  'type' => '',
  'auto_start' => true,
)
[ info ] [ DB ] INIT mysql
[ info ] [ LANG ] /data/home/bxu2713790162/htdocs/thinkphp/lang/zh-cn.php
[ info ] [ ROUTE ] array (
  'type' => 'module',
  'module' => 
  array (
    0 => 'blog',
    1 => 'error',
    2 => 'index',
  ),
  'convert' => false,
)
[ info ] [ HEADER ] array (
  'accept' => '*/*,text/css,*/*;q=0.1',
  'accept-encoding' => 'gzip,deflate,br',
  'accept-language' => 'en-US',
  'connection' => 'keep-alive',
  'from' => 'googlebot(at)googlebot.com',
  'host' => 'yuhal.com',
  'referer' => 'http://yuhal.com/details/55',
  'user-agent' => 'Mozilla/5.0 (compatible; Googlebot/2.1; +http://www.google.com/bot.html)',
)
[ info ] [ PARAM ] array (
  'static' => 'themes',
  'default' => 'css',
)
[ info ] [ RUN ] app\blog\controller\Error->index[ /data/home/bxu2713790162/htdocs/application/blog/controller/Error.php ]
[ info ] [ VIEW ] /data/home/bxu2713790162/htdocs/application/blog/view/error/error.html [ array (
  0 => 'code',
  1 => 'msg',
) ]
[ info ] [ LOG ] INIT File

---------------------------------------------------------------
[ 2018-03-16T09:58:24+08:00 ] 60.205.47.19 203.208.60.208 GET /static/assets/css/app.css
[ log ] yuhal.com/static/assets/css/app.css [运行时间：0.202453s][吞吐率：4.94req/s] [内存消耗：2,122.36kb] [文件加载：35]
[ info ] [ SESSION ] INIT array (
  'id' => '',
  'var_session_id' => '',
  'prefix' => 'think',
  'type' => '',
  'auto_start' => true,
)
[ info ] [ DB ] INIT mysql
[ info ] [ LANG ] /data/home/bxu2713790162/htdocs/thinkphp/lang/zh-cn.php
[ info ] [ ROUTE ] array (
  'type' => 'module',
  'module' => 
  array (
    0 => 'blog',
    1 => 'error',
    2 => 'index',
  ),
  'convert' => false,
)
[ info ] [ HEADER ] array (
  'accept' => '*/*,text/css,*/*;q=0.1',
  'accept-encoding' => 'gzip,deflate,br',
  'accept-language' => 'en-US',
  'connection' => 'keep-alive',
  'from' => 'googlebot(at)googlebot.com',
  'host' => 'yuhal.com',
  'referer' => 'http://yuhal.com/details/55',
  'user-agent' => 'Mozilla/5.0 (compatible; Googlebot/2.1; +http://www.google.com/bot.html)',
)
[ info ] [ PARAM ] array (
  'static' => 'assets',
  'css' => 'app.css',
)
[ info ] [ RUN ] app\blog\controller\Error->index[ /data/home/bxu2713790162/htdocs/application/blog/controller/Error.php ]
[ info ] [ VIEW ] /data/home/bxu2713790162/htdocs/application/blog/view/error/error.html [ array (
  0 => 'code',
  1 => 'msg',
) ]
[ info ] [ LOG ] INIT File

---------------------------------------------------------------
[ 2018-03-16T09:58:24+08:00 ] 60.205.47.19 203.208.60.232 GET /static/assets/css/amazeui.min.css
[ log ] yuhal.com/static/assets/css/amazeui.min.css [运行时间：0.200698s][吞吐率：4.98req/s] [内存消耗：2,122.23kb] [文件加载：35]
[ info ] [ SESSION ] INIT array (
  'id' => '',
  'var_session_id' => '',
  'prefix' => 'think',
  'type' => '',
  'auto_start' => true,
)
[ info ] [ DB ] INIT mysql
[ info ] [ LANG ] /data/home/bxu2713790162/htdocs/thinkphp/lang/zh-cn.php
[ info ] [ ROUTE ] array (
  'type' => 'module',
  'module' => 
  array (
    0 => 'blog',
    1 => 'error',
    2 => 'index',
  ),
  'convert' => false,
)
[ info ] [ HEADER ] array (
  'accept' => '*/*,text/css,*/*;q=0.1',
  'accept-encoding' => 'gzip,deflate,br',
  'accept-language' => 'en-US',
  'connection' => 'keep-alive',
  'from' => 'googlebot(at)googlebot.com',
  'host' => 'yuhal.com',
  'referer' => 'http://yuhal.com/details/55',
  'user-agent' => 'Mozilla/5.0 (compatible; Googlebot/2.1; +http://www.google.com/bot.html)',
)
[ info ] [ PARAM ] array (
  'static' => 'assets',
  'css' => 'amazeui.min.css',
)
[ info ] [ RUN ] app\blog\controller\Error->index[ /data/home/bxu2713790162/htdocs/application/blog/controller/Error.php ]
[ info ] [ VIEW ] /data/home/bxu2713790162/htdocs/application/blog/view/error/error.html [ array (
  0 => 'code',
  1 => 'msg',
) ]
[ info ] [ LOG ] INIT File

---------------------------------------------------------------
[ 2018-03-16T10:53:20+08:00 ] 60.205.47.19 203.208.60.147 GET /robots.txt
[ log ] yuhal.com/robots.txt [运行时间：0.163206s][吞吐率：6.13req/s] [内存消耗：2,119.80kb] [文件加载：35]
[ info ] [ SESSION ] INIT array (
  'id' => '',
  'var_session_id' => '',
  'prefix' => 'think',
  'type' => '',
  'auto_start' => true,
)
[ info ] [ DB ] INIT mysql
[ info ] [ LANG ] /data/home/bxu2713790162/htdocs/thinkphp/lang/zh-cn.php
[ info ] [ ROUTE ] array (
  'type' => 'module',
  'module' => 
  array (
    0 => 'blog',
    1 => 'error',
    2 => 'index',
  ),
  'convert' => false,
)
[ info ] [ HEADER ] array (
  'accept' => 'text/plain,text/html,*/*',
  'accept-encoding' => 'gzip,deflate,br',
  'connection' => 'keep-alive',
  'host' => 'yuhal.com',
  'user-agent' => 'Mozilla/5.0 (compatible; Googlebot/2.1; +http://www.google.com/bot.html)',
)
[ info ] [ PARAM ] array (
)
[ info ] [ RUN ] app\blog\controller\Error->index[ /data/home/bxu2713790162/htdocs/application/blog/controller/Error.php ]
[ info ] [ VIEW ] /data/home/bxu2713790162/htdocs/application/blog/view/error/error.html [ array (
  0 => 'code',
  1 => 'msg',
) ]
[ info ] [ LOG ] INIT File

---------------------------------------------------------------
[ 2018-03-16T10:53:21+08:00 ] 60.205.47.19 203.208.60.147 GET /details/55
[ log ] yuhal.com/details/55 [运行时间：0.732651s][吞吐率：1.36req/s] [内存消耗：3,311.69kb] [文件加载：46]
[ info ] [ SESSION ] INIT array (
  'id' => '',
  'var_session_id' => '',
  'prefix' => 'think',
  'type' => '',
  'auto_start' => true,
)
[ info ] [ DB ] INIT mysql
[ info ] [ LANG ] /data/home/bxu2713790162/htdocs/thinkphp/lang/zh-cn.php
[ info ] [ ROUTE ] array (
  'type' => 'module',
  'module' => 
  array (
    0 => 'blog',
    1 => 'details',
    2 => 'index',
  ),
  'convert' => false,
)
[ info ] [ HEADER ] array (
  'accept' => 'text/html,application/xhtml+xml,application/xml;q=0.9,*/*;q=0.8',
  'accept-encoding' => 'gzip,deflate,br',
  'connection' => 'keep-alive',
  'from' => 'googlebot(at)googlebot.com',
  'host' => 'yuhal.com',
  'user-agent' => 'Mozilla/5.0 (compatible; Googlebot/2.1; +http://www.google.com/bot.html)',
)
[ info ] [ PARAM ] array (
  'id' => '55',
)
[ info ] [ DB ] INIT mysql
[ info ] [ RUN ] app\blog\controller\Details->index[ /data/home/bxu2713790162/htdocs/application/blog/controller/Details.php ]
[ info ] [ VIEW ] /data/home/bxu2713790162/htdocs/application/blog/view/error/error.html [ array (
  0 => 'Tag',
  1 => 'Information',
  2 => 'User',
  3 => 'code',
  4 => 'msg',
) ]
[ info ] [ LOG ] INIT File
[ sql ] [ DB ] CONNECT:[ UseTime:0.102397s ] mysql:dbname=yuhal;host=118.31.23.98;port=3306;charset=utf8
[ sql ] [ SQL ] SHOW COLUMNS FROM `yh_b_tags` [ RunTime:0.068962s ]
[ sql ] [ SQL ] SELECT `value` FROM `yh_b_tags` WHERE  `yh_b_tags`.`delete_time` IS NULL ORDER BY update_time desc [ RunTime:0.068468s ]
[ sql ] [ SQL ] SHOW COLUMNS FROM `yh_b_information` [ RunTime:0.068949s ]
[ sql ] [ SQL ] SELECT * FROM `yh_b_information` ORDER BY rand() LIMIT 5 [ RunTime:0.068443s ]
[ sql ] [ SQL ] SHOW COLUMNS FROM `yh_b_article` [ RunTime:0.068919s ]
[ sql ] [ SQL ] SELECT `a`.`article_title`,`a`.`create_time`,`a`.`note`,`b`.`color`,`b`.`show_type`,`b`.`value`,`a`.`article_id`,`a`.`tag_ids` FROM `yh_b_article` `a` INNER JOIN `yh_b_article_type` `b` ON `b`.`id`=`a`.`type_id` WHERE  `a`.`delete_time` IS NULL  AND (  article_id=55 ) LIMIT 1 [ RunTime:0.068487s ]

---------------------------------------------------------------
[ 2018-03-16T10:53:44+08:00 ] 60.205.47.19 203.208.60.145 GET /userinfo
[ log ] yuhal.com/userinfo [运行时间：0.379711s][吞吐率：2.63req/s] [内存消耗：3,099.80kb] [文件加载：46]
[ info ] [ SESSION ] INIT array (
  'id' => '',
  'var_session_id' => '',
  'prefix' => 'think',
  'type' => '',
  'auto_start' => true,
)
[ info ] [ LANG ] /data/home/bxu2713790162/htdocs/thinkphp/lang/zh-cn.php
[ info ] [ ROUTE ] array (
  'type' => 'module',
  'module' => 
  array (
    0 => 'blog',
    1 => 'user',
    2 => 'userinfo',
  ),
  'convert' => false,
)
[ info ] [ HEADER ] array (
  'accept' => '*/*,application/json, text/javascript, */*; q=0.01',
  'accept-encoding' => 'gzip,deflate,br',
  'accept-language' => 'en-US',
  'connection' => 'keep-alive',
  'cookie' => 'PHPSESSID=bepl0d8baerodk32bfseapndi7',
  'from' => 'googlebot(at)googlebot.com',
  'host' => 'yuhal.com',
  'referer' => 'http://yuhal.com/details/55',
  'user-agent' => 'Mozilla/5.0 (compatible; Googlebot/2.1; +http://www.google.com/bot.html)',
  'x-requested-with' => 'XMLHttpRequest',
)
[ info ] [ PARAM ] array (
)
[ info ] [ DB ] INIT mysql
[ info ] [ RUN ] app\blog\controller\User->userinfo[ /data/home/bxu2713790162/htdocs/application/blog/controller/User.php ]
[ info ] [ LOG ] INIT File
[ sql ] [ DB ] CONNECT:[ UseTime:0.092427s ] mysql:dbname=yuhal;host=118.31.23.98;port=3306;charset=utf8
[ sql ] [ SQL ] SHOW COLUMNS FROM `yh_b_tags` [ RunTime:0.061122s ]
[ sql ] [ SQL ] SELECT `value` FROM `yh_b_tags` WHERE  `yh_b_tags`.`delete_time` IS NULL ORDER BY update_time desc [ RunTime:0.060391s ]
[ sql ] [ SQL ] SHOW COLUMNS FROM `yh_b_information` [ RunTime:0.060882s ]
[ sql ] [ SQL ] SELECT * FROM `yh_b_information` ORDER BY rand() LIMIT 5 [ RunTime:0.060471s ]

---------------------------------------------------------------
[ 2018-03-16T11:15:06+08:00 ] 60.205.47.19 116.226.219.174 GET /
[ log ] www.yuhal.com/ [运行时间：1.096012s][吞吐率：0.91req/s] [内存消耗：3,335.79kb] [文件加载：46]
[ info ] [ SESSION ] INIT array (
  'id' => '',
  'var_session_id' => '',
  'prefix' => 'think',
  'type' => '',
  'auto_start' => true,
)
[ info ] [ DB ] INIT mysql
[ info ] [ LANG ] /data/home/bxu2713790162/htdocs/thinkphp/lang/zh-cn.php
[ info ] [ ROUTE ] array (
  'type' => 'module',
  'module' => 
  array (
    0 => 'blog',
    1 => 'index',
    2 => 'index',
  ),
  'convert' => false,
)
[ info ] [ HEADER ] array (
  'accept' => 'text/html,application/xhtml+xml,application/xml;q=0.9,image/webp,image/apng,*/*;q=0.8',
  'accept-encoding' => 'gzip, deflate',
  'accept-language' => 'zh-CN,zh;q=0.9',
  'connection' => 'keep-alive',
  'host' => 'www.yuhal.com',
  'upgrade-insecure-requests' => '1',
  'user-agent' => 'Mozilla/5.0 (Windows NT 10.0; WOW64) AppleWebKit/537.36 (KHTML, like Gecko) Chrome/65.0.3325.146 Safari/537.36',
)
[ info ] [ PARAM ] array (
)
[ info ] [ DB ] INIT mysql
[ info ] [ RUN ] app\blog\controller\Index->index[ /data/home/bxu2713790162/htdocs/application/blog/controller/Index.php ]
[ info ] [ VIEW ] /data/home/bxu2713790162/htdocs/application/blog/view/index/index.html [ array (
  0 => 'Tag',
  1 => 'Information',
  2 => 'User',
  3 => 'allart',
  4 => 'p',
  5 => 'page',
  6 => 'title',
) ]
[ info ] [ LOG ] INIT File
[ sql ] [ DB ] CONNECT:[ UseTime:0.100410s ] mysql:dbname=yuhal;host=118.31.23.98;port=3306;charset=utf8
[ sql ] [ SQL ] SHOW COLUMNS FROM `yh_b_tags` [ RunTime:0.067543s ]
[ sql ] [ SQL ] SELECT `value` FROM `yh_b_tags` WHERE  `yh_b_tags`.`delete_time` IS NULL ORDER BY update_time desc [ RunTime:0.067003s ]
[ sql ] [ SQL ] SHOW COLUMNS FROM `yh_b_information` [ RunTime:0.067508s ]
[ sql ] [ SQL ] SELECT * FROM `yh_b_information` ORDER BY rand() LIMIT 5 [ RunTime:0.067044s ]
[ sql ] [ SQL ] SHOW COLUMNS FROM `yh_b_article` [ RunTime:0.067520s ]
[ sql ] [ SQL ] SELECT `a`.`article_id`,`a`.`tag_ids`,`a`.`article_title`,`a`.`create_time`,`a`.`note`,`b`.`value`,`b`.`color` FROM `yh_b_article` `a` INNER JOIN `yh_b_article_type` `b` ON `b`.`id`=`a`.`type_id` WHERE  `a`.`delete_time` IS NULL  AND (  article_title like '%%' ) ORDER BY a.create_time desc LIMIT 0,5 [ RunTime:0.067328s ]
[ sql ] [ SQL ] select a.path from yh_s_picture as a left join yh_s_group as b on a.group_id=b.id where b.value='博客' order by rand() limit 1 [ RunTime:0.067242s ]
[ sql ] [ SQL ] select a.path from yh_s_picture as a left join yh_s_group as b on a.group_id=b.id where b.value='博客' order by rand() limit 1 [ RunTime:0.067515s ]
[ sql ] [ SQL ] select a.path from yh_s_picture as a left join yh_s_group as b on a.group_id=b.id where b.value='博客' order by rand() limit 1 [ RunTime:0.067308s ]
[ sql ] [ SQL ] select a.path from yh_s_picture as a left join yh_s_group as b on a.group_id=b.id where b.value='博客' order by rand() limit 1 [ RunTime:0.071283s ]
[ sql ] [ SQL ] select a.path from yh_s_picture as a left join yh_s_group as b on a.group_id=b.id where b.value='博客' order by rand() limit 1 [ RunTime:0.067288s ]
[ sql ] [ SQL ] SELECT COUNT(*) AS tp_count FROM `yh_b_article` WHERE  `yh_b_article`.`delete_time` IS NULL  AND (  article_title like '%%' ) LIMIT 1 [ RunTime:0.067085s ]

---------------------------------------------------------------
[ 2018-03-16T11:15:07+08:00 ] 60.205.47.19 116.226.219.174 GET /informationinfo
[ log ] www.yuhal.com/informationinfo [运行时间：0.380024s][吞吐率：2.63req/s] [内存消耗：3,114.33kb] [文件加载：46]
[ info ] [ SESSION ] INIT array (
  'id' => '',
  'var_session_id' => '',
  'prefix' => 'think',
  'type' => '',
  'auto_start' => true,
)
[ info ] [ LANG ] /data/home/bxu2713790162/htdocs/thinkphp/lang/zh-cn.php
[ info ] [ ROUTE ] array (
  'type' => 'module',
  'module' => 
  array (
    0 => 'blog',
    1 => 'information',
    2 => 'informationinfo',
  ),
  'convert' => false,
)
[ info ] [ HEADER ] array (
  'accept' => 'application/json, text/javascript, */*; q=0.01',
  'accept-encoding' => 'gzip, deflate',
  'accept-language' => 'zh-CN,zh;q=0.9',
  'connection' => 'keep-alive',
  'cookie' => 'PHPSESSID=dnk853se6u1h8usjqrpfl8n985',
  'host' => 'www.yuhal.com',
  'referer' => 'http://www.yuhal.com/',
  'user-agent' => 'Mozilla/5.0 (Windows NT 10.0; WOW64) AppleWebKit/537.36 (KHTML, like Gecko) Chrome/65.0.3325.146 Safari/537.36',
  'x-requested-with' => 'XMLHttpRequest',
)
[ info ] [ PARAM ] array (
)
[ info ] [ DB ] INIT mysql
[ info ] [ RUN ] app\blog\controller\Information->informationinfo[ /data/home/bxu2713790162/htdocs/application/blog/controller/Information.php ]
[ info ] [ LOG ] INIT File
[ sql ] [ DB ] CONNECT:[ UseTime:0.090846s ] mysql:dbname=yuhal;host=118.31.23.98;port=3306;charset=utf8
[ sql ] [ SQL ] SHOW COLUMNS FROM `yh_b_tags` [ RunTime:0.059951s ]
[ sql ] [ SQL ] SELECT `value` FROM `yh_b_tags` WHERE  `yh_b_tags`.`delete_time` IS NULL ORDER BY update_time desc [ RunTime:0.059322s ]
[ sql ] [ SQL ] SHOW COLUMNS FROM `yh_b_information` [ RunTime:0.059916s ]
[ sql ] [ SQL ] SELECT * FROM `yh_b_information` ORDER BY rand() LIMIT 5 [ RunTime:0.067281s ]

---------------------------------------------------------------
[ 2018-03-16T11:15:07+08:00 ] 60.205.47.19 116.226.219.174 GET /sponsorinfo
[ log ] www.yuhal.com/sponsorinfo [运行时间：0.397718s][吞吐率：2.51req/s] [内存消耗：1,735.55kb] [文件加载：33]
[ info ] [ SESSION ] INIT array (
  'id' => '',
  'var_session_id' => '',
  'prefix' => 'think',
  'type' => '',
  'auto_start' => true,
)
[ info ] [ LANG ] /data/home/bxu2713790162/htdocs/thinkphp/lang/zh-cn.php
[ info ] [ ROUTE ] array (
  'type' => 'module',
  'module' => 
  array (
    0 => 'blog',
    1 => 'error',
    2 => 'index',
  ),
  'convert' => false,
)
[ info ] [ HEADER ] array (
  'accept' => 'application/json, text/javascript, */*; q=0.01',
  'accept-encoding' => 'gzip, deflate',
  'accept-language' => 'zh-CN,zh;q=0.9',
  'connection' => 'keep-alive',
  'cookie' => 'PHPSESSID=dnk853se6u1h8usjqrpfl8n985',
  'host' => 'www.yuhal.com',
  'referer' => 'http://www.yuhal.com/',
  'user-agent' => 'Mozilla/5.0 (Windows NT 10.0; WOW64) AppleWebKit/537.36 (KHTML, like Gecko) Chrome/65.0.3325.146 Safari/537.36',
  'x-requested-with' => 'XMLHttpRequest',
)
[ info ] [ PARAM ] array (
)
[ info ] [ RUN ] app\blog\controller\Error->index[ /data/home/bxu2713790162/htdocs/application/blog/controller/Error.php ]
[ info ] [ VIEW ] /data/home/bxu2713790162/htdocs/application/blog/view/error/error.html [ array (
  0 => 'code',
  1 => 'msg',
) ]
[ info ] [ LOG ] INIT File

---------------------------------------------------------------
[ 2018-03-16T11:15:08+08:00 ] 60.205.47.19 116.226.219.174 GET /public/static/assets/i/app-icon72x72@2x.png
[ log ] www.yuhal.com/public/static/assets/i/app-icon72x72@2x.png [运行时间：0.026904s][吞吐率：37.17req/s] [内存消耗：1,723.48kb] [文件加载：32]
[ info ] [ SESSION ] INIT array (
  'id' => '',
  'var_session_id' => '',
  'prefix' => 'think',
  'type' => '',
  'auto_start' => true,
)
[ info ] [ LANG ] /data/home/bxu2713790162/htdocs/thinkphp/lang/zh-cn.php
[ info ] [ ROUTE ] array (
  'type' => 'module',
  'module' => 
  array (
    0 => 'blog',
    1 => 'error',
    2 => 'index',
  ),
  'convert' => false,
)
[ info ] [ HEADER ] array (
  'accept' => 'image/webp,image/apng,image/*,*/*;q=0.8',
  'accept-encoding' => 'gzip, deflate',
  'accept-language' => 'zh-CN,zh;q=0.9',
  'connection' => 'keep-alive',
  'cookie' => 'PHPSESSID=dnk853se6u1h8usjqrpfl8n985',
  'host' => 'www.yuhal.com',
  'referer' => 'http://www.yuhal.com/',
  'user-agent' => 'Mozilla/5.0 (Windows NT 10.0; WOW64) AppleWebKit/537.36 (KHTML, like Gecko) Chrome/65.0.3325.146 Safari/537.36',
)
[ info ] [ PARAM ] array (
  'public' => 'static',
  'assets' => 'i',
)
[ info ] [ RUN ] app\blog\controller\Error->index[ /data/home/bxu2713790162/htdocs/application/blog/controller/Error.php ]
[ info ] [ VIEW ] /data/home/bxu2713790162/htdocs/application/blog/view/error/error.html [ array (
  0 => 'code',
  1 => 'msg',
) ]
[ info ] [ LOG ] INIT File

---------------------------------------------------------------
[ 2018-03-16T11:16:07+08:00 ] 60.205.47.19 61.151.180.39 GET /sponsorinfo
[ log ] www.yuhal.com/sponsorinfo [运行时间：0.184891s][吞吐率：5.41req/s] [内存消耗：2,120.57kb] [文件加载：35]
[ info ] [ SESSION ] INIT array (
  'id' => '',
  'var_session_id' => '',
  'prefix' => 'think',
  'type' => '',
  'auto_start' => true,
)
[ info ] [ DB ] INIT mysql
[ info ] [ LANG ] /data/home/bxu2713790162/htdocs/thinkphp/lang/zh-cn.php
[ info ] [ ROUTE ] array (
  'type' => 'module',
  'module' => 
  array (
    0 => 'blog',
    1 => 'error',
    2 => 'index',
  ),
  'convert' => false,
)
[ info ] [ HEADER ] array (
  'accept' => '*/*',
  'accept-language' => 'zh-CN,zh;q=0.8,en-US;q=0.6,en;q=0.4',
  'connection' => 'keep-alive',
  'host' => 'www.yuhal.com',
  'referer' => 'http://www.yuhal.com/',
  'user-agent' => 'Mozilla/5.0 (Windows NT 6.1; WOW64) AppleWebKit/537.36 (KHTML, like Gecko) Chrome/53.0.2785.104 Safari/537.36 Core/1.53.2141.400 QQBrowser/9.5.10219.400',
)
[ info ] [ PARAM ] array (
)
[ info ] [ RUN ] app\blog\controller\Error->index[ /data/home/bxu2713790162/htdocs/application/blog/controller/Error.php ]
[ info ] [ VIEW ] /data/home/bxu2713790162/htdocs/application/blog/view/error/error.html [ array (
  0 => 'code',
  1 => 'msg',
) ]
[ info ] [ LOG ] INIT File

---------------------------------------------------------------
[ 2018-03-16T14:02:50+08:00 ] 60.205.47.19 39.104.29.35 GET /robots.txt
[ log ] www.yuhal.com/robots.txt [运行时间：0.181534s][吞吐率：5.51req/s] [内存消耗：2,120.05kb] [文件加载：35]
[ info ] [ SESSION ] INIT array (
  'id' => '',
  'var_session_id' => '',
  'prefix' => 'think',
  'type' => '',
  'auto_start' => true,
)
[ info ] [ DB ] INIT mysql
[ info ] [ LANG ] /data/home/bxu2713790162/htdocs/thinkphp/lang/zh-cn.php
[ info ] [ ROUTE ] array (
  'type' => 'module',
  'module' => 
  array (
    0 => 'blog',
    1 => 'error',
    2 => 'index',
  ),
  'convert' => false,
)
[ info ] [ HEADER ] array (
  'accept' => 'text/html, image/gif, image/jpeg, *; q=.2, */*; q=.2',
  'cache-control' => 'no-cache',
  'connection' => 'keep-alive',
  'host' => 'www.yuhal.com',
  'pragma' => 'no-cache',
  'user-agent' => 'Mozilla/5.0 (X11; Ubuntu; Linux x86_64; rv:36.0) Gecko/20100101 Firefox/36.0',
)
[ info ] [ PARAM ] array (
)
[ info ] [ RUN ] app\blog\controller\Error->index[ /data/home/bxu2713790162/htdocs/application/blog/controller/Error.php ]
[ info ] [ VIEW ] /data/home/bxu2713790162/htdocs/application/blog/view/error/error.html [ array (
  0 => 'code',
  1 => 'msg',
) ]
[ info ] [ LOG ] INIT File

---------------------------------------------------------------
[ 2018-03-16T15:15:50+08:00 ] 60.205.47.19 141.8.132.7 GET /robots.txt
[ log ] www.yuhal.com/robots.txt [运行时间：0.200406s][吞吐率：4.99req/s] [内存消耗：2,119.76kb] [文件加载：35]
[ info ] [ SESSION ] INIT array (
  'id' => '',
  'var_session_id' => '',
  'prefix' => 'think',
  'type' => '',
  'auto_start' => true,
)
[ info ] [ DB ] INIT mysql
[ info ] [ LANG ] /data/home/bxu2713790162/htdocs/thinkphp/lang/zh-cn.php
[ info ] [ ROUTE ] array (
  'type' => 'module',
  'module' => 
  array (
    0 => 'blog',
    1 => 'error',
    2 => 'index',
  ),
  'convert' => false,
)
[ info ] [ HEADER ] array (
  'accept' => '*/*',
  'connection' => 'Keep-Alive',
  'from' => 'support@search.yandex.ru',
  'host' => 'www.yuhal.com',
  'user-agent' => 'Mozilla/5.0 (compatible; YandexBot/3.0; +http://yandex.com/bots)',
)
[ info ] [ PARAM ] array (
)
[ info ] [ RUN ] app\blog\controller\Error->index[ /data/home/bxu2713790162/htdocs/application/blog/controller/Error.php ]
[ info ] [ VIEW ] /data/home/bxu2713790162/htdocs/application/blog/view/error/error.html [ array (
  0 => 'code',
  1 => 'msg',
) ]
[ info ] [ LOG ] INIT File

---------------------------------------------------------------
[ 2018-03-16T15:21:49+08:00 ] 60.205.47.19 106.15.14.129 GET /robots.txt
[ log ] yuhal.com/robots.txt [运行时间：0.184570s][吞吐率：5.42req/s] [内存消耗：2,120.04kb] [文件加载：35]
[ info ] [ SESSION ] INIT array (
  'id' => '',
  'var_session_id' => '',
  'prefix' => 'think',
  'type' => '',
  'auto_start' => true,
)
[ info ] [ DB ] INIT mysql
[ info ] [ LANG ] /data/home/bxu2713790162/htdocs/thinkphp/lang/zh-cn.php
[ info ] [ ROUTE ] array (
  'type' => 'module',
  'module' => 
  array (
    0 => 'blog',
    1 => 'error',
    2 => 'index',
  ),
  'convert' => false,
)
[ info ] [ HEADER ] array (
  'accept' => 'text/html, image/gif, image/jpeg, *; q=.2, */*; q=.2',
  'cache-control' => 'no-cache',
  'connection' => 'keep-alive',
  'host' => 'yuhal.com',
  'pragma' => 'no-cache',
  'user-agent' => 'Mozilla/5.0 (X11; Ubuntu; Linux x86_64; rv:36.0) Gecko/20100101 Firefox/36.0',
)
[ info ] [ PARAM ] array (
)
[ info ] [ RUN ] app\blog\controller\Error->index[ /data/home/bxu2713790162/htdocs/application/blog/controller/Error.php ]
[ info ] [ VIEW ] /data/home/bxu2713790162/htdocs/application/blog/view/error/error.html [ array (
  0 => 'code',
  1 => 'msg',
) ]
[ info ] [ LOG ] INIT File

---------------------------------------------------------------
[ 2018-03-16T16:23:12+08:00 ] 60.205.47.19 47.95.63.23 GET /tag/%E9%80%92%E5%BD%92
[ log ] yuhal.com/tag/%E9%80%92%E5%BD%92 [运行时间：1.418716s][吞吐率：0.70req/s] [内存消耗：3,315.29kb] [文件加载：46]
[ info ] [ SESSION ] INIT array (
  'id' => '',
  'var_session_id' => '',
  'prefix' => 'think',
  'type' => '',
  'auto_start' => true,
)
[ info ] [ DB ] INIT mysql
[ info ] [ LANG ] /data/home/bxu2713790162/htdocs/thinkphp/lang/zh-cn.php
[ info ] [ ROUTE ] array (
  'type' => 'module',
  'module' => 
  array (
    0 => 'blog',
    1 => 'tag',
    2 => 'index',
  ),
  'convert' => false,
)
[ info ] [ HEADER ] array (
  'accept' => 'text/html, image/gif, image/jpeg, *; q=.2, */*; q=.2',
  'cache-control' => 'no-cache',
  'connection' => 'keep-alive',
  'host' => 'yuhal.com',
  'pragma' => 'no-cache',
  'user-agent' => 'Mozilla/5.0 (X11; Ubuntu; Linux x86_64; rv:36.0) Gecko/20100101 Firefox/36.0',
)
[ info ] [ PARAM ] array (
  'tag' => '递归',
)
[ info ] [ DB ] INIT mysql
[ info ] [ RUN ] app\blog\controller\Tag->index[ /data/home/bxu2713790162/htdocs/application/blog/controller/Tag.php ]
[ info ] [ VIEW ] /data/home/bxu2713790162/htdocs/application/blog/view/tag/index.html [ array (
  0 => 'Tag',
  1 => 'Information',
  2 => 'User',
  3 => 'allart',
  4 => 'list',
) ]
[ info ] [ LOG ] INIT File
[ sql ] [ DB ] CONNECT:[ UseTime:0.103787s ] mysql:dbname=yuhal;host=118.31.23.98;port=3306;charset=utf8
[ sql ] [ SQL ] SHOW COLUMNS FROM `yh_b_tags` [ RunTime:0.069797s ]
[ sql ] [ SQL ] SELECT `value` FROM `yh_b_tags` WHERE  `yh_b_tags`.`delete_time` IS NULL ORDER BY update_time desc [ RunTime:0.069390s ]
[ sql ] [ SQL ] SHOW COLUMNS FROM `yh_b_information` [ RunTime:0.069840s ]
[ sql ] [ SQL ] SELECT * FROM `yh_b_information` ORDER BY rand() LIMIT 5 [ RunTime:0.069413s ]
[ sql ] [ SQL ] SELECT * FROM `yh_b_tags` WHERE  `yh_b_tags`.`delete_time` IS NULL  AND `value` = '递归' LIMIT 1 [ RunTime:0.069408s ]
[ sql ] [ SQL ] SHOW COLUMNS FROM `yh_b_article` [ RunTime:0.069826s ]
[ sql ] [ SQL ] SELECT `a`.`article_id`,`a`.`tag_ids`,`a`.`article_title`,`a`.`create_time`,`a`.`note`,`b`.`value`,`b`.`color` FROM `yh_b_article` `a` INNER JOIN `yh_b_article_type` `b` ON `b`.`id`=`a`.`type_id` WHERE  `a`.`delete_time` IS NULL ORDER BY a.create_time desc [ RunTime:0.069469s ]
[ sql ] [ SQL ] select a.path from yh_s_picture as a left join yh_s_group as b on a.group_id=b.id where b.value='博客' order by rand() limit 1 [ RunTime:0.069495s ]
[ sql ] [ SQL ] select a.path from yh_s_picture as a left join yh_s_group as b on a.group_id=b.id where b.value='博客' order by rand() limit 1 [ RunTime:0.069521s ]
[ sql ] [ SQL ] select a.path from yh_s_picture as a left join yh_s_group as b on a.group_id=b.id where b.value='博客' order by rand() limit 1 [ RunTime:0.069572s ]
[ sql ] [ SQL ] select a.path from yh_s_picture as a left join yh_s_group as b on a.group_id=b.id where b.value='博客' order by rand() limit 1 [ RunTime:0.069459s ]
[ sql ] [ SQL ] select a.path from yh_s_picture as a left join yh_s_group as b on a.group_id=b.id where b.value='博客' order by rand() limit 1 [ RunTime:0.069517s ]
[ sql ] [ SQL ] select a.path from yh_s_picture as a left join yh_s_group as b on a.group_id=b.id where b.value='博客' order by rand() limit 1 [ RunTime:0.069496s ]
[ sql ] [ SQL ] select a.path from yh_s_picture as a left join yh_s_group as b on a.group_id=b.id where b.value='博客' order by rand() limit 1 [ RunTime:0.069614s ]
[ sql ] [ SQL ] select a.path from yh_s_picture as a left join yh_s_group as b on a.group_id=b.id where b.value='博客' order by rand() limit 1 [ RunTime:0.069613s ]
[ sql ] [ SQL ] select a.path from yh_s_picture as a left join yh_s_group as b on a.group_id=b.id where b.value='博客' order by rand() limit 1 [ RunTime:0.069522s ]

---------------------------------------------------------------
[ 2018-03-16T17:10:41+08:00 ] 60.205.47.19 203.208.60.184 GET /robots.txt
[ log ] yuhal.com/robots.txt [运行时间：0.200760s][吞吐率：4.98req/s] [内存消耗：2,119.80kb] [文件加载：35]
[ info ] [ SESSION ] INIT array (
  'id' => '',
  'var_session_id' => '',
  'prefix' => 'think',
  'type' => '',
  'auto_start' => true,
)
[ info ] [ DB ] INIT mysql
[ info ] [ LANG ] /data/home/bxu2713790162/htdocs/thinkphp/lang/zh-cn.php
[ info ] [ ROUTE ] array (
  'type' => 'module',
  'module' => 
  array (
    0 => 'blog',
    1 => 'error',
    2 => 'index',
  ),
  'convert' => false,
)
[ info ] [ HEADER ] array (
  'accept' => 'text/plain,text/html,*/*',
  'accept-encoding' => 'gzip,deflate,br',
  'connection' => 'keep-alive',
  'host' => 'yuhal.com',
  'user-agent' => 'Mozilla/5.0 (compatible; Googlebot/2.1; +http://www.google.com/bot.html)',
)
[ info ] [ PARAM ] array (
)
[ info ] [ RUN ] app\blog\controller\Error->index[ /data/home/bxu2713790162/htdocs/application/blog/controller/Error.php ]
[ info ] [ VIEW ] /data/home/bxu2713790162/htdocs/application/blog/view/error/error.html [ array (
  0 => 'code',
  1 => 'msg',
) ]
[ info ] [ LOG ] INIT File

---------------------------------------------------------------
[ 2018-03-16T17:10:43+08:00 ] 60.205.47.19 203.208.60.184 GET /tag/Git
[ log ] yuhal.com/tag/Git [运行时间：1.434641s][吞吐率：0.70req/s] [内存消耗：3,315.63kb] [文件加载：46]
[ info ] [ SESSION ] INIT array (
  'id' => '',
  'var_session_id' => '',
  'prefix' => 'think',
  'type' => '',
  'auto_start' => true,
)
[ info ] [ DB ] INIT mysql
[ info ] [ LANG ] /data/home/bxu2713790162/htdocs/thinkphp/lang/zh-cn.php
[ info ] [ ROUTE ] array (
  'type' => 'module',
  'module' => 
  array (
    0 => 'blog',
    1 => 'tag',
    2 => 'index',
  ),
  'convert' => false,
)
[ info ] [ HEADER ] array (
  'accept' => 'text/html,application/xhtml+xml,application/xml;q=0.9,*/*;q=0.8',
  'accept-encoding' => 'gzip,deflate,br',
  'connection' => 'keep-alive',
  'from' => 'googlebot(at)googlebot.com',
  'host' => 'yuhal.com',
  'if-modified-since' => 'Thu, 15 Mar 2018 21:20:13 GMT',
  'user-agent' => 'Mozilla/5.0 (compatible; Googlebot/2.1; +http://www.google.com/bot.html)',
)
[ info ] [ PARAM ] array (
  'tag' => 'Git',
)
[ info ] [ DB ] INIT mysql
[ info ] [ RUN ] app\blog\controller\Tag->index[ /data/home/bxu2713790162/htdocs/application/blog/controller/Tag.php ]
[ info ] [ VIEW ] /data/home/bxu2713790162/htdocs/application/blog/view/tag/index.html [ array (
  0 => 'Tag',
  1 => 'Information',
  2 => 'User',
  3 => 'allart',
  4 => 'list',
) ]
[ info ] [ LOG ] INIT File
[ sql ] [ DB ] CONNECT:[ UseTime:0.103693s ] mysql:dbname=yuhal;host=118.31.23.98;port=3306;charset=utf8
[ sql ] [ SQL ] SHOW COLUMNS FROM `yh_b_tags` [ RunTime:0.069747s ]
[ sql ] [ SQL ] SELECT `value` FROM `yh_b_tags` WHERE  `yh_b_tags`.`delete_time` IS NULL ORDER BY update_time desc [ RunTime:0.069235s ]
[ sql ] [ SQL ] SHOW COLUMNS FROM `yh_b_information` [ RunTime:0.069740s ]
[ sql ] [ SQL ] SELECT * FROM `yh_b_information` ORDER BY rand() LIMIT 5 [ RunTime:0.069285s ]
[ sql ] [ SQL ] SELECT * FROM `yh_b_tags` WHERE  `yh_b_tags`.`delete_time` IS NULL  AND `value` = 'Git' LIMIT 1 [ RunTime:0.069392s ]
[ sql ] [ SQL ] SHOW COLUMNS FROM `yh_b_article` [ RunTime:0.069732s ]
[ sql ] [ SQL ] SELECT `a`.`article_id`,`a`.`tag_ids`,`a`.`article_title`,`a`.`create_time`,`a`.`note`,`b`.`value`,`b`.`color` FROM `yh_b_article` `a` INNER JOIN `yh_b_article_type` `b` ON `b`.`id`=`a`.`type_id` WHERE  `a`.`delete_time` IS NULL ORDER BY a.create_time desc [ RunTime:0.069507s ]
[ sql ] [ SQL ] select a.path from yh_s_picture as a left join yh_s_group as b on a.group_id=b.id where b.value='博客' order by rand() limit 1 [ RunTime:0.069460s ]
[ sql ] [ SQL ] select a.path from yh_s_picture as a left join yh_s_group as b on a.group_id=b.id where b.value='博客' order by rand() limit 1 [ RunTime:0.069448s ]
[ sql ] [ SQL ] select a.path from yh_s_picture as a left join yh_s_group as b on a.group_id=b.id where b.value='博客' order by rand() limit 1 [ RunTime:0.069428s ]
[ sql ] [ SQL ] select a.path from yh_s_picture as a left join yh_s_group as b on a.group_id=b.id where b.value='博客' order by rand() limit 1 [ RunTime:0.069435s ]
[ sql ] [ SQL ] select a.path from yh_s_picture as a left join yh_s_group as b on a.group_id=b.id where b.value='博客' order by rand() limit 1 [ RunTime:0.069500s ]
[ sql ] [ SQL ] select a.path from yh_s_picture as a left join yh_s_group as b on a.group_id=b.id where b.value='博客' order by rand() limit 1 [ RunTime:0.069442s ]
[ sql ] [ SQL ] select a.path from yh_s_picture as a left join yh_s_group as b on a.group_id=b.id where b.value='博客' order by rand() limit 1 [ RunTime:0.069476s ]
[ sql ] [ SQL ] select a.path from yh_s_picture as a left join yh_s_group as b on a.group_id=b.id where b.value='博客' order by rand() limit 1 [ RunTime:0.069583s ]
[ sql ] [ SQL ] select a.path from yh_s_picture as a left join yh_s_group as b on a.group_id=b.id where b.value='博客' order by rand() limit 1 [ RunTime:0.069594s ]

---------------------------------------------------------------
[ 2018-03-16T17:49:40+08:00 ] 60.205.47.19 203.208.60.223 GET /robots.txt
[ log ] www.yuhal.com/robots.txt [运行时间：0.198205s][吞吐率：5.05req/s] [内存消耗：2,119.73kb] [文件加载：35]
[ info ] [ SESSION ] INIT array (
  'id' => '',
  'var_session_id' => '',
  'prefix' => 'think',
  'type' => '',
  'auto_start' => true,
)
[ info ] [ DB ] INIT mysql
[ info ] [ LANG ] /data/home/bxu2713790162/htdocs/thinkphp/lang/zh-cn.php
[ info ] [ ROUTE ] array (
  'type' => 'module',
  'module' => 
  array (
    0 => 'blog',
    1 => 'error',
    2 => 'index',
  ),
  'convert' => false,
)
[ info ] [ HEADER ] array (
  'accept' => 'text/plain,text/html,*/*',
  'accept-encoding' => 'gzip,deflate,br',
  'connection' => 'keep-alive',
  'host' => 'www.yuhal.com',
  'user-agent' => 'Mozilla/5.0 (compatible; Googlebot/2.1; +http://www.google.com/bot.html)',
)
[ info ] [ PARAM ] array (
)
[ info ] [ RUN ] app\blog\controller\Error->index[ /data/home/bxu2713790162/htdocs/application/blog/controller/Error.php ]
[ info ] [ VIEW ] /data/home/bxu2713790162/htdocs/application/blog/view/error/error.html [ array (
  0 => 'code',
  1 => 'msg',
) ]
[ info ] [ LOG ] INIT File

---------------------------------------------------------------
[ 2018-03-16T20:27:00+08:00 ] 60.205.47.19 203.208.60.133 GET /robots.txt
[ log ] www.yuhal.com/robots.txt [运行时间：0.196630s][吞吐率：5.09req/s] [内存消耗：2,119.73kb] [文件加载：35]
[ info ] [ SESSION ] INIT array (
  'id' => '',
  'var_session_id' => '',
  'prefix' => 'think',
  'type' => '',
  'auto_start' => true,
)
[ info ] [ DB ] INIT mysql
[ info ] [ LANG ] /data/home/bxu2713790162/htdocs/thinkphp/lang/zh-cn.php
[ info ] [ ROUTE ] array (
  'type' => 'module',
  'module' => 
  array (
    0 => 'blog',
    1 => 'error',
    2 => 'index',
  ),
  'convert' => false,
)
[ info ] [ HEADER ] array (
  'accept' => 'text/plain,text/html,*/*',
  'accept-encoding' => 'gzip,deflate,br',
  'connection' => 'keep-alive',
  'host' => 'www.yuhal.com',
  'user-agent' => 'Mozilla/5.0 (compatible; Googlebot/2.1; +http://www.google.com/bot.html)',
)
[ info ] [ PARAM ] array (
)
[ info ] [ RUN ] app\blog\controller\Error->index[ /data/home/bxu2713790162/htdocs/application/blog/controller/Error.php ]
[ info ] [ VIEW ] /data/home/bxu2713790162/htdocs/application/blog/view/error/error.html [ array (
  0 => 'code',
  1 => 'msg',
) ]
[ info ] [ LOG ] INIT File

---------------------------------------------------------------
[ 2018-03-16T20:34:02+08:00 ] 60.205.47.19 203.208.60.204 GET /robots.txt
[ log ] yuhal.com/robots.txt [运行时间：0.179718s][吞吐率：5.56req/s] [内存消耗：2,119.80kb] [文件加载：35]
[ info ] [ SESSION ] INIT array (
  'id' => '',
  'var_session_id' => '',
  'prefix' => 'think',
  'type' => '',
  'auto_start' => true,
)
[ info ] [ DB ] INIT mysql
[ info ] [ LANG ] /data/home/bxu2713790162/htdocs/thinkphp/lang/zh-cn.php
[ info ] [ ROUTE ] array (
  'type' => 'module',
  'module' => 
  array (
    0 => 'blog',
    1 => 'error',
    2 => 'index',
  ),
  'convert' => false,
)
[ info ] [ HEADER ] array (
  'accept' => 'text/plain,text/html,*/*',
  'accept-encoding' => 'gzip,deflate,br',
  'connection' => 'keep-alive',
  'host' => 'yuhal.com',
  'user-agent' => 'Mozilla/5.0 (compatible; Googlebot/2.1; +http://www.google.com/bot.html)',
)
[ info ] [ PARAM ] array (
)
[ info ] [ RUN ] app\blog\controller\Error->index[ /data/home/bxu2713790162/htdocs/application/blog/controller/Error.php ]
[ info ] [ VIEW ] /data/home/bxu2713790162/htdocs/application/blog/view/error/error.html [ array (
  0 => 'code',
  1 => 'msg',
) ]
[ info ] [ LOG ] INIT File

---------------------------------------------------------------
[ 2018-03-16T20:34:03+08:00 ] 60.205.47.19 203.208.60.194 GET /tag/%E6%8A%80%E6%9C%AF%E4%B9%8B%E5%A4%96
[ log ] yuhal.com/tag/%E6%8A%80%E6%9C%AF%E4%B9%8B%E5%A4%96 [运行时间：1.261402s][吞吐率：0.79req/s] [内存消耗：3,315.40kb] [文件加载：46]
[ info ] [ SESSION ] INIT array (
  'id' => '',
  'var_session_id' => '',
  'prefix' => 'think',
  'type' => '',
  'auto_start' => true,
)
[ info ] [ DB ] INIT mysql
[ info ] [ LANG ] /data/home/bxu2713790162/htdocs/thinkphp/lang/zh-cn.php
[ info ] [ ROUTE ] array (
  'type' => 'module',
  'module' => 
  array (
    0 => 'blog',
    1 => 'tag',
    2 => 'index',
  ),
  'convert' => false,
)
[ info ] [ HEADER ] array (
  'accept' => 'text/html,application/xhtml+xml,application/xml;q=0.9,*/*;q=0.8',
  'accept-encoding' => 'gzip,deflate,br',
  'connection' => 'keep-alive',
  'from' => 'googlebot(at)googlebot.com',
  'host' => 'yuhal.com',
  'if-modified-since' => 'Wed, 28 Feb 2018 14:32:51 GMT',
  'user-agent' => 'Mozilla/5.0 (compatible; Googlebot/2.1; +http://www.google.com/bot.html)',
)
[ info ] [ PARAM ] array (
  'tag' => '技术之外',
)
[ info ] [ DB ] INIT mysql
[ info ] [ RUN ] app\blog\controller\Tag->index[ /data/home/bxu2713790162/htdocs/application/blog/controller/Tag.php ]
[ info ] [ VIEW ] /data/home/bxu2713790162/htdocs/application/blog/view/tag/index.html [ array (
  0 => 'Tag',
  1 => 'Information',
  2 => 'User',
  3 => 'allart',
  4 => 'list',
) ]
[ info ] [ LOG ] INIT File
[ sql ] [ DB ] CONNECT:[ UseTime:0.088663s ] mysql:dbname=yuhal;host=118.31.23.98;port=3306;charset=utf8
[ sql ] [ SQL ] SHOW COLUMNS FROM `yh_b_tags` [ RunTime:0.059723s ]
[ sql ] [ SQL ] SELECT `value` FROM `yh_b_tags` WHERE  `yh_b_tags`.`delete_time` IS NULL ORDER BY update_time desc [ RunTime:0.059139s ]
[ sql ] [ SQL ] SHOW COLUMNS FROM `yh_b_information` [ RunTime:0.059645s ]
[ sql ] [ SQL ] SELECT * FROM `yh_b_information` ORDER BY rand() LIMIT 5 [ RunTime:0.059168s ]
[ sql ] [ SQL ] SELECT * FROM `yh_b_tags` WHERE  `yh_b_tags`.`delete_time` IS NULL  AND `value` = '技术之外' LIMIT 1 [ RunTime:0.059303s ]
[ sql ] [ SQL ] SHOW COLUMNS FROM `yh_b_article` [ RunTime:0.059902s ]
[ sql ] [ SQL ] SELECT `a`.`article_id`,`a`.`tag_ids`,`a`.`article_title`,`a`.`create_time`,`a`.`note`,`b`.`value`,`b`.`color` FROM `yh_b_article` `a` INNER JOIN `yh_b_article_type` `b` ON `b`.`id`=`a`.`type_id` WHERE  `a`.`delete_time` IS NULL ORDER BY a.create_time desc [ RunTime:0.059495s ]
[ sql ] [ SQL ] select a.path from yh_s_picture as a left join yh_s_group as b on a.group_id=b.id where b.value='博客' order by rand() limit 1 [ RunTime:0.059442s ]
[ sql ] [ SQL ] select a.path from yh_s_picture as a left join yh_s_group as b on a.group_id=b.id where b.value='博客' order by rand() limit 1 [ RunTime:0.059350s ]
[ sql ] [ SQL ] select a.path from yh_s_picture as a left join yh_s_group as b on a.group_id=b.id where b.value='博客' order by rand() limit 1 [ RunTime:0.059407s ]
[ sql ] [ SQL ] select a.path from yh_s_picture as a left join yh_s_group as b on a.group_id=b.id where b.value='博客' order by rand() limit 1 [ RunTime:0.059762s ]
[ sql ] [ SQL ] select a.path from yh_s_picture as a left join yh_s_group as b on a.group_id=b.id where b.value='博客' order by rand() limit 1 [ RunTime:0.059321s ]
[ sql ] [ SQL ] select a.path from yh_s_picture as a left join yh_s_group as b on a.group_id=b.id where b.value='博客' order by rand() limit 1 [ RunTime:0.059359s ]
[ sql ] [ SQL ] select a.path from yh_s_picture as a left join yh_s_group as b on a.group_id=b.id where b.value='博客' order by rand() limit 1 [ RunTime:0.059397s ]
[ sql ] [ SQL ] select a.path from yh_s_picture as a left join yh_s_group as b on a.group_id=b.id where b.value='博客' order by rand() limit 1 [ RunTime:0.059500s ]
[ sql ] [ SQL ] select a.path from yh_s_picture as a left join yh_s_group as b on a.group_id=b.id where b.value='博客' order by rand() limit 1 [ RunTime:0.059406s ]

---------------------------------------------------------------
[ 2018-03-16T20:36:12+08:00 ] 60.205.47.19 37.9.113.61 GET /robots.txt
[ log ] www.yuhal.com/robots.txt [运行时间：0.197200s][吞吐率：5.07req/s] [内存消耗：2,119.76kb] [文件加载：35]
[ info ] [ SESSION ] INIT array (
  'id' => '',
  'var_session_id' => '',
  'prefix' => 'think',
  'type' => '',
  'auto_start' => true,
)
[ info ] [ DB ] INIT mysql
[ info ] [ LANG ] /data/home/bxu2713790162/htdocs/thinkphp/lang/zh-cn.php
[ info ] [ ROUTE ] array (
  'type' => 'module',
  'module' => 
  array (
    0 => 'blog',
    1 => 'error',
    2 => 'index',
  ),
  'convert' => false,
)
[ info ] [ HEADER ] array (
  'accept' => '*/*',
  'connection' => 'Keep-Alive',
  'from' => 'support@search.yandex.ru',
  'host' => 'www.yuhal.com',
  'user-agent' => 'Mozilla/5.0 (compatible; YandexBot/3.0; +http://yandex.com/bots)',
)
[ info ] [ PARAM ] array (
)
[ info ] [ RUN ] app\blog\controller\Error->index[ /data/home/bxu2713790162/htdocs/application/blog/controller/Error.php ]
[ info ] [ VIEW ] /data/home/bxu2713790162/htdocs/application/blog/view/error/error.html [ array (
  0 => 'code',
  1 => 'msg',
) ]
[ info ] [ LOG ] INIT File

---------------------------------------------------------------
[ 2018-03-16T20:36:15+08:00 ] 60.205.47.19 37.9.113.61 GET /public/static/assets/i/app-icon72x72@2x.png
[ log ] www.yuhal.com/public/static/assets/i/app-icon72x72@2x.png [运行时间：0.183913s][吞吐率：5.44req/s] [内存消耗：2,121.48kb] [文件加载：35]
[ info ] [ SESSION ] INIT array (
  'id' => '',
  'var_session_id' => '',
  'prefix' => 'think',
  'type' => '',
  'auto_start' => true,
)
[ info ] [ DB ] INIT mysql
[ info ] [ LANG ] /data/home/bxu2713790162/htdocs/thinkphp/lang/zh-cn.php
[ info ] [ ROUTE ] array (
  'type' => 'module',
  'module' => 
  array (
    0 => 'blog',
    1 => 'error',
    2 => 'index',
  ),
  'convert' => false,
)
[ info ] [ HEADER ] array (
  'accept' => '*/*',
  'accept-encoding' => 'gzip,deflate',
  'connection' => 'Keep-Alive',
  'from' => 'support@search.yandex.ru',
  'host' => 'www.yuhal.com',
  'user-agent' => 'Mozilla/5.0 (compatible; YandexBot/3.0; +http://yandex.com/bots)',
)
[ info ] [ PARAM ] array (
  'public' => 'static',
  'assets' => 'i',
)
[ info ] [ RUN ] app\blog\controller\Error->index[ /data/home/bxu2713790162/htdocs/application/blog/controller/Error.php ]
[ info ] [ VIEW ] /data/home/bxu2713790162/htdocs/application/blog/view/error/error.html [ array (
  0 => 'code',
  1 => 'msg',
) ]
[ info ] [ LOG ] INIT File

---------------------------------------------------------------
[ 2018-03-16T21:20:21+08:00 ] 60.205.47.19 5.9.62.130 GET /robots.txt
[ log ] yuhal.com/robots.txt [运行时间：0.197652s][吞吐率：5.06req/s] [内存消耗：2,119.09kb] [文件加载：35]
[ info ] [ SESSION ] INIT array (
  'id' => '',
  'var_session_id' => '',
  'prefix' => 'think',
  'type' => '',
  'auto_start' => true,
)
[ info ] [ DB ] INIT mysql
[ info ] [ LANG ] /data/home/bxu2713790162/htdocs/thinkphp/lang/zh-cn.php
[ info ] [ ROUTE ] array (
  'type' => 'module',
  'module' => 
  array (
    0 => 'blog',
    1 => 'error',
    2 => 'index',
  ),
  'convert' => false,
)
[ info ] [ HEADER ] array (
  'accept' => '*/*',
  'connection' => 'keep-alive',
  'host' => 'yuhal.com',
  'user-agent' => 'Mozilla/5.0 (compatible; MJ12bot/v1.4.8; http://mj12bot.com/)',
)
[ info ] [ PARAM ] array (
)
[ info ] [ RUN ] app\blog\controller\Error->index[ /data/home/bxu2713790162/htdocs/application/blog/controller/Error.php ]
[ info ] [ VIEW ] /data/home/bxu2713790162/htdocs/application/blog/view/error/error.html [ array (
  0 => 'code',
  1 => 'msg',
) ]
[ info ] [ LOG ] INIT File

---------------------------------------------------------------
[ 2018-03-16T21:20:24+08:00 ] 60.205.47.19 5.9.62.130 GET /categories/%E5%B7%A5%E5%85%B7
[ log ] yuhal.com/categories/%E5%B7%A5%E5%85%B7 [运行时间：1.185768s][吞吐率：0.84req/s] [内存消耗：3,373.48kb] [文件加载：48]
[ info ] [ SESSION ] INIT array (
  'id' => '',
  'var_session_id' => '',
  'prefix' => 'think',
  'type' => '',
  'auto_start' => true,
)
[ info ] [ DB ] INIT mysql
[ info ] [ LANG ] /data/home/bxu2713790162/htdocs/thinkphp/lang/zh-cn.php
[ info ] [ ROUTE ] array (
  'type' => 'module',
  'module' => 
  array (
    0 => 'blog',
    1 => 'category',
    2 => 'index',
  ),
  'convert' => false,
)
[ info ] [ HEADER ] array (
  'accept' => 'text/html,text/plain,text/xml,text/*,application/xml,application/xhtml+xml,application/rss+xml,application/atom+xml,application/rdf+xml,application/php,application/x-php,application/x-httpd-php',
  'accept-language' => 'en',
  'host' => 'yuhal.com',
  'user-agent' => 'Mozilla/5.0 (compatible; MJ12bot/v1.4.8; http://mj12bot.com/)',
)
[ info ] [ PARAM ] array (
  'cate' => '工具',
)
[ info ] [ DB ] INIT mysql
[ info ] [ RUN ] app\blog\controller\Category->index[ /data/home/bxu2713790162/htdocs/application/blog/controller/Category.php ]
[ info ] [ VIEW ] /data/home/bxu2713790162/htdocs/application/blog/view/category/index.html [ array (
  0 => 'Tag',
  1 => 'Information',
  2 => 'User',
  3 => 'list',
  4 => 'allart',
  5 => 'cate',
) ]
[ info ] [ LOG ] INIT File
[ sql ] [ DB ] CONNECT:[ UseTime:0.102060s ] mysql:dbname=yuhal;host=118.31.23.98;port=3306;charset=utf8
[ sql ] [ SQL ] SHOW COLUMNS FROM `yh_b_tags` [ RunTime:0.068842s ]
[ sql ] [ SQL ] SELECT `value` FROM `yh_b_tags` WHERE  `yh_b_tags`.`delete_time` IS NULL ORDER BY update_time desc [ RunTime:0.068372s ]
[ sql ] [ SQL ] SHOW COLUMNS FROM `yh_b_information` [ RunTime:0.068719s ]
[ sql ] [ SQL ] SELECT * FROM `yh_b_information` ORDER BY rand() LIMIT 5 [ RunTime:0.068296s ]
[ sql ] [ SQL ] SHOW COLUMNS FROM `yh_b_article_type` [ RunTime:0.068761s ]
[ sql ] [ SQL ] SELECT * FROM `yh_b_article_type` WHERE  `yh_b_article_type`.`delete_time` IS NULL  AND `value` = '工具' LIMIT 1 [ RunTime:0.068495s ]
[ sql ] [ SQL ] SHOW COLUMNS FROM `yh_b_article` [ RunTime:0.068652s ]
[ sql ] [ SQL ] SELECT * FROM `yh_b_article` WHERE  `yh_b_article`.`delete_time` IS NULL  AND (  type_id = 7 ) [ RunTime:0.068930s ]
[ sql ] [ SQL ] select a.path from yh_s_picture as a left join yh_s_group as b on a.group_id=b.id where b.value='博客' order by rand() limit 1 [ RunTime:0.068444s ]
[ sql ] [ SQL ] select a.path from yh_s_picture as a left join yh_s_group as b on a.group_id=b.id where b.value='博客' order by rand() limit 1 [ RunTime:0.068476s ]
[ sql ] [ SQL ] select a.path from yh_s_picture as a left join yh_s_group as b on a.group_id=b.id where b.value='博客' order by rand() limit 1 [ RunTime:0.068465s ]

---------------------------------------------------------------
[ 2018-03-16T21:20:29+08:00 ] 60.205.47.19 5.9.62.130 GET /categories/%E6%8A%80%E6%9C%AF%E4%B9%8B%E5%A4%96
[ log ] yuhal.com/categories/%E6%8A%80%E6%9C%AF%E4%B9%8B%E5%A4%96 [运行时间：0.780843s][吞吐率：1.28req/s] [内存消耗：3,368.30kb] [文件加载：48]
[ info ] [ SESSION ] INIT array (
  'id' => '',
  'var_session_id' => '',
  'prefix' => 'think',
  'type' => '',
  'auto_start' => true,
)
[ info ] [ DB ] INIT mysql
[ info ] [ LANG ] /data/home/bxu2713790162/htdocs/thinkphp/lang/zh-cn.php
[ info ] [ ROUTE ] array (
  'type' => 'module',
  'module' => 
  array (
    0 => 'blog',
    1 => 'category',
    2 => 'index',
  ),
  'convert' => false,
)
[ info ] [ HEADER ] array (
  'accept' => 'text/html,text/plain,text/xml,text/*,application/xml,application/xhtml+xml,application/rss+xml,application/atom+xml,application/rdf+xml,application/php,application/x-php,application/x-httpd-php',
  'accept-language' => 'en',
  'host' => 'yuhal.com',
  'user-agent' => 'Mozilla/5.0 (compatible; MJ12bot/v1.4.8; http://mj12bot.com/)',
)
[ info ] [ PARAM ] array (
  'cate' => '技术之外',
)
[ info ] [ DB ] INIT mysql
[ info ] [ RUN ] app\blog\controller\Category->index[ /data/home/bxu2713790162/htdocs/application/blog/controller/Category.php ]
[ info ] [ VIEW ] /data/home/bxu2713790162/htdocs/application/blog/view/category/index.html [ array (
  0 => 'Tag',
  1 => 'Information',
  2 => 'User',
  3 => 'list',
  4 => 'allart',
  5 => 'cate',
) ]
[ info ] [ LOG ] INIT File
[ sql ] [ DB ] CONNECT:[ UseTime:0.078843s ] mysql:dbname=yuhal;host=118.31.23.98;port=3306;charset=utf8
[ sql ] [ SQL ] SHOW COLUMNS FROM `yh_b_tags` [ RunTime:0.053185s ]
[ sql ] [ SQL ] SELECT `value` FROM `yh_b_tags` WHERE  `yh_b_tags`.`delete_time` IS NULL ORDER BY update_time desc [ RunTime:0.052807s ]
[ sql ] [ SQL ] SHOW COLUMNS FROM `yh_b_information` [ RunTime:0.053185s ]
[ sql ] [ SQL ] SELECT * FROM `yh_b_information` ORDER BY rand() LIMIT 5 [ RunTime:0.052787s ]
[ sql ] [ SQL ] SHOW COLUMNS FROM `yh_b_article_type` [ RunTime:0.053299s ]
[ sql ] [ SQL ] SELECT * FROM `yh_b_article_type` WHERE  `yh_b_article_type`.`delete_time` IS NULL  AND `value` = '技术之外' LIMIT 1 [ RunTime:0.052786s ]
[ sql ] [ SQL ] SHOW COLUMNS FROM `yh_b_article` [ RunTime:0.053233s ]
[ sql ] [ SQL ] SELECT * FROM `yh_b_article` WHERE  `yh_b_article`.`delete_time` IS NULL  AND (  type_id = 6 ) [ RunTime:0.052710s ]
[ sql ] [ SQL ] select a.path from yh_s_picture as a left join yh_s_group as b on a.group_id=b.id where b.value='博客' order by rand() limit 1 [ RunTime:0.053033s ]

---------------------------------------------------------------
[ 2018-03-16T21:20:32+08:00 ] 60.205.47.19 5.9.62.130 GET /categories/%E6%95%B0%E6%8D%AE%E5%BA%93
[ log ] yuhal.com/categories/%E6%95%B0%E6%8D%AE%E5%BA%93 [运行时间：0.896642s][吞吐率：1.12req/s] [内存消耗：3,371.20kb] [文件加载：48]
[ info ] [ SESSION ] INIT array (
  'id' => '',
  'var_session_id' => '',
  'prefix' => 'think',
  'type' => '',
  'auto_start' => true,
)
[ info ] [ DB ] INIT mysql
[ info ] [ LANG ] /data/home/bxu2713790162/htdocs/thinkphp/lang/zh-cn.php
[ info ] [ ROUTE ] array (
  'type' => 'module',
  'module' => 
  array (
    0 => 'blog',
    1 => 'category',
    2 => 'index',
  ),
  'convert' => false,
)
[ info ] [ HEADER ] array (
  'accept' => 'text/html,text/plain,text/xml,text/*,application/xml,application/xhtml+xml,application/rss+xml,application/atom+xml,application/rdf+xml,application/php,application/x-php,application/x-httpd-php',
  'accept-language' => 'en',
  'host' => 'yuhal.com',
  'user-agent' => 'Mozilla/5.0 (compatible; MJ12bot/v1.4.8; http://mj12bot.com/)',
)
[ info ] [ PARAM ] array (
  'cate' => '数据库',
)
[ info ] [ DB ] INIT mysql
[ info ] [ RUN ] app\blog\controller\Category->index[ /data/home/bxu2713790162/htdocs/application/blog/controller/Category.php ]
[ info ] [ VIEW ] /data/home/bxu2713790162/htdocs/application/blog/view/category/index.html [ array (
  0 => 'Tag',
  1 => 'Information',
  2 => 'User',
  3 => 'list',
  4 => 'allart',
  5 => 'cate',
) ]
[ info ] [ LOG ] INIT File
[ sql ] [ DB ] CONNECT:[ UseTime:0.089529s ] mysql:dbname=yuhal;host=118.31.23.98;port=3306;charset=utf8
[ sql ] [ SQL ] SHOW COLUMNS FROM `yh_b_tags` [ RunTime:0.060499s ]
[ sql ] [ SQL ] SELECT `value` FROM `yh_b_tags` WHERE  `yh_b_tags`.`delete_time` IS NULL ORDER BY update_time desc [ RunTime:0.059819s ]
[ sql ] [ SQL ] SHOW COLUMNS FROM `yh_b_information` [ RunTime:0.060210s ]
[ sql ] [ SQL ] SELECT * FROM `yh_b_information` ORDER BY rand() LIMIT 5 [ RunTime:0.059905s ]
[ sql ] [ SQL ] SHOW COLUMNS FROM `yh_b_article_type` [ RunTime:0.060381s ]
[ sql ] [ SQL ] SELECT * FROM `yh_b_article_type` WHERE  `yh_b_article_type`.`delete_time` IS NULL  AND `value` = '数据库' LIMIT 1 [ RunTime:0.059892s ]
[ sql ] [ SQL ] SHOW COLUMNS FROM `yh_b_article` [ RunTime:0.060405s ]
[ sql ] [ SQL ] SELECT * FROM `yh_b_article` WHERE  `yh_b_article`.`delete_time` IS NULL  AND (  type_id = 5 ) [ RunTime:0.059880s ]
[ sql ] [ SQL ] select a.path from yh_s_picture as a left join yh_s_group as b on a.group_id=b.id where b.value='博客' order by rand() limit 1 [ RunTime:0.060067s ]
[ sql ] [ SQL ] select a.path from yh_s_picture as a left join yh_s_group as b on a.group_id=b.id where b.value='博客' order by rand() limit 1 [ RunTime:0.059993s ]

---------------------------------------------------------------
[ 2018-03-16T21:20:35+08:00 ] 60.205.47.19 5.9.62.130 GET /tag/%E6%8A%80%E6%9C%AF%E4%B9%8B%E5%A4%96
[ log ] yuhal.com/tag/%E6%8A%80%E6%9C%AF%E4%B9%8B%E5%A4%96 [运行时间：1.269510s][吞吐率：0.79req/s] [内存消耗：3,314.37kb] [文件加载：46]
[ info ] [ SESSION ] INIT array (
  'id' => '',
  'var_session_id' => '',
  'prefix' => 'think',
  'type' => '',
  'auto_start' => true,
)
[ info ] [ DB ] INIT mysql
[ info ] [ LANG ] /data/home/bxu2713790162/htdocs/thinkphp/lang/zh-cn.php
[ info ] [ ROUTE ] array (
  'type' => 'module',
  'module' => 
  array (
    0 => 'blog',
    1 => 'tag',
    2 => 'index',
  ),
  'convert' => false,
)
[ info ] [ HEADER ] array (
  'accept' => 'text/html,text/plain,text/xml,text/*,application/xml,application/xhtml+xml,application/rss+xml,application/atom+xml,application/rdf+xml,application/php,application/x-php,application/x-httpd-php',
  'accept-language' => 'en',
  'host' => 'yuhal.com',
  'user-agent' => 'Mozilla/5.0 (compatible; MJ12bot/v1.4.8; http://mj12bot.com/)',
)
[ info ] [ PARAM ] array (
  'tag' => '技术之外',
)
[ info ] [ DB ] INIT mysql
[ info ] [ RUN ] app\blog\controller\Tag->index[ /data/home/bxu2713790162/htdocs/application/blog/controller/Tag.php ]
[ info ] [ VIEW ] /data/home/bxu2713790162/htdocs/application/blog/view/tag/index.html [ array (
  0 => 'Tag',
  1 => 'Information',
  2 => 'User',
  3 => 'allart',
  4 => 'list',
) ]
[ info ] [ LOG ] INIT File
[ sql ] [ DB ] CONNECT:[ UseTime:0.089240s ] mysql:dbname=yuhal;host=118.31.23.98;port=3306;charset=utf8
[ sql ] [ SQL ] SHOW COLUMNS FROM `yh_b_tags` [ RunTime:0.060209s ]
[ sql ] [ SQL ] SELECT `value` FROM `yh_b_tags` WHERE  `yh_b_tags`.`delete_time` IS NULL ORDER BY update_time desc [ RunTime:0.059536s ]
[ sql ] [ SQL ] SHOW COLUMNS FROM `yh_b_information` [ RunTime:0.059970s ]
[ sql ] [ SQL ] SELECT * FROM `yh_b_information` ORDER BY rand() LIMIT 5 [ RunTime:0.059588s ]
[ sql ] [ SQL ] SELECT * FROM `yh_b_tags` WHERE  `yh_b_tags`.`delete_time` IS NULL  AND `value` = '技术之外' LIMIT 1 [ RunTime:0.060013s ]
[ sql ] [ SQL ] SHOW COLUMNS FROM `yh_b_article` [ RunTime:0.060031s ]
[ sql ] [ SQL ] SELECT `a`.`article_id`,`a`.`tag_ids`,`a`.`article_title`,`a`.`create_time`,`a`.`note`,`b`.`value`,`b`.`color` FROM `yh_b_article` `a` INNER JOIN `yh_b_article_type` `b` ON `b`.`id`=`a`.`type_id` WHERE  `a`.`delete_time` IS NULL ORDER BY a.create_time desc [ RunTime:0.059697s ]
[ sql ] [ SQL ] select a.path from yh_s_picture as a left join yh_s_group as b on a.group_id=b.id where b.value='博客' order by rand() limit 1 [ RunTime:0.059696s ]
[ sql ] [ SQL ] select a.path from yh_s_picture as a left join yh_s_group as b on a.group_id=b.id where b.value='博客' order by rand() limit 1 [ RunTime:0.059733s ]
[ sql ] [ SQL ] select a.path from yh_s_picture as a left join yh_s_group as b on a.group_id=b.id where b.value='博客' order by rand() limit 1 [ RunTime:0.059697s ]
[ sql ] [ SQL ] select a.path from yh_s_picture as a left join yh_s_group as b on a.group_id=b.id where b.value='博客' order by rand() limit 1 [ RunTime:0.059797s ]
[ sql ] [ SQL ] select a.path from yh_s_picture as a left join yh_s_group as b on a.group_id=b.id where b.value='博客' order by rand() limit 1 [ RunTime:0.059756s ]
[ sql ] [ SQL ] select a.path from yh_s_picture as a left join yh_s_group as b on a.group_id=b.id where b.value='博客' order by rand() limit 1 [ RunTime:0.059748s ]
[ sql ] [ SQL ] select a.path from yh_s_picture as a left join yh_s_group as b on a.group_id=b.id where b.value='博客' order by rand() limit 1 [ RunTime:0.059859s ]
[ sql ] [ SQL ] select a.path from yh_s_picture as a left join yh_s_group as b on a.group_id=b.id where b.value='博客' order by rand() limit 1 [ RunTime:0.060201s ]
[ sql ] [ SQL ] select a.path from yh_s_picture as a left join yh_s_group as b on a.group_id=b.id where b.value='博客' order by rand() limit 1 [ RunTime:0.059700s ]

---------------------------------------------------------------
[ 2018-03-16T21:20:38+08:00 ] 60.205.47.19 5.9.62.130 GET /tag/%E9%80%92%E5%BD%92
[ log ] yuhal.com/tag/%E9%80%92%E5%BD%92 [运行时间：1.393333s][吞吐率：0.72req/s] [内存消耗：3,314.84kb] [文件加载：46]
[ info ] [ SESSION ] INIT array (
  'id' => '',
  'var_session_id' => '',
  'prefix' => 'think',
  'type' => '',
  'auto_start' => true,
)
[ info ] [ DB ] INIT mysql
[ info ] [ LANG ] /data/home/bxu2713790162/htdocs/thinkphp/lang/zh-cn.php
[ info ] [ ROUTE ] array (
  'type' => 'module',
  'module' => 
  array (
    0 => 'blog',
    1 => 'tag',
    2 => 'index',
  ),
  'convert' => false,
)
[ info ] [ HEADER ] array (
  'accept' => 'text/html,text/plain,text/xml,text/*,application/xml,application/xhtml+xml,application/rss+xml,application/atom+xml,application/rdf+xml,application/php,application/x-php,application/x-httpd-php',
  'accept-language' => 'en',
  'host' => 'yuhal.com',
  'user-agent' => 'Mozilla/5.0 (compatible; MJ12bot/v1.4.8; http://mj12bot.com/)',
)
[ info ] [ PARAM ] array (
  'tag' => '递归',
)
[ info ] [ DB ] INIT mysql
[ info ] [ RUN ] app\blog\controller\Tag->index[ /data/home/bxu2713790162/htdocs/application/blog/controller/Tag.php ]
[ info ] [ VIEW ] /data/home/bxu2713790162/htdocs/application/blog/view/tag/index.html [ array (
  0 => 'Tag',
  1 => 'Information',
  2 => 'User',
  3 => 'allart',
  4 => 'list',
) ]
[ info ] [ LOG ] INIT File
[ sql ] [ DB ] CONNECT:[ UseTime:0.099677s ] mysql:dbname=yuhal;host=118.31.23.98;port=3306;charset=utf8
[ sql ] [ SQL ] SHOW COLUMNS FROM `yh_b_tags` [ RunTime:0.067139s ]
[ sql ] [ SQL ] SELECT `value` FROM `yh_b_tags` WHERE  `yh_b_tags`.`delete_time` IS NULL ORDER BY update_time desc [ RunTime:0.066582s ]
[ sql ] [ SQL ] SHOW COLUMNS FROM `yh_b_information` [ RunTime:0.067257s ]
[ sql ] [ SQL ] SELECT * FROM `yh_b_information` ORDER BY rand() LIMIT 5 [ RunTime:0.066738s ]
[ sql ] [ SQL ] SELECT * FROM `yh_b_tags` WHERE  `yh_b_tags`.`delete_time` IS NULL  AND `value` = '递归' LIMIT 1 [ RunTime:0.066754s ]
[ sql ] [ SQL ] SHOW COLUMNS FROM `yh_b_article` [ RunTime:0.067229s ]
[ sql ] [ SQL ] SELECT `a`.`article_id`,`a`.`tag_ids`,`a`.`article_title`,`a`.`create_time`,`a`.`note`,`b`.`value`,`b`.`color` FROM `yh_b_article` `a` INNER JOIN `yh_b_article_type` `b` ON `b`.`id`=`a`.`type_id` WHERE  `a`.`delete_time` IS NULL ORDER BY a.create_time desc [ RunTime:0.066961s ]
[ sql ] [ SQL ] select a.path from yh_s_picture as a left join yh_s_group as b on a.group_id=b.id where b.value='博客' order by rand() limit 1 [ RunTime:0.066866s ]
[ sql ] [ SQL ] select a.path from yh_s_picture as a left join yh_s_group as b on a.group_id=b.id where b.value='博客' order by rand() limit 1 [ RunTime:0.067006s ]
[ sql ] [ SQL ] select a.path from yh_s_picture as a left join yh_s_group as b on a.group_id=b.id where b.value='博客' order by rand() limit 1 [ RunTime:0.066938s ]
[ sql ] [ SQL ] select a.path from yh_s_picture as a left join yh_s_group as b on a.group_id=b.id where b.value='博客' order by rand() limit 1 [ RunTime:0.066831s ]
[ sql ] [ SQL ] select a.path from yh_s_picture as a left join yh_s_group as b on a.group_id=b.id where b.value='博客' order by rand() limit 1 [ RunTime:0.066799s ]
[ sql ] [ SQL ] select a.path from yh_s_picture as a left join yh_s_group as b on a.group_id=b.id where b.value='博客' order by rand() limit 1 [ RunTime:0.066907s ]
[ sql ] [ SQL ] select a.path from yh_s_picture as a left join yh_s_group as b on a.group_id=b.id where b.value='博客' order by rand() limit 1 [ RunTime:0.066849s ]
[ sql ] [ SQL ] select a.path from yh_s_picture as a left join yh_s_group as b on a.group_id=b.id where b.value='博客' order by rand() limit 1 [ RunTime:0.066830s ]
[ sql ] [ SQL ] select a.path from yh_s_picture as a left join yh_s_group as b on a.group_id=b.id where b.value='博客' order by rand() limit 1 [ RunTime:0.066829s ]

---------------------------------------------------------------
[ 2018-03-16T21:20:41+08:00 ] 60.205.47.19 5.9.62.130 GET /tag/%E9%9D%9E%E5%85%B3%E7%B3%BB%E5%9E%8B%E6%95%B0%E6%8D%AE%E5%BA%93
[ log ] yuhal.com/tag/%E9%9D%9E%E5%85%B3%E7%B3%BB%E5%9E%8B%E6%95%B0%E6%8D%AE%E5%BA%93 [运行时间：1.402692s][吞吐率：0.71req/s] [内存消耗：3,316.80kb] [文件加载：46]
[ info ] [ SESSION ] INIT array (
  'id' => '',
  'var_session_id' => '',
  'prefix' => 'think',
  'type' => '',
  'auto_start' => true,
)
[ info ] [ DB ] INIT mysql
[ info ] [ LANG ] /data/home/bxu2713790162/htdocs/thinkphp/lang/zh-cn.php
[ info ] [ ROUTE ] array (
  'type' => 'module',
  'module' => 
  array (
    0 => 'blog',
    1 => 'tag',
    2 => 'index',
  ),
  'convert' => false,
)
[ info ] [ HEADER ] array (
  'accept' => 'text/html,text/plain,text/xml,text/*,application/xml,application/xhtml+xml,application/rss+xml,application/atom+xml,application/rdf+xml,application/php,application/x-php,application/x-httpd-php',
  'accept-language' => 'en',
  'host' => 'yuhal.com',
  'user-agent' => 'Mozilla/5.0 (compatible; MJ12bot/v1.4.8; http://mj12bot.com/)',
)
[ info ] [ PARAM ] array (
  'tag' => '非关系型数据库',
)
[ info ] [ DB ] INIT mysql
[ info ] [ RUN ] app\blog\controller\Tag->index[ /data/home/bxu2713790162/htdocs/application/blog/controller/Tag.php ]
[ info ] [ VIEW ] /data/home/bxu2713790162/htdocs/application/blog/view/tag/index.html [ array (
  0 => 'Tag',
  1 => 'Information',
  2 => 'User',
  3 => 'allart',
  4 => 'list',
) ]
[ info ] [ LOG ] INIT File
[ sql ] [ DB ] CONNECT:[ UseTime:0.100287s ] mysql:dbname=yuhal;host=118.31.23.98;port=3306;charset=utf8
[ sql ] [ SQL ] SHOW COLUMNS FROM `yh_b_tags` [ RunTime:0.067592s ]
[ sql ] [ SQL ] SELECT `value` FROM `yh_b_tags` WHERE  `yh_b_tags`.`delete_time` IS NULL ORDER BY update_time desc [ RunTime:0.066960s ]
[ sql ] [ SQL ] SHOW COLUMNS FROM `yh_b_information` [ RunTime:0.067502s ]
[ sql ] [ SQL ] SELECT * FROM `yh_b_information` ORDER BY rand() LIMIT 5 [ RunTime:0.067118s ]
[ sql ] [ SQL ] SELECT * FROM `yh_b_tags` WHERE  `yh_b_tags`.`delete_time` IS NULL  AND `value` = '非关系型数据库' LIMIT 1 [ RunTime:0.067954s ]
[ sql ] [ SQL ] SHOW COLUMNS FROM `yh_b_article` [ RunTime:0.067736s ]
[ sql ] [ SQL ] SELECT `a`.`article_id`,`a`.`tag_ids`,`a`.`article_title`,`a`.`create_time`,`a`.`note`,`b`.`value`,`b`.`color` FROM `yh_b_article` `a` INNER JOIN `yh_b_article_type` `b` ON `b`.`id`=`a`.`type_id` WHERE  `a`.`delete_time` IS NULL ORDER BY a.create_time desc [ RunTime:0.067227s ]
[ sql ] [ SQL ] select a.path from yh_s_picture as a left join yh_s_group as b on a.group_id=b.id where b.value='博客' order by rand() limit 1 [ RunTime:0.067347s ]
[ sql ] [ SQL ] select a.path from yh_s_picture as a left join yh_s_group as b on a.group_id=b.id where b.value='博客' order by rand() limit 1 [ RunTime:0.067330s ]
[ sql ] [ SQL ] select a.path from yh_s_picture as a left join yh_s_group as b on a.group_id=b.id where b.value='博客' order by rand() limit 1 [ RunTime:0.067289s ]
[ sql ] [ SQL ] select a.path from yh_s_picture as a left join yh_s_group as b on a.group_id=b.id where b.value='博客' order by rand() limit 1 [ RunTime:0.067343s ]
[ sql ] [ SQL ] select a.path from yh_s_picture as a left join yh_s_group as b on a.group_id=b.id where b.value='博客' order by rand() limit 1 [ RunTime:0.067249s ]
[ sql ] [ SQL ] select a.path from yh_s_picture as a left join yh_s_group as b on a.group_id=b.id where b.value='博客' order by rand() limit 1 [ RunTime:0.067272s ]
[ sql ] [ SQL ] select a.path from yh_s_picture as a left join yh_s_group as b on a.group_id=b.id where b.value='博客' order by rand() limit 1 [ RunTime:0.067314s ]
[ sql ] [ SQL ] select a.path from yh_s_picture as a left join yh_s_group as b on a.group_id=b.id where b.value='博客' order by rand() limit 1 [ RunTime:0.067346s ]
[ sql ] [ SQL ] select a.path from yh_s_picture as a left join yh_s_group as b on a.group_id=b.id where b.value='博客' order by rand() limit 1 [ RunTime:0.067441s ]

---------------------------------------------------------------
[ 2018-03-16T21:30:10+08:00 ] 60.205.47.19 203.208.60.145 GET /tag/Git
[ log ] yuhal.com/tag/Git [运行时间：1.428362s][吞吐率：0.70req/s] [内存消耗：3,315.64kb] [文件加载：46]
[ info ] [ SESSION ] INIT array (
  'id' => '',
  'var_session_id' => '',
  'prefix' => 'think',
  'type' => '',
  'auto_start' => true,
)
[ info ] [ DB ] INIT mysql
[ info ] [ LANG ] /data/home/bxu2713790162/htdocs/thinkphp/lang/zh-cn.php
[ info ] [ ROUTE ] array (
  'type' => 'module',
  'module' => 
  array (
    0 => 'blog',
    1 => 'tag',
    2 => 'index',
  ),
  'convert' => false,
)
[ info ] [ HEADER ] array (
  'accept' => 'text/html,application/xhtml+xml,application/xml;q=0.9,*/*;q=0.8',
  'accept-encoding' => 'gzip,deflate,br',
  'connection' => 'keep-alive',
  'from' => 'googlebot(at)googlebot.com',
  'host' => 'yuhal.com',
  'if-modified-since' => 'Fri, 16 Mar 2018 09:10:43 GMT',
  'user-agent' => 'Mozilla/5.0 (compatible; Googlebot/2.1; +http://www.google.com/bot.html)',
)
[ info ] [ PARAM ] array (
  'tag' => 'Git',
)
[ info ] [ DB ] INIT mysql
[ info ] [ RUN ] app\blog\controller\Tag->index[ /data/home/bxu2713790162/htdocs/application/blog/controller/Tag.php ]
[ info ] [ VIEW ] /data/home/bxu2713790162/htdocs/application/blog/view/tag/index.html [ array (
  0 => 'Tag',
  1 => 'Information',
  2 => 'User',
  3 => 'allart',
  4 => 'list',
) ]
[ info ] [ LOG ] INIT File
[ sql ] [ DB ] CONNECT:[ UseTime:0.102429s ] mysql:dbname=yuhal;host=118.31.23.98;port=3306;charset=utf8
[ sql ] [ SQL ] SHOW COLUMNS FROM `yh_b_tags` [ RunTime:0.069070s ]
[ sql ] [ SQL ] SELECT `value` FROM `yh_b_tags` WHERE  `yh_b_tags`.`delete_time` IS NULL ORDER BY update_time desc [ RunTime:0.068880s ]
[ sql ] [ SQL ] SHOW COLUMNS FROM `yh_b_information` [ RunTime:0.068885s ]
[ sql ] [ SQL ] SELECT * FROM `yh_b_information` ORDER BY rand() LIMIT 5 [ RunTime:0.068427s ]
[ sql ] [ SQL ] SELECT * FROM `yh_b_tags` WHERE  `yh_b_tags`.`delete_time` IS NULL  AND `value` = 'Git' LIMIT 1 [ RunTime:0.068541s ]
[ sql ] [ SQL ] SHOW COLUMNS FROM `yh_b_article` [ RunTime:0.068880s ]
[ sql ] [ SQL ] SELECT `a`.`article_id`,`a`.`tag_ids`,`a`.`article_title`,`a`.`create_time`,`a`.`note`,`b`.`value`,`b`.`color` FROM `yh_b_article` `a` INNER JOIN `yh_b_article_type` `b` ON `b`.`id`=`a`.`type_id` WHERE  `a`.`delete_time` IS NULL ORDER BY a.create_time desc [ RunTime:0.068564s ]
[ sql ] [ SQL ] select a.path from yh_s_picture as a left join yh_s_group as b on a.group_id=b.id where b.value='博客' order by rand() limit 1 [ RunTime:0.068594s ]
[ sql ] [ SQL ] select a.path from yh_s_picture as a left join yh_s_group as b on a.group_id=b.id where b.value='博客' order by rand() limit 1 [ RunTime:0.068742s ]
[ sql ] [ SQL ] select a.path from yh_s_picture as a left join yh_s_group as b on a.group_id=b.id where b.value='博客' order by rand() limit 1 [ RunTime:0.068570s ]
[ sql ] [ SQL ] select a.path from yh_s_picture as a left join yh_s_group as b on a.group_id=b.id where b.value='博客' order by rand() limit 1 [ RunTime:0.068648s ]
[ sql ] [ SQL ] select a.path from yh_s_picture as a left join yh_s_group as b on a.group_id=b.id where b.value='博客' order by rand() limit 1 [ RunTime:0.068603s ]
[ sql ] [ SQL ] select a.path from yh_s_picture as a left join yh_s_group as b on a.group_id=b.id where b.value='博客' order by rand() limit 1 [ RunTime:0.068613s ]
[ sql ] [ SQL ] select a.path from yh_s_picture as a left join yh_s_group as b on a.group_id=b.id where b.value='博客' order by rand() limit 1 [ RunTime:0.068674s ]
[ sql ] [ SQL ] select a.path from yh_s_picture as a left join yh_s_group as b on a.group_id=b.id where b.value='博客' order by rand() limit 1 [ RunTime:0.068646s ]
[ sql ] [ SQL ] select a.path from yh_s_picture as a left join yh_s_group as b on a.group_id=b.id where b.value='博客' order by rand() limit 1 [ RunTime:0.068612s ]

---------------------------------------------------------------
[ 2018-03-16T21:42:31+08:00 ] 60.205.47.19 89.43.30.212 POST /?q=die('z!a'.'x');&w=die('z!a'.'x');&e=die('z!a'.'x');&r=die('z!a'.'x');&t=die('z!a'.'x');&y=die('z!a'.'x');&u=die('z!a'.'x');&i=die('z!a'.'x');&o=die('z!a'.'x');&p=die('z!a'.'x');&a=die('z!a'.'x');&s=die('z!a'.'x');&d=die('z!a'.'x');&f=die('z!a'.'x');&g=die('z!a'.'x');&h=die('z!a'.'x');&j=die('z!a'.'x');&k=die('z!a'.'x');&l=die('z!a'.'x');&z=die('z!a'.'x');&x=die('z!a'.'x');&c=die('z!a'.'x');&v=die('z!a'.'x');&b=die('z!a'.'x');&n=die('z!a'.'x');&m=die('z!a'.'x');&eval=die('z!a'.'x');&enter=die('z!a'.'x');
[ log ] yuhal.com/?q=die('z!a'.'x');&w=die('z!a'.'x');&e=die('z!a'.'x');&r=die('z!a'.'x');&t=die('z!a'.'x');&y=die('z!a'.'x');&u=die('z!a'.'x');&i=die('z!a'.'x');&o=die('z!a'.'x');&p=die('z!a'.'x');&a=die('z!a'.'x');&s=die('z!a'.'x');&d=die('z!a'.'x');&f=die('z!a'.'x');&g=die('z!a'.'x');&h=die('z!a'.'x');&j=die('z!a'.'x');&k=die('z!a'.'x');&l=die('z!a'.'x');&z=die('z!a'.'x');&x=die('z!a'.'x');&c=die('z!a'.'x');&v=die('z!a'.'x');&b=die('z!a'.'x');&n=die('z!a'.'x');&m=die('z!a'.'x');&eval=die('z!a'.'x');&enter=die('z!a'.'x'); [运行时间：0.180487s][吞吐率：5.54req/s] [内存消耗：2,129.98kb] [文件加载：35]
[ info ] [ SESSION ] INIT array (
  'id' => '',
  'var_session_id' => '',
  'prefix' => 'think',
  'type' => '',
  'auto_start' => true,
)
[ info ] [ DB ] INIT mysql
[ info ] [ LANG ] /data/home/bxu2713790162/htdocs/thinkphp/lang/zh-cn.php
[ info ] [ ROUTE ] array (
  'type' => 'module',
  'module' => 
  array (
    0 => 'blog',
    1 => 'error',
    2 => 'index',
  ),
  'convert' => false,
)
[ info ] [ HEADER ] array (
  'content-length' => '530',
  'content-type' => 'application/x-www-form-urlencoded',
  'accept' => 'text/html,application/xhtml+xml,application/xml;q=0.9,*/*;q=0.8',
  'cache-control' => 'no-cache',
  'connection' => 'keep-alive',
  'content-language' => 'en-US',
  'cookie' => 'Max-Age=315360000;__tad=1521207734.2244671;expires=Mon, 13-Mar-2028 13:42:14 GMT;stats=1;domain=.yugpolimerprom.ru;PHPSESSID=82trqsmjko5aotopgnqiahbip0;ASPSESSIONIDSQAATATQ=DJNHCNNBPPEABGEACAJOAOEH;',
  'host' => 'yuhal.com',
  'pragma' => 'no-cache',
  'user-agent' => 'Mozilla/5.0 (Windows NT 5.1; rv:32.0) Gecko/20100101 Firefox/32.0',
)
[ info ] [ PARAM ] array (
  'q' => 'die(\'z!a\'.\'x\');',
  'w' => 'die(\'z!a\'.\'x\');',
  'e' => 'die(\'z!a\'.\'x\');',
  'r' => 'die(\'z!a\'.\'x\');',
  't' => 'die(\'z!a\'.\'x\');',
  'y' => 'die(\'z!a\'.\'x\');',
  'u' => 'die(\'z!a\'.\'x\');',
  'i' => 'die(\'z!a\'.\'x\');',
  'o' => 'die(\'z!a\'.\'x\');',
  'p' => 'die(\'z!a\'.\'x\');',
  'a' => 'die(\'z!a\'.\'x\');',
  'd' => 'die(\'z!a\'.\'x\');',
  'f' => 'die(\'z!a\'.\'x\');',
  'g' => 'die(\'z!a\'.\'x\');',
  'h' => 'die(\'z!a\'.\'x\');',
  'j' => 'die(\'z!a\'.\'x\');',
  'k' => 'die(\'z!a\'.\'x\');',
  'l' => 'die(\'z!a\'.\'x\');',
  'z' => 'die(\'z!a\'.\'x\');',
  'x' => 'die(\'z!a\'.\'x\');',
  'c' => 'die(\'z!a\'.\'x\');',
  'v' => 'die(\'z!a\'.\'x\');',
  'b' => 'die(\'z!a\'.\'x\');',
  'n' => 'die(\'z!a\'.\'x\');',
  'm' => 'die(\'z!a\'.\'x\');',
  'eval' => 'die(\'z!a\'.\'x\');',
  'enter' => 'die(\'z!a\'.\'x\');',
  's' => 'die(\'z!a\'.\'x\');',
  'cmd' => 'die(\'z!a\'.\'x\');',
)
[ info ] [ RUN ] app\blog\controller\Error->index[ /data/home/bxu2713790162/htdocs/application/blog/controller/Error.php ]
[ info ] [ VIEW ] /data/home/bxu2713790162/htdocs/application/blog/view/error/error.html [ array (
  0 => 'code',
  1 => 'msg',
) ]
[ info ] [ LOG ] INIT File

---------------------------------------------------------------
[ 2018-03-16T21:58:39+08:00 ] 60.205.47.19 203.208.60.233 GET /robots.txt
[ log ] www.yuhal.com/robots.txt [运行时间：0.178693s][吞吐率：5.60req/s] [内存消耗：2,119.73kb] [文件加载：35]
[ info ] [ SESSION ] INIT array (
  'id' => '',
  'var_session_id' => '',
  'prefix' => 'think',
  'type' => '',
  'auto_start' => true,
)
[ info ] [ DB ] INIT mysql
[ info ] [ LANG ] /data/home/bxu2713790162/htdocs/thinkphp/lang/zh-cn.php
[ info ] [ ROUTE ] array (
  'type' => 'module',
  'module' => 
  array (
    0 => 'blog',
    1 => 'error',
    2 => 'index',
  ),
  'convert' => false,
)
[ info ] [ HEADER ] array (
  'accept' => 'text/plain,text/html,*/*',
  'accept-encoding' => 'gzip,deflate,br',
  'connection' => 'keep-alive',
  'host' => 'www.yuhal.com',
  'user-agent' => 'Mozilla/5.0 (compatible; Googlebot/2.1; +http://www.google.com/bot.html)',
)
[ info ] [ PARAM ] array (
)
[ info ] [ RUN ] app\blog\controller\Error->index[ /data/home/bxu2713790162/htdocs/application/blog/controller/Error.php ]
[ info ] [ VIEW ] /data/home/bxu2713790162/htdocs/application/blog/view/error/error.html [ array (
  0 => 'code',
  1 => 'msg',
) ]
[ info ] [ LOG ] INIT File

---------------------------------------------------------------
[ 2018-03-16T22:51:13+08:00 ] 60.205.47.19 203.208.60.144 GET /details/12
[ log ] www.yuhal.com/details/12 [运行时间：0.662490s][吞吐率：1.51req/s] [内存消耗：3,311.69kb] [文件加载：46]
[ info ] [ SESSION ] INIT array (
  'id' => '',
  'var_session_id' => '',
  'prefix' => 'think',
  'type' => '',
  'auto_start' => true,
)
[ info ] [ DB ] INIT mysql
[ info ] [ LANG ] /data/home/bxu2713790162/htdocs/thinkphp/lang/zh-cn.php
[ info ] [ ROUTE ] array (
  'type' => 'module',
  'module' => 
  array (
    0 => 'blog',
    1 => 'details',
    2 => 'index',
  ),
  'convert' => false,
)
[ info ] [ HEADER ] array (
  'accept' => 'text/html,application/xhtml+xml,application/xml;q=0.9,*/*;q=0.8',
  'accept-encoding' => 'gzip,deflate,br',
  'connection' => 'keep-alive',
  'from' => 'googlebot(at)googlebot.com',
  'host' => 'www.yuhal.com',
  'user-agent' => 'Mozilla/5.0 (compatible; Googlebot/2.1; +http://www.google.com/bot.html)',
)
[ info ] [ PARAM ] array (
  'id' => '12',
)
[ info ] [ DB ] INIT mysql
[ info ] [ RUN ] app\blog\controller\Details->index[ /data/home/bxu2713790162/htdocs/application/blog/controller/Details.php ]
[ info ] [ VIEW ] /data/home/bxu2713790162/htdocs/application/blog/view/error/error.html [ array (
  0 => 'Tag',
  1 => 'Information',
  2 => 'User',
  3 => 'code',
  4 => 'msg',
) ]
[ info ] [ LOG ] INIT File
[ sql ] [ DB ] CONNECT:[ UseTime:0.088277s ] mysql:dbname=yuhal;host=118.31.23.98;port=3306;charset=utf8
[ sql ] [ SQL ] SHOW COLUMNS FROM `yh_b_tags` [ RunTime:0.059491s ]
[ sql ] [ SQL ] SELECT `value` FROM `yh_b_tags` WHERE  `yh_b_tags`.`delete_time` IS NULL ORDER BY update_time desc [ RunTime:0.058940s ]
[ sql ] [ SQL ] SHOW COLUMNS FROM `yh_b_information` [ RunTime:0.059479s ]
[ sql ] [ SQL ] SELECT * FROM `yh_b_information` ORDER BY rand() LIMIT 5 [ RunTime:0.059043s ]
[ sql ] [ SQL ] SHOW COLUMNS FROM `yh_b_article` [ RunTime:0.059417s ]
[ sql ] [ SQL ] SELECT `a`.`article_title`,`a`.`create_time`,`a`.`note`,`b`.`color`,`b`.`show_type`,`b`.`value`,`a`.`article_id`,`a`.`tag_ids` FROM `yh_b_article` `a` INNER JOIN `yh_b_article_type` `b` ON `b`.`id`=`a`.`type_id` WHERE  `a`.`delete_time` IS NULL  AND (  article_id=12 ) LIMIT 1 [ RunTime:0.059020s ]

---------------------------------------------------------------
[ 2018-03-16T22:52:14+08:00 ] 60.205.47.19 203.208.60.169 GET /userinfo
[ log ] www.yuhal.com/userinfo [运行时间：0.417841s][吞吐率：2.39req/s] [内存消耗：3,099.83kb] [文件加载：46]
[ info ] [ SESSION ] INIT array (
  'id' => '',
  'var_session_id' => '',
  'prefix' => 'think',
  'type' => '',
  'auto_start' => true,
)
[ info ] [ LANG ] /data/home/bxu2713790162/htdocs/thinkphp/lang/zh-cn.php
[ info ] [ ROUTE ] array (
  'type' => 'module',
  'module' => 
  array (
    0 => 'blog',
    1 => 'user',
    2 => 'userinfo',
  ),
  'convert' => false,
)
[ info ] [ HEADER ] array (
  'accept' => '*/*,application/json, text/javascript, */*; q=0.01',
  'accept-encoding' => 'gzip,deflate,br',
  'accept-language' => 'en-US',
  'connection' => 'keep-alive',
  'cookie' => 'PHPSESSID=q372ir0m6bor8gb7sh1ddn5in3',
  'from' => 'googlebot(at)googlebot.com',
  'host' => 'www.yuhal.com',
  'referer' => 'http://www.yuhal.com/details/12',
  'user-agent' => 'Mozilla/5.0 (compatible; Googlebot/2.1; +http://www.google.com/bot.html)',
  'x-requested-with' => 'XMLHttpRequest',
)
[ info ] [ PARAM ] array (
)
[ info ] [ DB ] INIT mysql
[ info ] [ RUN ] app\blog\controller\User->userinfo[ /data/home/bxu2713790162/htdocs/application/blog/controller/User.php ]
[ info ] [ LOG ] INIT File
[ sql ] [ DB ] CONNECT:[ UseTime:0.102480s ] mysql:dbname=yuhal;host=118.31.23.98;port=3306;charset=utf8
[ sql ] [ SQL ] SHOW COLUMNS FROM `yh_b_tags` [ RunTime:0.067853s ]
[ sql ] [ SQL ] SELECT `value` FROM `yh_b_tags` WHERE  `yh_b_tags`.`delete_time` IS NULL ORDER BY update_time desc [ RunTime:0.067075s ]
[ sql ] [ SQL ] SHOW COLUMNS FROM `yh_b_information` [ RunTime:0.067587s ]
[ sql ] [ SQL ] SELECT * FROM `yh_b_information` ORDER BY rand() LIMIT 5 [ RunTime:0.067037s ]

---------------------------------------------------------------
[ 2018-03-16T23:47:13+08:00 ] 60.205.47.19 203.208.60.224 GET /robots.txt
[ log ] www.yuhal.com/robots.txt [运行时间：0.181065s][吞吐率：5.52req/s] [内存消耗：2,119.73kb] [文件加载：35]
[ info ] [ SESSION ] INIT array (
  'id' => '',
  'var_session_id' => '',
  'prefix' => 'think',
  'type' => '',
  'auto_start' => true,
)
[ info ] [ DB ] INIT mysql
[ info ] [ LANG ] /data/home/bxu2713790162/htdocs/thinkphp/lang/zh-cn.php
[ info ] [ ROUTE ] array (
  'type' => 'module',
  'module' => 
  array (
    0 => 'blog',
    1 => 'error',
    2 => 'index',
  ),
  'convert' => false,
)
[ info ] [ HEADER ] array (
  'accept' => 'text/plain,text/html,*/*',
  'accept-encoding' => 'gzip,deflate,br',
  'connection' => 'keep-alive',
  'host' => 'www.yuhal.com',
  'user-agent' => 'Mozilla/5.0 (compatible; Googlebot/2.1; +http://www.google.com/bot.html)',
)
[ info ] [ PARAM ] array (
)
[ info ] [ RUN ] app\blog\controller\Error->index[ /data/home/bxu2713790162/htdocs/application/blog/controller/Error.php ]
[ info ] [ VIEW ] /data/home/bxu2713790162/htdocs/application/blog/view/error/error.html [ array (
  0 => 'code',
  1 => 'msg',
) ]
[ info ] [ LOG ] INIT File

---------------------------------------------------------------
[ 2018-03-16T23:47:14+08:00 ] 60.205.47.19 203.208.60.224 GET /tag/%E5%86%85%E7%BD%91%E7%A9%BF%E9%80%8F
[ log ] www.yuhal.com/tag/%E5%86%85%E7%BD%91%E7%A9%BF%E9%80%8F [运行时间：0.611018s][吞吐率：1.64req/s] [内存消耗：3,298.34kb] [文件加载：46]
[ info ] [ SESSION ] INIT array (
  'id' => '',
  'var_session_id' => '',
  'prefix' => 'think',
  'type' => '',
  'auto_start' => true,
)
[ info ] [ DB ] INIT mysql
[ info ] [ LANG ] /data/home/bxu2713790162/htdocs/thinkphp/lang/zh-cn.php
[ info ] [ ROUTE ] array (
  'type' => 'module',
  'module' => 
  array (
    0 => 'blog',
    1 => 'tag',
    2 => 'index',
  ),
  'convert' => false,
)
[ info ] [ HEADER ] array (
  'accept' => 'text/html,application/xhtml+xml,application/xml;q=0.9,*/*;q=0.8',
  'accept-encoding' => 'gzip,deflate,br',
  'connection' => 'keep-alive',
  'from' => 'googlebot(at)googlebot.com',
  'host' => 'www.yuhal.com',
  'user-agent' => 'Mozilla/5.0 (compatible; Googlebot/2.1; +http://www.google.com/bot.html)',
)
[ info ] [ PARAM ] array (
  'tag' => '内网穿透',
)
[ info ] [ DB ] INIT mysql
[ info ] [ RUN ] app\blog\controller\Tag->index[ /data/home/bxu2713790162/htdocs/application/blog/controller/Tag.php ]
[ info ] [ VIEW ] /data/home/bxu2713790162/htdocs/application/blog/view/error/error.html [ array (
  0 => 'Tag',
  1 => 'Information',
  2 => 'User',
  3 => 'code',
  4 => 'msg',
) ]
[ info ] [ LOG ] INIT File
[ sql ] [ DB ] CONNECT:[ UseTime:0.099411s ] mysql:dbname=yuhal;host=118.31.23.98;port=3306;charset=utf8
[ sql ] [ SQL ] SHOW COLUMNS FROM `yh_b_tags` [ RunTime:0.066926s ]
[ sql ] [ SQL ] SELECT `value` FROM `yh_b_tags` WHERE  `yh_b_tags`.`delete_time` IS NULL ORDER BY update_time desc [ RunTime:0.066476s ]
[ sql ] [ SQL ] SHOW COLUMNS FROM `yh_b_information` [ RunTime:0.066916s ]
[ sql ] [ SQL ] SELECT * FROM `yh_b_information` ORDER BY rand() LIMIT 5 [ RunTime:0.066662s ]
[ sql ] [ SQL ] SELECT * FROM `yh_b_tags` WHERE  `yh_b_tags`.`delete_time` IS NULL  AND `value` = '内网穿透' LIMIT 1 [ RunTime:0.066594s ]

---------------------------------------------------------------
