[ 2018-01-13T00:02:53+08:00 ] 60.205.47.19 203.208.60.148 GET /
[ log ] yuhal.com/ [运行时间：0.013623s][吞吐率：73.41req/s] [内存消耗：879.82kb] [文件加载：21]
[ info ] [ SESSION ] INIT array (
  'id' => '',
  'var_session_id' => '',
  'prefix' => 'think',
  'type' => '',
  'auto_start' => true,
)
[ info ] [ LOG ] INIT File
[ error ] [2]Invalid argument supplied for foreach()[/data/home/bxu2713790162/htdocs/application/config.php:16]

---------------------------------------------------------------
[ 2018-01-13T02:47:42+08:00 ] 60.205.47.19 203.208.60.227 GET /
[ log ] www.yuhal.com/ [运行时间：0.015004s][吞吐率：66.65req/s] [内存消耗：879.84kb] [文件加载：21]
[ info ] [ SESSION ] INIT array (
  'id' => '',
  'var_session_id' => '',
  'prefix' => 'think',
  'type' => '',
  'auto_start' => true,
)
[ info ] [ LOG ] INIT File
[ error ] [2]Invalid argument supplied for foreach()[/data/home/bxu2713790162/htdocs/application/config.php:16]

---------------------------------------------------------------
[ 2018-01-13T02:47:58+08:00 ] 60.205.47.19 203.208.60.227 GET /static/themes/default/css/umeditor.css
[ log ] www.yuhal.com/static/themes/default/css/umeditor.css [运行时间：0.012773s][吞吐率：78.29req/s] [内存消耗：879.87kb] [文件加载：21]
[ info ] [ SESSION ] INIT array (
  'id' => '',
  'var_session_id' => '',
  'prefix' => 'think',
  'type' => '',
  'auto_start' => true,
)
[ info ] [ LOG ] INIT File
[ error ] [2]Invalid argument supplied for foreach()[/data/home/bxu2713790162/htdocs/application/config.php:16]

---------------------------------------------------------------
[ 2018-01-13T02:48:08+08:00 ] 60.205.47.19 203.208.60.227 GET /static/assets/css/amazeui.min.css
[ log ] www.yuhal.com/static/assets/css/amazeui.min.css [运行时间：0.016880s][吞吐率：59.24req/s] [内存消耗：879.72kb] [文件加载：21]
[ info ] [ SESSION ] INIT array (
  'id' => '',
  'var_session_id' => '',
  'prefix' => 'think',
  'type' => '',
  'auto_start' => true,
)
[ info ] [ LOG ] INIT File
[ error ] [2]Invalid argument supplied for foreach()[/data/home/bxu2713790162/htdocs/application/config.php:16]

---------------------------------------------------------------
[ 2018-01-13T02:48:18+08:00 ] 60.205.47.19 203.208.60.225 GET /static/assets/css/app.css
[ log ] www.yuhal.com/static/assets/css/app.css [运行时间：0.015042s][吞吐率：66.48req/s] [内存消耗：879.73kb] [文件加载：21]
[ info ] [ SESSION ] INIT array (
  'id' => '',
  'var_session_id' => '',
  'prefix' => 'think',
  'type' => '',
  'auto_start' => true,
)
[ info ] [ LOG ] INIT File
[ error ] [2]Invalid argument supplied for foreach()[/data/home/bxu2713790162/htdocs/application/config.php:16]

---------------------------------------------------------------
[ 2018-01-13T02:48:28+08:00 ] 60.205.47.19 203.208.60.224 GET /informationinfo
[ log ] www.yuhal.com/informationinfo [运行时间：0.013078s][吞吐率：76.46req/s] [内存消耗：879.67kb] [文件加载：21]
[ info ] [ SESSION ] INIT array (
  'id' => '',
  'var_session_id' => '',
  'prefix' => 'think',
  'type' => '',
  'auto_start' => true,
)
[ info ] [ LOG ] INIT File
[ error ] [2]Invalid argument supplied for foreach()[/data/home/bxu2713790162/htdocs/application/config.php:16]

---------------------------------------------------------------
[ 2018-01-13T02:48:39+08:00 ] 60.205.47.19 203.208.60.227 GET /static/assets/js/layer/skin/default/layer.css?v=3.0.3303
[ log ] www.yuhal.com/static/assets/js/layer/skin/default/layer.css?v=3.0.3303 [运行时间：0.013655s][吞吐率：73.23req/s] [内存消耗：880.14kb] [文件加载：21]
[ info ] [ SESSION ] INIT array (
  'id' => '',
  'var_session_id' => '',
  'prefix' => 'think',
  'type' => '',
  'auto_start' => true,
)
[ info ] [ LOG ] INIT File
[ error ] [2]Invalid argument supplied for foreach()[/data/home/bxu2713790162/htdocs/application/config.php:16]

---------------------------------------------------------------
[ 2018-01-13T03:01:25+08:00 ] 60.205.47.19 203.208.60.225 GET /
[ log ] www.yuhal.com/ [运行时间：0.013666s][吞吐率：73.17req/s] [内存消耗：879.84kb] [文件加载：21]
[ info ] [ SESSION ] INIT array (
  'id' => '',
  'var_session_id' => '',
  'prefix' => 'think',
  'type' => '',
  'auto_start' => true,
)
[ info ] [ LOG ] INIT File
[ error ] [2]Invalid argument supplied for foreach()[/data/home/bxu2713790162/htdocs/application/config.php:16]

---------------------------------------------------------------
[ 2018-01-13T03:26:46+08:00 ] 60.205.47.19 203.208.60.146 GET /
[ log ] yuhal.com/ [运行时间：0.013506s][吞吐率：74.04req/s] [内存消耗：879.66kb] [文件加载：21]
[ info ] [ SESSION ] INIT array (
  'id' => '',
  'var_session_id' => '',
  'prefix' => 'think',
  'type' => '',
  'auto_start' => true,
)
[ info ] [ LOG ] INIT File
[ error ] [2]Invalid argument supplied for foreach()[/data/home/bxu2713790162/htdocs/application/config.php:16]

---------------------------------------------------------------
[ 2018-01-13T03:48:26+08:00 ] 60.205.47.19 203.208.60.224 GET /
[ log ] www.yuhal.com/ [运行时间：0.013131s][吞吐率：76.15req/s] [内存消耗：879.66kb] [文件加载：21]
[ info ] [ SESSION ] INIT array (
  'id' => '',
  'var_session_id' => '',
  'prefix' => 'think',
  'type' => '',
  'auto_start' => true,
)
[ info ] [ LOG ] INIT File
[ error ] [2]Invalid argument supplied for foreach()[/data/home/bxu2713790162/htdocs/application/config.php:16]

---------------------------------------------------------------
[ 2018-01-13T04:10:07+08:00 ] 60.205.47.19 203.208.60.146 GET /tag/windows
[ log ] yuhal.com/tag/windows [运行时间：0.014785s][吞吐率：67.64req/s] [内存消耗：879.80kb] [文件加载：21]
[ info ] [ SESSION ] INIT array (
  'id' => '',
  'var_session_id' => '',
  'prefix' => 'think',
  'type' => '',
  'auto_start' => true,
)
[ info ] [ LOG ] INIT File
[ error ] [2]Invalid argument supplied for foreach()[/data/home/bxu2713790162/htdocs/application/config.php:16]

---------------------------------------------------------------
[ 2018-01-13T04:53:29+08:00 ] 60.205.47.19 194.58.119.70 GET /
[ log ] yuhal.com/ [运行时间：0.012276s][吞吐率：81.46req/s] [内存消耗：879.91kb] [文件加载：21]
[ info ] [ SESSION ] INIT array (
  'id' => '',
  'var_session_id' => '',
  'prefix' => 'think',
  'type' => '',
  'auto_start' => true,
)
[ info ] [ LOG ] INIT File
[ error ] [2]Invalid argument supplied for foreach()[/data/home/bxu2713790162/htdocs/application/config.php:16]

---------------------------------------------------------------
[ 2018-01-13T04:59:01+08:00 ] 60.205.47.19 123.125.67.159 GET /robots.txt
[ log ] yuhal.com/robots.txt [运行时间：0.013185s][吞吐率：75.84req/s] [内存消耗：879.74kb] [文件加载：21]
[ info ] [ SESSION ] INIT array (
  'id' => '',
  'var_session_id' => '',
  'prefix' => 'think',
  'type' => '',
  'auto_start' => true,
)
[ info ] [ LOG ] INIT File
[ error ] [2]Invalid argument supplied for foreach()[/data/home/bxu2713790162/htdocs/application/config.php:16]

---------------------------------------------------------------
[ 2018-01-13T04:59:40+08:00 ] 60.205.47.19 220.181.108.88 GET /
[ log ] yuhal.com/ [运行时间：0.013904s][吞吐率：71.92req/s] [内存消耗：879.86kb] [文件加载：21]
[ info ] [ SESSION ] INIT array (
  'id' => '',
  'var_session_id' => '',
  'prefix' => 'think',
  'type' => '',
  'auto_start' => true,
)
[ info ] [ LOG ] INIT File
[ error ] [2]Invalid argument supplied for foreach()[/data/home/bxu2713790162/htdocs/application/config.php:16]

---------------------------------------------------------------
[ 2018-01-13T05:12:24+08:00 ] 60.205.47.19 111.206.36.19 GET /
[ log ] yuhal.com/ [运行时间：0.013237s][吞吐率：75.55req/s] [内存消耗：879.75kb] [文件加载：21]
[ info ] [ SESSION ] INIT array (
  'id' => '',
  'var_session_id' => '',
  'prefix' => 'think',
  'type' => '',
  'auto_start' => true,
)
[ info ] [ LOG ] INIT File
[ error ] [2]Invalid argument supplied for foreach()[/data/home/bxu2713790162/htdocs/application/config.php:16]

---------------------------------------------------------------
[ 2018-01-13T05:34:16+08:00 ] 60.205.47.19 211.115.79.122 GET /
[ log ] yuhal.com/ [运行时间：0.012877s][吞吐率：77.66req/s] [内存消耗：879.87kb] [文件加载：21]
[ info ] [ SESSION ] INIT array (
  'id' => '',
  'var_session_id' => '',
  'prefix' => 'think',
  'type' => '',
  'auto_start' => true,
)
[ info ] [ LOG ] INIT File
[ error ] [2]Invalid argument supplied for foreach()[/data/home/bxu2713790162/htdocs/application/config.php:16]

---------------------------------------------------------------
[ 2018-01-13T06:33:00+08:00 ] 60.205.47.19 217.69.143.67 GET /robots.txt
[ log ] www.yuhal.com/robots.txt [运行时间：0.012858s][吞吐率：77.77req/s] [内存消耗：879.89kb] [文件加载：21]
[ info ] [ SESSION ] INIT array (
  'id' => '',
  'var_session_id' => '',
  'prefix' => 'think',
  'type' => '',
  'auto_start' => true,
)
[ info ] [ LOG ] INIT File
[ error ] [2]Invalid argument supplied for foreach()[/data/home/bxu2713790162/htdocs/application/config.php:16]

---------------------------------------------------------------
[ 2018-01-13T06:33:02+08:00 ] 60.205.47.19 217.69.143.64 GET /
[ log ] www.yuhal.com/ [运行时间：0.014882s][吞吐率：67.20req/s] [内存消耗：879.90kb] [文件加载：21]
[ info ] [ SESSION ] INIT array (
  'id' => '',
  'var_session_id' => '',
  'prefix' => 'think',
  'type' => '',
  'auto_start' => true,
)
[ info ] [ LOG ] INIT File
[ error ] [2]Invalid argument supplied for foreach()[/data/home/bxu2713790162/htdocs/application/config.php:16]

---------------------------------------------------------------
[ 2018-01-13T08:05:22+08:00 ] 60.205.47.19 123.125.71.43 GET /static/assets/js/layer/skin/default/layer.css?v=3.0.3303
[ log ] www.yuhal.com/static/assets/js/layer/skin/default/layer.css?v=3.0.3303 [运行时间：0.014553s][吞吐率：68.71req/s] [内存消耗：880.09kb] [文件加载：21]
[ info ] [ SESSION ] INIT array (
  'id' => '',
  'var_session_id' => '',
  'prefix' => 'think',
  'type' => '',
  'auto_start' => true,
)
[ info ] [ LOG ] INIT File
[ error ] [2]Invalid argument supplied for foreach()[/data/home/bxu2713790162/htdocs/application/config.php:16]

---------------------------------------------------------------
[ 2018-01-13T09:51:47+08:00 ] 60.205.47.19 196.52.43.110 GET /
[ log ] yuhal.com/ [运行时间：0.013159s][吞吐率：75.99req/s] [内存消耗：879.80kb] [文件加载：21]
[ info ] [ SESSION ] INIT array (
  'id' => '',
  'var_session_id' => '',
  'prefix' => 'think',
  'type' => '',
  'auto_start' => true,
)
[ info ] [ LOG ] INIT File
[ error ] [2]Invalid argument supplied for foreach()[/data/home/bxu2713790162/htdocs/application/config.php:16]

---------------------------------------------------------------
[ 2018-01-13T10:15:12+08:00 ] 60.205.47.19 106.11.225.208 GET /
[ log ] yuhal.com/ [运行时间：0.018151s][吞吐率：55.09req/s] [内存消耗：879.86kb] [文件加载：21]
[ info ] [ SESSION ] INIT array (
  'id' => '',
  'var_session_id' => '',
  'prefix' => 'think',
  'type' => '',
  'auto_start' => true,
)
[ info ] [ LOG ] INIT File
[ error ] [2]Invalid argument supplied for foreach()[/data/home/bxu2713790162/htdocs/application/config.php:16]

---------------------------------------------------------------
[ 2018-01-13T10:36:53+08:00 ] 60.205.47.19 220.181.51.74 GET /
[ log ] www.yuhal.com/ [运行时间：0.016409s][吞吐率：60.94req/s] [内存消耗：879.97kb] [文件加载：21]
[ info ] [ SESSION ] INIT array (
  'id' => '',
  'var_session_id' => '',
  'prefix' => 'think',
  'type' => '',
  'auto_start' => true,
)
[ info ] [ LOG ] INIT File
[ error ] [2]Invalid argument supplied for foreach()[/data/home/bxu2713790162/htdocs/application/config.php:16]

---------------------------------------------------------------
[ 2018-01-13T10:42:23+08:00 ] 60.205.47.19 106.11.226.131 GET /
[ log ] www.yuhal.com/ [运行时间：0.014524s][吞吐率：68.85req/s] [内存消耗：879.85kb] [文件加载：21]
[ info ] [ SESSION ] INIT array (
  'id' => '',
  'var_session_id' => '',
  'prefix' => 'think',
  'type' => '',
  'auto_start' => true,
)
[ info ] [ LOG ] INIT File
[ error ] [2]Invalid argument supplied for foreach()[/data/home/bxu2713790162/htdocs/application/config.php:16]

---------------------------------------------------------------
[ 2018-01-13T14:43:06+08:00 ] 60.205.47.19 123.125.71.88 GET /tag/Linux
[ log ] www.yuhal.com/tag/Linux [运行时间：0.013585s][吞吐率：73.61req/s] [内存消耗：879.85kb] [文件加载：21]
[ info ] [ SESSION ] INIT array (
  'id' => '',
  'var_session_id' => '',
  'prefix' => 'think',
  'type' => '',
  'auto_start' => true,
)
[ info ] [ LOG ] INIT File
[ error ] [2]Invalid argument supplied for foreach()[/data/home/bxu2713790162/htdocs/application/config.php:16]

---------------------------------------------------------------
[ 2018-01-13T15:53:32+08:00 ] 60.205.47.19 61.129.70.144 OPTIONS /
[ log ] www.yuhal.com/ [运行时间：0.014081s][吞吐率：71.02req/s] [内存消耗：879.97kb] [文件加载：21]
[ info ] [ SESSION ] INIT array (
  'id' => '',
  'var_session_id' => '',
  'prefix' => 'think',
  'type' => '',
  'auto_start' => true,
)
[ info ] [ LOG ] INIT File
[ error ] [2]Invalid argument supplied for foreach()[/data/home/bxu2713790162/htdocs/application/config.php:16]

---------------------------------------------------------------
[ 2018-01-13T22:09:50+08:00 ] 60.205.47.19 193.111.198.25 GET /.ftpconfig
[ log ] yuhal.com/.ftpconfig [运行时间：0.014503s][吞吐率：68.95req/s] [内存消耗：879.83kb] [文件加载：21]
[ info ] [ SESSION ] INIT array (
  'id' => '',
  'var_session_id' => '',
  'prefix' => 'think',
  'type' => '',
  'auto_start' => true,
)
[ info ] [ LOG ] INIT File
[ error ] [2]Invalid argument supplied for foreach()[/data/home/bxu2713790162/htdocs/application/config.php:16]

---------------------------------------------------------------
[ 2018-01-13T22:09:54+08:00 ] 60.205.47.19 193.111.198.25 GET /.remote-sync.json
[ log ] yuhal.com/.remote-sync.json [运行时间：0.014603s][吞吐率：68.48req/s] [内存消耗：879.88kb] [文件加载：21]
[ info ] [ SESSION ] INIT array (
  'id' => '',
  'var_session_id' => '',
  'prefix' => 'think',
  'type' => '',
  'auto_start' => true,
)
[ info ] [ LOG ] INIT File
[ error ] [2]Invalid argument supplied for foreach()[/data/home/bxu2713790162/htdocs/application/config.php:16]

---------------------------------------------------------------
[ 2018-01-13T22:09:59+08:00 ] 60.205.47.19 193.111.198.25 GET /.vscode/ftp-sync.json
[ log ] yuhal.com/.vscode/ftp-sync.json [运行时间：0.015021s][吞吐率：66.57req/s] [内存消耗：879.84kb] [文件加载：21]
[ info ] [ SESSION ] INIT array (
  'id' => '',
  'var_session_id' => '',
  'prefix' => 'think',
  'type' => '',
  'auto_start' => true,
)
[ info ] [ LOG ] INIT File
[ error ] [2]Invalid argument supplied for foreach()[/data/home/bxu2713790162/htdocs/application/config.php:16]

---------------------------------------------------------------
[ 2018-01-13T22:10:00+08:00 ] 60.205.47.19 193.111.198.25 GET /sftp-config.json
[ log ] yuhal.com/sftp-config.json [运行时间：0.015199s][吞吐率：65.79req/s] [内存消耗：879.83kb] [文件加载：21]
[ info ] [ SESSION ] INIT array (
  'id' => '',
  'var_session_id' => '',
  'prefix' => 'think',
  'type' => '',
  'auto_start' => true,
)
[ info ] [ LOG ] INIT File
[ error ] [2]Invalid argument supplied for foreach()[/data/home/bxu2713790162/htdocs/application/config.php:16]

---------------------------------------------------------------
[ 2018-01-13T22:10:01+08:00 ] 60.205.47.19 193.111.198.25 GET /.env
[ log ] yuhal.com/.env [运行时间：0.015099s][吞吐率：66.23req/s] [内存消耗：879.88kb] [文件加载：21]
[ info ] [ SESSION ] INIT array (
  'id' => '',
  'var_session_id' => '',
  'prefix' => 'think',
  'type' => '',
  'auto_start' => true,
)
[ info ] [ LOG ] INIT File
[ error ] [2]Invalid argument supplied for foreach()[/data/home/bxu2713790162/htdocs/application/config.php:16]

---------------------------------------------------------------
[ 2018-01-13T22:10:04+08:00 ] 60.205.47.19 193.111.198.25 GET /deployment-config.json
[ log ] yuhal.com/deployment-config.json [运行时间：0.014330s][吞吐率：69.78req/s] [内存消耗：879.90kb] [文件加载：21]
[ info ] [ SESSION ] INIT array (
  'id' => '',
  'var_session_id' => '',
  'prefix' => 'think',
  'type' => '',
  'auto_start' => true,
)
[ info ] [ LOG ] INIT File
[ error ] [2]Invalid argument supplied for foreach()[/data/home/bxu2713790162/htdocs/application/config.php:16]

---------------------------------------------------------------
