[ 2018-01-21T00:05:10+08:00 ] 60.205.47.19 123.125.67.221 GET /robots.txt
[ log ] yuhal.com/robots.txt [运行时间：0.201850s][吞吐率：4.95req/s] [内存消耗：2,120.68kb] [文件加载：35]
[ info ] [ SESSION ] INIT array (
  'id' => '',
  'var_session_id' => '',
  'prefix' => 'think',
  'type' => '',
  'auto_start' => true,
)
[ info ] [ DB ] INIT mysql
[ info ] [ LANG ] /data/home/bxu2713790162/htdocs/thinkphp/lang/zh-cn.php
[ info ] [ ROUTE ] array (
  'type' => 'module',
  'module' => 
  array (
    0 => 'blog',
    1 => 'error',
    2 => 'index',
  ),
  'convert' => false,
)
[ info ] [ HEADER ] array (
  'accept' => '*/*',
  'accept-encoding' => 'gzip',
  'accept-language' => 'zh-cn,zh-tw',
  'connection' => 'close',
  'host' => 'yuhal.com',
  'user-agent' => 'Mozilla/5.0 (Windows NT 10.0; WOW64) AppleWebKit/537.36 (KHTML, like Gecko) Chrome/45.0.2454.93 Safari/537.36',
)
[ info ] [ PARAM ] array (
)
[ info ] [ RUN ] app\blog\controller\Error->index[ /data/home/bxu2713790162/htdocs/application/blog/controller/Error.php ]
[ info ] [ VIEW ] /data/home/bxu2713790162/htdocs/application/blog/view/error/error.html [ array (
  0 => 'code',
  1 => 'msg',
) ]
[ info ] [ LOG ] INIT File

---------------------------------------------------------------
[ 2018-01-21T03:00:40+08:00 ] 60.205.47.19 63.141.244.250 GET /blogs/wp-admin/setup-config.php
[ log ] yuhal.com/blogs/wp-admin/setup-config.php [运行时间：0.203401s][吞吐率：4.92req/s] [内存消耗：2,121.43kb] [文件加载：35]
[ info ] [ SESSION ] INIT array (
  'id' => '',
  'var_session_id' => '',
  'prefix' => 'think',
  'type' => '',
  'auto_start' => true,
)
[ info ] [ DB ] INIT mysql
[ info ] [ LANG ] /data/home/bxu2713790162/htdocs/thinkphp/lang/zh-cn.php
[ info ] [ ROUTE ] array (
  'type' => 'module',
  'module' => 
  array (
    0 => 'blog',
    1 => 'error',
    2 => 'index',
  ),
  'convert' => false,
)
[ info ] [ HEADER ] array (
  'content-type' => 'application/x-www-form-urlencoded',
  'accept' => '*/*',
  'accept-encoding' => 'gzip, deflate',
  'connection' => 'Keep-Alive',
  'host' => 'yuhal.com',
  'user-agent' => 'Mozilla/5.0 (Windows NT 6.1; Trident/7.0; rv:11.0) like Gecko',
)
[ info ] [ PARAM ] array (
  'blogs' => 'wp-admin',
)
[ info ] [ RUN ] app\blog\controller\Error->index[ /data/home/bxu2713790162/htdocs/application/blog/controller/Error.php ]
[ info ] [ VIEW ] /data/home/bxu2713790162/htdocs/application/blog/view/error/error.html [ array (
  0 => 'code',
  1 => 'msg',
) ]
[ info ] [ LOG ] INIT File

---------------------------------------------------------------
[ 2018-01-21T03:00:41+08:00 ] 60.205.47.19 63.141.244.250 GET /wp-admin/setup-config.php
[ log ] yuhal.com/wp-admin/setup-config.php [运行时间：0.199179s][吞吐率：5.02req/s] [内存消耗：2,121.10kb] [文件加载：35]
[ info ] [ SESSION ] INIT array (
  'id' => '',
  'var_session_id' => '',
  'prefix' => 'think',
  'type' => '',
  'auto_start' => true,
)
[ info ] [ DB ] INIT mysql
[ info ] [ LANG ] /data/home/bxu2713790162/htdocs/thinkphp/lang/zh-cn.php
[ info ] [ ROUTE ] array (
  'type' => 'module',
  'module' => 
  array (
    0 => 'blog',
    1 => 'error',
    2 => 'index',
  ),
  'convert' => false,
)
[ info ] [ HEADER ] array (
  'content-type' => 'application/x-www-form-urlencoded',
  'accept' => '*/*',
  'accept-encoding' => 'gzip, deflate',
  'host' => 'yuhal.com',
  'user-agent' => 'Mozilla/5.0 (Windows NT 6.1; Trident/7.0; rv:11.0) like Gecko',
)
[ info ] [ PARAM ] array (
  'admin' => 'setup-config.php',
)
[ info ] [ RUN ] app\blog\controller\Error->index[ /data/home/bxu2713790162/htdocs/application/blog/controller/Error.php ]
[ info ] [ VIEW ] /data/home/bxu2713790162/htdocs/application/blog/view/error/error.html [ array (
  0 => 'code',
  1 => 'msg',
) ]
[ info ] [ LOG ] INIT File

---------------------------------------------------------------
[ 2018-01-21T03:00:41+08:00 ] 60.205.47.19 63.141.244.250 GET /cms/wp-admin/setup-config.php
[ log ] yuhal.com/cms/wp-admin/setup-config.php [运行时间：0.185445s][吞吐率：5.39req/s] [内存消耗：2,121.09kb] [文件加载：35]
[ info ] [ SESSION ] INIT array (
  'id' => '',
  'var_session_id' => '',
  'prefix' => 'think',
  'type' => '',
  'auto_start' => true,
)
[ info ] [ DB ] INIT mysql
[ info ] [ LANG ] /data/home/bxu2713790162/htdocs/thinkphp/lang/zh-cn.php
[ info ] [ ROUTE ] array (
  'type' => 'module',
  'module' => 
  array (
    0 => 'blog',
    1 => 'error',
    2 => 'index',
  ),
  'convert' => false,
)
[ info ] [ HEADER ] array (
  'content-type' => 'application/x-www-form-urlencoded',
  'accept' => '*/*',
  'accept-encoding' => 'gzip, deflate',
  'host' => 'yuhal.com',
  'user-agent' => 'Mozilla/5.0 (Windows NT 6.1; Trident/7.0; rv:11.0) like Gecko',
)
[ info ] [ PARAM ] array (
  'cms' => 'wp-admin',
)
[ info ] [ RUN ] app\blog\controller\Error->index[ /data/home/bxu2713790162/htdocs/application/blog/controller/Error.php ]
[ info ] [ VIEW ] /data/home/bxu2713790162/htdocs/application/blog/view/error/error.html [ array (
  0 => 'code',
  1 => 'msg',
) ]
[ info ] [ LOG ] INIT File

---------------------------------------------------------------
[ 2018-01-21T03:00:44+08:00 ] 60.205.47.19 63.141.244.250 GET /beta/wp-admin/setup-config.php
[ log ] yuhal.com/beta/wp-admin/setup-config.php [运行时间：0.200667s][吞吐率：4.98req/s] [内存消耗：2,121.10kb] [文件加载：35]
[ info ] [ SESSION ] INIT array (
  'id' => '',
  'var_session_id' => '',
  'prefix' => 'think',
  'type' => '',
  'auto_start' => true,
)
[ info ] [ DB ] INIT mysql
[ info ] [ LANG ] /data/home/bxu2713790162/htdocs/thinkphp/lang/zh-cn.php
[ info ] [ ROUTE ] array (
  'type' => 'module',
  'module' => 
  array (
    0 => 'blog',
    1 => 'error',
    2 => 'index',
  ),
  'convert' => false,
)
[ info ] [ HEADER ] array (
  'content-type' => 'application/x-www-form-urlencoded',
  'accept' => '*/*',
  'accept-encoding' => 'gzip, deflate',
  'host' => 'yuhal.com',
  'user-agent' => 'Mozilla/5.0 (Windows NT 6.1; Trident/7.0; rv:11.0) like Gecko',
)
[ info ] [ PARAM ] array (
  'beta' => 'wp-admin',
)
[ info ] [ RUN ] app\blog\controller\Error->index[ /data/home/bxu2713790162/htdocs/application/blog/controller/Error.php ]
[ info ] [ VIEW ] /data/home/bxu2713790162/htdocs/application/blog/view/error/error.html [ array (
  0 => 'code',
  1 => 'msg',
) ]
[ info ] [ LOG ] INIT File

---------------------------------------------------------------
[ 2018-01-21T03:00:49+08:00 ] 60.205.47.19 63.141.244.250 GET /blog/wordpress/wp-admin/setup-config.php
[ log ] yuhal.com/blog/wordpress/wp-admin/setup-config.php [运行时间：0.219370s][吞吐率：4.56req/s] [内存消耗：2,121.52kb] [文件加载：35]
[ info ] [ SESSION ] INIT array (
  'id' => '',
  'var_session_id' => '',
  'prefix' => 'think',
  'type' => '',
  'auto_start' => true,
)
[ info ] [ DB ] INIT mysql
[ info ] [ LANG ] /data/home/bxu2713790162/htdocs/thinkphp/lang/zh-cn.php
[ info ] [ ROUTE ] array (
  'type' => 'module',
  'module' => 
  array (
    0 => 'blog',
    1 => 'error',
    2 => 'index',
  ),
  'convert' => false,
)
[ info ] [ HEADER ] array (
  'content-type' => 'application/x-www-form-urlencoded',
  'accept' => '*/*',
  'accept-encoding' => 'gzip, deflate',
  'host' => 'yuhal.com',
  'user-agent' => 'Mozilla/5.0 (Windows NT 6.1; Trident/7.0; rv:11.0) like Gecko',
)
[ info ] [ PARAM ] array (
  'blog' => 'wordpress',
  'admin' => 'setup-config.php',
)
[ info ] [ RUN ] app\blog\controller\Error->index[ /data/home/bxu2713790162/htdocs/application/blog/controller/Error.php ]
[ info ] [ VIEW ] /data/home/bxu2713790162/htdocs/application/blog/view/error/error.html [ array (
  0 => 'code',
  1 => 'msg',
) ]
[ info ] [ LOG ] INIT File

---------------------------------------------------------------
[ 2018-01-21T03:00:49+08:00 ] 60.205.47.19 63.141.244.250 GET /site/wp-admin/setup-config.php
[ log ] yuhal.com/site/wp-admin/setup-config.php [运行时间：0.205100s][吞吐率：4.88req/s] [内存消耗：2,121.10kb] [文件加载：35]
[ info ] [ SESSION ] INIT array (
  'id' => '',
  'var_session_id' => '',
  'prefix' => 'think',
  'type' => '',
  'auto_start' => true,
)
[ info ] [ DB ] INIT mysql
[ info ] [ LANG ] /data/home/bxu2713790162/htdocs/thinkphp/lang/zh-cn.php
[ info ] [ ROUTE ] array (
  'type' => 'module',
  'module' => 
  array (
    0 => 'blog',
    1 => 'error',
    2 => 'index',
  ),
  'convert' => false,
)
[ info ] [ HEADER ] array (
  'content-type' => 'application/x-www-form-urlencoded',
  'accept' => '*/*',
  'accept-encoding' => 'gzip, deflate',
  'host' => 'yuhal.com',
  'user-agent' => 'Mozilla/5.0 (Windows NT 6.1; Trident/7.0; rv:11.0) like Gecko',
)
[ info ] [ PARAM ] array (
  'site' => 'wp-admin',
)
[ info ] [ RUN ] app\blog\controller\Error->index[ /data/home/bxu2713790162/htdocs/application/blog/controller/Error.php ]
[ info ] [ VIEW ] /data/home/bxu2713790162/htdocs/application/blog/view/error/error.html [ array (
  0 => 'code',
  1 => 'msg',
) ]
[ info ] [ LOG ] INIT File

---------------------------------------------------------------
[ 2018-01-21T03:48:34+08:00 ] 60.205.47.19 123.125.71.109 GET /timeline
[ log ] www.yuhal.com/timeline [运行时间：3.240761s][吞吐率：0.31req/s] [内存消耗：3,336.52kb] [文件加载：46]
[ info ] [ SESSION ] INIT array (
  'id' => '',
  'var_session_id' => '',
  'prefix' => 'think',
  'type' => '',
  'auto_start' => true,
)
[ info ] [ DB ] INIT mysql
[ info ] [ LANG ] /data/home/bxu2713790162/htdocs/thinkphp/lang/zh-cn.php
[ info ] [ ROUTE ] array (
  'type' => 'module',
  'module' => 
  array (
    0 => 'blog',
    1 => 'timeline',
    2 => 'index',
  ),
  'convert' => false,
)
[ info ] [ HEADER ] array (
  'accept' => '*/*',
  'accept-encoding' => 'gzip',
  'accept-language' => 'zh-cn,zh-tw',
  'connection' => 'close',
  'host' => 'www.yuhal.com',
  'user-agent' => 'Mozilla/5.0 (compatible; Baiduspider/2.0; +http://www.baidu.com/search/spider.html)',
)
[ info ] [ PARAM ] array (
)
[ info ] [ DB ] INIT mysql
[ info ] [ RUN ] app\blog\controller\TimeLine->index[ /data/home/bxu2713790162/htdocs/application/blog/controller/Timeline.php ]
[ info ] [ VIEW ] /data/home/bxu2713790162/htdocs/application/blog/view/timeline/index.html [ array (
  0 => 'Tag',
  1 => 'Information',
  2 => 'User',
  3 => 'file',
) ]
[ info ] [ LOG ] INIT File
[ sql ] [ DB ] CONNECT:[ UseTime:0.100492s ] mysql:dbname=yuhal;host=118.31.23.98;port=3306;charset=utf8
[ sql ] [ SQL ] SHOW COLUMNS FROM `yh_b_tags` [ RunTime:0.067546s ]
[ sql ] [ SQL ] SELECT `value` FROM `yh_b_tags` WHERE  `yh_b_tags`.`delete_time` IS NULL ORDER BY update_time desc [ RunTime:0.067064s ]
[ sql ] [ SQL ] SHOW COLUMNS FROM `yh_b_information` [ RunTime:0.067413s ]
[ sql ] [ SQL ] SELECT * FROM `yh_b_information` ORDER BY rand() LIMIT 5 [ RunTime:0.067235s ]
[ sql ] [ SQL ] SHOW COLUMNS FROM `yh_b_article` [ RunTime:0.067711s ]
[ sql ] [ SQL ] SELECT MIN(create_time) AS tp_min FROM `yh_b_article` WHERE  `yh_b_article`.`delete_time` IS NULL LIMIT 1 [ RunTime:0.067073s ]
[ sql ] [ SQL ] SELECT MAX(create_time) AS tp_max FROM `yh_b_article` WHERE  `yh_b_article`.`delete_time` IS NULL LIMIT 1 [ RunTime:0.067139s ]
[ sql ] [ SQL ] SELECT `a`.`article_id`,`a`.`article_title`,`a`.`create_time`,`a`.`note`,`b`.`value`,`b`.`color` FROM `yh_b_article` `a` INNER JOIN `yh_b_article_type` `b` ON `b`.`id`=`a`.`type_id` WHERE  `a`.`delete_time` IS NULL  AND (  a.create_time between '2018-12-1' and '2018-12-31' ) ORDER BY a.create_time desc [ RunTime:0.067318s ]
[ sql ] [ SQL ] SELECT `a`.`article_id`,`a`.`article_title`,`a`.`create_time`,`a`.`note`,`b`.`value`,`b`.`color` FROM `yh_b_article` `a` INNER JOIN `yh_b_article_type` `b` ON `b`.`id`=`a`.`type_id` WHERE  `a`.`delete_time` IS NULL  AND (  a.create_time between '2018-11-1' and '2018-11-30' ) ORDER BY a.create_time desc [ RunTime:0.067145s ]
[ sql ] [ SQL ] SELECT `a`.`article_id`,`a`.`article_title`,`a`.`create_time`,`a`.`note`,`b`.`value`,`b`.`color` FROM `yh_b_article` `a` INNER JOIN `yh_b_article_type` `b` ON `b`.`id`=`a`.`type_id` WHERE  `a`.`delete_time` IS NULL  AND (  a.create_time between '2018-10-1' and '2018-10-31' ) ORDER BY a.create_time desc [ RunTime:0.067152s ]
[ sql ] [ SQL ] SELECT `a`.`article_id`,`a`.`article_title`,`a`.`create_time`,`a`.`note`,`b`.`value`,`b`.`color` FROM `yh_b_article` `a` INNER JOIN `yh_b_article_type` `b` ON `b`.`id`=`a`.`type_id` WHERE  `a`.`delete_time` IS NULL  AND (  a.create_time between '2018-9-1' and '2018-9-30' ) ORDER BY a.create_time desc [ RunTime:0.067295s ]
[ sql ] [ SQL ] SELECT `a`.`article_id`,`a`.`article_title`,`a`.`create_time`,`a`.`note`,`b`.`value`,`b`.`color` FROM `yh_b_article` `a` INNER JOIN `yh_b_article_type` `b` ON `b`.`id`=`a`.`type_id` WHERE  `a`.`delete_time` IS NULL  AND (  a.create_time between '2018-8-1' and '2018-8-31' ) ORDER BY a.create_time desc [ RunTime:0.067193s ]
[ sql ] [ SQL ] SELECT `a`.`article_id`,`a`.`article_title`,`a`.`create_time`,`a`.`note`,`b`.`value`,`b`.`color` FROM `yh_b_article` `a` INNER JOIN `yh_b_article_type` `b` ON `b`.`id`=`a`.`type_id` WHERE  `a`.`delete_time` IS NULL  AND (  a.create_time between '2018-7-1' and '2018-7-31' ) ORDER BY a.create_time desc [ RunTime:0.067225s ]
[ sql ] [ SQL ] SELECT `a`.`article_id`,`a`.`article_title`,`a`.`create_time`,`a`.`note`,`b`.`value`,`b`.`color` FROM `yh_b_article` `a` INNER JOIN `yh_b_article_type` `b` ON `b`.`id`=`a`.`type_id` WHERE  `a`.`delete_time` IS NULL  AND (  a.create_time between '2018-6-1' and '2018-6-30' ) ORDER BY a.create_time desc [ RunTime:0.067233s ]
[ sql ] [ SQL ] SELECT `a`.`article_id`,`a`.`article_title`,`a`.`create_time`,`a`.`note`,`b`.`value`,`b`.`color` FROM `yh_b_article` `a` INNER JOIN `yh_b_article_type` `b` ON `b`.`id`=`a`.`type_id` WHERE  `a`.`delete_time` IS NULL  AND (  a.create_time between '2018-5-1' and '2018-5-31' ) ORDER BY a.create_time desc [ RunTime:0.067317s ]
[ sql ] [ SQL ] SELECT `a`.`article_id`,`a`.`article_title`,`a`.`create_time`,`a`.`note`,`b`.`value`,`b`.`color` FROM `yh_b_article` `a` INNER JOIN `yh_b_article_type` `b` ON `b`.`id`=`a`.`type_id` WHERE  `a`.`delete_time` IS NULL  AND (  a.create_time between '2018-4-1' and '2018-4-30' ) ORDER BY a.create_time desc [ RunTime:0.067227s ]
[ sql ] [ SQL ] SELECT `a`.`article_id`,`a`.`article_title`,`a`.`create_time`,`a`.`note`,`b`.`value`,`b`.`color` FROM `yh_b_article` `a` INNER JOIN `yh_b_article_type` `b` ON `b`.`id`=`a`.`type_id` WHERE  `a`.`delete_time` IS NULL  AND (  a.create_time between '2018-3-1' and '2018-3-31' ) ORDER BY a.create_time desc [ RunTime:0.067276s ]
[ sql ] [ SQL ] SELECT `a`.`article_id`,`a`.`article_title`,`a`.`create_time`,`a`.`note`,`b`.`value`,`b`.`color` FROM `yh_b_article` `a` INNER JOIN `yh_b_article_type` `b` ON `b`.`id`=`a`.`type_id` WHERE  `a`.`delete_time` IS NULL  AND (  a.create_time between '2018-2-1' and '2018-2-28' ) ORDER BY a.create_time desc [ RunTime:0.067097s ]
[ sql ] [ SQL ] SELECT `a`.`article_id`,`a`.`article_title`,`a`.`create_time`,`a`.`note`,`b`.`value`,`b`.`color` FROM `yh_b_article` `a` INNER JOIN `yh_b_article_type` `b` ON `b`.`id`=`a`.`type_id` WHERE  `a`.`delete_time` IS NULL  AND (  a.create_time between '2018-1-1' and '2018-1-31' ) ORDER BY a.create_time desc [ RunTime:0.067184s ]
[ sql ] [ SQL ] SELECT `a`.`article_id`,`a`.`article_title`,`a`.`create_time`,`a`.`note`,`b`.`value`,`b`.`color` FROM `yh_b_article` `a` INNER JOIN `yh_b_article_type` `b` ON `b`.`id`=`a`.`type_id` WHERE  `a`.`delete_time` IS NULL  AND (  a.create_time between '2017-12-1' and '2017-12-31' ) ORDER BY a.create_time desc [ RunTime:0.067290s ]
[ sql ] [ SQL ] SELECT `a`.`article_id`,`a`.`article_title`,`a`.`create_time`,`a`.`note`,`b`.`value`,`b`.`color` FROM `yh_b_article` `a` INNER JOIN `yh_b_article_type` `b` ON `b`.`id`=`a`.`type_id` WHERE  `a`.`delete_time` IS NULL  AND (  a.create_time between '2017-11-1' and '2017-11-30' ) ORDER BY a.create_time desc [ RunTime:0.067254s ]
[ sql ] [ SQL ] SELECT `a`.`article_id`,`a`.`article_title`,`a`.`create_time`,`a`.`note`,`b`.`value`,`b`.`color` FROM `yh_b_article` `a` INNER JOIN `yh_b_article_type` `b` ON `b`.`id`=`a`.`type_id` WHERE  `a`.`delete_time` IS NULL  AND (  a.create_time between '2017-10-1' and '2017-10-31' ) ORDER BY a.create_time desc [ RunTime:0.067249s ]
[ sql ] [ SQL ] SELECT `a`.`article_id`,`a`.`article_title`,`a`.`create_time`,`a`.`note`,`b`.`value`,`b`.`color` FROM `yh_b_article` `a` INNER JOIN `yh_b_article_type` `b` ON `b`.`id`=`a`.`type_id` WHERE  `a`.`delete_time` IS NULL  AND (  a.create_time between '2017-9-1' and '2017-9-30' ) ORDER BY a.create_time desc [ RunTime:0.067248s ]
[ sql ] [ SQL ] SELECT `a`.`article_id`,`a`.`article_title`,`a`.`create_time`,`a`.`note`,`b`.`value`,`b`.`color` FROM `yh_b_article` `a` INNER JOIN `yh_b_article_type` `b` ON `b`.`id`=`a`.`type_id` WHERE  `a`.`delete_time` IS NULL  AND (  a.create_time between '2017-8-1' and '2017-8-31' ) ORDER BY a.create_time desc [ RunTime:0.067229s ]
[ sql ] [ SQL ] SELECT `a`.`article_id`,`a`.`article_title`,`a`.`create_time`,`a`.`note`,`b`.`value`,`b`.`color` FROM `yh_b_article` `a` INNER JOIN `yh_b_article_type` `b` ON `b`.`id`=`a`.`type_id` WHERE  `a`.`delete_time` IS NULL  AND (  a.create_time between '2017-7-1' and '2017-7-31' ) ORDER BY a.create_time desc [ RunTime:0.067222s ]
[ sql ] [ SQL ] SELECT `a`.`article_id`,`a`.`article_title`,`a`.`create_time`,`a`.`note`,`b`.`value`,`b`.`color` FROM `yh_b_article` `a` INNER JOIN `yh_b_article_type` `b` ON `b`.`id`=`a`.`type_id` WHERE  `a`.`delete_time` IS NULL  AND (  a.create_time between '2017-6-1' and '2017-6-30' ) ORDER BY a.create_time desc [ RunTime:0.067204s ]
[ sql ] [ SQL ] SELECT `a`.`article_id`,`a`.`article_title`,`a`.`create_time`,`a`.`note`,`b`.`value`,`b`.`color` FROM `yh_b_article` `a` INNER JOIN `yh_b_article_type` `b` ON `b`.`id`=`a`.`type_id` WHERE  `a`.`delete_time` IS NULL  AND (  a.create_time between '2017-5-1' and '2017-5-31' ) ORDER BY a.create_time desc [ RunTime:0.067124s ]
[ sql ] [ SQL ] SELECT `a`.`article_id`,`a`.`article_title`,`a`.`create_time`,`a`.`note`,`b`.`value`,`b`.`color` FROM `yh_b_article` `a` INNER JOIN `yh_b_article_type` `b` ON `b`.`id`=`a`.`type_id` WHERE  `a`.`delete_time` IS NULL  AND (  a.create_time between '2017-4-1' and '2017-4-30' ) ORDER BY a.create_time desc [ RunTime:0.067215s ]
[ sql ] [ SQL ] SELECT `a`.`article_id`,`a`.`article_title`,`a`.`create_time`,`a`.`note`,`b`.`value`,`b`.`color` FROM `yh_b_article` `a` INNER JOIN `yh_b_article_type` `b` ON `b`.`id`=`a`.`type_id` WHERE  `a`.`delete_time` IS NULL  AND (  a.create_time between '2017-3-1' and '2017-3-31' ) ORDER BY a.create_time desc [ RunTime:0.067153s ]
[ sql ] [ SQL ] SELECT `a`.`article_id`,`a`.`article_title`,`a`.`create_time`,`a`.`note`,`b`.`value`,`b`.`color` FROM `yh_b_article` `a` INNER JOIN `yh_b_article_type` `b` ON `b`.`id`=`a`.`type_id` WHERE  `a`.`delete_time` IS NULL  AND (  a.create_time between '2017-2-1' and '2017-2-28' ) ORDER BY a.create_time desc [ RunTime:0.067130s ]
[ sql ] [ SQL ] SELECT `a`.`article_id`,`a`.`article_title`,`a`.`create_time`,`a`.`note`,`b`.`value`,`b`.`color` FROM `yh_b_article` `a` INNER JOIN `yh_b_article_type` `b` ON `b`.`id`=`a`.`type_id` WHERE  `a`.`delete_time` IS NULL  AND (  a.create_time between '2017-1-1' and '2017-1-31' ) ORDER BY a.create_time desc [ RunTime:0.067217s ]
[ sql ] [ SQL ] SELECT `a`.`article_id`,`a`.`article_title`,`a`.`create_time`,`a`.`note`,`b`.`value`,`b`.`color` FROM `yh_b_article` `a` INNER JOIN `yh_b_article_type` `b` ON `b`.`id`=`a`.`type_id` WHERE  `a`.`delete_time` IS NULL  AND (  a.create_time between '2016-12-1' and '2016-12-31' ) ORDER BY a.create_time desc [ RunTime:0.067121s ]
[ sql ] [ SQL ] SELECT `a`.`article_id`,`a`.`article_title`,`a`.`create_time`,`a`.`note`,`b`.`value`,`b`.`color` FROM `yh_b_article` `a` INNER JOIN `yh_b_article_type` `b` ON `b`.`id`=`a`.`type_id` WHERE  `a`.`delete_time` IS NULL  AND (  a.create_time between '2016-11-1' and '2016-11-30' ) ORDER BY a.create_time desc [ RunTime:0.067111s ]
[ sql ] [ SQL ] SELECT `a`.`article_id`,`a`.`article_title`,`a`.`create_time`,`a`.`note`,`b`.`value`,`b`.`color` FROM `yh_b_article` `a` INNER JOIN `yh_b_article_type` `b` ON `b`.`id`=`a`.`type_id` WHERE  `a`.`delete_time` IS NULL  AND (  a.create_time between '2016-10-1' and '2016-10-31' ) ORDER BY a.create_time desc [ RunTime:0.067325s ]
[ sql ] [ SQL ] SELECT `a`.`article_id`,`a`.`article_title`,`a`.`create_time`,`a`.`note`,`b`.`value`,`b`.`color` FROM `yh_b_article` `a` INNER JOIN `yh_b_article_type` `b` ON `b`.`id`=`a`.`type_id` WHERE  `a`.`delete_time` IS NULL  AND (  a.create_time between '2016-9-1' and '2016-9-30' ) ORDER BY a.create_time desc [ RunTime:0.072003s ]
[ sql ] [ SQL ] SELECT `a`.`article_id`,`a`.`article_title`,`a`.`create_time`,`a`.`note`,`b`.`value`,`b`.`color` FROM `yh_b_article` `a` INNER JOIN `yh_b_article_type` `b` ON `b`.`id`=`a`.`type_id` WHERE  `a`.`delete_time` IS NULL  AND (  a.create_time between '2016-8-1' and '2016-8-31' ) ORDER BY a.create_time desc [ RunTime:0.067482s ]
[ sql ] [ SQL ] SELECT `a`.`article_id`,`a`.`article_title`,`a`.`create_time`,`a`.`note`,`b`.`value`,`b`.`color` FROM `yh_b_article` `a` INNER JOIN `yh_b_article_type` `b` ON `b`.`id`=`a`.`type_id` WHERE  `a`.`delete_time` IS NULL  AND (  a.create_time between '2016-7-1' and '2016-7-31' ) ORDER BY a.create_time desc [ RunTime:0.067286s ]
[ sql ] [ SQL ] SELECT `a`.`article_id`,`a`.`article_title`,`a`.`create_time`,`a`.`note`,`b`.`value`,`b`.`color` FROM `yh_b_article` `a` INNER JOIN `yh_b_article_type` `b` ON `b`.`id`=`a`.`type_id` WHERE  `a`.`delete_time` IS NULL  AND (  a.create_time between '2016-6-1' and '2016-6-30' ) ORDER BY a.create_time desc [ RunTime:0.067274s ]
[ sql ] [ SQL ] SELECT `a`.`article_id`,`a`.`article_title`,`a`.`create_time`,`a`.`note`,`b`.`value`,`b`.`color` FROM `yh_b_article` `a` INNER JOIN `yh_b_article_type` `b` ON `b`.`id`=`a`.`type_id` WHERE  `a`.`delete_time` IS NULL  AND (  a.create_time between '2016-5-1' and '2016-5-31' ) ORDER BY a.create_time desc [ RunTime:0.067230s ]
[ sql ] [ SQL ] SELECT `a`.`article_id`,`a`.`article_title`,`a`.`create_time`,`a`.`note`,`b`.`value`,`b`.`color` FROM `yh_b_article` `a` INNER JOIN `yh_b_article_type` `b` ON `b`.`id`=`a`.`type_id` WHERE  `a`.`delete_time` IS NULL  AND (  a.create_time between '2016-4-1' and '2016-4-30' ) ORDER BY a.create_time desc [ RunTime:0.067218s ]
[ sql ] [ SQL ] SELECT `a`.`article_id`,`a`.`article_title`,`a`.`create_time`,`a`.`note`,`b`.`value`,`b`.`color` FROM `yh_b_article` `a` INNER JOIN `yh_b_article_type` `b` ON `b`.`id`=`a`.`type_id` WHERE  `a`.`delete_time` IS NULL  AND (  a.create_time between '2016-3-1' and '2016-3-31' ) ORDER BY a.create_time desc [ RunTime:0.067349s ]
[ sql ] [ SQL ] SELECT `a`.`article_id`,`a`.`article_title`,`a`.`create_time`,`a`.`note`,`b`.`value`,`b`.`color` FROM `yh_b_article` `a` INNER JOIN `yh_b_article_type` `b` ON `b`.`id`=`a`.`type_id` WHERE  `a`.`delete_time` IS NULL  AND (  a.create_time between '2016-2-1' and '2016-2-29' ) ORDER BY a.create_time desc [ RunTime:0.067298s ]
[ sql ] [ SQL ] SELECT `a`.`article_id`,`a`.`article_title`,`a`.`create_time`,`a`.`note`,`b`.`value`,`b`.`color` FROM `yh_b_article` `a` INNER JOIN `yh_b_article_type` `b` ON `b`.`id`=`a`.`type_id` WHERE  `a`.`delete_time` IS NULL  AND (  a.create_time between '2016-1-1' and '2016-1-31' ) ORDER BY a.create_time desc [ RunTime:0.067085s ]

---------------------------------------------------------------
[ 2018-01-21T03:50:04+08:00 ] 60.205.47.19 121.42.241.23 GET /
[ log ] www.yuhal.com/ [运行时间：1.106705s][吞吐率：0.90req/s] [内存消耗：3,336.09kb] [文件加载：46]
[ info ] [ SESSION ] INIT array (
  'id' => '',
  'var_session_id' => '',
  'prefix' => 'think',
  'type' => '',
  'auto_start' => true,
)
[ info ] [ DB ] INIT mysql
[ info ] [ LANG ] /data/home/bxu2713790162/htdocs/thinkphp/lang/zh-cn.php
[ info ] [ ROUTE ] array (
  'type' => 'module',
  'module' => 
  array (
    0 => 'blog',
    1 => 'index',
    2 => 'index',
  ),
  'convert' => false,
)
[ info ] [ HEADER ] array (
  'accept' => 'text/html, image/gif, image/jpeg, *; q=.2, */*; q=.2',
  'cache-control' => 'no-cache',
  'connection' => 'keep-alive',
  'host' => 'www.yuhal.com',
  'pragma' => 'no-cache',
  'user-agent' => 'Mozilla/5.0 (X11; Ubuntu; Linux x86_64; rv:36.0) Gecko/20100101 Firefox/36.0',
)
[ info ] [ PARAM ] array (
)
[ info ] [ DB ] INIT mysql
[ info ] [ RUN ] app\blog\controller\Index->index[ /data/home/bxu2713790162/htdocs/application/blog/controller/Index.php ]
[ info ] [ VIEW ] /data/home/bxu2713790162/htdocs/application/blog/view/index/index.html [ array (
  0 => 'Tag',
  1 => 'Information',
  2 => 'User',
  3 => 'allart',
  4 => 'p',
  5 => 'page',
  6 => 'title',
) ]
[ info ] [ LOG ] INIT File
[ sql ] [ DB ] CONNECT:[ UseTime:0.098797s ] mysql:dbname=yuhal;host=118.31.23.98;port=3306;charset=utf8
[ sql ] [ SQL ] SHOW COLUMNS FROM `yh_b_tags` [ RunTime:0.066345s ]
[ sql ] [ SQL ] SELECT `value` FROM `yh_b_tags` WHERE  `yh_b_tags`.`delete_time` IS NULL ORDER BY update_time desc [ RunTime:0.065938s ]
[ sql ] [ SQL ] SHOW COLUMNS FROM `yh_b_information` [ RunTime:0.066378s ]
[ sql ] [ SQL ] SELECT * FROM `yh_b_information` ORDER BY rand() LIMIT 5 [ RunTime:0.066782s ]
[ sql ] [ SQL ] SHOW COLUMNS FROM `yh_b_article` [ RunTime:0.066350s ]
[ sql ] [ SQL ] SELECT `a`.`article_id`,`a`.`tag_ids`,`a`.`article_title`,`a`.`create_time`,`a`.`note`,`b`.`value`,`b`.`color` FROM `yh_b_article` `a` INNER JOIN `yh_b_article_type` `b` ON `b`.`id`=`a`.`type_id` WHERE  `a`.`delete_time` IS NULL  AND (  article_title like '%%' ) ORDER BY a.create_time desc LIMIT 0,5 [ RunTime:0.066332s ]
[ sql ] [ SQL ] select a.path from yh_s_picture as a left join yh_s_group as b on a.group_id=b.id where b.value='博客' order by rand() limit 1 [ RunTime:0.070858s ]
[ sql ] [ SQL ] select a.path from yh_s_picture as a left join yh_s_group as b on a.group_id=b.id where b.value='博客' order by rand() limit 1 [ RunTime:0.066179s ]
[ sql ] [ SQL ] select a.path from yh_s_picture as a left join yh_s_group as b on a.group_id=b.id where b.value='博客' order by rand() limit 1 [ RunTime:0.066188s ]
[ sql ] [ SQL ] select a.path from yh_s_picture as a left join yh_s_group as b on a.group_id=b.id where b.value='博客' order by rand() limit 1 [ RunTime:0.066048s ]
[ sql ] [ SQL ] select a.path from yh_s_picture as a left join yh_s_group as b on a.group_id=b.id where b.value='博客' order by rand() limit 1 [ RunTime:0.066260s ]
[ sql ] [ SQL ] SELECT COUNT(*) AS tp_count FROM `yh_b_article` WHERE  `yh_b_article`.`delete_time` IS NULL  AND (  article_title like '%%' ) LIMIT 1 [ RunTime:0.066027s ]

---------------------------------------------------------------
[ 2018-01-21T04:10:47+08:00 ] 60.205.47.19 141.8.132.7 GET /robots.txt
[ log ] www.yuhal.com/robots.txt [运行时间：0.182839s][吞吐率：5.47req/s] [内存消耗：2,119.84kb] [文件加载：35]
[ info ] [ SESSION ] INIT array (
  'id' => '',
  'var_session_id' => '',
  'prefix' => 'think',
  'type' => '',
  'auto_start' => true,
)
[ info ] [ DB ] INIT mysql
[ info ] [ LANG ] /data/home/bxu2713790162/htdocs/thinkphp/lang/zh-cn.php
[ info ] [ ROUTE ] array (
  'type' => 'module',
  'module' => 
  array (
    0 => 'blog',
    1 => 'error',
    2 => 'index',
  ),
  'convert' => false,
)
[ info ] [ HEADER ] array (
  'connection' => 'Keep-Alive',
  'from' => 'support@search.yandex.ru',
  'host' => 'www.yuhal.com',
  'user-agent' => 'Mozilla/5.0 (compatible; YandexBot/3.0; +http://yandex.com/bots)',
)
[ info ] [ PARAM ] array (
)
[ info ] [ RUN ] app\blog\controller\Error->index[ /data/home/bxu2713790162/htdocs/application/blog/controller/Error.php ]
[ info ] [ VIEW ] /data/home/bxu2713790162/htdocs/application/blog/view/error/error.html [ array (
  0 => 'code',
  1 => 'msg',
) ]
[ info ] [ LOG ] INIT File

---------------------------------------------------------------
[ 2018-01-21T04:10:51+08:00 ] 60.205.47.19 141.8.132.7 GET /favicon.ico
[ log ] www.yuhal.com/favicon.ico [运行时间：0.183451s][吞吐率：5.45req/s] [内存消耗：2,120.75kb] [文件加载：35]
[ info ] [ SESSION ] INIT array (
  'id' => '',
  'var_session_id' => '',
  'prefix' => 'think',
  'type' => '',
  'auto_start' => true,
)
[ info ] [ DB ] INIT mysql
[ info ] [ LANG ] /data/home/bxu2713790162/htdocs/thinkphp/lang/zh-cn.php
[ info ] [ ROUTE ] array (
  'type' => 'module',
  'module' => 
  array (
    0 => 'blog',
    1 => 'error',
    2 => 'index',
  ),
  'convert' => false,
)
[ info ] [ HEADER ] array (
  'accept' => '*/*',
  'accept-encoding' => 'gzip,deflate',
  'connection' => 'Keep-Alive',
  'from' => 'support@search.yandex.ru',
  'host' => 'www.yuhal.com',
  'user-agent' => 'Mozilla/5.0 (compatible; YandexBot/3.0; +http://yandex.com/bots)',
)
[ info ] [ PARAM ] array (
)
[ info ] [ RUN ] app\blog\controller\Error->index[ /data/home/bxu2713790162/htdocs/application/blog/controller/Error.php ]
[ info ] [ VIEW ] /data/home/bxu2713790162/htdocs/application/blog/view/error/error.html [ array (
  0 => 'code',
  1 => 'msg',
) ]
[ info ] [ LOG ] INIT File

---------------------------------------------------------------
[ 2018-01-21T04:16:26+08:00 ] 60.205.47.19 203.208.60.225 GET /robots.txt
[ log ] www.yuhal.com/robots.txt [运行时间：0.204995s][吞吐率：4.88req/s] [内存消耗：2,120.37kb] [文件加载：35]
[ info ] [ SESSION ] INIT array (
  'id' => '',
  'var_session_id' => '',
  'prefix' => 'think',
  'type' => '',
  'auto_start' => true,
)
[ info ] [ DB ] INIT mysql
[ info ] [ LANG ] /data/home/bxu2713790162/htdocs/thinkphp/lang/zh-cn.php
[ info ] [ ROUTE ] array (
  'type' => 'module',
  'module' => 
  array (
    0 => 'blog',
    1 => 'error',
    2 => 'index',
  ),
  'convert' => false,
)
[ info ] [ HEADER ] array (
  'accept' => 'text/plain,text/html,*/*',
  'accept-encoding' => 'gzip,deflate,br',
  'connection' => 'keep-alive',
  'host' => 'www.yuhal.com',
  'user-agent' => 'Mozilla/5.0 (compatible; Googlebot/2.1; +http://www.google.com/bot.html)',
)
[ info ] [ PARAM ] array (
)
[ info ] [ RUN ] app\blog\controller\Error->index[ /data/home/bxu2713790162/htdocs/application/blog/controller/Error.php ]
[ info ] [ VIEW ] /data/home/bxu2713790162/htdocs/application/blog/view/error/error.html [ array (
  0 => 'code',
  1 => 'msg',
) ]
[ info ] [ LOG ] INIT File

---------------------------------------------------------------
[ 2018-01-21T04:16:27+08:00 ] 60.205.47.19 203.208.60.225 GET /
[ log ] www.yuhal.com/ [运行时间：1.027473s][吞吐率：0.97req/s] [内存消耗：3,336.23kb] [文件加载：46]
[ info ] [ SESSION ] INIT array (
  'id' => '',
  'var_session_id' => '',
  'prefix' => 'think',
  'type' => '',
  'auto_start' => true,
)
[ info ] [ DB ] INIT mysql
[ info ] [ LANG ] /data/home/bxu2713790162/htdocs/thinkphp/lang/zh-cn.php
[ info ] [ ROUTE ] array (
  'type' => 'module',
  'module' => 
  array (
    0 => 'blog',
    1 => 'index',
    2 => 'index',
  ),
  'convert' => false,
)
[ info ] [ HEADER ] array (
  'accept' => 'text/html,application/xhtml+xml,application/xml;q=0.9,*/*;q=0.8',
  'accept-encoding' => 'gzip,deflate,br',
  'connection' => 'keep-alive',
  'from' => 'googlebot(at)googlebot.com',
  'host' => 'www.yuhal.com',
  'user-agent' => 'Mozilla/5.0 (compatible; Googlebot/2.1; +http://www.google.com/bot.html)',
)
[ info ] [ PARAM ] array (
)
[ info ] [ DB ] INIT mysql
[ info ] [ RUN ] app\blog\controller\Index->index[ /data/home/bxu2713790162/htdocs/application/blog/controller/Index.php ]
[ info ] [ VIEW ] /data/home/bxu2713790162/htdocs/application/blog/view/index/index.html [ array (
  0 => 'Tag',
  1 => 'Information',
  2 => 'User',
  3 => 'allart',
  4 => 'p',
  5 => 'page',
  6 => 'title',
) ]
[ info ] [ LOG ] INIT File
[ sql ] [ DB ] CONNECT:[ UseTime:0.088870s ] mysql:dbname=yuhal;host=118.31.23.98;port=3306;charset=utf8
[ sql ] [ SQL ] SHOW COLUMNS FROM `yh_b_tags` [ RunTime:0.059767s ]
[ sql ] [ SQL ] SELECT `value` FROM `yh_b_tags` WHERE  `yh_b_tags`.`delete_time` IS NULL ORDER BY update_time desc [ RunTime:0.059450s ]
[ sql ] [ SQL ] SHOW COLUMNS FROM `yh_b_information` [ RunTime:0.059721s ]
[ sql ] [ SQL ] SELECT * FROM `yh_b_information` ORDER BY rand() LIMIT 5 [ RunTime:0.059494s ]
[ sql ] [ SQL ] SHOW COLUMNS FROM `yh_b_article` [ RunTime:0.059793s ]
[ sql ] [ SQL ] SELECT `a`.`article_id`,`a`.`tag_ids`,`a`.`article_title`,`a`.`create_time`,`a`.`note`,`b`.`value`,`b`.`color` FROM `yh_b_article` `a` INNER JOIN `yh_b_article_type` `b` ON `b`.`id`=`a`.`type_id` WHERE  `a`.`delete_time` IS NULL  AND (  article_title like '%%' ) ORDER BY a.create_time desc LIMIT 0,5 [ RunTime:0.059536s ]
[ sql ] [ SQL ] select a.path from yh_s_picture as a left join yh_s_group as b on a.group_id=b.id where b.value='博客' order by rand() limit 1 [ RunTime:0.059476s ]
[ sql ] [ SQL ] select a.path from yh_s_picture as a left join yh_s_group as b on a.group_id=b.id where b.value='博客' order by rand() limit 1 [ RunTime:0.059561s ]
[ sql ] [ SQL ] select a.path from yh_s_picture as a left join yh_s_group as b on a.group_id=b.id where b.value='博客' order by rand() limit 1 [ RunTime:0.059646s ]
[ sql ] [ SQL ] select a.path from yh_s_picture as a left join yh_s_group as b on a.group_id=b.id where b.value='博客' order by rand() limit 1 [ RunTime:0.059512s ]
[ sql ] [ SQL ] select a.path from yh_s_picture as a left join yh_s_group as b on a.group_id=b.id where b.value='博客' order by rand() limit 1 [ RunTime:0.059526s ]
[ sql ] [ SQL ] SELECT COUNT(*) AS tp_count FROM `yh_b_article` WHERE  `yh_b_article`.`delete_time` IS NULL  AND (  article_title like '%%' ) LIMIT 1 [ RunTime:0.059453s ]

---------------------------------------------------------------
[ 2018-01-21T05:10:13+08:00 ] 60.205.47.19 61.135.169.41 GET /
[ log ] yuhal.com/ [运行时间：1.006754s][吞吐率：0.99req/s] [内存消耗：3,334.98kb] [文件加载：46]
[ info ] [ SESSION ] INIT array (
  'id' => '',
  'var_session_id' => '',
  'prefix' => 'think',
  'type' => '',
  'auto_start' => true,
)
[ info ] [ DB ] INIT mysql
[ info ] [ LANG ] /data/home/bxu2713790162/htdocs/thinkphp/lang/zh-cn.php
[ info ] [ ROUTE ] array (
  'type' => 'module',
  'module' => 
  array (
    0 => 'blog',
    1 => 'index',
    2 => 'index',
  ),
  'convert' => false,
)
[ info ] [ HEADER ] array (
  'connection' => 'close',
  'host' => 'yuhal.com',
  'user-agent' => 'Mozilla/5.0 (Macintosh; Intel Mac OS X 10_11_2) AppleWebKit/537.36 (KHTML, like Gecko) Chrome/47.0.2526.80 Safari/537.36',
)
[ info ] [ PARAM ] array (
)
[ info ] [ DB ] INIT mysql
[ info ] [ RUN ] app\blog\controller\Index->index[ /data/home/bxu2713790162/htdocs/application/blog/controller/Index.php ]
[ info ] [ VIEW ] /data/home/bxu2713790162/htdocs/application/blog/view/index/index.html [ array (
  0 => 'Tag',
  1 => 'Information',
  2 => 'User',
  3 => 'allart',
  4 => 'p',
  5 => 'page',
  6 => 'title',
) ]
[ info ] [ LOG ] INIT File
[ sql ] [ DB ] CONNECT:[ UseTime:0.088608s ] mysql:dbname=yuhal;host=118.31.23.98;port=3306;charset=utf8
[ sql ] [ SQL ] SHOW COLUMNS FROM `yh_b_tags` [ RunTime:0.059668s ]
[ sql ] [ SQL ] SELECT `value` FROM `yh_b_tags` WHERE  `yh_b_tags`.`delete_time` IS NULL ORDER BY update_time desc [ RunTime:0.059166s ]
[ sql ] [ SQL ] SHOW COLUMNS FROM `yh_b_information` [ RunTime:0.059571s ]
[ sql ] [ SQL ] SELECT * FROM `yh_b_information` ORDER BY rand() LIMIT 5 [ RunTime:0.059176s ]
[ sql ] [ SQL ] SHOW COLUMNS FROM `yh_b_article` [ RunTime:0.059489s ]
[ sql ] [ SQL ] SELECT `a`.`article_id`,`a`.`tag_ids`,`a`.`article_title`,`a`.`create_time`,`a`.`note`,`b`.`value`,`b`.`color` FROM `yh_b_article` `a` INNER JOIN `yh_b_article_type` `b` ON `b`.`id`=`a`.`type_id` WHERE  `a`.`delete_time` IS NULL  AND (  article_title like '%%' ) ORDER BY a.create_time desc LIMIT 0,5 [ RunTime:0.059278s ]
[ sql ] [ SQL ] select a.path from yh_s_picture as a left join yh_s_group as b on a.group_id=b.id where b.value='博客' order by rand() limit 1 [ RunTime:0.059344s ]
[ sql ] [ SQL ] select a.path from yh_s_picture as a left join yh_s_group as b on a.group_id=b.id where b.value='博客' order by rand() limit 1 [ RunTime:0.059297s ]
[ sql ] [ SQL ] select a.path from yh_s_picture as a left join yh_s_group as b on a.group_id=b.id where b.value='博客' order by rand() limit 1 [ RunTime:0.060677s ]
[ sql ] [ SQL ] select a.path from yh_s_picture as a left join yh_s_group as b on a.group_id=b.id where b.value='博客' order by rand() limit 1 [ RunTime:0.059235s ]
[ sql ] [ SQL ] select a.path from yh_s_picture as a left join yh_s_group as b on a.group_id=b.id where b.value='博客' order by rand() limit 1 [ RunTime:0.059335s ]
[ sql ] [ SQL ] SELECT COUNT(*) AS tp_count FROM `yh_b_article` WHERE  `yh_b_article`.`delete_time` IS NULL  AND (  article_title like '%%' ) LIMIT 1 [ RunTime:0.059277s ]

---------------------------------------------------------------
[ 2018-01-21T07:28:02+08:00 ] 60.205.47.19 203.208.60.144 GET /robots.txt
[ log ] yuhal.com/robots.txt [运行时间：0.183363s][吞吐率：5.45req/s] [内存消耗：2,120.23kb] [文件加载：35]
[ info ] [ SESSION ] INIT array (
  'id' => '',
  'var_session_id' => '',
  'prefix' => 'think',
  'type' => '',
  'auto_start' => true,
)
[ info ] [ DB ] INIT mysql
[ info ] [ LANG ] /data/home/bxu2713790162/htdocs/thinkphp/lang/zh-cn.php
[ info ] [ ROUTE ] array (
  'type' => 'module',
  'module' => 
  array (
    0 => 'blog',
    1 => 'error',
    2 => 'index',
  ),
  'convert' => false,
)
[ info ] [ HEADER ] array (
  'accept' => 'text/plain,text/html,*/*',
  'accept-encoding' => 'gzip,deflate,br',
  'connection' => 'keep-alive',
  'host' => 'yuhal.com',
  'user-agent' => 'Mozilla/5.0 (compatible; Googlebot/2.1; +http://www.google.com/bot.html)',
)
[ info ] [ PARAM ] array (
)
[ info ] [ RUN ] app\blog\controller\Error->index[ /data/home/bxu2713790162/htdocs/application/blog/controller/Error.php ]
[ info ] [ VIEW ] /data/home/bxu2713790162/htdocs/application/blog/view/error/error.html [ array (
  0 => 'code',
  1 => 'msg',
) ]
[ info ] [ LOG ] INIT File

---------------------------------------------------------------
[ 2018-01-21T07:28:03+08:00 ] 60.205.47.19 203.208.60.144 GET /details/89
[ log ] yuhal.com/details/89 [运行时间：0.665136s][吞吐率：1.50req/s] [内存消耗：3,312.96kb] [文件加载：46]
[ info ] [ SESSION ] INIT array (
  'id' => '',
  'var_session_id' => '',
  'prefix' => 'think',
  'type' => '',
  'auto_start' => true,
)
[ info ] [ DB ] INIT mysql
[ info ] [ LANG ] /data/home/bxu2713790162/htdocs/thinkphp/lang/zh-cn.php
[ info ] [ ROUTE ] array (
  'type' => 'module',
  'module' => 
  array (
    0 => 'blog',
    1 => 'details',
    2 => 'index',
  ),
  'convert' => false,
)
[ info ] [ HEADER ] array (
  'accept' => 'text/html,application/xhtml+xml,application/xml;q=0.9,*/*;q=0.8',
  'accept-encoding' => 'gzip,deflate,br',
  'connection' => 'keep-alive',
  'from' => 'googlebot(at)googlebot.com',
  'host' => 'yuhal.com',
  'user-agent' => 'Mozilla/5.0 (compatible; Googlebot/2.1; +http://www.google.com/bot.html)',
)
[ info ] [ PARAM ] array (
  'id' => '89',
)
[ info ] [ DB ] INIT mysql
[ info ] [ RUN ] app\blog\controller\Details->index[ /data/home/bxu2713790162/htdocs/application/blog/controller/Details.php ]
[ info ] [ VIEW ] /data/home/bxu2713790162/htdocs/application/blog/view/error/error.html [ array (
  0 => 'Tag',
  1 => 'Information',
  2 => 'User',
  3 => 'code',
  4 => 'msg',
) ]
[ info ] [ LOG ] INIT File
[ sql ] [ DB ] CONNECT:[ UseTime:0.089460s ] mysql:dbname=yuhal;host=118.31.23.98;port=3306;charset=utf8
[ sql ] [ SQL ] SHOW COLUMNS FROM `yh_b_tags` [ RunTime:0.060314s ]
[ sql ] [ SQL ] SELECT `value` FROM `yh_b_tags` WHERE  `yh_b_tags`.`delete_time` IS NULL ORDER BY update_time desc [ RunTime:0.059779s ]
[ sql ] [ SQL ] SHOW COLUMNS FROM `yh_b_information` [ RunTime:0.060333s ]
[ sql ] [ SQL ] SELECT * FROM `yh_b_information` ORDER BY rand() LIMIT 5 [ RunTime:0.060024s ]
[ sql ] [ SQL ] SHOW COLUMNS FROM `yh_b_article` [ RunTime:0.060343s ]
[ sql ] [ SQL ] SELECT `a`.`article_title`,`a`.`create_time`,`a`.`note`,`b`.`color`,`b`.`show_type`,`b`.`value`,`a`.`article_id`,`a`.`tag_ids` FROM `yh_b_article` `a` INNER JOIN `yh_b_article_type` `b` ON `b`.`id`=`a`.`type_id` WHERE  `a`.`delete_time` IS NULL  AND (  article_id=89 ) LIMIT 1 [ RunTime:0.059877s ]

---------------------------------------------------------------
[ 2018-01-21T09:44:47+08:00 ] 60.205.47.19 101.132.48.33 GET /robots.txt
[ log ] yuhal.com/robots.txt [运行时间：0.206290s][吞吐率：4.85req/s] [内存消耗：2,120.48kb] [文件加载：35]
[ info ] [ SESSION ] INIT array (
  'id' => '',
  'var_session_id' => '',
  'prefix' => 'think',
  'type' => '',
  'auto_start' => true,
)
[ info ] [ DB ] INIT mysql
[ info ] [ LANG ] /data/home/bxu2713790162/htdocs/thinkphp/lang/zh-cn.php
[ info ] [ ROUTE ] array (
  'type' => 'module',
  'module' => 
  array (
    0 => 'blog',
    1 => 'error',
    2 => 'index',
  ),
  'convert' => false,
)
[ info ] [ HEADER ] array (
  'accept' => 'text/html, image/gif, image/jpeg, *; q=.2, */*; q=.2',
  'cache-control' => 'no-cache',
  'connection' => 'keep-alive',
  'host' => 'yuhal.com',
  'pragma' => 'no-cache',
  'user-agent' => 'Mozilla/5.0 (X11; Ubuntu; Linux x86_64; rv:36.0) Gecko/20100101 Firefox/36.0',
)
[ info ] [ PARAM ] array (
)
[ info ] [ RUN ] app\blog\controller\Error->index[ /data/home/bxu2713790162/htdocs/application/blog/controller/Error.php ]
[ info ] [ VIEW ] /data/home/bxu2713790162/htdocs/application/blog/view/error/error.html [ array (
  0 => 'code',
  1 => 'msg',
) ]
[ info ] [ LOG ] INIT File

---------------------------------------------------------------
[ 2018-01-21T09:45:50+08:00 ] 60.205.47.19 201.141.47.163 GET /wp-login.php
[ log ] yuhal.com/wp-login.php [运行时间：0.183556s][吞吐率：5.45req/s] [内存消耗：2,119.41kb] [文件加载：35]
[ info ] [ SESSION ] INIT array (
  'id' => '',
  'var_session_id' => '',
  'prefix' => 'think',
  'type' => '',
  'auto_start' => true,
)
[ info ] [ DB ] INIT mysql
[ info ] [ LANG ] /data/home/bxu2713790162/htdocs/thinkphp/lang/zh-cn.php
[ info ] [ ROUTE ] array (
  'type' => 'module',
  'module' => 
  array (
    0 => 'blog',
    1 => 'error',
    2 => 'index',
  ),
  'convert' => false,
)
[ info ] [ HEADER ] array (
  'accept' => '*/*',
  'host' => 'yuhal.com',
  'user-agent' => 'Mozilla/5.0 (Windows NT 6.1; WOW64; Trident/7.0; rv:11.0) like Gecko',
)
[ info ] [ PARAM ] array (
)
[ info ] [ RUN ] app\blog\controller\Error->index[ /data/home/bxu2713790162/htdocs/application/blog/controller/Error.php ]
[ info ] [ VIEW ] /data/home/bxu2713790162/htdocs/application/blog/view/error/error.html [ array (
  0 => 'code',
  1 => 'msg',
) ]
[ info ] [ LOG ] INIT File

---------------------------------------------------------------
[ 2018-01-21T11:04:01+08:00 ] 60.205.47.19 106.11.226.237 GET /
[ log ] yuhal.com/ [运行时间：1.041284s][吞吐率：0.96req/s] [内存消耗：3,336.56kb] [文件加载：46]
[ info ] [ SESSION ] INIT array (
  'id' => '',
  'var_session_id' => '',
  'prefix' => 'think',
  'type' => '',
  'auto_start' => true,
)
[ info ] [ DB ] INIT mysql
[ info ] [ LANG ] /data/home/bxu2713790162/htdocs/thinkphp/lang/zh-cn.php
[ info ] [ ROUTE ] array (
  'type' => 'module',
  'module' => 
  array (
    0 => 'blog',
    1 => 'index',
    2 => 'index',
  ),
  'convert' => false,
)
[ info ] [ HEADER ] array (
  'accept' => 'text/html, image/gif, image/jpeg, *; q=.2, */*; q=.2',
  'accept-encoding' => 'gzip',
  'cache-control' => 'no-cache',
  'connection' => 'keep-alive',
  'host' => 'yuhal.com',
  'pragma' => 'no-cache',
  'user-agent' => 'Mozilla/5.0 (iPad; CPU OS 9_1 like Mac OS X) AppleWebKit/601.1.46 (KHTML, like Gecko) Version/9.0 Mobile/13B143 Safari/601.1',
)
[ info ] [ PARAM ] array (
)
[ info ] [ DB ] INIT mysql
[ info ] [ RUN ] app\blog\controller\Index->index[ /data/home/bxu2713790162/htdocs/application/blog/controller/Index.php ]
[ info ] [ VIEW ] /data/home/bxu2713790162/htdocs/application/blog/view/index/index.html [ array (
  0 => 'Tag',
  1 => 'Information',
  2 => 'User',
  3 => 'allart',
  4 => 'p',
  5 => 'page',
  6 => 'title',
) ]
[ info ] [ LOG ] INIT File
[ sql ] [ DB ] CONNECT:[ UseTime:0.090002s ] mysql:dbname=yuhal;host=118.31.23.98;port=3306;charset=utf8
[ sql ] [ SQL ] SHOW COLUMNS FROM `yh_b_tags` [ RunTime:0.060716s ]
[ sql ] [ SQL ] SELECT `value` FROM `yh_b_tags` WHERE  `yh_b_tags`.`delete_time` IS NULL ORDER BY update_time desc [ RunTime:0.060074s ]
[ sql ] [ SQL ] SHOW COLUMNS FROM `yh_b_information` [ RunTime:0.060496s ]
[ sql ] [ SQL ] SELECT * FROM `yh_b_information` ORDER BY rand() LIMIT 5 [ RunTime:0.060907s ]
[ sql ] [ SQL ] SHOW COLUMNS FROM `yh_b_article` [ RunTime:0.060529s ]
[ sql ] [ SQL ] SELECT `a`.`article_id`,`a`.`tag_ids`,`a`.`article_title`,`a`.`create_time`,`a`.`note`,`b`.`value`,`b`.`color` FROM `yh_b_article` `a` INNER JOIN `yh_b_article_type` `b` ON `b`.`id`=`a`.`type_id` WHERE  `a`.`delete_time` IS NULL  AND (  article_title like '%%' ) ORDER BY a.create_time desc LIMIT 0,5 [ RunTime:0.060240s ]
[ sql ] [ SQL ] select a.path from yh_s_picture as a left join yh_s_group as b on a.group_id=b.id where b.value='博客' order by rand() limit 1 [ RunTime:0.060272s ]
[ sql ] [ SQL ] select a.path from yh_s_picture as a left join yh_s_group as b on a.group_id=b.id where b.value='博客' order by rand() limit 1 [ RunTime:0.060249s ]
[ sql ] [ SQL ] select a.path from yh_s_picture as a left join yh_s_group as b on a.group_id=b.id where b.value='博客' order by rand() limit 1 [ RunTime:0.060161s ]
[ sql ] [ SQL ] select a.path from yh_s_picture as a left join yh_s_group as b on a.group_id=b.id where b.value='博客' order by rand() limit 1 [ RunTime:0.060114s ]
[ sql ] [ SQL ] select a.path from yh_s_picture as a left join yh_s_group as b on a.group_id=b.id where b.value='博客' order by rand() limit 1 [ RunTime:0.060275s ]
[ sql ] [ SQL ] SELECT COUNT(*) AS tp_count FROM `yh_b_article` WHERE  `yh_b_article`.`delete_time` IS NULL  AND (  article_title like '%%' ) LIMIT 1 [ RunTime:0.059930s ]

---------------------------------------------------------------
[ 2018-01-21T12:01:07+08:00 ] 60.205.47.19 106.11.226.113 GET /
[ log ] www.yuhal.com/ [运行时间：1.133644s][吞吐率：0.88req/s] [内存消耗：3,336.63kb] [文件加载：46]
[ info ] [ SESSION ] INIT array (
  'id' => '',
  'var_session_id' => '',
  'prefix' => 'think',
  'type' => '',
  'auto_start' => true,
)
[ info ] [ DB ] INIT mysql
[ info ] [ LANG ] /data/home/bxu2713790162/htdocs/thinkphp/lang/zh-cn.php
[ info ] [ ROUTE ] array (
  'type' => 'module',
  'module' => 
  array (
    0 => 'blog',
    1 => 'index',
    2 => 'index',
  ),
  'convert' => false,
)
[ info ] [ HEADER ] array (
  'accept' => 'text/html, image/gif, image/jpeg, *; q=.2, */*; q=.2',
  'accept-encoding' => 'gzip',
  'cache-control' => 'no-cache',
  'connection' => 'keep-alive',
  'host' => 'www.yuhal.com',
  'pragma' => 'no-cache',
  'user-agent' => 'Mozilla/5.0 (iPad; CPU OS 9_1 like Mac OS X) AppleWebKit/601.1.46 (KHTML, like Gecko) Version/9.0 Mobile/13B143 Safari/601.1',
)
[ info ] [ PARAM ] array (
)
[ info ] [ DB ] INIT mysql
[ info ] [ RUN ] app\blog\controller\Index->index[ /data/home/bxu2713790162/htdocs/application/blog/controller/Index.php ]
[ info ] [ VIEW ] /data/home/bxu2713790162/htdocs/application/blog/view/index/index.html [ array (
  0 => 'Tag',
  1 => 'Information',
  2 => 'User',
  3 => 'allart',
  4 => 'p',
  5 => 'page',
  6 => 'title',
) ]
[ info ] [ LOG ] INIT File
[ sql ] [ DB ] CONNECT:[ UseTime:0.100544s ] mysql:dbname=yuhal;host=118.31.23.98;port=3306;charset=utf8
[ sql ] [ SQL ] SHOW COLUMNS FROM `yh_b_tags` [ RunTime:0.067684s ]
[ sql ] [ SQL ] SELECT `value` FROM `yh_b_tags` WHERE  `yh_b_tags`.`delete_time` IS NULL ORDER BY update_time desc [ RunTime:0.067256s ]
[ sql ] [ SQL ] SHOW COLUMNS FROM `yh_b_information` [ RunTime:0.067574s ]
[ sql ] [ SQL ] SELECT * FROM `yh_b_information` ORDER BY rand() LIMIT 5 [ RunTime:0.067297s ]
[ sql ] [ SQL ] SHOW COLUMNS FROM `yh_b_article` [ RunTime:0.067720s ]
[ sql ] [ SQL ] SELECT `a`.`article_id`,`a`.`tag_ids`,`a`.`article_title`,`a`.`create_time`,`a`.`note`,`b`.`value`,`b`.`color` FROM `yh_b_article` `a` INNER JOIN `yh_b_article_type` `b` ON `b`.`id`=`a`.`type_id` WHERE  `a`.`delete_time` IS NULL  AND (  article_title like '%%' ) ORDER BY a.create_time desc LIMIT 0,5 [ RunTime:0.067363s ]
[ sql ] [ SQL ] select a.path from yh_s_picture as a left join yh_s_group as b on a.group_id=b.id where b.value='博客' order by rand() limit 1 [ RunTime:0.067322s ]
[ sql ] [ SQL ] select a.path from yh_s_picture as a left join yh_s_group as b on a.group_id=b.id where b.value='博客' order by rand() limit 1 [ RunTime:0.067395s ]
[ sql ] [ SQL ] select a.path from yh_s_picture as a left join yh_s_group as b on a.group_id=b.id where b.value='博客' order by rand() limit 1 [ RunTime:0.067331s ]
[ sql ] [ SQL ] select a.path from yh_s_picture as a left join yh_s_group as b on a.group_id=b.id where b.value='博客' order by rand() limit 1 [ RunTime:0.067487s ]
[ sql ] [ SQL ] select a.path from yh_s_picture as a left join yh_s_group as b on a.group_id=b.id where b.value='博客' order by rand() limit 1 [ RunTime:0.067374s ]
[ sql ] [ SQL ] SELECT COUNT(*) AS tp_count FROM `yh_b_article` WHERE  `yh_b_article`.`delete_time` IS NULL  AND (  article_title like '%%' ) LIMIT 1 [ RunTime:0.067205s ]

---------------------------------------------------------------
[ 2018-01-21T13:31:48+08:00 ] 60.205.47.19 220.181.51.75 GET /
[ log ] www.yuhal.com/ [运行时间：1.020944s][吞吐率：0.98req/s] [内存消耗：3,335.67kb] [文件加载：46]
[ info ] [ SESSION ] INIT array (
  'id' => '',
  'var_session_id' => '',
  'prefix' => 'think',
  'type' => '',
  'auto_start' => true,
)
[ info ] [ DB ] INIT mysql
[ info ] [ LANG ] /data/home/bxu2713790162/htdocs/thinkphp/lang/zh-cn.php
[ info ] [ ROUTE ] array (
  'type' => 'module',
  'module' => 
  array (
    0 => 'blog',
    1 => 'index',
    2 => 'index',
  ),
  'convert' => false,
)
[ info ] [ HEADER ] array (
  'accept' => '*/*',
  'accept-language' => 'zh-cn,zh-tw',
  'host' => 'www.yuhal.com',
  'user-agent' => 'Mozilla/5.0 (Windows NT 10.0; WOW64) AppleWebKit/537.36 (KHTML, like Gecko) Chrome/45.0.2454.93 Safari/537.36',
)
[ info ] [ PARAM ] array (
)
[ info ] [ DB ] INIT mysql
[ info ] [ RUN ] app\blog\controller\Index->index[ /data/home/bxu2713790162/htdocs/application/blog/controller/Index.php ]
[ info ] [ VIEW ] /data/home/bxu2713790162/htdocs/application/blog/view/index/index.html [ array (
  0 => 'Tag',
  1 => 'Information',
  2 => 'User',
  3 => 'allart',
  4 => 'p',
  5 => 'page',
  6 => 'title',
) ]
[ info ] [ LOG ] INIT File
[ sql ] [ DB ] CONNECT:[ UseTime:0.088143s ] mysql:dbname=yuhal;host=118.31.23.98;port=3306;charset=utf8
[ sql ] [ SQL ] SHOW COLUMNS FROM `yh_b_tags` [ RunTime:0.059440s ]
[ sql ] [ SQL ] SELECT `value` FROM `yh_b_tags` WHERE  `yh_b_tags`.`delete_time` IS NULL ORDER BY update_time desc [ RunTime:0.059060s ]
[ sql ] [ SQL ] SHOW COLUMNS FROM `yh_b_information` [ RunTime:0.059321s ]
[ sql ] [ SQL ] SELECT * FROM `yh_b_information` ORDER BY rand() LIMIT 5 [ RunTime:0.059720s ]
[ sql ] [ SQL ] SHOW COLUMNS FROM `yh_b_article` [ RunTime:0.059458s ]
[ sql ] [ SQL ] SELECT `a`.`article_id`,`a`.`tag_ids`,`a`.`article_title`,`a`.`create_time`,`a`.`note`,`b`.`value`,`b`.`color` FROM `yh_b_article` `a` INNER JOIN `yh_b_article_type` `b` ON `b`.`id`=`a`.`type_id` WHERE  `a`.`delete_time` IS NULL  AND (  article_title like '%%' ) ORDER BY a.create_time desc LIMIT 0,5 [ RunTime:0.059188s ]
[ sql ] [ SQL ] select a.path from yh_s_picture as a left join yh_s_group as b on a.group_id=b.id where b.value='博客' order by rand() limit 1 [ RunTime:0.059263s ]
[ sql ] [ SQL ] select a.path from yh_s_picture as a left join yh_s_group as b on a.group_id=b.id where b.value='博客' order by rand() limit 1 [ RunTime:0.059100s ]
[ sql ] [ SQL ] select a.path from yh_s_picture as a left join yh_s_group as b on a.group_id=b.id where b.value='博客' order by rand() limit 1 [ RunTime:0.059180s ]
[ sql ] [ SQL ] select a.path from yh_s_picture as a left join yh_s_group as b on a.group_id=b.id where b.value='博客' order by rand() limit 1 [ RunTime:0.059225s ]
[ sql ] [ SQL ] select a.path from yh_s_picture as a left join yh_s_group as b on a.group_id=b.id where b.value='博客' order by rand() limit 1 [ RunTime:0.059213s ]
[ sql ] [ SQL ] SELECT COUNT(*) AS tp_count FROM `yh_b_article` WHERE  `yh_b_article`.`delete_time` IS NULL  AND (  article_title like '%%' ) LIMIT 1 [ RunTime:0.059033s ]

---------------------------------------------------------------
[ 2018-01-21T13:31:50+08:00 ] 60.205.47.19 111.206.221.110 GET /sponsorinfo
[ log ] www.yuhal.com/sponsorinfo [运行时间：0.184983s][吞吐率：5.41req/s] [内存消耗：2,134.77kb] [文件加载：36]
[ info ] [ SESSION ] INIT array (
  'id' => '',
  'var_session_id' => '',
  'prefix' => 'think',
  'type' => '',
  'auto_start' => true,
)
[ info ] [ DB ] INIT mysql
[ info ] [ LANG ] /data/home/bxu2713790162/htdocs/thinkphp/lang/zh-cn.php
[ info ] [ ROUTE ] array (
  'type' => 'module',
  'module' => 
  array (
    0 => 'blog',
    1 => 'error',
    2 => 'index',
  ),
  'convert' => false,
)
[ info ] [ HEADER ] array (
  'accept' => 'application/json, text/javascript, */*; q=0.01',
  'accept-language' => 'zh-CN,zh;q=0.8,en-US;q=0.5,en;q=0.3',
  'host' => 'www.yuhal.com',
  'proxy-connection' => 'keep-alive',
  'referer' => 'http://www.yuhal.com/',
  'resource-type' => '13',
  'user-agent' => 'Mozilla/5.0 (Windows NT 10.0; WOW64) AppleWebKit/537.36 (KHTML, like Gecko) Chrome/45.0.2454.93 Safari/537.36',
  'x-devtools-emulate-network-conditions-client-id' => '869245e4-690a-463b-8ce8-6580d5c4e69f',
  'x-requested-with' => 'XMLHttpRequest',
)
[ info ] [ PARAM ] array (
)
[ info ] [ RUN ] app\blog\controller\Error->index[ /data/home/bxu2713790162/htdocs/application/blog/controller/Error.php ]
[ info ] [ VIEW ] /data/home/bxu2713790162/htdocs/application/blog/view/error/error.html [ array (
  0 => 'code',
  1 => 'msg',
) ]
[ info ] [ LOG ] INIT File

---------------------------------------------------------------
[ 2018-01-21T13:31:50+08:00 ] 60.205.47.19 111.206.221.4 GET /informationinfo
[ log ] www.yuhal.com/informationinfo [运行时间：0.593860s][吞吐率：1.68req/s] [内存消耗：3,318.13kb] [文件加载：46]
[ info ] [ SESSION ] INIT array (
  'id' => '',
  'var_session_id' => '',
  'prefix' => 'think',
  'type' => '',
  'auto_start' => true,
)
[ info ] [ DB ] INIT mysql
[ info ] [ LANG ] /data/home/bxu2713790162/htdocs/thinkphp/lang/zh-cn.php
[ info ] [ ROUTE ] array (
  'type' => 'module',
  'module' => 
  array (
    0 => 'blog',
    1 => 'information',
    2 => 'informationinfo',
  ),
  'convert' => false,
)
[ info ] [ HEADER ] array (
  'accept' => 'application/json, text/javascript, */*; q=0.01',
  'accept-language' => 'zh-CN,zh;q=0.8,en-US;q=0.5,en;q=0.3',
  'host' => 'www.yuhal.com',
  'proxy-connection' => 'keep-alive',
  'referer' => 'http://www.yuhal.com/',
  'resource-type' => '13',
  'user-agent' => 'Mozilla/5.0 (Windows NT 10.0; WOW64) AppleWebKit/537.36 (KHTML, like Gecko) Chrome/45.0.2454.93 Safari/537.36',
  'x-devtools-emulate-network-conditions-client-id' => '869245e4-690a-463b-8ce8-6580d5c4e69f',
  'x-requested-with' => 'XMLHttpRequest',
)
[ info ] [ PARAM ] array (
)
[ info ] [ DB ] INIT mysql
[ info ] [ RUN ] app\blog\controller\Information->informationinfo[ /data/home/bxu2713790162/htdocs/application/blog/controller/Information.php ]
[ info ] [ LOG ] INIT File
[ sql ] [ DB ] CONNECT:[ UseTime:0.100852s ] mysql:dbname=yuhal;host=118.31.23.98;port=3306;charset=utf8
[ sql ] [ SQL ] SHOW COLUMNS FROM `yh_b_tags` [ RunTime:0.067763s ]
[ sql ] [ SQL ] SELECT `value` FROM `yh_b_tags` WHERE  `yh_b_tags`.`delete_time` IS NULL ORDER BY update_time desc [ RunTime:0.067331s ]
[ sql ] [ SQL ] SHOW COLUMNS FROM `yh_b_information` [ RunTime:0.068104s ]
[ sql ] [ SQL ] SELECT * FROM `yh_b_information` ORDER BY rand() LIMIT 5 [ RunTime:0.067551s ]

---------------------------------------------------------------
[ 2018-01-21T14:10:57+08:00 ] 60.205.47.19 123.125.67.166 GET /robots.txt
[ log ] yuhal.com/robots.txt [运行时间：0.183144s][吞吐率：5.46req/s] [内存消耗：2,120.69kb] [文件加载：35]
[ info ] [ SESSION ] INIT array (
  'id' => '',
  'var_session_id' => '',
  'prefix' => 'think',
  'type' => '',
  'auto_start' => true,
)
[ info ] [ DB ] INIT mysql
[ info ] [ LANG ] /data/home/bxu2713790162/htdocs/thinkphp/lang/zh-cn.php
[ info ] [ ROUTE ] array (
  'type' => 'module',
  'module' => 
  array (
    0 => 'blog',
    1 => 'error',
    2 => 'index',
  ),
  'convert' => false,
)
[ info ] [ HEADER ] array (
  'accept' => '*/*',
  'accept-encoding' => 'gzip',
  'accept-language' => 'zh-cn,zh-tw',
  'connection' => 'close',
  'host' => 'yuhal.com',
  'user-agent' => 'Mozilla/5.0 (Windows NT 10.0; WOW64) AppleWebKit/537.36 (KHTML, like Gecko) Chrome/45.0.2454.93 Safari/537.36',
)
[ info ] [ PARAM ] array (
)
[ info ] [ RUN ] app\blog\controller\Error->index[ /data/home/bxu2713790162/htdocs/application/blog/controller/Error.php ]
[ info ] [ VIEW ] /data/home/bxu2713790162/htdocs/application/blog/view/error/error.html [ array (
  0 => 'code',
  1 => 'msg',
) ]
[ info ] [ LOG ] INIT File

---------------------------------------------------------------
[ 2018-01-21T15:34:34+08:00 ] 60.205.47.19 203.208.60.227 GET /robots.txt
[ log ] www.yuhal.com/robots.txt [运行时间：0.183034s][吞吐率：5.46req/s] [内存消耗：2,120.37kb] [文件加载：35]
[ info ] [ SESSION ] INIT array (
  'id' => '',
  'var_session_id' => '',
  'prefix' => 'think',
  'type' => '',
  'auto_start' => true,
)
[ info ] [ DB ] INIT mysql
[ info ] [ LANG ] /data/home/bxu2713790162/htdocs/thinkphp/lang/zh-cn.php
[ info ] [ ROUTE ] array (
  'type' => 'module',
  'module' => 
  array (
    0 => 'blog',
    1 => 'error',
    2 => 'index',
  ),
  'convert' => false,
)
[ info ] [ HEADER ] array (
  'accept' => 'text/plain,text/html,*/*',
  'accept-encoding' => 'gzip,deflate,br',
  'connection' => 'keep-alive',
  'host' => 'www.yuhal.com',
  'user-agent' => 'Mozilla/5.0 (compatible; Googlebot/2.1; +http://www.google.com/bot.html)',
)
[ info ] [ PARAM ] array (
)
[ info ] [ RUN ] app\blog\controller\Error->index[ /data/home/bxu2713790162/htdocs/application/blog/controller/Error.php ]
[ info ] [ VIEW ] /data/home/bxu2713790162/htdocs/application/blog/view/error/error.html [ array (
  0 => 'code',
  1 => 'msg',
) ]
[ info ] [ LOG ] INIT File

---------------------------------------------------------------
[ 2018-01-21T15:34:36+08:00 ] 60.205.47.19 203.208.60.227 GET /
[ log ] www.yuhal.com/ [运行时间：1.135562s][吞吐率：0.88req/s] [内存消耗：3,336.31kb] [文件加载：46]
[ info ] [ SESSION ] INIT array (
  'id' => '',
  'var_session_id' => '',
  'prefix' => 'think',
  'type' => '',
  'auto_start' => true,
)
[ info ] [ DB ] INIT mysql
[ info ] [ LANG ] /data/home/bxu2713790162/htdocs/thinkphp/lang/zh-cn.php
[ info ] [ ROUTE ] array (
  'type' => 'module',
  'module' => 
  array (
    0 => 'blog',
    1 => 'index',
    2 => 'index',
  ),
  'convert' => false,
)
[ info ] [ HEADER ] array (
  'accept' => 'text/html,application/xhtml+xml,application/xml;q=0.9,*/*;q=0.8',
  'accept-encoding' => 'gzip,deflate,br',
  'connection' => 'keep-alive',
  'from' => 'googlebot(at)googlebot.com',
  'host' => 'www.yuhal.com',
  'user-agent' => 'Mozilla/5.0 (Linux; Android 6.0.1; Nexus 5X Build/MMB29P) AppleWebKit/537.36 (KHTML, like Gecko) Chrome/41.0.2272.96 Mobile Safari/537.36 (compatible; Googlebot/2.1; +http://www.google.com/bot.html)',
)
[ info ] [ PARAM ] array (
)
[ info ] [ DB ] INIT mysql
[ info ] [ RUN ] app\blog\controller\Index->index[ /data/home/bxu2713790162/htdocs/application/blog/controller/Index.php ]
[ info ] [ VIEW ] /data/home/bxu2713790162/htdocs/application/blog/view/index/index.html [ array (
  0 => 'Tag',
  1 => 'Information',
  2 => 'User',
  3 => 'allart',
  4 => 'p',
  5 => 'page',
  6 => 'title',
) ]
[ info ] [ LOG ] INIT File
[ sql ] [ DB ] CONNECT:[ UseTime:0.100860s ] mysql:dbname=yuhal;host=118.31.23.98;port=3306;charset=utf8
[ sql ] [ SQL ] SHOW COLUMNS FROM `yh_b_tags` [ RunTime:0.068308s ]
[ sql ] [ SQL ] SELECT `value` FROM `yh_b_tags` WHERE  `yh_b_tags`.`delete_time` IS NULL ORDER BY update_time desc [ RunTime:0.067341s ]
[ sql ] [ SQL ] SHOW COLUMNS FROM `yh_b_information` [ RunTime:0.067749s ]
[ sql ] [ SQL ] SELECT * FROM `yh_b_information` ORDER BY rand() LIMIT 5 [ RunTime:0.067407s ]
[ sql ] [ SQL ] SHOW COLUMNS FROM `yh_b_article` [ RunTime:0.067764s ]
[ sql ] [ SQL ] SELECT `a`.`article_id`,`a`.`tag_ids`,`a`.`article_title`,`a`.`create_time`,`a`.`note`,`b`.`value`,`b`.`color` FROM `yh_b_article` `a` INNER JOIN `yh_b_article_type` `b` ON `b`.`id`=`a`.`type_id` WHERE  `a`.`delete_time` IS NULL  AND (  article_title like '%%' ) ORDER BY a.create_time desc LIMIT 0,5 [ RunTime:0.067654s ]
[ sql ] [ SQL ] select a.path from yh_s_picture as a left join yh_s_group as b on a.group_id=b.id where b.value='博客' order by rand() limit 1 [ RunTime:0.067556s ]
[ sql ] [ SQL ] select a.path from yh_s_picture as a left join yh_s_group as b on a.group_id=b.id where b.value='博客' order by rand() limit 1 [ RunTime:0.067539s ]
[ sql ] [ SQL ] select a.path from yh_s_picture as a left join yh_s_group as b on a.group_id=b.id where b.value='博客' order by rand() limit 1 [ RunTime:0.067611s ]
[ sql ] [ SQL ] select a.path from yh_s_picture as a left join yh_s_group as b on a.group_id=b.id where b.value='博客' order by rand() limit 1 [ RunTime:0.067798s ]
[ sql ] [ SQL ] select a.path from yh_s_picture as a left join yh_s_group as b on a.group_id=b.id where b.value='博客' order by rand() limit 1 [ RunTime:0.067598s ]
[ sql ] [ SQL ] SELECT COUNT(*) AS tp_count FROM `yh_b_article` WHERE  `yh_b_article`.`delete_time` IS NULL  AND (  article_title like '%%' ) LIMIT 1 [ RunTime:0.067409s ]

---------------------------------------------------------------
[ 2018-01-21T15:34:45+08:00 ] 60.205.47.19 203.208.60.227 GET /sponsorinfo
[ log ] www.yuhal.com/sponsorinfo [运行时间：0.030114s][吞吐率：33.21req/s] [内存消耗：1,737.16kb] [文件加载：33]
[ info ] [ SESSION ] INIT array (
  'id' => '',
  'var_session_id' => '',
  'prefix' => 'think',
  'type' => '',
  'auto_start' => true,
)
[ info ] [ LANG ] /data/home/bxu2713790162/htdocs/thinkphp/lang/zh-cn.php
[ info ] [ ROUTE ] array (
  'type' => 'module',
  'module' => 
  array (
    0 => 'blog',
    1 => 'error',
    2 => 'index',
  ),
  'convert' => false,
)
[ info ] [ HEADER ] array (
  'accept' => '*/*,application/json, text/javascript, */*; q=0.01',
  'accept-encoding' => 'gzip,deflate,br',
  'accept-language' => 'en-US',
  'connection' => 'keep-alive',
  'cookie' => 'PHPSESSID=iptc61p2fv3a0ag5a1cv7e2824',
  'from' => 'googlebot(at)googlebot.com',
  'host' => 'www.yuhal.com',
  'referer' => 'http://www.yuhal.com/',
  'user-agent' => 'Mozilla/5.0 (Linux; Android 6.0.1; Nexus 5X Build/MMB29P) AppleWebKit/537.36 (KHTML, like Gecko) Chrome/41.0.2272.96 Mobile Safari/537.36 (compatible; Googlebot/2.1; +http://www.google.com/bot.html)',
  'x-requested-with' => 'XMLHttpRequest',
)
[ info ] [ PARAM ] array (
)
[ info ] [ RUN ] app\blog\controller\Error->index[ /data/home/bxu2713790162/htdocs/application/blog/controller/Error.php ]
[ info ] [ VIEW ] /data/home/bxu2713790162/htdocs/application/blog/view/error/error.html [ array (
  0 => 'code',
  1 => 'msg',
) ]
[ info ] [ LOG ] INIT File

---------------------------------------------------------------
[ 2018-01-21T15:34:47+08:00 ] 60.205.47.19 203.208.60.227 GET /informationinfo
[ log ] www.yuhal.com/informationinfo [运行时间：0.381755s][吞吐率：2.62req/s] [内存消耗：3,115.10kb] [文件加载：46]
[ info ] [ SESSION ] INIT array (
  'id' => '',
  'var_session_id' => '',
  'prefix' => 'think',
  'type' => '',
  'auto_start' => true,
)
[ info ] [ LANG ] /data/home/bxu2713790162/htdocs/thinkphp/lang/zh-cn.php
[ info ] [ ROUTE ] array (
  'type' => 'module',
  'module' => 
  array (
    0 => 'blog',
    1 => 'information',
    2 => 'informationinfo',
  ),
  'convert' => false,
)
[ info ] [ HEADER ] array (
  'accept' => '*/*,application/json, text/javascript, */*; q=0.01',
  'accept-encoding' => 'gzip,deflate,br',
  'accept-language' => 'en-US',
  'connection' => 'keep-alive',
  'cookie' => 'PHPSESSID=iptc61p2fv3a0ag5a1cv7e2824',
  'from' => 'googlebot(at)googlebot.com',
  'host' => 'www.yuhal.com',
  'referer' => 'http://www.yuhal.com/',
  'user-agent' => 'Mozilla/5.0 (compatible; Googlebot/2.1; +http://www.google.com/bot.html)',
  'x-requested-with' => 'XMLHttpRequest',
)
[ info ] [ PARAM ] array (
)
[ info ] [ DB ] INIT mysql
[ info ] [ RUN ] app\blog\controller\Information->informationinfo[ /data/home/bxu2713790162/htdocs/application/blog/controller/Information.php ]
[ info ] [ LOG ] INIT File
[ sql ] [ DB ] CONNECT:[ UseTime:0.091198s ] mysql:dbname=yuhal;host=118.31.23.98;port=3306;charset=utf8
[ sql ] [ SQL ] SHOW COLUMNS FROM `yh_b_tags` [ RunTime:0.059715s ]
[ sql ] [ SQL ] SELECT `value` FROM `yh_b_tags` WHERE  `yh_b_tags`.`delete_time` IS NULL ORDER BY update_time desc [ RunTime:0.059121s ]
[ sql ] [ SQL ] SHOW COLUMNS FROM `yh_b_information` [ RunTime:0.059416s ]
[ sql ] [ SQL ] SELECT * FROM `yh_b_information` ORDER BY rand() LIMIT 5 [ RunTime:0.059147s ]

---------------------------------------------------------------
[ 2018-01-21T15:34:50+08:00 ] 60.205.47.19 203.208.60.227 GET /informationinfo
[ log ] www.yuhal.com/informationinfo [运行时间：0.420567s][吞吐率：2.38req/s] [内存消耗：3,115.16kb] [文件加载：46]
[ info ] [ SESSION ] INIT array (
  'id' => '',
  'var_session_id' => '',
  'prefix' => 'think',
  'type' => '',
  'auto_start' => true,
)
[ info ] [ LANG ] /data/home/bxu2713790162/htdocs/thinkphp/lang/zh-cn.php
[ info ] [ ROUTE ] array (
  'type' => 'module',
  'module' => 
  array (
    0 => 'blog',
    1 => 'information',
    2 => 'informationinfo',
  ),
  'convert' => false,
)
[ info ] [ HEADER ] array (
  'accept' => '*/*,application/json, text/javascript, */*; q=0.01',
  'accept-encoding' => 'gzip,deflate,br',
  'accept-language' => 'en-US',
  'connection' => 'keep-alive',
  'cookie' => 'PHPSESSID=iptc61p2fv3a0ag5a1cv7e2824',
  'from' => 'googlebot(at)googlebot.com',
  'host' => 'www.yuhal.com',
  'referer' => 'http://www.yuhal.com/',
  'user-agent' => 'Mozilla/5.0 (Linux; Android 6.0.1; Nexus 5X Build/MMB29P) AppleWebKit/537.36 (KHTML, like Gecko) Chrome/41.0.2272.96 Mobile Safari/537.36 (compatible; Googlebot/2.1; +http://www.google.com/bot.html)',
  'x-requested-with' => 'XMLHttpRequest',
)
[ info ] [ PARAM ] array (
)
[ info ] [ DB ] INIT mysql
[ info ] [ RUN ] app\blog\controller\Information->informationinfo[ /data/home/bxu2713790162/htdocs/application/blog/controller/Information.php ]
[ info ] [ LOG ] INIT File
[ sql ] [ DB ] CONNECT:[ UseTime:0.103258s ] mysql:dbname=yuhal;host=118.31.23.98;port=3306;charset=utf8
[ sql ] [ SQL ] SHOW COLUMNS FROM `yh_b_tags` [ RunTime:0.067694s ]
[ sql ] [ SQL ] SELECT `value` FROM `yh_b_tags` WHERE  `yh_b_tags`.`delete_time` IS NULL ORDER BY update_time desc [ RunTime:0.067247s ]
[ sql ] [ SQL ] SHOW COLUMNS FROM `yh_b_information` [ RunTime:0.067659s ]
[ sql ] [ SQL ] SELECT * FROM `yh_b_information` ORDER BY rand() LIMIT 5 [ RunTime:0.067317s ]

---------------------------------------------------------------
[ 2018-01-21T16:27:16+08:00 ] 60.205.47.19 184.174.119.85 GET /
[ log ] yuhal.com/ [运行时间：1.021000s][吞吐率：0.98req/s] [内存消耗：3,335.74kb] [文件加载：46]
[ info ] [ SESSION ] INIT array (
  'id' => '',
  'var_session_id' => '',
  'prefix' => 'think',
  'type' => '',
  'auto_start' => true,
)
[ info ] [ DB ] INIT mysql
[ info ] [ LANG ] /data/home/bxu2713790162/htdocs/thinkphp/lang/zh-cn.php
[ info ] [ ROUTE ] array (
  'type' => 'module',
  'module' => 
  array (
    0 => 'blog',
    1 => 'index',
    2 => 'index',
  ),
  'convert' => false,
)
[ info ] [ HEADER ] array (
  'accept' => '*/*',
  'accept-encoding' => 'gzip',
  'connection' => 'keep-alive',
  'host' => 'yuhal.com',
  'user-agent' => 'Mozilla/5.0 (Macintosh; Intel Mac OS X 10_12_5) AppleWebKit/537.36 (KHTML, like Gecko) Chrome/58.0.3029.110 Safari/537.36',
)
[ info ] [ PARAM ] array (
)
[ info ] [ DB ] INIT mysql
[ info ] [ RUN ] app\blog\controller\Index->index[ /data/home/bxu2713790162/htdocs/application/blog/controller/Index.php ]
[ info ] [ VIEW ] /data/home/bxu2713790162/htdocs/application/blog/view/index/index.html [ array (
  0 => 'Tag',
  1 => 'Information',
  2 => 'User',
  3 => 'allart',
  4 => 'p',
  5 => 'page',
  6 => 'title',
) ]
[ info ] [ LOG ] INIT File
[ sql ] [ DB ] CONNECT:[ UseTime:0.090099s ] mysql:dbname=yuhal;host=118.31.23.98;port=3306;charset=utf8
[ sql ] [ SQL ] SHOW COLUMNS FROM `yh_b_tags` [ RunTime:0.060832s ]
[ sql ] [ SQL ] SELECT `value` FROM `yh_b_tags` WHERE  `yh_b_tags`.`delete_time` IS NULL ORDER BY update_time desc [ RunTime:0.060213s ]
[ sql ] [ SQL ] SHOW COLUMNS FROM `yh_b_information` [ RunTime:0.060683s ]
[ sql ] [ SQL ] SELECT * FROM `yh_b_information` ORDER BY rand() LIMIT 5 [ RunTime:0.060249s ]
[ sql ] [ SQL ] SHOW COLUMNS FROM `yh_b_article` [ RunTime:0.060680s ]
[ sql ] [ SQL ] SELECT `a`.`article_id`,`a`.`tag_ids`,`a`.`article_title`,`a`.`create_time`,`a`.`note`,`b`.`value`,`b`.`color` FROM `yh_b_article` `a` INNER JOIN `yh_b_article_type` `b` ON `b`.`id`=`a`.`type_id` WHERE  `a`.`delete_time` IS NULL  AND (  article_title like '%%' ) ORDER BY a.create_time desc LIMIT 0,5 [ RunTime:0.060449s ]
[ sql ] [ SQL ] select a.path from yh_s_picture as a left join yh_s_group as b on a.group_id=b.id where b.value='博客' order by rand() limit 1 [ RunTime:0.060641s ]
[ sql ] [ SQL ] select a.path from yh_s_picture as a left join yh_s_group as b on a.group_id=b.id where b.value='博客' order by rand() limit 1 [ RunTime:0.060503s ]
[ sql ] [ SQL ] select a.path from yh_s_picture as a left join yh_s_group as b on a.group_id=b.id where b.value='博客' order by rand() limit 1 [ RunTime:0.060497s ]
[ sql ] [ SQL ] select a.path from yh_s_picture as a left join yh_s_group as b on a.group_id=b.id where b.value='博客' order by rand() limit 1 [ RunTime:0.060375s ]
[ sql ] [ SQL ] select a.path from yh_s_picture as a left join yh_s_group as b on a.group_id=b.id where b.value='博客' order by rand() limit 1 [ RunTime:0.060369s ]
[ sql ] [ SQL ] SELECT COUNT(*) AS tp_count FROM `yh_b_article` WHERE  `yh_b_article`.`delete_time` IS NULL  AND (  article_title like '%%' ) LIMIT 1 [ RunTime:0.060249s ]

---------------------------------------------------------------
[ 2018-01-21T17:55:26+08:00 ] 60.205.47.19 203.208.60.146 GET /robots.txt
[ log ] yuhal.com/robots.txt [运行时间：0.184037s][吞吐率：5.43req/s] [内存消耗：2,120.23kb] [文件加载：35]
[ info ] [ SESSION ] INIT array (
  'id' => '',
  'var_session_id' => '',
  'prefix' => 'think',
  'type' => '',
  'auto_start' => true,
)
[ info ] [ DB ] INIT mysql
[ info ] [ LANG ] /data/home/bxu2713790162/htdocs/thinkphp/lang/zh-cn.php
[ info ] [ ROUTE ] array (
  'type' => 'module',
  'module' => 
  array (
    0 => 'blog',
    1 => 'error',
    2 => 'index',
  ),
  'convert' => false,
)
[ info ] [ HEADER ] array (
  'accept' => 'text/plain,text/html,*/*',
  'accept-encoding' => 'gzip,deflate,br',
  'connection' => 'keep-alive',
  'host' => 'yuhal.com',
  'user-agent' => 'Mozilla/5.0 (compatible; Googlebot/2.1; +http://www.google.com/bot.html)',
)
[ info ] [ PARAM ] array (
)
[ info ] [ RUN ] app\blog\controller\Error->index[ /data/home/bxu2713790162/htdocs/application/blog/controller/Error.php ]
[ info ] [ VIEW ] /data/home/bxu2713790162/htdocs/application/blog/view/error/error.html [ array (
  0 => 'code',
  1 => 'msg',
) ]
[ info ] [ LOG ] INIT File

---------------------------------------------------------------
[ 2018-01-21T17:55:28+08:00 ] 60.205.47.19 203.208.60.146 GET /
[ log ] yuhal.com/ [运行时间：1.102354s][吞吐率：0.91req/s] [内存消耗：3,336.36kb] [文件加载：46]
[ info ] [ SESSION ] INIT array (
  'id' => '',
  'var_session_id' => '',
  'prefix' => 'think',
  'type' => '',
  'auto_start' => true,
)
[ info ] [ DB ] INIT mysql
[ info ] [ LANG ] /data/home/bxu2713790162/htdocs/thinkphp/lang/zh-cn.php
[ info ] [ ROUTE ] array (
  'type' => 'module',
  'module' => 
  array (
    0 => 'blog',
    1 => 'index',
    2 => 'index',
  ),
  'convert' => false,
)
[ info ] [ HEADER ] array (
  'accept' => 'text/html,application/xhtml+xml,application/xml;q=0.9,*/*;q=0.8',
  'accept-encoding' => 'gzip,deflate,br',
  'connection' => 'keep-alive',
  'from' => 'googlebot(at)googlebot.com',
  'host' => 'yuhal.com',
  'user-agent' => 'Mozilla/5.0 (Linux; Android 6.0.1; Nexus 5X Build/MMB29P) AppleWebKit/537.36 (KHTML, like Gecko) Chrome/41.0.2272.96 Mobile Safari/537.36 (compatible; Googlebot/2.1; +http://www.google.com/bot.html)',
)
[ info ] [ PARAM ] array (
)
[ info ] [ DB ] INIT mysql
[ info ] [ RUN ] app\blog\controller\Index->index[ /data/home/bxu2713790162/htdocs/application/blog/controller/Index.php ]
[ info ] [ VIEW ] /data/home/bxu2713790162/htdocs/application/blog/view/index/index.html [ array (
  0 => 'Tag',
  1 => 'Information',
  2 => 'User',
  3 => 'allart',
  4 => 'p',
  5 => 'page',
  6 => 'title',
) ]
[ info ] [ LOG ] INIT File
[ sql ] [ DB ] CONNECT:[ UseTime:0.099021s ] mysql:dbname=yuhal;host=118.31.23.98;port=3306;charset=utf8
[ sql ] [ SQL ] SHOW COLUMNS FROM `yh_b_tags` [ RunTime:0.067692s ]
[ sql ] [ SQL ] SELECT `value` FROM `yh_b_tags` WHERE  `yh_b_tags`.`delete_time` IS NULL ORDER BY update_time desc [ RunTime:0.066224s ]
[ sql ] [ SQL ] SHOW COLUMNS FROM `yh_b_information` [ RunTime:0.066702s ]
[ sql ] [ SQL ] SELECT * FROM `yh_b_information` ORDER BY rand() LIMIT 5 [ RunTime:0.066248s ]
[ sql ] [ SQL ] SHOW COLUMNS FROM `yh_b_article` [ RunTime:0.066653s ]
[ sql ] [ SQL ] SELECT `a`.`article_id`,`a`.`tag_ids`,`a`.`article_title`,`a`.`create_time`,`a`.`note`,`b`.`value`,`b`.`color` FROM `yh_b_article` `a` INNER JOIN `yh_b_article_type` `b` ON `b`.`id`=`a`.`type_id` WHERE  `a`.`delete_time` IS NULL  AND (  article_title like '%%' ) ORDER BY a.create_time desc LIMIT 0,5 [ RunTime:0.066434s ]
[ sql ] [ SQL ] select a.path from yh_s_picture as a left join yh_s_group as b on a.group_id=b.id where b.value='博客' order by rand() limit 1 [ RunTime:0.066419s ]
[ sql ] [ SQL ] select a.path from yh_s_picture as a left join yh_s_group as b on a.group_id=b.id where b.value='博客' order by rand() limit 1 [ RunTime:0.066370s ]
[ sql ] [ SQL ] select a.path from yh_s_picture as a left join yh_s_group as b on a.group_id=b.id where b.value='博客' order by rand() limit 1 [ RunTime:0.066346s ]
[ sql ] [ SQL ] select a.path from yh_s_picture as a left join yh_s_group as b on a.group_id=b.id where b.value='博客' order by rand() limit 1 [ RunTime:0.066265s ]
[ sql ] [ SQL ] select a.path from yh_s_picture as a left join yh_s_group as b on a.group_id=b.id where b.value='博客' order by rand() limit 1 [ RunTime:0.066447s ]
[ sql ] [ SQL ] SELECT COUNT(*) AS tp_count FROM `yh_b_article` WHERE  `yh_b_article`.`delete_time` IS NULL  AND (  article_title like '%%' ) LIMIT 1 [ RunTime:0.066301s ]

---------------------------------------------------------------
[ 2018-01-21T17:55:35+08:00 ] 60.205.47.19 203.208.60.146 GET /informationinfo
[ log ] yuhal.com/informationinfo [运行时间：0.380834s][吞吐率：2.63req/s] [内存消耗：3,115.10kb] [文件加载：46]
[ info ] [ SESSION ] INIT array (
  'id' => '',
  'var_session_id' => '',
  'prefix' => 'think',
  'type' => '',
  'auto_start' => true,
)
[ info ] [ LANG ] /data/home/bxu2713790162/htdocs/thinkphp/lang/zh-cn.php
[ info ] [ ROUTE ] array (
  'type' => 'module',
  'module' => 
  array (
    0 => 'blog',
    1 => 'information',
    2 => 'informationinfo',
  ),
  'convert' => false,
)
[ info ] [ HEADER ] array (
  'accept' => '*/*,application/json, text/javascript, */*; q=0.01',
  'accept-encoding' => 'gzip,deflate,br',
  'accept-language' => 'en-US',
  'connection' => 'keep-alive',
  'cookie' => 'PHPSESSID=c9r446289410h3jm7lptpnnrl3',
  'from' => 'googlebot(at)googlebot.com',
  'host' => 'yuhal.com',
  'referer' => 'http://yuhal.com/',
  'user-agent' => 'Mozilla/5.0 (compatible; Googlebot/2.1; +http://www.google.com/bot.html)',
  'x-requested-with' => 'XMLHttpRequest',
)
[ info ] [ PARAM ] array (
)
[ info ] [ DB ] INIT mysql
[ info ] [ RUN ] app\blog\controller\Information->informationinfo[ /data/home/bxu2713790162/htdocs/application/blog/controller/Information.php ]
[ info ] [ LOG ] INIT File
[ sql ] [ DB ] CONNECT:[ UseTime:0.092313s ] mysql:dbname=yuhal;host=118.31.23.98;port=3306;charset=utf8
[ sql ] [ SQL ] SHOW COLUMNS FROM `yh_b_tags` [ RunTime:0.060991s ]
[ sql ] [ SQL ] SELECT `value` FROM `yh_b_tags` WHERE  `yh_b_tags`.`delete_time` IS NULL ORDER BY update_time desc [ RunTime:0.060271s ]
[ sql ] [ SQL ] SHOW COLUMNS FROM `yh_b_information` [ RunTime:0.060697s ]
[ sql ] [ SQL ] SELECT * FROM `yh_b_information` ORDER BY rand() LIMIT 5 [ RunTime:0.060310s ]

---------------------------------------------------------------
[ 2018-01-21T17:55:38+08:00 ] 60.205.47.19 203.208.60.146 GET /informationinfo
[ log ] yuhal.com/informationinfo [运行时间：0.426342s][吞吐率：2.35req/s] [内存消耗：3,115.20kb] [文件加载：46]
[ info ] [ SESSION ] INIT array (
  'id' => '',
  'var_session_id' => '',
  'prefix' => 'think',
  'type' => '',
  'auto_start' => true,
)
[ info ] [ LANG ] /data/home/bxu2713790162/htdocs/thinkphp/lang/zh-cn.php
[ info ] [ ROUTE ] array (
  'type' => 'module',
  'module' => 
  array (
    0 => 'blog',
    1 => 'information',
    2 => 'informationinfo',
  ),
  'convert' => false,
)
[ info ] [ HEADER ] array (
  'accept' => '*/*,application/json, text/javascript, */*; q=0.01',
  'accept-encoding' => 'gzip,deflate,br',
  'accept-language' => 'en-US',
  'connection' => 'keep-alive',
  'cookie' => 'PHPSESSID=c9r446289410h3jm7lptpnnrl3',
  'from' => 'googlebot(at)googlebot.com',
  'host' => 'yuhal.com',
  'referer' => 'http://yuhal.com/',
  'user-agent' => 'Mozilla/5.0 (Linux; Android 6.0.1; Nexus 5X Build/MMB29P) AppleWebKit/537.36 (KHTML, like Gecko) Chrome/41.0.2272.96 Mobile Safari/537.36 (compatible; Googlebot/2.1; +http://www.google.com/bot.html)',
  'x-requested-with' => 'XMLHttpRequest',
)
[ info ] [ PARAM ] array (
)
[ info ] [ DB ] INIT mysql
[ info ] [ RUN ] app\blog\controller\Information->informationinfo[ /data/home/bxu2713790162/htdocs/application/blog/controller/Information.php ]
[ info ] [ LOG ] INIT File
[ sql ] [ DB ] CONNECT:[ UseTime:0.104339s ] mysql:dbname=yuhal;host=118.31.23.98;port=3306;charset=utf8
[ sql ] [ SQL ] SHOW COLUMNS FROM `yh_b_tags` [ RunTime:0.068826s ]
[ sql ] [ SQL ] SELECT `value` FROM `yh_b_tags` WHERE  `yh_b_tags`.`delete_time` IS NULL ORDER BY update_time desc [ RunTime:0.068197s ]
[ sql ] [ SQL ] SHOW COLUMNS FROM `yh_b_information` [ RunTime:0.068781s ]
[ sql ] [ SQL ] SELECT * FROM `yh_b_information` ORDER BY rand() LIMIT 5 [ RunTime:0.068332s ]

---------------------------------------------------------------
[ 2018-01-21T17:56:29+08:00 ] 60.205.47.19 39.104.29.35 GET /
[ log ] yuhal.com/ [运行时间：1.041556s][吞吐率：0.96req/s] [内存消耗：3,336.05kb] [文件加载：46]
[ info ] [ SESSION ] INIT array (
  'id' => '',
  'var_session_id' => '',
  'prefix' => 'think',
  'type' => '',
  'auto_start' => true,
)
[ info ] [ DB ] INIT mysql
[ info ] [ LANG ] /data/home/bxu2713790162/htdocs/thinkphp/lang/zh-cn.php
[ info ] [ ROUTE ] array (
  'type' => 'module',
  'module' => 
  array (
    0 => 'blog',
    1 => 'index',
    2 => 'index',
  ),
  'convert' => false,
)
[ info ] [ HEADER ] array (
  'accept' => 'text/html, image/gif, image/jpeg, *; q=.2, */*; q=.2',
  'cache-control' => 'no-cache',
  'connection' => 'keep-alive',
  'host' => 'yuhal.com',
  'pragma' => 'no-cache',
  'user-agent' => 'Mozilla/5.0 (X11; Ubuntu; Linux x86_64; rv:36.0) Gecko/20100101 Firefox/36.0',
)
[ info ] [ PARAM ] array (
)
[ info ] [ DB ] INIT mysql
[ info ] [ RUN ] app\blog\controller\Index->index[ /data/home/bxu2713790162/htdocs/application/blog/controller/Index.php ]
[ info ] [ VIEW ] /data/home/bxu2713790162/htdocs/application/blog/view/index/index.html [ array (
  0 => 'Tag',
  1 => 'Information',
  2 => 'User',
  3 => 'allart',
  4 => 'p',
  5 => 'page',
  6 => 'title',
) ]
[ info ] [ LOG ] INIT File
[ sql ] [ DB ] CONNECT:[ UseTime:0.090139s ] mysql:dbname=yuhal;host=118.31.23.98;port=3306;charset=utf8
[ sql ] [ SQL ] SHOW COLUMNS FROM `yh_b_tags` [ RunTime:0.060871s ]
[ sql ] [ SQL ] SELECT `value` FROM `yh_b_tags` WHERE  `yh_b_tags`.`delete_time` IS NULL ORDER BY update_time desc [ RunTime:0.060465s ]
[ sql ] [ SQL ] SHOW COLUMNS FROM `yh_b_information` [ RunTime:0.060892s ]
[ sql ] [ SQL ] SELECT * FROM `yh_b_information` ORDER BY rand() LIMIT 5 [ RunTime:0.060365s ]
[ sql ] [ SQL ] SHOW COLUMNS FROM `yh_b_article` [ RunTime:0.060868s ]
[ sql ] [ SQL ] SELECT `a`.`article_id`,`a`.`tag_ids`,`a`.`article_title`,`a`.`create_time`,`a`.`note`,`b`.`value`,`b`.`color` FROM `yh_b_article` `a` INNER JOIN `yh_b_article_type` `b` ON `b`.`id`=`a`.`type_id` WHERE  `a`.`delete_time` IS NULL  AND (  article_title like '%%' ) ORDER BY a.create_time desc LIMIT 0,5 [ RunTime:0.060453s ]
[ sql ] [ SQL ] select a.path from yh_s_picture as a left join yh_s_group as b on a.group_id=b.id where b.value='博客' order by rand() limit 1 [ RunTime:0.060472s ]
[ sql ] [ SQL ] select a.path from yh_s_picture as a left join yh_s_group as b on a.group_id=b.id where b.value='博客' order by rand() limit 1 [ RunTime:0.060406s ]
[ sql ] [ SQL ] select a.path from yh_s_picture as a left join yh_s_group as b on a.group_id=b.id where b.value='博客' order by rand() limit 1 [ RunTime:0.060415s ]
[ sql ] [ SQL ] select a.path from yh_s_picture as a left join yh_s_group as b on a.group_id=b.id where b.value='博客' order by rand() limit 1 [ RunTime:0.060403s ]
[ sql ] [ SQL ] select a.path from yh_s_picture as a left join yh_s_group as b on a.group_id=b.id where b.value='博客' order by rand() limit 1 [ RunTime:0.060455s ]
[ sql ] [ SQL ] SELECT COUNT(*) AS tp_count FROM `yh_b_article` WHERE  `yh_b_article`.`delete_time` IS NULL  AND (  article_title like '%%' ) LIMIT 1 [ RunTime:0.060552s ]

---------------------------------------------------------------
[ 2018-01-21T18:58:03+08:00 ] 60.205.47.19 203.208.60.145 GET /robots.txt
[ log ] yuhal.com/robots.txt [运行时间：0.205267s][吞吐率：4.87req/s] [内存消耗：2,120.23kb] [文件加载：35]
[ info ] [ SESSION ] INIT array (
  'id' => '',
  'var_session_id' => '',
  'prefix' => 'think',
  'type' => '',
  'auto_start' => true,
)
[ info ] [ DB ] INIT mysql
[ info ] [ LANG ] /data/home/bxu2713790162/htdocs/thinkphp/lang/zh-cn.php
[ info ] [ ROUTE ] array (
  'type' => 'module',
  'module' => 
  array (
    0 => 'blog',
    1 => 'error',
    2 => 'index',
  ),
  'convert' => false,
)
[ info ] [ HEADER ] array (
  'accept' => 'text/plain,text/html,*/*',
  'accept-encoding' => 'gzip,deflate,br',
  'connection' => 'keep-alive',
  'host' => 'yuhal.com',
  'user-agent' => 'Mozilla/5.0 (compatible; Googlebot/2.1; +http://www.google.com/bot.html)',
)
[ info ] [ PARAM ] array (
)
[ info ] [ RUN ] app\blog\controller\Error->index[ /data/home/bxu2713790162/htdocs/application/blog/controller/Error.php ]
[ info ] [ VIEW ] /data/home/bxu2713790162/htdocs/application/blog/view/error/error.html [ array (
  0 => 'code',
  1 => 'msg',
) ]
[ info ] [ LOG ] INIT File

---------------------------------------------------------------
[ 2018-01-21T18:58:04+08:00 ] 60.205.47.19 203.208.60.148 GET /details/100
[ log ] yuhal.com/details/100 [运行时间：0.648733s][吞吐率：1.54req/s] [内存消耗：3,313.02kb] [文件加载：46]
[ info ] [ SESSION ] INIT array (
  'id' => '',
  'var_session_id' => '',
  'prefix' => 'think',
  'type' => '',
  'auto_start' => true,
)
[ info ] [ DB ] INIT mysql
[ info ] [ LANG ] /data/home/bxu2713790162/htdocs/thinkphp/lang/zh-cn.php
[ info ] [ ROUTE ] array (
  'type' => 'module',
  'module' => 
  array (
    0 => 'blog',
    1 => 'details',
    2 => 'index',
  ),
  'convert' => false,
)
[ info ] [ HEADER ] array (
  'accept' => 'text/html,application/xhtml+xml,application/xml;q=0.9,*/*;q=0.8',
  'accept-encoding' => 'gzip,deflate,br',
  'connection' => 'keep-alive',
  'from' => 'googlebot(at)googlebot.com',
  'host' => 'yuhal.com',
  'user-agent' => 'Mozilla/5.0 (compatible; Googlebot/2.1; +http://www.google.com/bot.html)',
)
[ info ] [ PARAM ] array (
  'id' => '100',
)
[ info ] [ DB ] INIT mysql
[ info ] [ RUN ] app\blog\controller\Details->index[ /data/home/bxu2713790162/htdocs/application/blog/controller/Details.php ]
[ info ] [ VIEW ] /data/home/bxu2713790162/htdocs/application/blog/view/error/error.html [ array (
  0 => 'Tag',
  1 => 'Information',
  2 => 'User',
  3 => 'code',
  4 => 'msg',
) ]
[ info ] [ LOG ] INIT File
[ sql ] [ DB ] CONNECT:[ UseTime:0.088719s ] mysql:dbname=yuhal;host=118.31.23.98;port=3306;charset=utf8
[ sql ] [ SQL ] SHOW COLUMNS FROM `yh_b_tags` [ RunTime:0.059718s ]
[ sql ] [ SQL ] SELECT `value` FROM `yh_b_tags` WHERE  `yh_b_tags`.`delete_time` IS NULL ORDER BY update_time desc [ RunTime:0.059320s ]
[ sql ] [ SQL ] SHOW COLUMNS FROM `yh_b_information` [ RunTime:0.059803s ]
[ sql ] [ SQL ] SELECT * FROM `yh_b_information` ORDER BY rand() LIMIT 5 [ RunTime:0.059332s ]
[ sql ] [ SQL ] SHOW COLUMNS FROM `yh_b_article` [ RunTime:0.059844s ]
[ sql ] [ SQL ] SELECT `a`.`article_title`,`a`.`create_time`,`a`.`note`,`b`.`color`,`b`.`show_type`,`b`.`value`,`a`.`article_id`,`a`.`tag_ids` FROM `yh_b_article` `a` INNER JOIN `yh_b_article_type` `b` ON `b`.`id`=`a`.`type_id` WHERE  `a`.`delete_time` IS NULL  AND (  article_id=100 ) LIMIT 1 [ RunTime:0.059501s ]

---------------------------------------------------------------
[ 2018-01-21T20:57:36+08:00 ] 60.205.47.19 199.30.228.132 GET /
[ log ] yuhal.com/ [运行时间：1.006317s][吞吐率：0.99req/s] [内存消耗：3,336.29kb] [文件加载：46]
[ info ] [ SESSION ] INIT array (
  'id' => '',
  'var_session_id' => '',
  'prefix' => 'think',
  'type' => '',
  'auto_start' => true,
)
[ info ] [ DB ] INIT mysql
[ info ] [ LANG ] /data/home/bxu2713790162/htdocs/thinkphp/lang/zh-cn.php
[ info ] [ ROUTE ] array (
  'type' => 'module',
  'module' => 
  array (
    0 => 'blog',
    1 => 'index',
    2 => 'index',
  ),
  'convert' => false,
)
[ info ] [ HEADER ] array (
  'accept' => 'text/html,application/xhtml+xml,application/xml;q=0.9,*/*;q=0.8',
  'accept-encoding' => 'gzip',
  'accept-language' => 'en-US,*',
  'connection' => 'Keep-Alive',
  'host' => 'yuhal.com',
  'user-agent' => 'Mozilla/5.0 (X11; Linux i686) AppleWebKit/534.34 (KHTML, like Gecko) Qt/4.8.4 Safari/534.34',
)
[ info ] [ PARAM ] array (
)
[ info ] [ DB ] INIT mysql
[ info ] [ RUN ] app\blog\controller\Index->index[ /data/home/bxu2713790162/htdocs/application/blog/controller/Index.php ]
[ info ] [ VIEW ] /data/home/bxu2713790162/htdocs/application/blog/view/index/index.html [ array (
  0 => 'Tag',
  1 => 'Information',
  2 => 'User',
  3 => 'allart',
  4 => 'p',
  5 => 'page',
  6 => 'title',
) ]
[ info ] [ LOG ] INIT File
[ sql ] [ DB ] CONNECT:[ UseTime:0.089986s ] mysql:dbname=yuhal;host=118.31.23.98;port=3306;charset=utf8
[ sql ] [ SQL ] SHOW COLUMNS FROM `yh_b_tags` [ RunTime:0.060812s ]
[ sql ] [ SQL ] SELECT `value` FROM `yh_b_tags` WHERE  `yh_b_tags`.`delete_time` IS NULL ORDER BY update_time desc [ RunTime:0.060134s ]
[ sql ] [ SQL ] SHOW COLUMNS FROM `yh_b_information` [ RunTime:0.060643s ]
[ sql ] [ SQL ] SELECT * FROM `yh_b_information` ORDER BY rand() LIMIT 5 [ RunTime:0.060155s ]
[ sql ] [ SQL ] SHOW COLUMNS FROM `yh_b_article` [ RunTime:0.060781s ]
[ sql ] [ SQL ] SELECT `a`.`article_id`,`a`.`tag_ids`,`a`.`article_title`,`a`.`create_time`,`a`.`note`,`b`.`value`,`b`.`color` FROM `yh_b_article` `a` INNER JOIN `yh_b_article_type` `b` ON `b`.`id`=`a`.`type_id` WHERE  `a`.`delete_time` IS NULL  AND (  article_title like '%%' ) ORDER BY a.create_time desc LIMIT 0,5 [ RunTime:0.060400s ]
[ sql ] [ SQL ] select a.path from yh_s_picture as a left join yh_s_group as b on a.group_id=b.id where b.value='博客' order by rand() limit 1 [ RunTime:0.060391s ]
[ sql ] [ SQL ] select a.path from yh_s_picture as a left join yh_s_group as b on a.group_id=b.id where b.value='博客' order by rand() limit 1 [ RunTime:0.060187s ]
[ sql ] [ SQL ] select a.path from yh_s_picture as a left join yh_s_group as b on a.group_id=b.id where b.value='博客' order by rand() limit 1 [ RunTime:0.060337s ]
[ sql ] [ SQL ] select a.path from yh_s_picture as a left join yh_s_group as b on a.group_id=b.id where b.value='博客' order by rand() limit 1 [ RunTime:0.060271s ]
[ sql ] [ SQL ] select a.path from yh_s_picture as a left join yh_s_group as b on a.group_id=b.id where b.value='博客' order by rand() limit 1 [ RunTime:0.060409s ]
[ sql ] [ SQL ] SELECT COUNT(*) AS tp_count FROM `yh_b_article` WHERE  `yh_b_article`.`delete_time` IS NULL  AND (  article_title like '%%' ) LIMIT 1 [ RunTime:0.060092s ]

---------------------------------------------------------------
[ 2018-01-21T20:57:38+08:00 ] 60.205.47.19 199.30.228.152 GET /informationinfo
[ log ] yuhal.com/informationinfo [运行时间：0.422207s][吞吐率：2.37req/s] [内存消耗：3,114.66kb] [文件加载：46]
[ info ] [ SESSION ] INIT array (
  'id' => '',
  'var_session_id' => '',
  'prefix' => 'think',
  'type' => '',
  'auto_start' => true,
)
[ info ] [ LANG ] /data/home/bxu2713790162/htdocs/thinkphp/lang/zh-cn.php
[ info ] [ ROUTE ] array (
  'type' => 'module',
  'module' => 
  array (
    0 => 'blog',
    1 => 'information',
    2 => 'informationinfo',
  ),
  'convert' => false,
)
[ info ] [ HEADER ] array (
  'accept' => 'application/json, text/javascript, */*; q=0.01',
  'accept-encoding' => 'gzip',
  'accept-language' => 'en-US,*',
  'connection' => 'Keep-Alive',
  'cookie' => 'PHPSESSID=6eh8jojuktt1ndio4bj4s1jt93',
  'host' => 'yuhal.com',
  'referer' => 'http://yuhal.com/',
  'user-agent' => 'Mozilla/5.0 (X11; Linux i686) AppleWebKit/534.34 (KHTML, like Gecko) Qt/4.8.4 Safari/534.34',
  'x-requested-with' => 'XMLHttpRequest',
)
[ info ] [ PARAM ] array (
)
[ info ] [ DB ] INIT mysql
[ info ] [ RUN ] app\blog\controller\Information->informationinfo[ /data/home/bxu2713790162/htdocs/application/blog/controller/Information.php ]
[ info ] [ LOG ] INIT File
[ sql ] [ DB ] CONNECT:[ UseTime:0.103093s ] mysql:dbname=yuhal;host=118.31.23.98;port=3306;charset=utf8
[ sql ] [ SQL ] SHOW COLUMNS FROM `yh_b_tags` [ RunTime:0.068223s ]
[ sql ] [ SQL ] SELECT `value` FROM `yh_b_tags` WHERE  `yh_b_tags`.`delete_time` IS NULL ORDER BY update_time desc [ RunTime:0.067426s ]
[ sql ] [ SQL ] SHOW COLUMNS FROM `yh_b_information` [ RunTime:0.068034s ]
[ sql ] [ SQL ] SELECT * FROM `yh_b_information` ORDER BY rand() LIMIT 5 [ RunTime:0.067441s ]

---------------------------------------------------------------
[ 2018-01-21T20:57:38+08:00 ] 60.205.47.19 199.30.228.152 GET /sponsorinfo
[ log ] yuhal.com/sponsorinfo [运行时间：0.031730s][吞吐率：31.52req/s] [内存消耗：1,735.98kb] [文件加载：33]
[ info ] [ SESSION ] INIT array (
  'id' => '',
  'var_session_id' => '',
  'prefix' => 'think',
  'type' => '',
  'auto_start' => true,
)
[ info ] [ LANG ] /data/home/bxu2713790162/htdocs/thinkphp/lang/zh-cn.php
[ info ] [ ROUTE ] array (
  'type' => 'module',
  'module' => 
  array (
    0 => 'blog',
    1 => 'error',
    2 => 'index',
  ),
  'convert' => false,
)
[ info ] [ HEADER ] array (
  'accept' => 'application/json, text/javascript, */*; q=0.01',
  'accept-encoding' => 'gzip',
  'accept-language' => 'en-US,*',
  'connection' => 'Keep-Alive',
  'cookie' => 'PHPSESSID=6eh8jojuktt1ndio4bj4s1jt93',
  'host' => 'yuhal.com',
  'referer' => 'http://yuhal.com/',
  'user-agent' => 'Mozilla/5.0 (X11; Linux i686) AppleWebKit/534.34 (KHTML, like Gecko) Qt/4.8.4 Safari/534.34',
  'x-requested-with' => 'XMLHttpRequest',
)
[ info ] [ PARAM ] array (
)
[ info ] [ RUN ] app\blog\controller\Error->index[ /data/home/bxu2713790162/htdocs/application/blog/controller/Error.php ]
[ info ] [ VIEW ] /data/home/bxu2713790162/htdocs/application/blog/view/error/error.html [ array (
  0 => 'code',
  1 => 'msg',
) ]
[ info ] [ LOG ] INIT File

---------------------------------------------------------------
[ 2018-01-21T21:04:29+08:00 ] 60.205.47.19 96.47.226.20 HEAD /
[ log ] yuhal.com/ [运行时间：1.045430s][吞吐率：0.96req/s] [内存消耗：3,335.48kb] [文件加载：46]
[ info ] [ SESSION ] INIT array (
  'id' => '',
  'var_session_id' => '',
  'prefix' => 'think',
  'type' => '',
  'auto_start' => true,
)
[ info ] [ DB ] INIT mysql
[ info ] [ LANG ] /data/home/bxu2713790162/htdocs/thinkphp/lang/zh-cn.php
[ info ] [ ROUTE ] array (
  'type' => 'module',
  'module' => 
  array (
    0 => 'blog',
    1 => 'index',
    2 => 'index',
  ),
  'convert' => false,
)
[ info ] [ HEADER ] array (
  'connection' => 'close',
  'host' => 'yuhal.com',
  'referer' => 'http://uptime-as.net/yuhal.com',
  'user-agent' => 'Mozilla/5.0 (compatible; Uptimebot/1.0; +http://www.uptime.com/uptimebot)',
)
[ info ] [ PARAM ] array (
)
[ info ] [ DB ] INIT mysql
[ info ] [ RUN ] app\blog\controller\Index->index[ /data/home/bxu2713790162/htdocs/application/blog/controller/Index.php ]
[ info ] [ VIEW ] /data/home/bxu2713790162/htdocs/application/blog/view/index/index.html [ array (
  0 => 'Tag',
  1 => 'Information',
  2 => 'User',
  3 => 'allart',
  4 => 'p',
  5 => 'page',
  6 => 'title',
) ]
[ info ] [ LOG ] INIT File
[ sql ] [ DB ] CONNECT:[ UseTime:0.089989s ] mysql:dbname=yuhal;host=118.31.23.98;port=3306;charset=utf8
[ sql ] [ SQL ] SHOW COLUMNS FROM `yh_b_tags` [ RunTime:0.060641s ]
[ sql ] [ SQL ] SELECT `value` FROM `yh_b_tags` WHERE  `yh_b_tags`.`delete_time` IS NULL ORDER BY update_time desc [ RunTime:0.060278s ]
[ sql ] [ SQL ] SHOW COLUMNS FROM `yh_b_information` [ RunTime:0.060548s ]
[ sql ] [ SQL ] SELECT * FROM `yh_b_information` ORDER BY rand() LIMIT 5 [ RunTime:0.060107s ]
[ sql ] [ SQL ] SHOW COLUMNS FROM `yh_b_article` [ RunTime:0.060472s ]
[ sql ] [ SQL ] SELECT `a`.`article_id`,`a`.`tag_ids`,`a`.`article_title`,`a`.`create_time`,`a`.`note`,`b`.`value`,`b`.`color` FROM `yh_b_article` `a` INNER JOIN `yh_b_article_type` `b` ON `b`.`id`=`a`.`type_id` WHERE  `a`.`delete_time` IS NULL  AND (  article_title like '%%' ) ORDER BY a.create_time desc LIMIT 0,5 [ RunTime:0.061170s ]
[ sql ] [ SQL ] select a.path from yh_s_picture as a left join yh_s_group as b on a.group_id=b.id where b.value='博客' order by rand() limit 1 [ RunTime:0.060332s ]
[ sql ] [ SQL ] select a.path from yh_s_picture as a left join yh_s_group as b on a.group_id=b.id where b.value='博客' order by rand() limit 1 [ RunTime:0.060187s ]
[ sql ] [ SQL ] select a.path from yh_s_picture as a left join yh_s_group as b on a.group_id=b.id where b.value='博客' order by rand() limit 1 [ RunTime:0.060229s ]
[ sql ] [ SQL ] select a.path from yh_s_picture as a left join yh_s_group as b on a.group_id=b.id where b.value='博客' order by rand() limit 1 [ RunTime:0.060319s ]
[ sql ] [ SQL ] select a.path from yh_s_picture as a left join yh_s_group as b on a.group_id=b.id where b.value='博客' order by rand() limit 1 [ RunTime:0.060256s ]
[ sql ] [ SQL ] SELECT COUNT(*) AS tp_count FROM `yh_b_article` WHERE  `yh_b_article`.`delete_time` IS NULL  AND (  article_title like '%%' ) LIMIT 1 [ RunTime:0.060130s ]

---------------------------------------------------------------
