[ 2018-02-03T00:40:46+08:00 ] 60.205.47.19 123.125.67.218 GET /robots.txt
[ log ] www.yuhal.com/robots.txt [运行时间：0.202531s][吞吐率：4.94req/s] [内存消耗：2,120.39kb] [文件加载：35]
[ info ] [ SESSION ] INIT array (
  'id' => '',
  'var_session_id' => '',
  'prefix' => 'think',
  'type' => '',
  'auto_start' => true,
)
[ info ] [ DB ] INIT mysql
[ info ] [ LANG ] /data/home/bxu2713790162/htdocs/thinkphp/lang/zh-cn.php
[ info ] [ ROUTE ] array (
  'type' => 'module',
  'module' => 
  array (
    0 => 'blog',
    1 => 'error',
    2 => 'index',
  ),
  'convert' => false,
)
[ info ] [ HEADER ] array (
  'accept' => '*/*',
  'accept-encoding' => 'gzip',
  'accept-language' => 'zh-cn,zh-tw',
  'connection' => 'close',
  'host' => 'www.yuhal.com',
  'user-agent' => 'Mozilla/5.0 (Windows NT 10.0; WOW64) AppleWebKit/537.36 (KHTML, like Gecko) Chrome/45.0.2454.93 Safari/537.36',
)
[ info ] [ PARAM ] array (
)
[ info ] [ RUN ] app\blog\controller\Error->index[ /data/home/bxu2713790162/htdocs/application/blog/controller/Error.php ]
[ info ] [ VIEW ] /data/home/bxu2713790162/htdocs/application/blog/view/error/error.html [ array (
  0 => 'code',
  1 => 'msg',
) ]
[ info ] [ LOG ] INIT File

---------------------------------------------------------------
[ 2018-02-03T00:43:58+08:00 ] 60.205.47.19 123.125.71.44 GET /
[ log ] www.yuhal.com/ [运行时间：1.021531s][吞吐率：0.98req/s] [内存消耗：3,335.87kb] [文件加载：46]
[ info ] [ SESSION ] INIT array (
  'id' => '',
  'var_session_id' => '',
  'prefix' => 'think',
  'type' => '',
  'auto_start' => true,
)
[ info ] [ DB ] INIT mysql
[ info ] [ LANG ] /data/home/bxu2713790162/htdocs/thinkphp/lang/zh-cn.php
[ info ] [ ROUTE ] array (
  'type' => 'module',
  'module' => 
  array (
    0 => 'blog',
    1 => 'index',
    2 => 'index',
  ),
  'convert' => false,
)
[ info ] [ HEADER ] array (
  'accept' => '*/*',
  'accept-encoding' => 'gzip',
  'accept-language' => 'zh-cn,zh-tw',
  'connection' => 'close',
  'host' => 'www.yuhal.com',
  'if-none-match' => '""15-556d88a041000""',
  'user-agent' => 'Mozilla/5.0 (compatible; Baiduspider/2.0; +http://www.baidu.com/search/spider.html)',
)
[ info ] [ PARAM ] array (
)
[ info ] [ DB ] INIT mysql
[ info ] [ RUN ] app\blog\controller\Index->index[ /data/home/bxu2713790162/htdocs/application/blog/controller/Index.php ]
[ info ] [ VIEW ] /data/home/bxu2713790162/htdocs/application/blog/view/index/index.html [ array (
  0 => 'Tag',
  1 => 'Information',
  2 => 'User',
  3 => 'allart',
  4 => 'p',
  5 => 'page',
  6 => 'title',
) ]
[ info ] [ LOG ] INIT File
[ sql ] [ DB ] CONNECT:[ UseTime:0.090281s ] mysql:dbname=yuhal;host=118.31.23.98;port=3306;charset=utf8
[ sql ] [ SQL ] SHOW COLUMNS FROM `yh_b_tags` [ RunTime:0.060784s ]
[ sql ] [ SQL ] SELECT `value` FROM `yh_b_tags` WHERE  `yh_b_tags`.`delete_time` IS NULL ORDER BY update_time desc [ RunTime:0.060261s ]
[ sql ] [ SQL ] SHOW COLUMNS FROM `yh_b_information` [ RunTime:0.060993s ]
[ sql ] [ SQL ] SELECT * FROM `yh_b_information` ORDER BY rand() LIMIT 5 [ RunTime:0.060434s ]
[ sql ] [ SQL ] SHOW COLUMNS FROM `yh_b_article` [ RunTime:0.060816s ]
[ sql ] [ SQL ] SELECT `a`.`article_id`,`a`.`tag_ids`,`a`.`article_title`,`a`.`create_time`,`a`.`note`,`b`.`value`,`b`.`color` FROM `yh_b_article` `a` INNER JOIN `yh_b_article_type` `b` ON `b`.`id`=`a`.`type_id` WHERE  `a`.`delete_time` IS NULL  AND (  article_title like '%%' ) ORDER BY a.create_time desc LIMIT 0,5 [ RunTime:0.060541s ]
[ sql ] [ SQL ] select a.path from yh_s_picture as a left join yh_s_group as b on a.group_id=b.id where b.value='博客' order by rand() limit 1 [ RunTime:0.060668s ]
[ sql ] [ SQL ] select a.path from yh_s_picture as a left join yh_s_group as b on a.group_id=b.id where b.value='博客' order by rand() limit 1 [ RunTime:0.060600s ]
[ sql ] [ SQL ] select a.path from yh_s_picture as a left join yh_s_group as b on a.group_id=b.id where b.value='博客' order by rand() limit 1 [ RunTime:0.060529s ]
[ sql ] [ SQL ] select a.path from yh_s_picture as a left join yh_s_group as b on a.group_id=b.id where b.value='博客' order by rand() limit 1 [ RunTime:0.060512s ]
[ sql ] [ SQL ] select a.path from yh_s_picture as a left join yh_s_group as b on a.group_id=b.id where b.value='博客' order by rand() limit 1 [ RunTime:0.060496s ]
[ sql ] [ SQL ] SELECT COUNT(*) AS tp_count FROM `yh_b_article` WHERE  `yh_b_article`.`delete_time` IS NULL  AND (  article_title like '%%' ) LIMIT 1 [ RunTime:0.060294s ]

---------------------------------------------------------------
[ 2018-02-03T00:44:10+08:00 ] 60.205.47.19 111.206.221.114 GET /sponsorinfo
[ log ] www.yuhal.com/sponsorinfo [运行时间：0.201059s][吞吐率：4.97req/s] [内存消耗：2,134.02kb] [文件加载：36]
[ info ] [ SESSION ] INIT array (
  'id' => '',
  'var_session_id' => '',
  'prefix' => 'think',
  'type' => '',
  'auto_start' => true,
)
[ info ] [ DB ] INIT mysql
[ info ] [ LANG ] /data/home/bxu2713790162/htdocs/thinkphp/lang/zh-cn.php
[ info ] [ ROUTE ] array (
  'type' => 'module',
  'module' => 
  array (
    0 => 'blog',
    1 => 'error',
    2 => 'index',
  ),
  'convert' => false,
)
[ info ] [ HEADER ] array (
  'accept' => 'application/json, text/javascript, */*; q=0.01',
  'accept-language' => 'zh-CN,zh;q=0.8,en-US;q=0.5,en;q=0.3',
  'host' => 'www.yuhal.com',
  'proxy-connection' => 'keep-alive',
  'referer' => 'http://www.yuhal.com/',
  'resource-type' => '13',
  'user-agent' => 'Mozilla/5.0 (iPhone; CPU iPhone OS 9_1 like Mac OS X) AppleWebKit/601.1.46 (KHTML, like Gecko) Version/9.0 Mobile/13B143 Safari/601.1 (compatible; Baiduspider-render/2.0; +http://www.baidu.com/search/spider.html)',
  'x-devtools-emulate-network-conditions-client-id' => '6994fe54-5daa-46dd-ad8d-e1c56edc3b67',
  'x-requested-with' => 'XMLHttpRequest',
)
[ info ] [ PARAM ] array (
)
[ info ] [ RUN ] app\blog\controller\Error->index[ /data/home/bxu2713790162/htdocs/application/blog/controller/Error.php ]
[ info ] [ VIEW ] /data/home/bxu2713790162/htdocs/application/blog/view/error/error.html [ array (
  0 => 'code',
  1 => 'msg',
) ]
[ info ] [ LOG ] INIT File

---------------------------------------------------------------
[ 2018-02-03T00:44:10+08:00 ] 60.205.47.19 111.206.198.31 GET /informationinfo
[ log ] www.yuhal.com/informationinfo [运行时间：0.592260s][吞吐率：1.69req/s] [内存消耗：3,317.47kb] [文件加载：46]
[ info ] [ SESSION ] INIT array (
  'id' => '',
  'var_session_id' => '',
  'prefix' => 'think',
  'type' => '',
  'auto_start' => true,
)
[ info ] [ DB ] INIT mysql
[ info ] [ LANG ] /data/home/bxu2713790162/htdocs/thinkphp/lang/zh-cn.php
[ info ] [ ROUTE ] array (
  'type' => 'module',
  'module' => 
  array (
    0 => 'blog',
    1 => 'information',
    2 => 'informationinfo',
  ),
  'convert' => false,
)
[ info ] [ HEADER ] array (
  'accept' => 'application/json, text/javascript, */*; q=0.01',
  'accept-language' => 'zh-CN,zh;q=0.8,en-US;q=0.5,en;q=0.3',
  'host' => 'www.yuhal.com',
  'proxy-connection' => 'keep-alive',
  'referer' => 'http://www.yuhal.com/',
  'resource-type' => '13',
  'user-agent' => 'Mozilla/5.0 (iPhone; CPU iPhone OS 9_1 like Mac OS X) AppleWebKit/601.1.46 (KHTML, like Gecko) Version/9.0 Mobile/13B143 Safari/601.1 (compatible; Baiduspider-render/2.0; +http://www.baidu.com/search/spider.html)',
  'x-devtools-emulate-network-conditions-client-id' => '6994fe54-5daa-46dd-ad8d-e1c56edc3b67',
  'x-requested-with' => 'XMLHttpRequest',
)
[ info ] [ PARAM ] array (
)
[ info ] [ DB ] INIT mysql
[ info ] [ RUN ] app\blog\controller\Information->informationinfo[ /data/home/bxu2713790162/htdocs/application/blog/controller/Information.php ]
[ info ] [ LOG ] INIT File
[ sql ] [ DB ] CONNECT:[ UseTime:0.099037s ] mysql:dbname=yuhal;host=118.31.23.98;port=3306;charset=utf8
[ sql ] [ SQL ] SHOW COLUMNS FROM `yh_b_tags` [ RunTime:0.066810s ]
[ sql ] [ SQL ] SELECT `value` FROM `yh_b_tags` WHERE  `yh_b_tags`.`delete_time` IS NULL ORDER BY update_time desc [ RunTime:0.066271s ]
[ sql ] [ SQL ] SHOW COLUMNS FROM `yh_b_information` [ RunTime:0.074282s ]
[ sql ] [ SQL ] SELECT * FROM `yh_b_information` ORDER BY rand() LIMIT 5 [ RunTime:0.066306s ]

---------------------------------------------------------------
[ 2018-02-03T01:08:14+08:00 ] 60.205.47.19 203.208.60.146 GET /robots.txt
[ log ] yuhal.com/robots.txt [运行时间：0.200873s][吞吐率：4.98req/s] [内存消耗：2,119.80kb] [文件加载：35]
[ info ] [ SESSION ] INIT array (
  'id' => '',
  'var_session_id' => '',
  'prefix' => 'think',
  'type' => '',
  'auto_start' => true,
)
[ info ] [ DB ] INIT mysql
[ info ] [ LANG ] /data/home/bxu2713790162/htdocs/thinkphp/lang/zh-cn.php
[ info ] [ ROUTE ] array (
  'type' => 'module',
  'module' => 
  array (
    0 => 'blog',
    1 => 'error',
    2 => 'index',
  ),
  'convert' => false,
)
[ info ] [ HEADER ] array (
  'accept' => 'text/plain,text/html,*/*',
  'accept-encoding' => 'gzip,deflate,br',
  'connection' => 'keep-alive',
  'host' => 'yuhal.com',
  'user-agent' => 'Mozilla/5.0 (compatible; Googlebot/2.1; +http://www.google.com/bot.html)',
)
[ info ] [ PARAM ] array (
)
[ info ] [ RUN ] app\blog\controller\Error->index[ /data/home/bxu2713790162/htdocs/application/blog/controller/Error.php ]
[ info ] [ VIEW ] /data/home/bxu2713790162/htdocs/application/blog/view/error/error.html [ array (
  0 => 'code',
  1 => 'msg',
) ]
[ info ] [ LOG ] INIT File

---------------------------------------------------------------
[ 2018-02-03T01:08:15+08:00 ] 60.205.47.19 203.208.60.146 GET /details/7
[ log ] yuhal.com/details/7 [运行时间：0.798573s][吞吐率：1.25req/s] [内存消耗：4,428.60kb] [文件加载：49]
[ info ] [ SESSION ] INIT array (
  'id' => '',
  'var_session_id' => '',
  'prefix' => 'think',
  'type' => '',
  'auto_start' => true,
)
[ info ] [ DB ] INIT mysql
[ info ] [ LANG ] /data/home/bxu2713790162/htdocs/thinkphp/lang/zh-cn.php
[ info ] [ ROUTE ] array (
  'type' => 'module',
  'module' => 
  array (
    0 => 'blog',
    1 => 'details',
    2 => 'index',
  ),
  'convert' => false,
)
[ info ] [ HEADER ] array (
  'accept' => 'text/html,application/xhtml+xml,application/xml;q=0.9,*/*;q=0.8',
  'accept-encoding' => 'gzip,deflate,br',
  'connection' => 'keep-alive',
  'from' => 'googlebot(at)googlebot.com',
  'host' => 'yuhal.com',
  'user-agent' => 'Mozilla/5.0 (compatible; Googlebot/2.1; +http://www.google.com/bot.html)',
)
[ info ] [ PARAM ] array (
  'id' => '7',
)
[ info ] [ DB ] INIT mysql
[ info ] [ RUN ] app\blog\controller\Details->index[ /data/home/bxu2713790162/htdocs/application/blog/controller/Details.php ]
[ info ] [ VIEW ] /data/home/bxu2713790162/htdocs/application/blog/view/index/about.html [ array (
  0 => 'Tag',
  1 => 'Information',
  2 => 'User',
  3 => 'content',
) ]
[ info ] [ LOG ] INIT File
[ sql ] [ DB ] CONNECT:[ UseTime:0.089491s ] mysql:dbname=yuhal;host=118.31.23.98;port=3306;charset=utf8
[ sql ] [ SQL ] SHOW COLUMNS FROM `yh_b_tags` [ RunTime:0.060184s ]
[ sql ] [ SQL ] SELECT `value` FROM `yh_b_tags` WHERE  `yh_b_tags`.`delete_time` IS NULL ORDER BY update_time desc [ RunTime:0.059752s ]
[ sql ] [ SQL ] SHOW COLUMNS FROM `yh_b_information` [ RunTime:0.060251s ]
[ sql ] [ SQL ] SELECT * FROM `yh_b_information` ORDER BY rand() LIMIT 5 [ RunTime:0.059828s ]
[ sql ] [ SQL ] SHOW COLUMNS FROM `yh_b_article` [ RunTime:0.060251s ]
[ sql ] [ SQL ] SELECT `a`.`article_title`,`a`.`create_time`,`a`.`note`,`b`.`color`,`b`.`show_type`,`b`.`value`,`a`.`article_id`,`a`.`tag_ids` FROM `yh_b_article` `a` INNER JOIN `yh_b_article_type` `b` ON `b`.`id`=`a`.`type_id` WHERE  `a`.`delete_time` IS NULL  AND (  article_id=7 ) LIMIT 1 [ RunTime:0.059948s ]
[ sql ] [ SQL ] SHOW COLUMNS FROM `yh_b_des` [ RunTime:0.060409s ]
[ sql ] [ SQL ] SELECT * FROM `yh_b_des` WHERE  (  pid=7 ) [ RunTime:0.059908s ]

---------------------------------------------------------------
[ 2018-02-03T04:39:15+08:00 ] 60.205.47.19 203.208.60.223 GET /robots.txt
[ log ] www.yuhal.com/robots.txt [运行时间：0.200672s][吞吐率：4.98req/s] [内存消耗：2,119.73kb] [文件加载：35]
[ info ] [ SESSION ] INIT array (
  'id' => '',
  'var_session_id' => '',
  'prefix' => 'think',
  'type' => '',
  'auto_start' => true,
)
[ info ] [ DB ] INIT mysql
[ info ] [ LANG ] /data/home/bxu2713790162/htdocs/thinkphp/lang/zh-cn.php
[ info ] [ ROUTE ] array (
  'type' => 'module',
  'module' => 
  array (
    0 => 'blog',
    1 => 'error',
    2 => 'index',
  ),
  'convert' => false,
)
[ info ] [ HEADER ] array (
  'accept' => 'text/plain,text/html,*/*',
  'accept-encoding' => 'gzip,deflate,br',
  'connection' => 'keep-alive',
  'host' => 'www.yuhal.com',
  'user-agent' => 'Mozilla/5.0 (compatible; Googlebot/2.1; +http://www.google.com/bot.html)',
)
[ info ] [ PARAM ] array (
)
[ info ] [ RUN ] app\blog\controller\Error->index[ /data/home/bxu2713790162/htdocs/application/blog/controller/Error.php ]
[ info ] [ VIEW ] /data/home/bxu2713790162/htdocs/application/blog/view/error/error.html [ array (
  0 => 'code',
  1 => 'msg',
) ]
[ info ] [ LOG ] INIT File

---------------------------------------------------------------
[ 2018-02-03T04:39:16+08:00 ] 60.205.47.19 203.208.60.223 GET /
[ log ] www.yuhal.com/ [运行时间：1.123812s][吞吐率：0.89req/s] [内存消耗：3,335.45kb] [文件加载：46]
[ info ] [ SESSION ] INIT array (
  'id' => '',
  'var_session_id' => '',
  'prefix' => 'think',
  'type' => '',
  'auto_start' => true,
)
[ info ] [ DB ] INIT mysql
[ info ] [ LANG ] /data/home/bxu2713790162/htdocs/thinkphp/lang/zh-cn.php
[ info ] [ ROUTE ] array (
  'type' => 'module',
  'module' => 
  array (
    0 => 'blog',
    1 => 'index',
    2 => 'index',
  ),
  'convert' => false,
)
[ info ] [ HEADER ] array (
  'accept' => 'text/html,application/xhtml+xml,application/xml;q=0.9,*/*;q=0.8',
  'accept-encoding' => 'gzip,deflate,br',
  'connection' => 'keep-alive',
  'from' => 'googlebot(at)googlebot.com',
  'host' => 'www.yuhal.com',
  'user-agent' => 'Mozilla/5.0 (compatible; Googlebot/2.1; +http://www.google.com/bot.html)',
)
[ info ] [ PARAM ] array (
)
[ info ] [ DB ] INIT mysql
[ info ] [ RUN ] app\blog\controller\Index->index[ /data/home/bxu2713790162/htdocs/application/blog/controller/Index.php ]
[ info ] [ VIEW ] /data/home/bxu2713790162/htdocs/application/blog/view/index/index.html [ array (
  0 => 'Tag',
  1 => 'Information',
  2 => 'User',
  3 => 'allart',
  4 => 'p',
  5 => 'page',
  6 => 'title',
) ]
[ info ] [ LOG ] INIT File
[ sql ] [ DB ] CONNECT:[ UseTime:0.099885s ] mysql:dbname=yuhal;host=118.31.23.98;port=3306;charset=utf8
[ sql ] [ SQL ] SHOW COLUMNS FROM `yh_b_tags` [ RunTime:0.067279s ]
[ sql ] [ SQL ] SELECT `value` FROM `yh_b_tags` WHERE  `yh_b_tags`.`delete_time` IS NULL ORDER BY update_time desc [ RunTime:0.066915s ]
[ sql ] [ SQL ] SHOW COLUMNS FROM `yh_b_information` [ RunTime:0.067152s ]
[ sql ] [ SQL ] SELECT * FROM `yh_b_information` ORDER BY rand() LIMIT 5 [ RunTime:0.066723s ]
[ sql ] [ SQL ] SHOW COLUMNS FROM `yh_b_article` [ RunTime:0.067252s ]
[ sql ] [ SQL ] SELECT `a`.`article_id`,`a`.`tag_ids`,`a`.`article_title`,`a`.`create_time`,`a`.`note`,`b`.`value`,`b`.`color` FROM `yh_b_article` `a` INNER JOIN `yh_b_article_type` `b` ON `b`.`id`=`a`.`type_id` WHERE  `a`.`delete_time` IS NULL  AND (  article_title like '%%' ) ORDER BY a.create_time desc LIMIT 0,5 [ RunTime:0.066900s ]
[ sql ] [ SQL ] select a.path from yh_s_picture as a left join yh_s_group as b on a.group_id=b.id where b.value='博客' order by rand() limit 1 [ RunTime:0.066960s ]
[ sql ] [ SQL ] select a.path from yh_s_picture as a left join yh_s_group as b on a.group_id=b.id where b.value='博客' order by rand() limit 1 [ RunTime:0.066882s ]
[ sql ] [ SQL ] select a.path from yh_s_picture as a left join yh_s_group as b on a.group_id=b.id where b.value='博客' order by rand() limit 1 [ RunTime:0.066846s ]
[ sql ] [ SQL ] select a.path from yh_s_picture as a left join yh_s_group as b on a.group_id=b.id where b.value='博客' order by rand() limit 1 [ RunTime:0.066956s ]
[ sql ] [ SQL ] select a.path from yh_s_picture as a left join yh_s_group as b on a.group_id=b.id where b.value='博客' order by rand() limit 1 [ RunTime:0.067027s ]
[ sql ] [ SQL ] SELECT COUNT(*) AS tp_count FROM `yh_b_article` WHERE  `yh_b_article`.`delete_time` IS NULL  AND (  article_title like '%%' ) LIMIT 1 [ RunTime:0.066812s ]

---------------------------------------------------------------
[ 2018-02-03T04:39:36+08:00 ] 60.205.47.19 203.208.60.223 GET /informationinfo
[ log ] www.yuhal.com/informationinfo [运行时间：0.418558s][吞吐率：2.39req/s] [内存消耗：3,114.52kb] [文件加载：46]
[ info ] [ SESSION ] INIT array (
  'id' => '',
  'var_session_id' => '',
  'prefix' => 'think',
  'type' => '',
  'auto_start' => true,
)
[ info ] [ LANG ] /data/home/bxu2713790162/htdocs/thinkphp/lang/zh-cn.php
[ info ] [ ROUTE ] array (
  'type' => 'module',
  'module' => 
  array (
    0 => 'blog',
    1 => 'information',
    2 => 'informationinfo',
  ),
  'convert' => false,
)
[ info ] [ HEADER ] array (
  'accept' => '*/*,application/json, text/javascript, */*; q=0.01',
  'accept-encoding' => 'gzip,deflate,br',
  'accept-language' => 'en-US',
  'connection' => 'keep-alive',
  'cookie' => 'PHPSESSID=edkj9ohig69435njgats2kto50',
  'from' => 'googlebot(at)googlebot.com',
  'host' => 'www.yuhal.com',
  'referer' => 'http://www.yuhal.com/',
  'user-agent' => 'Mozilla/5.0 (compatible; Googlebot/2.1; +http://www.google.com/bot.html)',
  'x-requested-with' => 'XMLHttpRequest',
)
[ info ] [ PARAM ] array (
)
[ info ] [ DB ] INIT mysql
[ info ] [ RUN ] app\blog\controller\Information->informationinfo[ /data/home/bxu2713790162/htdocs/application/blog/controller/Information.php ]
[ info ] [ LOG ] INIT File
[ sql ] [ DB ] CONNECT:[ UseTime:0.102090s ] mysql:dbname=yuhal;host=118.31.23.98;port=3306;charset=utf8
[ sql ] [ SQL ] SHOW COLUMNS FROM `yh_b_tags` [ RunTime:0.067521s ]
[ sql ] [ SQL ] SELECT `value` FROM `yh_b_tags` WHERE  `yh_b_tags`.`delete_time` IS NULL ORDER BY update_time desc [ RunTime:0.066880s ]
[ sql ] [ SQL ] SHOW COLUMNS FROM `yh_b_information` [ RunTime:0.067362s ]
[ sql ] [ SQL ] SELECT * FROM `yh_b_information` ORDER BY rand() LIMIT 5 [ RunTime:0.066772s ]

---------------------------------------------------------------
[ 2018-02-03T06:05:50+08:00 ] 60.205.47.19 180.97.79.145 HEAD /
[ log ] www.yuhal.com/ [运行时间：1.130192s][吞吐率：0.88req/s] [内存消耗：3,334.88kb] [文件加载：46]
[ info ] [ SESSION ] INIT array (
  'id' => '',
  'var_session_id' => '',
  'prefix' => 'think',
  'type' => '',
  'auto_start' => true,
)
[ info ] [ DB ] INIT mysql
[ info ] [ LANG ] /data/home/bxu2713790162/htdocs/thinkphp/lang/zh-cn.php
[ info ] [ ROUTE ] array (
  'type' => 'module',
  'module' => 
  array (
    0 => 'blog',
    1 => 'index',
    2 => 'index',
  ),
  'convert' => false,
)
[ info ] [ HEADER ] array (
  'accept' => '*/*',
  'accept-encoding' => 'gzip, deflate',
  'connection' => 'keep-alive',
  'host' => 'www.yuhal.com',
  'user-agent' => 'python-requests/2.18.1',
)
[ info ] [ PARAM ] array (
)
[ info ] [ DB ] INIT mysql
[ info ] [ RUN ] app\blog\controller\Index->index[ /data/home/bxu2713790162/htdocs/application/blog/controller/Index.php ]
[ info ] [ VIEW ] /data/home/bxu2713790162/htdocs/application/blog/view/index/index.html [ array (
  0 => 'Tag',
  1 => 'Information',
  2 => 'User',
  3 => 'allart',
  4 => 'p',
  5 => 'page',
  6 => 'title',
) ]
[ info ] [ LOG ] INIT File
[ sql ] [ DB ] CONNECT:[ UseTime:0.099228s ] mysql:dbname=yuhal;host=118.31.23.98;port=3306;charset=utf8
[ sql ] [ SQL ] SHOW COLUMNS FROM `yh_b_tags` [ RunTime:0.067256s ]
[ sql ] [ SQL ] SELECT `value` FROM `yh_b_tags` WHERE  `yh_b_tags`.`delete_time` IS NULL ORDER BY update_time desc [ RunTime:0.066241s ]
[ sql ] [ SQL ] SHOW COLUMNS FROM `yh_b_information` [ RunTime:0.066729s ]
[ sql ] [ SQL ] SELECT * FROM `yh_b_information` ORDER BY rand() LIMIT 5 [ RunTime:0.066434s ]
[ sql ] [ SQL ] SHOW COLUMNS FROM `yh_b_article` [ RunTime:0.066862s ]
[ sql ] [ SQL ] SELECT `a`.`article_id`,`a`.`tag_ids`,`a`.`article_title`,`a`.`create_time`,`a`.`note`,`b`.`value`,`b`.`color` FROM `yh_b_article` `a` INNER JOIN `yh_b_article_type` `b` ON `b`.`id`=`a`.`type_id` WHERE  `a`.`delete_time` IS NULL  AND (  article_title like '%%' ) ORDER BY a.create_time desc LIMIT 0,5 [ RunTime:0.066478s ]
[ sql ] [ SQL ] select a.path from yh_s_picture as a left join yh_s_group as b on a.group_id=b.id where b.value='博客' order by rand() limit 1 [ RunTime:0.068188s ]
[ sql ] [ SQL ] select a.path from yh_s_picture as a left join yh_s_group as b on a.group_id=b.id where b.value='博客' order by rand() limit 1 [ RunTime:0.066479s ]
[ sql ] [ SQL ] select a.path from yh_s_picture as a left join yh_s_group as b on a.group_id=b.id where b.value='博客' order by rand() limit 1 [ RunTime:0.066575s ]
[ sql ] [ SQL ] select a.path from yh_s_picture as a left join yh_s_group as b on a.group_id=b.id where b.value='博客' order by rand() limit 1 [ RunTime:0.066545s ]
[ sql ] [ SQL ] select a.path from yh_s_picture as a left join yh_s_group as b on a.group_id=b.id where b.value='博客' order by rand() limit 1 [ RunTime:0.066731s ]
[ sql ] [ SQL ] SELECT COUNT(*) AS tp_count FROM `yh_b_article` WHERE  `yh_b_article`.`delete_time` IS NULL  AND (  article_title like '%%' ) LIMIT 1 [ RunTime:0.066394s ]

---------------------------------------------------------------
[ 2018-02-03T10:42:27+08:00 ] 60.205.47.19 180.76.15.15 GET /robots.txt
[ log ] yuhal.com/robots.txt [运行时间：0.207214s][吞吐率：4.83req/s] [内存消耗：2,120.05kb] [文件加载：35]
[ info ] [ SESSION ] INIT array (
  'id' => '',
  'var_session_id' => '',
  'prefix' => 'think',
  'type' => '',
  'auto_start' => true,
)
[ info ] [ DB ] INIT mysql
[ info ] [ LANG ] /data/home/bxu2713790162/htdocs/thinkphp/lang/zh-cn.php
[ info ] [ ROUTE ] array (
  'type' => 'module',
  'module' => 
  array (
    0 => 'blog',
    1 => 'error',
    2 => 'index',
  ),
  'convert' => false,
)
[ info ] [ HEADER ] array (
  'accept' => '*/*',
  'accept-encoding' => 'gzip',
  'accept-language' => 'zh-cn,zh-tw',
  'connection' => 'close',
  'host' => 'yuhal.com',
  'user-agent' => 'Mozilla/5.0 (Windows NT 5.1; rv:6.0.2) Gecko/20100101 Firefox/6.0.2',
)
[ info ] [ PARAM ] array (
)
[ info ] [ RUN ] app\blog\controller\Error->index[ /data/home/bxu2713790162/htdocs/application/blog/controller/Error.php ]
[ info ] [ VIEW ] /data/home/bxu2713790162/htdocs/application/blog/view/error/error.html [ array (
  0 => 'code',
  1 => 'msg',
) ]
[ info ] [ LOG ] INIT File

---------------------------------------------------------------
[ 2018-02-03T10:42:28+08:00 ] 60.205.47.19 180.76.15.27 GET /robots.txt
[ log ] yuhal.com/robots.txt [运行时间：0.204206s][吞吐率：4.90req/s] [内存消耗：2,120.05kb] [文件加载：35]
[ info ] [ SESSION ] INIT array (
  'id' => '',
  'var_session_id' => '',
  'prefix' => 'think',
  'type' => '',
  'auto_start' => true,
)
[ info ] [ DB ] INIT mysql
[ info ] [ LANG ] /data/home/bxu2713790162/htdocs/thinkphp/lang/zh-cn.php
[ info ] [ ROUTE ] array (
  'type' => 'module',
  'module' => 
  array (
    0 => 'blog',
    1 => 'error',
    2 => 'index',
  ),
  'convert' => false,
)
[ info ] [ HEADER ] array (
  'accept' => '*/*',
  'accept-encoding' => 'gzip',
  'accept-language' => 'zh-cn,zh-tw',
  'connection' => 'close',
  'host' => 'yuhal.com',
  'user-agent' => 'Mozilla/5.0 (Windows NT 5.1; rv:6.0.2) Gecko/20100101 Firefox/6.0.2',
)
[ info ] [ PARAM ] array (
)
[ info ] [ RUN ] app\blog\controller\Error->index[ /data/home/bxu2713790162/htdocs/application/blog/controller/Error.php ]
[ info ] [ VIEW ] /data/home/bxu2713790162/htdocs/application/blog/view/error/error.html [ array (
  0 => 'code',
  1 => 'msg',
) ]
[ info ] [ LOG ] INIT File

---------------------------------------------------------------
[ 2018-02-03T10:43:53+08:00 ] 60.205.47.19 180.76.15.159 GET /details/10
[ log ] yuhal.com/details/10 [运行时间：0.965696s][吞吐率：1.04req/s] [内存消耗：3,405.28kb] [文件加载：49]
[ info ] [ SESSION ] INIT array (
  'id' => '',
  'var_session_id' => '',
  'prefix' => 'think',
  'type' => '',
  'auto_start' => true,
)
[ info ] [ DB ] INIT mysql
[ info ] [ LANG ] /data/home/bxu2713790162/htdocs/thinkphp/lang/zh-cn.php
[ info ] [ ROUTE ] array (
  'type' => 'module',
  'module' => 
  array (
    0 => 'blog',
    1 => 'details',
    2 => 'index',
  ),
  'convert' => false,
)
[ info ] [ HEADER ] array (
  'accept' => '*/*',
  'accept-encoding' => 'gzip',
  'accept-language' => 'en-US',
  'connection' => 'close',
  'host' => 'yuhal.com',
  'user-agent' => 'Mozilla/5.0 (compatible; Baiduspider/2.0; +http://www.baidu.com/search/spider.html)',
)
[ info ] [ PARAM ] array (
  'id' => '10',
)
[ info ] [ DB ] INIT mysql
[ info ] [ RUN ] app\blog\controller\Details->index[ /data/home/bxu2713790162/htdocs/application/blog/controller/Details.php ]
[ info ] [ VIEW ] /data/home/bxu2713790162/htdocs/application/blog/view/details/index.html [ array (
  0 => 'Tag',
  1 => 'Information',
  2 => 'User',
  3 => 'content',
) ]
[ info ] [ LOG ] INIT File
[ sql ] [ DB ] CONNECT:[ UseTime:0.089850s ] mysql:dbname=yuhal;host=118.31.23.98;port=3306;charset=utf8
[ sql ] [ SQL ] SHOW COLUMNS FROM `yh_b_tags` [ RunTime:0.062623s ]
[ sql ] [ SQL ] SELECT `value` FROM `yh_b_tags` WHERE  `yh_b_tags`.`delete_time` IS NULL ORDER BY update_time desc [ RunTime:0.060089s ]
[ sql ] [ SQL ] SHOW COLUMNS FROM `yh_b_information` [ RunTime:0.060570s ]
[ sql ] [ SQL ] SELECT * FROM `yh_b_information` ORDER BY rand() LIMIT 5 [ RunTime:0.060202s ]
[ sql ] [ SQL ] SHOW COLUMNS FROM `yh_b_article` [ RunTime:0.061071s ]
[ sql ] [ SQL ] SELECT `a`.`article_title`,`a`.`create_time`,`a`.`note`,`b`.`color`,`b`.`show_type`,`b`.`value`,`a`.`article_id`,`a`.`tag_ids` FROM `yh_b_article` `a` INNER JOIN `yh_b_article_type` `b` ON `b`.`id`=`a`.`type_id` WHERE  `a`.`delete_time` IS NULL  AND (  article_id=10 ) LIMIT 1 [ RunTime:0.060469s ]
[ sql ] [ SQL ] SHOW COLUMNS FROM `yh_b_des` [ RunTime:0.060531s ]
[ sql ] [ SQL ] SELECT * FROM `yh_b_des` WHERE  (  pid=10 ) [ RunTime:0.059992s ]
[ sql ] [ SQL ] SELECT * FROM `yh_b_tags` WHERE  `yh_b_tags`.`delete_time` IS NULL  AND `id` = 14 LIMIT 1 [ RunTime:0.060276s ]
[ sql ] [ SQL ] SELECT `article_id` FROM `yh_b_article` WHERE  `yh_b_article`.`delete_time` IS NULL  AND (  article_id < 10 ) ORDER BY create_time desc LIMIT 1 [ RunTime:0.060256s ]
[ sql ] [ SQL ] SELECT `article_id` FROM `yh_b_article` WHERE  `yh_b_article`.`delete_time` IS NULL  AND (  article_id > 10 ) ORDER BY article_id asc LIMIT 1 [ RunTime:0.060190s ]

---------------------------------------------------------------
[ 2018-02-03T12:04:27+08:00 ] 60.205.47.19 203.208.60.227 GET /robots.txt
[ log ] www.yuhal.com/robots.txt [运行时间：0.184624s][吞吐率：5.42req/s] [内存消耗：2,119.73kb] [文件加载：35]
[ info ] [ SESSION ] INIT array (
  'id' => '',
  'var_session_id' => '',
  'prefix' => 'think',
  'type' => '',
  'auto_start' => true,
)
[ info ] [ DB ] INIT mysql
[ info ] [ LANG ] /data/home/bxu2713790162/htdocs/thinkphp/lang/zh-cn.php
[ info ] [ ROUTE ] array (
  'type' => 'module',
  'module' => 
  array (
    0 => 'blog',
    1 => 'error',
    2 => 'index',
  ),
  'convert' => false,
)
[ info ] [ HEADER ] array (
  'accept' => 'text/plain,text/html,*/*',
  'accept-encoding' => 'gzip,deflate,br',
  'connection' => 'keep-alive',
  'host' => 'www.yuhal.com',
  'user-agent' => 'Mozilla/5.0 (compatible; Googlebot/2.1; +http://www.google.com/bot.html)',
)
[ info ] [ PARAM ] array (
)
[ info ] [ RUN ] app\blog\controller\Error->index[ /data/home/bxu2713790162/htdocs/application/blog/controller/Error.php ]
[ info ] [ VIEW ] /data/home/bxu2713790162/htdocs/application/blog/view/error/error.html [ array (
  0 => 'code',
  1 => 'msg',
) ]
[ info ] [ LOG ] INIT File

---------------------------------------------------------------
[ 2018-02-03T13:32:38+08:00 ] 60.205.47.19 106.11.226.222 GET /
[ log ] yuhal.com/ [运行时间：1.038887s][吞吐率：0.96req/s] [内存消耗：3,335.39kb] [文件加载：46]
[ info ] [ SESSION ] INIT array (
  'id' => '',
  'var_session_id' => '',
  'prefix' => 'think',
  'type' => '',
  'auto_start' => true,
)
[ info ] [ DB ] INIT mysql
[ info ] [ LANG ] /data/home/bxu2713790162/htdocs/thinkphp/lang/zh-cn.php
[ info ] [ ROUTE ] array (
  'type' => 'module',
  'module' => 
  array (
    0 => 'blog',
    1 => 'index',
    2 => 'index',
  ),
  'convert' => false,
)
[ info ] [ HEADER ] array (
  'accept' => 'text/html, image/gif, image/jpeg, *; q=.2, */*; q=.2',
  'accept-encoding' => 'gzip',
  'cache-control' => 'no-cache',
  'connection' => 'keep-alive',
  'host' => 'yuhal.com',
  'pragma' => 'no-cache',
  'user-agent' => 'Mozilla/5.0 (iPad; CPU OS 9_1 like Mac OS X) AppleWebKit/601.1.46 (KHTML, like Gecko) Version/9.0 Mobile/13B143 Safari/601.1',
)
[ info ] [ PARAM ] array (
)
[ info ] [ DB ] INIT mysql
[ info ] [ RUN ] app\blog\controller\Index->index[ /data/home/bxu2713790162/htdocs/application/blog/controller/Index.php ]
[ info ] [ VIEW ] /data/home/bxu2713790162/htdocs/application/blog/view/index/index.html [ array (
  0 => 'Tag',
  1 => 'Information',
  2 => 'User',
  3 => 'allart',
  4 => 'p',
  5 => 'page',
  6 => 'title',
) ]
[ info ] [ LOG ] INIT File
[ sql ] [ DB ] CONNECT:[ UseTime:0.096941s ] mysql:dbname=yuhal;host=118.31.23.98;port=3306;charset=utf8
[ sql ] [ SQL ] SHOW COLUMNS FROM `yh_b_tags` [ RunTime:0.060138s ]
[ sql ] [ SQL ] SELECT `value` FROM `yh_b_tags` WHERE  `yh_b_tags`.`delete_time` IS NULL ORDER BY update_time desc [ RunTime:0.059677s ]
[ sql ] [ SQL ] SHOW COLUMNS FROM `yh_b_information` [ RunTime:0.060303s ]
[ sql ] [ SQL ] SELECT * FROM `yh_b_information` ORDER BY rand() LIMIT 5 [ RunTime:0.059800s ]
[ sql ] [ SQL ] SHOW COLUMNS FROM `yh_b_article` [ RunTime:0.060138s ]
[ sql ] [ SQL ] SELECT `a`.`article_id`,`a`.`tag_ids`,`a`.`article_title`,`a`.`create_time`,`a`.`note`,`b`.`value`,`b`.`color` FROM `yh_b_article` `a` INNER JOIN `yh_b_article_type` `b` ON `b`.`id`=`a`.`type_id` WHERE  `a`.`delete_time` IS NULL  AND (  article_title like '%%' ) ORDER BY a.create_time desc LIMIT 0,5 [ RunTime:0.059876s ]
[ sql ] [ SQL ] select a.path from yh_s_picture as a left join yh_s_group as b on a.group_id=b.id where b.value='博客' order by rand() limit 1 [ RunTime:0.059867s ]
[ sql ] [ SQL ] select a.path from yh_s_picture as a left join yh_s_group as b on a.group_id=b.id where b.value='博客' order by rand() limit 1 [ RunTime:0.059821s ]
[ sql ] [ SQL ] select a.path from yh_s_picture as a left join yh_s_group as b on a.group_id=b.id where b.value='博客' order by rand() limit 1 [ RunTime:0.059837s ]
[ sql ] [ SQL ] select a.path from yh_s_picture as a left join yh_s_group as b on a.group_id=b.id where b.value='博客' order by rand() limit 1 [ RunTime:0.059897s ]
[ sql ] [ SQL ] select a.path from yh_s_picture as a left join yh_s_group as b on a.group_id=b.id where b.value='博客' order by rand() limit 1 [ RunTime:0.059761s ]
[ sql ] [ SQL ] SELECT COUNT(*) AS tp_count FROM `yh_b_article` WHERE  `yh_b_article`.`delete_time` IS NULL  AND (  article_title like '%%' ) LIMIT 1 [ RunTime:0.059668s ]

---------------------------------------------------------------
[ 2018-02-03T17:01:22+08:00 ] 60.205.47.19 193.70.34.209 GET /connectors/system/settings.php
[ log ] yuhal.com/connectors/system/settings.php [运行时间：0.166841s][吞吐率：5.99req/s] [内存消耗：2,121.51kb] [文件加载：35]
[ info ] [ SESSION ] INIT array (
  'id' => '',
  'var_session_id' => '',
  'prefix' => 'think',
  'type' => '',
  'auto_start' => true,
)
[ info ] [ DB ] INIT mysql
[ info ] [ LANG ] /data/home/bxu2713790162/htdocs/thinkphp/lang/zh-cn.php
[ info ] [ ROUTE ] array (
  'type' => 'module',
  'module' => 
  array (
    0 => 'blog',
    1 => 'error',
    2 => 'index',
  ),
  'convert' => false,
)
[ info ] [ HEADER ] array (
  'accept' => 'text/html,application/xhtml+xml,application/xml;q=0.9,*/*;q=0.8',
  'accept-encoding' => 'gzip, deflate',
  'accept-language' => 'en-US,en;q=0.8,ru;q=0.6',
  'connection' => 'keep-alive',
  'dnt' => '1',
  'host' => 'yuhal.com',
  'user-agent' => 'Mozilla/5.0 (Windows NT 6.1; Win64; x64) AppleWebKit/537.36 (KHTML, like Gecko) Chrome/63.0.3239.132 Safari/537.36',
)
[ info ] [ PARAM ] array (
  'connectors' => 'system',
)
[ info ] [ RUN ] app\blog\controller\Error->index[ /data/home/bxu2713790162/htdocs/application/blog/controller/Error.php ]
[ info ] [ VIEW ] /data/home/bxu2713790162/htdocs/application/blog/view/error/error.html [ array (
  0 => 'code',
  1 => 'msg',
) ]
[ info ] [ LOG ] INIT File

---------------------------------------------------------------
[ 2018-02-03T19:20:48+08:00 ] 60.205.47.19 159.89.178.122 GET /
[ log ] www.yuhal.com/ [运行时间：1.034893s][吞吐率：0.97req/s] [内存消耗：3,335.83kb] [文件加载：46]
[ info ] [ SESSION ] INIT array (
  'id' => '',
  'var_session_id' => '',
  'prefix' => 'think',
  'type' => '',
  'auto_start' => true,
)
[ info ] [ DB ] INIT mysql
[ info ] [ LANG ] /data/home/bxu2713790162/htdocs/thinkphp/lang/zh-cn.php
[ info ] [ ROUTE ] array (
  'type' => 'module',
  'module' => 
  array (
    0 => 'blog',
    1 => 'index',
    2 => 'index',
  ),
  'convert' => false,
)
[ info ] [ HEADER ] array (
  'accept' => 'text/xml,application/xml,application/xhtml+xml,text/html;q=0.9,text/plain;q=0.8,image/png,*/*;q=0.5',
  'accept-charset' => 'ISO-8859-1,utf-8;q=0.7,*;q=0.7',
  'accept-encoding' => 'identity',
  'accept-language' => 'en-gb,en;q=0.5',
  'connection' => 'close',
  'host' => 'www.yuhal.com',
  'user-agent' => 'Mozilla/5.0 (compatible; NetcraftSurveyAgent/1.0; +info@netcraft.com)',
)
[ info ] [ PARAM ] array (
)
[ info ] [ DB ] INIT mysql
[ info ] [ RUN ] app\blog\controller\Index->index[ /data/home/bxu2713790162/htdocs/application/blog/controller/Index.php ]
[ info ] [ VIEW ] /data/home/bxu2713790162/htdocs/application/blog/view/index/index.html [ array (
  0 => 'Tag',
  1 => 'Information',
  2 => 'User',
  3 => 'allart',
  4 => 'p',
  5 => 'page',
  6 => 'title',
) ]
[ info ] [ LOG ] INIT File
[ sql ] [ DB ] CONNECT:[ UseTime:0.089690s ] mysql:dbname=yuhal;host=118.31.23.98;port=3306;charset=utf8
[ sql ] [ SQL ] SHOW COLUMNS FROM `yh_b_tags` [ RunTime:0.060423s ]
[ sql ] [ SQL ] SELECT `value` FROM `yh_b_tags` WHERE  `yh_b_tags`.`delete_time` IS NULL ORDER BY update_time desc [ RunTime:0.059925s ]
[ sql ] [ SQL ] SHOW COLUMNS FROM `yh_b_information` [ RunTime:0.060395s ]
[ sql ] [ SQL ] SELECT * FROM `yh_b_information` ORDER BY rand() LIMIT 5 [ RunTime:0.059952s ]
[ sql ] [ SQL ] SHOW COLUMNS FROM `yh_b_article` [ RunTime:0.060360s ]
[ sql ] [ SQL ] SELECT `a`.`article_id`,`a`.`tag_ids`,`a`.`article_title`,`a`.`create_time`,`a`.`note`,`b`.`value`,`b`.`color` FROM `yh_b_article` `a` INNER JOIN `yh_b_article_type` `b` ON `b`.`id`=`a`.`type_id` WHERE  `a`.`delete_time` IS NULL  AND (  article_title like '%%' ) ORDER BY a.create_time desc LIMIT 0,5 [ RunTime:0.060064s ]
[ sql ] [ SQL ] select a.path from yh_s_picture as a left join yh_s_group as b on a.group_id=b.id where b.value='博客' order by rand() limit 1 [ RunTime:0.060138s ]
[ sql ] [ SQL ] select a.path from yh_s_picture as a left join yh_s_group as b on a.group_id=b.id where b.value='博客' order by rand() limit 1 [ RunTime:0.060286s ]
[ sql ] [ SQL ] select a.path from yh_s_picture as a left join yh_s_group as b on a.group_id=b.id where b.value='博客' order by rand() limit 1 [ RunTime:0.060147s ]
[ sql ] [ SQL ] select a.path from yh_s_picture as a left join yh_s_group as b on a.group_id=b.id where b.value='博客' order by rand() limit 1 [ RunTime:0.060125s ]
[ sql ] [ SQL ] select a.path from yh_s_picture as a left join yh_s_group as b on a.group_id=b.id where b.value='博客' order by rand() limit 1 [ RunTime:0.060124s ]
[ sql ] [ SQL ] SELECT COUNT(*) AS tp_count FROM `yh_b_article` WHERE  `yh_b_article`.`delete_time` IS NULL  AND (  article_title like '%%' ) LIMIT 1 [ RunTime:0.060047s ]

---------------------------------------------------------------
[ 2018-02-03T23:28:49+08:00 ] 60.205.47.19 203.208.60.223 GET /robots.txt
[ log ] www.yuhal.com/robots.txt [运行时间：0.184305s][吞吐率：5.43req/s] [内存消耗：2,119.73kb] [文件加载：35]
[ info ] [ SESSION ] INIT array (
  'id' => '',
  'var_session_id' => '',
  'prefix' => 'think',
  'type' => '',
  'auto_start' => true,
)
[ info ] [ DB ] INIT mysql
[ info ] [ LANG ] /data/home/bxu2713790162/htdocs/thinkphp/lang/zh-cn.php
[ info ] [ ROUTE ] array (
  'type' => 'module',
  'module' => 
  array (
    0 => 'blog',
    1 => 'error',
    2 => 'index',
  ),
  'convert' => false,
)
[ info ] [ HEADER ] array (
  'accept' => 'text/plain,text/html,*/*',
  'accept-encoding' => 'gzip,deflate,br',
  'connection' => 'keep-alive',
  'host' => 'www.yuhal.com',
  'user-agent' => 'Mozilla/5.0 (compatible; Googlebot/2.1; +http://www.google.com/bot.html)',
)
[ info ] [ PARAM ] array (
)
[ info ] [ RUN ] app\blog\controller\Error->index[ /data/home/bxu2713790162/htdocs/application/blog/controller/Error.php ]
[ info ] [ VIEW ] /data/home/bxu2713790162/htdocs/application/blog/view/error/error.html [ array (
  0 => 'code',
  1 => 'msg',
) ]
[ info ] [ LOG ] INIT File

---------------------------------------------------------------
[ 2018-02-03T23:28:51+08:00 ] 60.205.47.19 203.208.60.223 GET /
[ log ] www.yuhal.com/ [运行时间：1.135052s][吞吐率：0.88req/s] [内存消耗：3,335.42kb] [文件加载：46]
[ info ] [ SESSION ] INIT array (
  'id' => '',
  'var_session_id' => '',
  'prefix' => 'think',
  'type' => '',
  'auto_start' => true,
)
[ info ] [ DB ] INIT mysql
[ info ] [ LANG ] /data/home/bxu2713790162/htdocs/thinkphp/lang/zh-cn.php
[ info ] [ ROUTE ] array (
  'type' => 'module',
  'module' => 
  array (
    0 => 'blog',
    1 => 'index',
    2 => 'index',
  ),
  'convert' => false,
)
[ info ] [ HEADER ] array (
  'accept' => 'text/html,application/xhtml+xml,application/xml;q=0.9,*/*;q=0.8',
  'accept-encoding' => 'gzip,deflate,br',
  'connection' => 'keep-alive',
  'from' => 'googlebot(at)googlebot.com',
  'host' => 'www.yuhal.com',
  'user-agent' => 'Mozilla/5.0 (compatible; Googlebot/2.1; +http://www.google.com/bot.html)',
)
[ info ] [ PARAM ] array (
)
[ info ] [ DB ] INIT mysql
[ info ] [ RUN ] app\blog\controller\Index->index[ /data/home/bxu2713790162/htdocs/application/blog/controller/Index.php ]
[ info ] [ VIEW ] /data/home/bxu2713790162/htdocs/application/blog/view/index/index.html [ array (
  0 => 'Tag',
  1 => 'Information',
  2 => 'User',
  3 => 'allart',
  4 => 'p',
  5 => 'page',
  6 => 'title',
) ]
[ info ] [ LOG ] INIT File
[ sql ] [ DB ] CONNECT:[ UseTime:0.100465s ] mysql:dbname=yuhal;host=118.31.23.98;port=3306;charset=utf8
[ sql ] [ SQL ] SHOW COLUMNS FROM `yh_b_tags` [ RunTime:0.067656s ]
[ sql ] [ SQL ] SELECT `value` FROM `yh_b_tags` WHERE  `yh_b_tags`.`delete_time` IS NULL ORDER BY update_time desc [ RunTime:0.067141s ]
[ sql ] [ SQL ] SHOW COLUMNS FROM `yh_b_information` [ RunTime:0.067613s ]
[ sql ] [ SQL ] SELECT * FROM `yh_b_information` ORDER BY rand() LIMIT 5 [ RunTime:0.067191s ]
[ sql ] [ SQL ] SHOW COLUMNS FROM `yh_b_article` [ RunTime:0.067789s ]
[ sql ] [ SQL ] SELECT `a`.`article_id`,`a`.`tag_ids`,`a`.`article_title`,`a`.`create_time`,`a`.`note`,`b`.`value`,`b`.`color` FROM `yh_b_article` `a` INNER JOIN `yh_b_article_type` `b` ON `b`.`id`=`a`.`type_id` WHERE  `a`.`delete_time` IS NULL  AND (  article_title like '%%' ) ORDER BY a.create_time desc LIMIT 0,5 [ RunTime:0.067443s ]
[ sql ] [ SQL ] select a.path from yh_s_picture as a left join yh_s_group as b on a.group_id=b.id where b.value='博客' order by rand() limit 1 [ RunTime:0.067805s ]
[ sql ] [ SQL ] select a.path from yh_s_picture as a left join yh_s_group as b on a.group_id=b.id where b.value='博客' order by rand() limit 1 [ RunTime:0.067398s ]
[ sql ] [ SQL ] select a.path from yh_s_picture as a left join yh_s_group as b on a.group_id=b.id where b.value='博客' order by rand() limit 1 [ RunTime:0.067396s ]
[ sql ] [ SQL ] select a.path from yh_s_picture as a left join yh_s_group as b on a.group_id=b.id where b.value='博客' order by rand() limit 1 [ RunTime:0.067333s ]
[ sql ] [ SQL ] select a.path from yh_s_picture as a left join yh_s_group as b on a.group_id=b.id where b.value='博客' order by rand() limit 1 [ RunTime:0.067344s ]
[ sql ] [ SQL ] SELECT COUNT(*) AS tp_count FROM `yh_b_article` WHERE  `yh_b_article`.`delete_time` IS NULL  AND (  article_title like '%%' ) LIMIT 1 [ RunTime:0.067122s ]

---------------------------------------------------------------
