[ 2018-02-11T00:03:06+08:00 ] 60.205.47.19 123.125.67.226 GET /robots.txt
[ log ] yuhal.com/robots.txt [运行时间：0.198590s][吞吐率：5.04req/s] [内存消耗：2,120.31kb] [文件加载：35]
[ info ] [ SESSION ] INIT array (
  'id' => '',
  'var_session_id' => '',
  'prefix' => 'think',
  'type' => '',
  'auto_start' => true,
)
[ info ] [ DB ] INIT mysql
[ info ] [ LANG ] /data/home/bxu2713790162/htdocs/thinkphp/lang/zh-cn.php
[ info ] [ ROUTE ] array (
  'type' => 'module',
  'module' => 
  array (
    0 => 'blog',
    1 => 'error',
    2 => 'index',
  ),
  'convert' => false,
)
[ info ] [ HEADER ] array (
  'accept' => '*/*',
  'accept-encoding' => 'gzip',
  'accept-language' => 'zh-cn,zh-tw',
  'connection' => 'close',
  'host' => 'yuhal.com',
  'user-agent' => 'Mozilla/5.0 (Macintosh; Intel Mac OS X 10_13_1) AppleWebKit/537.36 (KHTML, like Gecko) Chrome/61.0.3163.100 Safari/537.36',
)
[ info ] [ PARAM ] array (
)
[ info ] [ RUN ] app\blog\controller\Error->index[ /data/home/bxu2713790162/htdocs/application/blog/controller/Error.php ]
[ info ] [ VIEW ] /data/home/bxu2713790162/htdocs/application/blog/view/error/error.html [ array (
  0 => 'code',
  1 => 'msg',
) ]
[ info ] [ LOG ] INIT File

---------------------------------------------------------------
[ 2018-02-11T01:46:30+08:00 ] 60.205.47.19 38.142.192.2 GET /
[ log ] yuhal.com/ [运行时间：1.025633s][吞吐率：0.98req/s] [内存消耗：3,334.02kb] [文件加载：46]
[ info ] [ SESSION ] INIT array (
  'id' => '',
  'var_session_id' => '',
  'prefix' => 'think',
  'type' => '',
  'auto_start' => true,
)
[ info ] [ DB ] INIT mysql
[ info ] [ LANG ] /data/home/bxu2713790162/htdocs/thinkphp/lang/zh-cn.php
[ info ] [ ROUTE ] array (
  'type' => 'module',
  'module' => 
  array (
    0 => 'blog',
    1 => 'index',
    2 => 'index',
  ),
  'convert' => false,
)
[ info ] [ HEADER ] array (
  'host' => 'yuhal.com',
)
[ info ] [ PARAM ] array (
)
[ info ] [ DB ] INIT mysql
[ info ] [ RUN ] app\blog\controller\Index->index[ /data/home/bxu2713790162/htdocs/application/blog/controller/Index.php ]
[ info ] [ VIEW ] /data/home/bxu2713790162/htdocs/application/blog/view/index/index.html [ array (
  0 => 'Tag',
  1 => 'Information',
  2 => 'User',
  3 => 'allart',
  4 => 'p',
  5 => 'page',
  6 => 'title',
) ]
[ info ] [ LOG ] INIT File
[ sql ] [ DB ] CONNECT:[ UseTime:0.088231s ] mysql:dbname=yuhal;host=118.31.23.98;port=3306;charset=utf8
[ sql ] [ SQL ] SHOW COLUMNS FROM `yh_b_tags` [ RunTime:0.059522s ]
[ sql ] [ SQL ] SELECT `value` FROM `yh_b_tags` WHERE  `yh_b_tags`.`delete_time` IS NULL ORDER BY update_time desc [ RunTime:0.059084s ]
[ sql ] [ SQL ] SHOW COLUMNS FROM `yh_b_information` [ RunTime:0.059569s ]
[ sql ] [ SQL ] SELECT * FROM `yh_b_information` ORDER BY rand() LIMIT 5 [ RunTime:0.059187s ]
[ sql ] [ SQL ] SHOW COLUMNS FROM `yh_b_article` [ RunTime:0.059574s ]
[ sql ] [ SQL ] SELECT `a`.`article_id`,`a`.`tag_ids`,`a`.`article_title`,`a`.`create_time`,`a`.`note`,`b`.`value`,`b`.`color` FROM `yh_b_article` `a` INNER JOIN `yh_b_article_type` `b` ON `b`.`id`=`a`.`type_id` WHERE  `a`.`delete_time` IS NULL  AND (  article_title like '%%' ) ORDER BY a.create_time desc LIMIT 0,5 [ RunTime:0.059204s ]
[ sql ] [ SQL ] select a.path from yh_s_picture as a left join yh_s_group as b on a.group_id=b.id where b.value='博客' order by rand() limit 1 [ RunTime:0.059175s ]
[ sql ] [ SQL ] select a.path from yh_s_picture as a left join yh_s_group as b on a.group_id=b.id where b.value='博客' order by rand() limit 1 [ RunTime:0.059136s ]
[ sql ] [ SQL ] select a.path from yh_s_picture as a left join yh_s_group as b on a.group_id=b.id where b.value='博客' order by rand() limit 1 [ RunTime:0.059091s ]
[ sql ] [ SQL ] select a.path from yh_s_picture as a left join yh_s_group as b on a.group_id=b.id where b.value='博客' order by rand() limit 1 [ RunTime:0.059136s ]
[ sql ] [ SQL ] select a.path from yh_s_picture as a left join yh_s_group as b on a.group_id=b.id where b.value='博客' order by rand() limit 1 [ RunTime:0.059091s ]
[ sql ] [ SQL ] SELECT COUNT(*) AS tp_count FROM `yh_b_article` WHERE  `yh_b_article`.`delete_time` IS NULL  AND (  article_title like '%%' ) LIMIT 1 [ RunTime:0.059064s ]

---------------------------------------------------------------
[ 2018-02-11T04:40:53+08:00 ] 60.205.47.19 87.250.224.49 GET /robots.txt
[ log ] www.yuhal.com/robots.txt [运行时间：0.207786s][吞吐率：4.81req/s] [内存消耗：2,119.76kb] [文件加载：35]
[ info ] [ SESSION ] INIT array (
  'id' => '',
  'var_session_id' => '',
  'prefix' => 'think',
  'type' => '',
  'auto_start' => true,
)
[ info ] [ DB ] INIT mysql
[ info ] [ LANG ] /data/home/bxu2713790162/htdocs/thinkphp/lang/zh-cn.php
[ info ] [ ROUTE ] array (
  'type' => 'module',
  'module' => 
  array (
    0 => 'blog',
    1 => 'error',
    2 => 'index',
  ),
  'convert' => false,
)
[ info ] [ HEADER ] array (
  'accept' => '*/*',
  'connection' => 'Keep-Alive',
  'from' => 'support@search.yandex.ru',
  'host' => 'www.yuhal.com',
  'user-agent' => 'Mozilla/5.0 (compatible; YandexBot/3.0; +http://yandex.com/bots)',
)
[ info ] [ PARAM ] array (
)
[ info ] [ RUN ] app\blog\controller\Error->index[ /data/home/bxu2713790162/htdocs/application/blog/controller/Error.php ]
[ info ] [ VIEW ] /data/home/bxu2713790162/htdocs/application/blog/view/error/error.html [ array (
  0 => 'code',
  1 => 'msg',
) ]
[ info ] [ LOG ] INIT File

---------------------------------------------------------------
[ 2018-02-11T04:40:57+08:00 ] 60.205.47.19 87.250.224.49 GET /public/static/assets/i/app-icon72x72@2x.png
[ log ] www.yuhal.com/public/static/assets/i/app-icon72x72@2x.png [运行时间：0.180210s][吞吐率：5.55req/s] [内存消耗：2,121.48kb] [文件加载：35]
[ info ] [ SESSION ] INIT array (
  'id' => '',
  'var_session_id' => '',
  'prefix' => 'think',
  'type' => '',
  'auto_start' => true,
)
[ info ] [ DB ] INIT mysql
[ info ] [ LANG ] /data/home/bxu2713790162/htdocs/thinkphp/lang/zh-cn.php
[ info ] [ ROUTE ] array (
  'type' => 'module',
  'module' => 
  array (
    0 => 'blog',
    1 => 'error',
    2 => 'index',
  ),
  'convert' => false,
)
[ info ] [ HEADER ] array (
  'accept' => '*/*',
  'accept-encoding' => 'gzip,deflate',
  'connection' => 'Keep-Alive',
  'from' => 'support@search.yandex.ru',
  'host' => 'www.yuhal.com',
  'user-agent' => 'Mozilla/5.0 (compatible; YandexBot/3.0; +http://yandex.com/bots)',
)
[ info ] [ PARAM ] array (
  'public' => 'static',
  'assets' => 'i',
)
[ info ] [ RUN ] app\blog\controller\Error->index[ /data/home/bxu2713790162/htdocs/application/blog/controller/Error.php ]
[ info ] [ VIEW ] /data/home/bxu2713790162/htdocs/application/blog/view/error/error.html [ array (
  0 => 'code',
  1 => 'msg',
) ]
[ info ] [ LOG ] INIT File

---------------------------------------------------------------
[ 2018-02-11T06:34:36+08:00 ] 60.205.47.19 180.97.79.8 HEAD /
[ log ] www.yuhal.com/ [运行时间：1.037401s][吞吐率：0.96req/s] [内存消耗：3,334.92kb] [文件加载：46]
[ info ] [ SESSION ] INIT array (
  'id' => '',
  'var_session_id' => '',
  'prefix' => 'think',
  'type' => '',
  'auto_start' => true,
)
[ info ] [ DB ] INIT mysql
[ info ] [ LANG ] /data/home/bxu2713790162/htdocs/thinkphp/lang/zh-cn.php
[ info ] [ ROUTE ] array (
  'type' => 'module',
  'module' => 
  array (
    0 => 'blog',
    1 => 'index',
    2 => 'index',
  ),
  'convert' => false,
)
[ info ] [ HEADER ] array (
  'accept' => '*/*',
  'accept-encoding' => 'gzip, deflate',
  'connection' => 'keep-alive',
  'host' => 'www.yuhal.com',
  'user-agent' => 'python-requests/2.18.1',
)
[ info ] [ PARAM ] array (
)
[ info ] [ DB ] INIT mysql
[ info ] [ RUN ] app\blog\controller\Index->index[ /data/home/bxu2713790162/htdocs/application/blog/controller/Index.php ]
[ info ] [ VIEW ] /data/home/bxu2713790162/htdocs/application/blog/view/index/index.html [ array (
  0 => 'Tag',
  1 => 'Information',
  2 => 'User',
  3 => 'allart',
  4 => 'p',
  5 => 'page',
  6 => 'title',
) ]
[ info ] [ LOG ] INIT File
[ sql ] [ DB ] CONNECT:[ UseTime:0.089985s ] mysql:dbname=yuhal;host=118.31.23.98;port=3306;charset=utf8
[ sql ] [ SQL ] SHOW COLUMNS FROM `yh_b_tags` [ RunTime:0.059894s ]
[ sql ] [ SQL ] SELECT `value` FROM `yh_b_tags` WHERE  `yh_b_tags`.`delete_time` IS NULL ORDER BY update_time desc [ RunTime:0.059473s ]
[ sql ] [ SQL ] SHOW COLUMNS FROM `yh_b_information` [ RunTime:0.059818s ]
[ sql ] [ SQL ] SELECT * FROM `yh_b_information` ORDER BY rand() LIMIT 5 [ RunTime:0.059488s ]
[ sql ] [ SQL ] SHOW COLUMNS FROM `yh_b_article` [ RunTime:0.059894s ]
[ sql ] [ SQL ] SELECT `a`.`article_id`,`a`.`tag_ids`,`a`.`article_title`,`a`.`create_time`,`a`.`note`,`b`.`value`,`b`.`color` FROM `yh_b_article` `a` INNER JOIN `yh_b_article_type` `b` ON `b`.`id`=`a`.`type_id` WHERE  `a`.`delete_time` IS NULL  AND (  article_title like '%%' ) ORDER BY a.create_time desc LIMIT 0,5 [ RunTime:0.059644s ]
[ sql ] [ SQL ] select a.path from yh_s_picture as a left join yh_s_group as b on a.group_id=b.id where b.value='博客' order by rand() limit 1 [ RunTime:0.059603s ]
[ sql ] [ SQL ] select a.path from yh_s_picture as a left join yh_s_group as b on a.group_id=b.id where b.value='博客' order by rand() limit 1 [ RunTime:0.059582s ]
[ sql ] [ SQL ] select a.path from yh_s_picture as a left join yh_s_group as b on a.group_id=b.id where b.value='博客' order by rand() limit 1 [ RunTime:0.059581s ]
[ sql ] [ SQL ] select a.path from yh_s_picture as a left join yh_s_group as b on a.group_id=b.id where b.value='博客' order by rand() limit 1 [ RunTime:0.069100s ]
[ sql ] [ SQL ] select a.path from yh_s_picture as a left join yh_s_group as b on a.group_id=b.id where b.value='博客' order by rand() limit 1 [ RunTime:0.059527s ]
[ sql ] [ SQL ] SELECT COUNT(*) AS tp_count FROM `yh_b_article` WHERE  `yh_b_article`.`delete_time` IS NULL  AND (  article_title like '%%' ) LIMIT 1 [ RunTime:0.059568s ]

---------------------------------------------------------------
[ 2018-02-11T06:46:35+08:00 ] 60.205.47.19 106.11.229.9 GET /
[ log ] www.yuhal.com/ [运行时间：1.130814s][吞吐率：0.88req/s] [内存消耗：3,334.10kb] [文件加载：46]
[ info ] [ SESSION ] INIT array (
  'id' => '',
  'var_session_id' => '',
  'prefix' => 'think',
  'type' => '',
  'auto_start' => true,
)
[ info ] [ DB ] INIT mysql
[ info ] [ LANG ] /data/home/bxu2713790162/htdocs/thinkphp/lang/zh-cn.php
[ info ] [ ROUTE ] array (
  'type' => 'module',
  'module' => 
  array (
    0 => 'blog',
    1 => 'index',
    2 => 'index',
  ),
  'convert' => false,
)
[ info ] [ HEADER ] array (
  'accept-encoding' => 'gzip',
  'host' => 'www.yuhal.com',
  'user-agent' => 'Go-http-client/1.1',
)
[ info ] [ PARAM ] array (
)
[ info ] [ DB ] INIT mysql
[ info ] [ RUN ] app\blog\controller\Index->index[ /data/home/bxu2713790162/htdocs/application/blog/controller/Index.php ]
[ info ] [ VIEW ] /data/home/bxu2713790162/htdocs/application/blog/view/index/index.html [ array (
  0 => 'Tag',
  1 => 'Information',
  2 => 'User',
  3 => 'allart',
  4 => 'p',
  5 => 'page',
  6 => 'title',
) ]
[ info ] [ LOG ] INIT File
[ sql ] [ DB ] CONNECT:[ UseTime:0.099875s ] mysql:dbname=yuhal;host=118.31.23.98;port=3306;charset=utf8
[ sql ] [ SQL ] SHOW COLUMNS FROM `yh_b_tags` [ RunTime:0.067127s ]
[ sql ] [ SQL ] SELECT `value` FROM `yh_b_tags` WHERE  `yh_b_tags`.`delete_time` IS NULL ORDER BY update_time desc [ RunTime:0.066834s ]
[ sql ] [ SQL ] SHOW COLUMNS FROM `yh_b_information` [ RunTime:0.067125s ]
[ sql ] [ SQL ] SELECT * FROM `yh_b_information` ORDER BY rand() LIMIT 5 [ RunTime:0.066750s ]
[ sql ] [ SQL ] SHOW COLUMNS FROM `yh_b_article` [ RunTime:0.066941s ]
[ sql ] [ SQL ] SELECT `a`.`article_id`,`a`.`tag_ids`,`a`.`article_title`,`a`.`create_time`,`a`.`note`,`b`.`value`,`b`.`color` FROM `yh_b_article` `a` INNER JOIN `yh_b_article_type` `b` ON `b`.`id`=`a`.`type_id` WHERE  `a`.`delete_time` IS NULL  AND (  article_title like '%%' ) ORDER BY a.create_time desc LIMIT 0,5 [ RunTime:0.066839s ]
[ sql ] [ SQL ] select a.path from yh_s_picture as a left join yh_s_group as b on a.group_id=b.id where b.value='博客' order by rand() limit 1 [ RunTime:0.066843s ]
[ sql ] [ SQL ] select a.path from yh_s_picture as a left join yh_s_group as b on a.group_id=b.id where b.value='博客' order by rand() limit 1 [ RunTime:0.066864s ]
[ sql ] [ SQL ] select a.path from yh_s_picture as a left join yh_s_group as b on a.group_id=b.id where b.value='博客' order by rand() limit 1 [ RunTime:0.066880s ]
[ sql ] [ SQL ] select a.path from yh_s_picture as a left join yh_s_group as b on a.group_id=b.id where b.value='博客' order by rand() limit 1 [ RunTime:0.066777s ]
[ sql ] [ SQL ] select a.path from yh_s_picture as a left join yh_s_group as b on a.group_id=b.id where b.value='博客' order by rand() limit 1 [ RunTime:0.067064s ]
[ sql ] [ SQL ] SELECT COUNT(*) AS tp_count FROM `yh_b_article` WHERE  `yh_b_article`.`delete_time` IS NULL  AND (  article_title like '%%' ) LIMIT 1 [ RunTime:0.066948s ]

---------------------------------------------------------------
[ 2018-02-11T06:57:08+08:00 ] 60.205.47.19 46.229.164.102 GET /robots.txt
[ log ] www.yuhal.com/robots.txt [运行时间：0.180754s][吞吐率：5.53req/s] [内存消耗：2,119.93kb] [文件加载：35]
[ info ] [ SESSION ] INIT array (
  'id' => '',
  'var_session_id' => '',
  'prefix' => 'think',
  'type' => '',
  'auto_start' => true,
)
[ info ] [ DB ] INIT mysql
[ info ] [ LANG ] /data/home/bxu2713790162/htdocs/thinkphp/lang/zh-cn.php
[ info ] [ ROUTE ] array (
  'type' => 'module',
  'module' => 
  array (
    0 => 'blog',
    1 => 'error',
    2 => 'index',
  ),
  'convert' => false,
)
[ info ] [ HEADER ] array (
  'accept' => '*/*',
  'accept-encoding' => 'gzip,deflate',
  'connection' => 'close',
  'host' => 'www.yuhal.com',
  'user-agent' => 'Mozilla/5.0 (compatible; SemrushBot/1.2~bl; +http://www.semrush.com/bot.html)',
)
[ info ] [ PARAM ] array (
)
[ info ] [ RUN ] app\blog\controller\Error->index[ /data/home/bxu2713790162/htdocs/application/blog/controller/Error.php ]
[ info ] [ VIEW ] /data/home/bxu2713790162/htdocs/application/blog/view/error/error.html [ array (
  0 => 'code',
  1 => 'msg',
) ]
[ info ] [ LOG ] INIT File

---------------------------------------------------------------
[ 2018-02-11T08:19:57+08:00 ] 60.205.47.19 203.208.60.227 GET /robots.txt
[ log ] www.yuhal.com/robots.txt [运行时间：0.200166s][吞吐率：5.00req/s] [内存消耗：2,119.73kb] [文件加载：35]
[ info ] [ SESSION ] INIT array (
  'id' => '',
  'var_session_id' => '',
  'prefix' => 'think',
  'type' => '',
  'auto_start' => true,
)
[ info ] [ DB ] INIT mysql
[ info ] [ LANG ] /data/home/bxu2713790162/htdocs/thinkphp/lang/zh-cn.php
[ info ] [ ROUTE ] array (
  'type' => 'module',
  'module' => 
  array (
    0 => 'blog',
    1 => 'error',
    2 => 'index',
  ),
  'convert' => false,
)
[ info ] [ HEADER ] array (
  'accept' => 'text/plain,text/html,*/*',
  'accept-encoding' => 'gzip,deflate,br',
  'connection' => 'keep-alive',
  'host' => 'www.yuhal.com',
  'user-agent' => 'Mozilla/5.0 (compatible; Googlebot/2.1; +http://www.google.com/bot.html)',
)
[ info ] [ PARAM ] array (
)
[ info ] [ RUN ] app\blog\controller\Error->index[ /data/home/bxu2713790162/htdocs/application/blog/controller/Error.php ]
[ info ] [ VIEW ] /data/home/bxu2713790162/htdocs/application/blog/view/error/error.html [ array (
  0 => 'code',
  1 => 'msg',
) ]
[ info ] [ LOG ] INIT File

---------------------------------------------------------------
[ 2018-02-11T08:19:58+08:00 ] 60.205.47.19 203.208.60.227 GET /
[ log ] www.yuhal.com/ [运行时间：1.129621s][吞吐率：0.89req/s] [内存消耗：3,335.46kb] [文件加载：46]
[ info ] [ SESSION ] INIT array (
  'id' => '',
  'var_session_id' => '',
  'prefix' => 'think',
  'type' => '',
  'auto_start' => true,
)
[ info ] [ DB ] INIT mysql
[ info ] [ LANG ] /data/home/bxu2713790162/htdocs/thinkphp/lang/zh-cn.php
[ info ] [ ROUTE ] array (
  'type' => 'module',
  'module' => 
  array (
    0 => 'blog',
    1 => 'index',
    2 => 'index',
  ),
  'convert' => false,
)
[ info ] [ HEADER ] array (
  'accept' => 'text/html,application/xhtml+xml,application/xml;q=0.9,*/*;q=0.8',
  'accept-encoding' => 'gzip,deflate,br',
  'connection' => 'keep-alive',
  'from' => 'googlebot(at)googlebot.com',
  'host' => 'www.yuhal.com',
  'user-agent' => 'Mozilla/5.0 (compatible; Googlebot/2.1; +http://www.google.com/bot.html)',
)
[ info ] [ PARAM ] array (
)
[ info ] [ DB ] INIT mysql
[ info ] [ RUN ] app\blog\controller\Index->index[ /data/home/bxu2713790162/htdocs/application/blog/controller/Index.php ]
[ info ] [ VIEW ] /data/home/bxu2713790162/htdocs/application/blog/view/index/index.html [ array (
  0 => 'Tag',
  1 => 'Information',
  2 => 'User',
  3 => 'allart',
  4 => 'p',
  5 => 'page',
  6 => 'title',
) ]
[ info ] [ LOG ] INIT File
[ sql ] [ DB ] CONNECT:[ UseTime:0.099953s ] mysql:dbname=yuhal;host=118.31.23.98;port=3306;charset=utf8
[ sql ] [ SQL ] SHOW COLUMNS FROM `yh_b_tags` [ RunTime:0.067135s ]
[ sql ] [ SQL ] SELECT `value` FROM `yh_b_tags` WHERE  `yh_b_tags`.`delete_time` IS NULL ORDER BY update_time desc [ RunTime:0.066685s ]
[ sql ] [ SQL ] SHOW COLUMNS FROM `yh_b_information` [ RunTime:0.067131s ]
[ sql ] [ SQL ] SELECT * FROM `yh_b_information` ORDER BY rand() LIMIT 5 [ RunTime:0.066901s ]
[ sql ] [ SQL ] SHOW COLUMNS FROM `yh_b_article` [ RunTime:0.067319s ]
[ sql ] [ SQL ] SELECT `a`.`article_id`,`a`.`tag_ids`,`a`.`article_title`,`a`.`create_time`,`a`.`note`,`b`.`value`,`b`.`color` FROM `yh_b_article` `a` INNER JOIN `yh_b_article_type` `b` ON `b`.`id`=`a`.`type_id` WHERE  `a`.`delete_time` IS NULL  AND (  article_title like '%%' ) ORDER BY a.create_time desc LIMIT 0,5 [ RunTime:0.066994s ]
[ sql ] [ SQL ] select a.path from yh_s_picture as a left join yh_s_group as b on a.group_id=b.id where b.value='博客' order by rand() limit 1 [ RunTime:0.067155s ]
[ sql ] [ SQL ] select a.path from yh_s_picture as a left join yh_s_group as b on a.group_id=b.id where b.value='博客' order by rand() limit 1 [ RunTime:0.067030s ]
[ sql ] [ SQL ] select a.path from yh_s_picture as a left join yh_s_group as b on a.group_id=b.id where b.value='博客' order by rand() limit 1 [ RunTime:0.066882s ]
[ sql ] [ SQL ] select a.path from yh_s_picture as a left join yh_s_group as b on a.group_id=b.id where b.value='博客' order by rand() limit 1 [ RunTime:0.066830s ]
[ sql ] [ SQL ] select a.path from yh_s_picture as a left join yh_s_group as b on a.group_id=b.id where b.value='博客' order by rand() limit 1 [ RunTime:0.066912s ]
[ sql ] [ SQL ] SELECT COUNT(*) AS tp_count FROM `yh_b_article` WHERE  `yh_b_article`.`delete_time` IS NULL  AND (  article_title like '%%' ) LIMIT 1 [ RunTime:0.066805s ]

---------------------------------------------------------------
[ 2018-02-11T08:20:07+08:00 ] 60.205.47.19 203.208.60.227 GET /informationinfo
[ log ] www.yuhal.com/informationinfo [运行时间：0.333830s][吞吐率：3.00req/s] [内存消耗：3,114.53kb] [文件加载：46]
[ info ] [ SESSION ] INIT array (
  'id' => '',
  'var_session_id' => '',
  'prefix' => 'think',
  'type' => '',
  'auto_start' => true,
)
[ info ] [ LANG ] /data/home/bxu2713790162/htdocs/thinkphp/lang/zh-cn.php
[ info ] [ ROUTE ] array (
  'type' => 'module',
  'module' => 
  array (
    0 => 'blog',
    1 => 'information',
    2 => 'informationinfo',
  ),
  'convert' => false,
)
[ info ] [ HEADER ] array (
  'accept' => '*/*,application/json, text/javascript, */*; q=0.01',
  'accept-encoding' => 'gzip,deflate,br',
  'accept-language' => 'en-US',
  'connection' => 'keep-alive',
  'cookie' => 'PHPSESSID=1hlfpdkaiitomikvmr8lpuscu4',
  'from' => 'googlebot(at)googlebot.com',
  'host' => 'www.yuhal.com',
  'referer' => 'http://www.yuhal.com/',
  'user-agent' => 'Mozilla/5.0 (compatible; Googlebot/2.1; +http://www.google.com/bot.html)',
  'x-requested-with' => 'XMLHttpRequest',
)
[ info ] [ PARAM ] array (
)
[ info ] [ DB ] INIT mysql
[ info ] [ RUN ] app\blog\controller\Information->informationinfo[ /data/home/bxu2713790162/htdocs/application/blog/controller/Information.php ]
[ info ] [ LOG ] INIT File
[ sql ] [ DB ] CONNECT:[ UseTime:0.079918s ] mysql:dbname=yuhal;host=118.31.23.98;port=3306;charset=utf8
[ sql ] [ SQL ] SHOW COLUMNS FROM `yh_b_tags` [ RunTime:0.052222s ]
[ sql ] [ SQL ] SELECT `value` FROM `yh_b_tags` WHERE  `yh_b_tags`.`delete_time` IS NULL ORDER BY update_time desc [ RunTime:0.051773s ]
[ sql ] [ SQL ] SHOW COLUMNS FROM `yh_b_information` [ RunTime:0.052163s ]
[ sql ] [ SQL ] SELECT * FROM `yh_b_information` ORDER BY rand() LIMIT 5 [ RunTime:0.052121s ]

---------------------------------------------------------------
[ 2018-02-11T09:34:03+08:00 ] 60.205.47.19 158.69.254.103 GET /robots.txt
[ log ] www.yuhal.com/robots.txt [运行时间：0.181246s][吞吐率：5.52req/s] [内存消耗：2,119.00kb] [文件加载：35]
[ info ] [ SESSION ] INIT array (
  'id' => '',
  'var_session_id' => '',
  'prefix' => 'think',
  'type' => '',
  'auto_start' => true,
)
[ info ] [ DB ] INIT mysql
[ info ] [ LANG ] /data/home/bxu2713790162/htdocs/thinkphp/lang/zh-cn.php
[ info ] [ ROUTE ] array (
  'type' => 'module',
  'module' => 
  array (
    0 => 'blog',
    1 => 'error',
    2 => 'index',
  ),
  'convert' => false,
)
[ info ] [ HEADER ] array (
  'accept' => '*/*',
  'connection' => 'keep-alive',
  'host' => 'www.yuhal.com',
  'user-agent' => 'Mozilla/5.0 (compatible; MJ12bot/v1.4.8; http://mj12bot.com/)',
)
[ info ] [ PARAM ] array (
)
[ info ] [ RUN ] app\blog\controller\Error->index[ /data/home/bxu2713790162/htdocs/application/blog/controller/Error.php ]
[ info ] [ VIEW ] /data/home/bxu2713790162/htdocs/application/blog/view/error/error.html [ array (
  0 => 'code',
  1 => 'msg',
) ]
[ info ] [ LOG ] INIT File

---------------------------------------------------------------
[ 2018-02-11T09:34:12+08:00 ] 60.205.47.19 158.69.254.103 GET /details/81
[ log ] www.yuhal.com/details/81 [运行时间：0.673230s][吞吐率：1.49req/s] [内存消耗：3,311.11kb] [文件加载：46]
[ info ] [ SESSION ] INIT array (
  'id' => '',
  'var_session_id' => '',
  'prefix' => 'think',
  'type' => '',
  'auto_start' => true,
)
[ info ] [ DB ] INIT mysql
[ info ] [ LANG ] /data/home/bxu2713790162/htdocs/thinkphp/lang/zh-cn.php
[ info ] [ ROUTE ] array (
  'type' => 'module',
  'module' => 
  array (
    0 => 'blog',
    1 => 'details',
    2 => 'index',
  ),
  'convert' => false,
)
[ info ] [ HEADER ] array (
  'accept' => 'text/html,text/plain,text/xml,text/*,application/xml,application/xhtml+xml,application/rss+xml,application/atom+xml,application/rdf+xml,application/php,application/x-php,application/x-httpd-php',
  'accept-language' => 'en',
  'host' => 'www.yuhal.com',
  'user-agent' => 'Mozilla/5.0 (compatible; MJ12bot/v1.4.8; http://mj12bot.com/)',
)
[ info ] [ PARAM ] array (
  'id' => '81',
)
[ info ] [ DB ] INIT mysql
[ info ] [ RUN ] app\blog\controller\Details->index[ /data/home/bxu2713790162/htdocs/application/blog/controller/Details.php ]
[ info ] [ VIEW ] /data/home/bxu2713790162/htdocs/application/blog/view/error/error.html [ array (
  0 => 'Tag',
  1 => 'Information',
  2 => 'User',
  3 => 'code',
  4 => 'msg',
) ]
[ info ] [ LOG ] INIT File
[ sql ] [ DB ] CONNECT:[ UseTime:0.089328s ] mysql:dbname=yuhal;host=118.31.23.98;port=3306;charset=utf8
[ sql ] [ SQL ] SHOW COLUMNS FROM `yh_b_tags` [ RunTime:0.062310s ]
[ sql ] [ SQL ] SELECT `value` FROM `yh_b_tags` WHERE  `yh_b_tags`.`delete_time` IS NULL ORDER BY update_time desc [ RunTime:0.059887s ]
[ sql ] [ SQL ] SHOW COLUMNS FROM `yh_b_information` [ RunTime:0.060267s ]
[ sql ] [ SQL ] SELECT * FROM `yh_b_information` ORDER BY rand() LIMIT 5 [ RunTime:0.059852s ]
[ sql ] [ SQL ] SHOW COLUMNS FROM `yh_b_article` [ RunTime:0.060244s ]
[ sql ] [ SQL ] SELECT `a`.`article_title`,`a`.`create_time`,`a`.`note`,`b`.`color`,`b`.`show_type`,`b`.`value`,`a`.`article_id`,`a`.`tag_ids` FROM `yh_b_article` `a` INNER JOIN `yh_b_article_type` `b` ON `b`.`id`=`a`.`type_id` WHERE  `a`.`delete_time` IS NULL  AND (  article_id=81 ) LIMIT 1 [ RunTime:0.059884s ]

---------------------------------------------------------------
[ 2018-02-11T10:00:09+08:00 ] 60.205.47.19 47.92.22.210 GET /robots.txt
[ log ] www.yuhal.com/robots.txt [运行时间：0.200677s][吞吐率：4.98req/s] [内存消耗：2,120.05kb] [文件加载：35]
[ info ] [ SESSION ] INIT array (
  'id' => '',
  'var_session_id' => '',
  'prefix' => 'think',
  'type' => '',
  'auto_start' => true,
)
[ info ] [ DB ] INIT mysql
[ info ] [ LANG ] /data/home/bxu2713790162/htdocs/thinkphp/lang/zh-cn.php
[ info ] [ ROUTE ] array (
  'type' => 'module',
  'module' => 
  array (
    0 => 'blog',
    1 => 'error',
    2 => 'index',
  ),
  'convert' => false,
)
[ info ] [ HEADER ] array (
  'accept' => 'text/html, image/gif, image/jpeg, *; q=.2, */*; q=.2',
  'cache-control' => 'no-cache',
  'connection' => 'keep-alive',
  'host' => 'www.yuhal.com',
  'pragma' => 'no-cache',
  'user-agent' => 'Mozilla/5.0 (X11; Ubuntu; Linux x86_64; rv:36.0) Gecko/20100101 Firefox/36.0',
)
[ info ] [ PARAM ] array (
)
[ info ] [ RUN ] app\blog\controller\Error->index[ /data/home/bxu2713790162/htdocs/application/blog/controller/Error.php ]
[ info ] [ VIEW ] /data/home/bxu2713790162/htdocs/application/blog/view/error/error.html [ array (
  0 => 'code',
  1 => 'msg',
) ]
[ info ] [ LOG ] INIT File

---------------------------------------------------------------
[ 2018-02-11T11:41:05+08:00 ] 60.205.47.19 39.104.29.35 GET /
[ log ] www.yuhal.com/ [运行时间：1.049327s][吞吐率：0.95req/s] [内存消耗：3,335.09kb] [文件加载：46]
[ info ] [ SESSION ] INIT array (
  'id' => '',
  'var_session_id' => '',
  'prefix' => 'think',
  'type' => '',
  'auto_start' => true,
)
[ info ] [ DB ] INIT mysql
[ info ] [ LANG ] /data/home/bxu2713790162/htdocs/thinkphp/lang/zh-cn.php
[ info ] [ ROUTE ] array (
  'type' => 'module',
  'module' => 
  array (
    0 => 'blog',
    1 => 'index',
    2 => 'index',
  ),
  'convert' => false,
)
[ info ] [ HEADER ] array (
  'accept' => 'text/html, image/gif, image/jpeg, *; q=.2, */*; q=.2',
  'cache-control' => 'no-cache',
  'connection' => 'keep-alive',
  'host' => 'www.yuhal.com',
  'pragma' => 'no-cache',
  'user-agent' => 'Mozilla/5.0 (X11; Ubuntu; Linux x86_64; rv:36.0) Gecko/20100101 Firefox/36.0',
)
[ info ] [ PARAM ] array (
)
[ info ] [ DB ] INIT mysql
[ info ] [ RUN ] app\blog\controller\Index->index[ /data/home/bxu2713790162/htdocs/application/blog/controller/Index.php ]
[ info ] [ VIEW ] /data/home/bxu2713790162/htdocs/application/blog/view/index/index.html [ array (
  0 => 'Tag',
  1 => 'Information',
  2 => 'User',
  3 => 'allart',
  4 => 'p',
  5 => 'page',
  6 => 'title',
) ]
[ info ] [ LOG ] INIT File
[ sql ] [ DB ] CONNECT:[ UseTime:0.090003s ] mysql:dbname=yuhal;host=118.31.23.98;port=3306;charset=utf8
[ sql ] [ SQL ] SHOW COLUMNS FROM `yh_b_tags` [ RunTime:0.060618s ]
[ sql ] [ SQL ] SELECT `value` FROM `yh_b_tags` WHERE  `yh_b_tags`.`delete_time` IS NULL ORDER BY update_time desc [ RunTime:0.060121s ]
[ sql ] [ SQL ] SHOW COLUMNS FROM `yh_b_information` [ RunTime:0.060668s ]
[ sql ] [ SQL ] SELECT * FROM `yh_b_information` ORDER BY rand() LIMIT 5 [ RunTime:0.060197s ]
[ sql ] [ SQL ] SHOW COLUMNS FROM `yh_b_article` [ RunTime:0.060783s ]
[ sql ] [ SQL ] SELECT `a`.`article_id`,`a`.`tag_ids`,`a`.`article_title`,`a`.`create_time`,`a`.`note`,`b`.`value`,`b`.`color` FROM `yh_b_article` `a` INNER JOIN `yh_b_article_type` `b` ON `b`.`id`=`a`.`type_id` WHERE  `a`.`delete_time` IS NULL  AND (  article_title like '%%' ) ORDER BY a.create_time desc LIMIT 0,5 [ RunTime:0.060437s ]
[ sql ] [ SQL ] select a.path from yh_s_picture as a left join yh_s_group as b on a.group_id=b.id where b.value='博客' order by rand() limit 1 [ RunTime:0.060426s ]
[ sql ] [ SQL ] select a.path from yh_s_picture as a left join yh_s_group as b on a.group_id=b.id where b.value='博客' order by rand() limit 1 [ RunTime:0.060776s ]
[ sql ] [ SQL ] select a.path from yh_s_picture as a left join yh_s_group as b on a.group_id=b.id where b.value='博客' order by rand() limit 1 [ RunTime:0.064976s ]
[ sql ] [ SQL ] select a.path from yh_s_picture as a left join yh_s_group as b on a.group_id=b.id where b.value='博客' order by rand() limit 1 [ RunTime:0.060317s ]
[ sql ] [ SQL ] select a.path from yh_s_picture as a left join yh_s_group as b on a.group_id=b.id where b.value='博客' order by rand() limit 1 [ RunTime:0.060360s ]
[ sql ] [ SQL ] SELECT COUNT(*) AS tp_count FROM `yh_b_article` WHERE  `yh_b_article`.`delete_time` IS NULL  AND (  article_title like '%%' ) LIMIT 1 [ RunTime:0.060164s ]

---------------------------------------------------------------
[ 2018-02-11T12:15:16+08:00 ] 60.205.47.19 108.59.8.70 GET /robots.txt
[ log ] www.yuhal.com/robots.txt [运行时间：0.199549s][吞吐率：5.01req/s] [内存消耗：2,119.00kb] [文件加载：35]
[ info ] [ SESSION ] INIT array (
  'id' => '',
  'var_session_id' => '',
  'prefix' => 'think',
  'type' => '',
  'auto_start' => true,
)
[ info ] [ DB ] INIT mysql
[ info ] [ LANG ] /data/home/bxu2713790162/htdocs/thinkphp/lang/zh-cn.php
[ info ] [ ROUTE ] array (
  'type' => 'module',
  'module' => 
  array (
    0 => 'blog',
    1 => 'error',
    2 => 'index',
  ),
  'convert' => false,
)
[ info ] [ HEADER ] array (
  'accept' => '*/*',
  'connection' => 'keep-alive',
  'host' => 'www.yuhal.com',
  'user-agent' => 'Mozilla/5.0 (compatible; MJ12bot/v1.4.8; http://mj12bot.com/)',
)
[ info ] [ PARAM ] array (
)
[ info ] [ RUN ] app\blog\controller\Error->index[ /data/home/bxu2713790162/htdocs/application/blog/controller/Error.php ]
[ info ] [ VIEW ] /data/home/bxu2713790162/htdocs/application/blog/view/error/error.html [ array (
  0 => 'code',
  1 => 'msg',
) ]
[ info ] [ LOG ] INIT File

---------------------------------------------------------------
[ 2018-02-11T12:15:19+08:00 ] 60.205.47.19 108.59.8.70 GET /
[ log ] www.yuhal.com/ [运行时间：1.007414s][吞吐率：0.99req/s] [内存消耗：3,335.10kb] [文件加载：46]
[ info ] [ SESSION ] INIT array (
  'id' => '',
  'var_session_id' => '',
  'prefix' => 'think',
  'type' => '',
  'auto_start' => true,
)
[ info ] [ DB ] INIT mysql
[ info ] [ LANG ] /data/home/bxu2713790162/htdocs/thinkphp/lang/zh-cn.php
[ info ] [ ROUTE ] array (
  'type' => 'module',
  'module' => 
  array (
    0 => 'blog',
    1 => 'index',
    2 => 'index',
  ),
  'convert' => false,
)
[ info ] [ HEADER ] array (
  'accept' => 'text/html,text/plain,text/xml,text/*,application/xml,application/xhtml+xml,application/rss+xml,application/atom+xml,application/rdf+xml,application/php,application/x-php,application/x-httpd-php',
  'accept-language' => 'en',
  'host' => 'www.yuhal.com',
  'user-agent' => 'Mozilla/5.0 (compatible; MJ12bot/v1.4.8; http://mj12bot.com/)',
)
[ info ] [ PARAM ] array (
)
[ info ] [ DB ] INIT mysql
[ info ] [ RUN ] app\blog\controller\Index->index[ /data/home/bxu2713790162/htdocs/application/blog/controller/Index.php ]
[ info ] [ VIEW ] /data/home/bxu2713790162/htdocs/application/blog/view/index/index.html [ array (
  0 => 'Tag',
  1 => 'Information',
  2 => 'User',
  3 => 'allart',
  4 => 'p',
  5 => 'page',
  6 => 'title',
) ]
[ info ] [ LOG ] INIT File
[ sql ] [ DB ] CONNECT:[ UseTime:0.088694s ] mysql:dbname=yuhal;host=118.31.23.98;port=3306;charset=utf8
[ sql ] [ SQL ] SHOW COLUMNS FROM `yh_b_tags` [ RunTime:0.059854s ]
[ sql ] [ SQL ] SELECT `value` FROM `yh_b_tags` WHERE  `yh_b_tags`.`delete_time` IS NULL ORDER BY update_time desc [ RunTime:0.059357s ]
[ sql ] [ SQL ] SHOW COLUMNS FROM `yh_b_information` [ RunTime:0.059850s ]
[ sql ] [ SQL ] SELECT * FROM `yh_b_information` ORDER BY rand() LIMIT 5 [ RunTime:0.059873s ]
[ sql ] [ SQL ] SHOW COLUMNS FROM `yh_b_article` [ RunTime:0.059728s ]
[ sql ] [ SQL ] SELECT `a`.`article_id`,`a`.`tag_ids`,`a`.`article_title`,`a`.`create_time`,`a`.`note`,`b`.`value`,`b`.`color` FROM `yh_b_article` `a` INNER JOIN `yh_b_article_type` `b` ON `b`.`id`=`a`.`type_id` WHERE  `a`.`delete_time` IS NULL  AND (  article_title like '%%' ) ORDER BY a.create_time desc LIMIT 0,5 [ RunTime:0.059493s ]
[ sql ] [ SQL ] select a.path from yh_s_picture as a left join yh_s_group as b on a.group_id=b.id where b.value='博客' order by rand() limit 1 [ RunTime:0.059432s ]
[ sql ] [ SQL ] select a.path from yh_s_picture as a left join yh_s_group as b on a.group_id=b.id where b.value='博客' order by rand() limit 1 [ RunTime:0.059384s ]
[ sql ] [ SQL ] select a.path from yh_s_picture as a left join yh_s_group as b on a.group_id=b.id where b.value='博客' order by rand() limit 1 [ RunTime:0.059375s ]
[ sql ] [ SQL ] select a.path from yh_s_picture as a left join yh_s_group as b on a.group_id=b.id where b.value='博客' order by rand() limit 1 [ RunTime:0.059521s ]
[ sql ] [ SQL ] select a.path from yh_s_picture as a left join yh_s_group as b on a.group_id=b.id where b.value='博客' order by rand() limit 1 [ RunTime:0.059402s ]
[ sql ] [ SQL ] SELECT COUNT(*) AS tp_count FROM `yh_b_article` WHERE  `yh_b_article`.`delete_time` IS NULL  AND (  article_title like '%%' ) LIMIT 1 [ RunTime:0.059300s ]

---------------------------------------------------------------
[ 2018-02-11T13:37:39+08:00 ] 60.205.47.19 106.11.242.82 GET /
[ log ] yuhal.com/ [运行时间：1.144861s][吞吐率：0.87req/s] [内存消耗：3,335.39kb] [文件加载：46]
[ info ] [ SESSION ] INIT array (
  'id' => '',
  'var_session_id' => '',
  'prefix' => 'think',
  'type' => '',
  'auto_start' => true,
)
[ info ] [ DB ] INIT mysql
[ info ] [ LANG ] /data/home/bxu2713790162/htdocs/thinkphp/lang/zh-cn.php
[ info ] [ ROUTE ] array (
  'type' => 'module',
  'module' => 
  array (
    0 => 'blog',
    1 => 'index',
    2 => 'index',
  ),
  'convert' => false,
)
[ info ] [ HEADER ] array (
  'accept' => 'text/html, image/gif, image/jpeg, *; q=.2, */*; q=.2',
  'accept-encoding' => 'gzip',
  'cache-control' => 'no-cache',
  'connection' => 'keep-alive',
  'host' => 'yuhal.com',
  'pragma' => 'no-cache',
  'user-agent' => 'Mozilla/5.0 (iPad; CPU OS 9_1 like Mac OS X) AppleWebKit/601.1.46 (KHTML, like Gecko) Version/9.0 Mobile/13B143 Safari/601.1',
)
[ info ] [ PARAM ] array (
)
[ info ] [ DB ] INIT mysql
[ info ] [ RUN ] app\blog\controller\Index->index[ /data/home/bxu2713790162/htdocs/application/blog/controller/Index.php ]
[ info ] [ VIEW ] /data/home/bxu2713790162/htdocs/application/blog/view/index/index.html [ array (
  0 => 'Tag',
  1 => 'Information',
  2 => 'User',
  3 => 'allart',
  4 => 'p',
  5 => 'page',
  6 => 'title',
) ]
[ info ] [ LOG ] INIT File
[ sql ] [ DB ] CONNECT:[ UseTime:0.101755s ] mysql:dbname=yuhal;host=118.31.23.98;port=3306;charset=utf8
[ sql ] [ SQL ] SHOW COLUMNS FROM `yh_b_tags` [ RunTime:0.068708s ]
[ sql ] [ SQL ] SELECT `value` FROM `yh_b_tags` WHERE  `yh_b_tags`.`delete_time` IS NULL ORDER BY update_time desc [ RunTime:0.067933s ]
[ sql ] [ SQL ] SHOW COLUMNS FROM `yh_b_information` [ RunTime:0.068439s ]
[ sql ] [ SQL ] SELECT * FROM `yh_b_information` ORDER BY rand() LIMIT 5 [ RunTime:0.068106s ]
[ sql ] [ SQL ] SHOW COLUMNS FROM `yh_b_article` [ RunTime:0.068624s ]
[ sql ] [ SQL ] SELECT `a`.`article_id`,`a`.`tag_ids`,`a`.`article_title`,`a`.`create_time`,`a`.`note`,`b`.`value`,`b`.`color` FROM `yh_b_article` `a` INNER JOIN `yh_b_article_type` `b` ON `b`.`id`=`a`.`type_id` WHERE  `a`.`delete_time` IS NULL  AND (  article_title like '%%' ) ORDER BY a.create_time desc LIMIT 0,5 [ RunTime:0.068249s ]
[ sql ] [ SQL ] select a.path from yh_s_picture as a left join yh_s_group as b on a.group_id=b.id where b.value='博客' order by rand() limit 1 [ RunTime:0.068144s ]
[ sql ] [ SQL ] select a.path from yh_s_picture as a left join yh_s_group as b on a.group_id=b.id where b.value='博客' order by rand() limit 1 [ RunTime:0.068220s ]
[ sql ] [ SQL ] select a.path from yh_s_picture as a left join yh_s_group as b on a.group_id=b.id where b.value='博客' order by rand() limit 1 [ RunTime:0.068232s ]
[ sql ] [ SQL ] select a.path from yh_s_picture as a left join yh_s_group as b on a.group_id=b.id where b.value='博客' order by rand() limit 1 [ RunTime:0.068228s ]
[ sql ] [ SQL ] select a.path from yh_s_picture as a left join yh_s_group as b on a.group_id=b.id where b.value='博客' order by rand() limit 1 [ RunTime:0.068216s ]
[ sql ] [ SQL ] SELECT COUNT(*) AS tp_count FROM `yh_b_article` WHERE  `yh_b_article`.`delete_time` IS NULL  AND (  article_title like '%%' ) LIMIT 1 [ RunTime:0.067984s ]

---------------------------------------------------------------
[ 2018-02-11T20:25:35+08:00 ] 60.205.47.19 203.208.60.144 GET /robots.txt
[ log ] yuhal.com/robots.txt [运行时间：0.206115s][吞吐率：4.85req/s] [内存消耗：2,119.80kb] [文件加载：35]
[ info ] [ SESSION ] INIT array (
  'id' => '',
  'var_session_id' => '',
  'prefix' => 'think',
  'type' => '',
  'auto_start' => true,
)
[ info ] [ DB ] INIT mysql
[ info ] [ LANG ] /data/home/bxu2713790162/htdocs/thinkphp/lang/zh-cn.php
[ info ] [ ROUTE ] array (
  'type' => 'module',
  'module' => 
  array (
    0 => 'blog',
    1 => 'error',
    2 => 'index',
  ),
  'convert' => false,
)
[ info ] [ HEADER ] array (
  'accept' => 'text/plain,text/html,*/*',
  'accept-encoding' => 'gzip,deflate,br',
  'connection' => 'keep-alive',
  'host' => 'yuhal.com',
  'user-agent' => 'Mozilla/5.0 (compatible; Googlebot/2.1; +http://www.google.com/bot.html)',
)
[ info ] [ PARAM ] array (
)
[ info ] [ RUN ] app\blog\controller\Error->index[ /data/home/bxu2713790162/htdocs/application/blog/controller/Error.php ]
[ info ] [ VIEW ] /data/home/bxu2713790162/htdocs/application/blog/view/error/error.html [ array (
  0 => 'code',
  1 => 'msg',
) ]
[ info ] [ LOG ] INIT File

---------------------------------------------------------------
[ 2018-02-11T20:25:36+08:00 ] 60.205.47.19 203.208.60.144 GET /
[ log ] yuhal.com/ [运行时间：1.124341s][吞吐率：0.89req/s] [内存消耗：3,335.51kb] [文件加载：46]
[ info ] [ SESSION ] INIT array (
  'id' => '',
  'var_session_id' => '',
  'prefix' => 'think',
  'type' => '',
  'auto_start' => true,
)
[ info ] [ DB ] INIT mysql
[ info ] [ LANG ] /data/home/bxu2713790162/htdocs/thinkphp/lang/zh-cn.php
[ info ] [ ROUTE ] array (
  'type' => 'module',
  'module' => 
  array (
    0 => 'blog',
    1 => 'index',
    2 => 'index',
  ),
  'convert' => false,
)
[ info ] [ HEADER ] array (
  'accept' => 'text/html,application/xhtml+xml,application/xml;q=0.9,*/*;q=0.8',
  'accept-encoding' => 'gzip,deflate,br',
  'connection' => 'keep-alive',
  'from' => 'googlebot(at)googlebot.com',
  'host' => 'yuhal.com',
  'user-agent' => 'Mozilla/5.0 (Linux; Android 6.0.1; Nexus 5X Build/MMB29P) AppleWebKit/537.36 (KHTML, like Gecko) Chrome/41.0.2272.96 Mobile Safari/537.36 (compatible; Googlebot/2.1; +http://www.google.com/bot.html)',
)
[ info ] [ PARAM ] array (
)
[ info ] [ DB ] INIT mysql
[ info ] [ RUN ] app\blog\controller\Index->index[ /data/home/bxu2713790162/htdocs/application/blog/controller/Index.php ]
[ info ] [ VIEW ] /data/home/bxu2713790162/htdocs/application/blog/view/index/index.html [ array (
  0 => 'Tag',
  1 => 'Information',
  2 => 'User',
  3 => 'allart',
  4 => 'p',
  5 => 'page',
  6 => 'title',
) ]
[ info ] [ LOG ] INIT File
[ sql ] [ DB ] CONNECT:[ UseTime:0.099594s ] mysql:dbname=yuhal;host=118.31.23.98;port=3306;charset=utf8
[ sql ] [ SQL ] SHOW COLUMNS FROM `yh_b_tags` [ RunTime:0.066945s ]
[ sql ] [ SQL ] SELECT `value` FROM `yh_b_tags` WHERE  `yh_b_tags`.`delete_time` IS NULL ORDER BY update_time desc [ RunTime:0.066517s ]
[ sql ] [ SQL ] SHOW COLUMNS FROM `yh_b_information` [ RunTime:0.066686s ]
[ sql ] [ SQL ] SELECT * FROM `yh_b_information` ORDER BY rand() LIMIT 5 [ RunTime:0.066395s ]
[ sql ] [ SQL ] SHOW COLUMNS FROM `yh_b_article` [ RunTime:0.066775s ]
[ sql ] [ SQL ] SELECT `a`.`article_id`,`a`.`tag_ids`,`a`.`article_title`,`a`.`create_time`,`a`.`note`,`b`.`value`,`b`.`color` FROM `yh_b_article` `a` INNER JOIN `yh_b_article_type` `b` ON `b`.`id`=`a`.`type_id` WHERE  `a`.`delete_time` IS NULL  AND (  article_title like '%%' ) ORDER BY a.create_time desc LIMIT 0,5 [ RunTime:0.066564s ]
[ sql ] [ SQL ] select a.path from yh_s_picture as a left join yh_s_group as b on a.group_id=b.id where b.value='博客' order by rand() limit 1 [ RunTime:0.066593s ]
[ sql ] [ SQL ] select a.path from yh_s_picture as a left join yh_s_group as b on a.group_id=b.id where b.value='博客' order by rand() limit 1 [ RunTime:0.066578s ]
[ sql ] [ SQL ] select a.path from yh_s_picture as a left join yh_s_group as b on a.group_id=b.id where b.value='博客' order by rand() limit 1 [ RunTime:0.066683s ]
[ sql ] [ SQL ] select a.path from yh_s_picture as a left join yh_s_group as b on a.group_id=b.id where b.value='博客' order by rand() limit 1 [ RunTime:0.066654s ]
[ sql ] [ SQL ] select a.path from yh_s_picture as a left join yh_s_group as b on a.group_id=b.id where b.value='博客' order by rand() limit 1 [ RunTime:0.066611s ]
[ sql ] [ SQL ] SELECT COUNT(*) AS tp_count FROM `yh_b_article` WHERE  `yh_b_article`.`delete_time` IS NULL  AND (  article_title like '%%' ) LIMIT 1 [ RunTime:0.066312s ]

---------------------------------------------------------------
[ 2018-02-11T20:25:44+08:00 ] 60.205.47.19 203.208.60.144 GET /informationinfo
[ log ] yuhal.com/informationinfo [运行时间：0.378608s][吞吐率：2.64req/s] [内存消耗：3,114.41kb] [文件加载：46]
[ info ] [ SESSION ] INIT array (
  'id' => '',
  'var_session_id' => '',
  'prefix' => 'think',
  'type' => '',
  'auto_start' => true,
)
[ info ] [ LANG ] /data/home/bxu2713790162/htdocs/thinkphp/lang/zh-cn.php
[ info ] [ ROUTE ] array (
  'type' => 'module',
  'module' => 
  array (
    0 => 'blog',
    1 => 'information',
    2 => 'informationinfo',
  ),
  'convert' => false,
)
[ info ] [ HEADER ] array (
  'accept' => '*/*,application/json, text/javascript, */*; q=0.01',
  'accept-encoding' => 'gzip,deflate,br',
  'accept-language' => 'en-US',
  'connection' => 'keep-alive',
  'cookie' => 'PHPSESSID=9g4bm3gf5u3p304lrfeos07es0',
  'from' => 'googlebot(at)googlebot.com',
  'host' => 'yuhal.com',
  'referer' => 'http://yuhal.com/',
  'user-agent' => 'Mozilla/5.0 (compatible; Googlebot/2.1; +http://www.google.com/bot.html)',
  'x-requested-with' => 'XMLHttpRequest',
)
[ info ] [ PARAM ] array (
)
[ info ] [ DB ] INIT mysql
[ info ] [ RUN ] app\blog\controller\Information->informationinfo[ /data/home/bxu2713790162/htdocs/application/blog/controller/Information.php ]
[ info ] [ LOG ] INIT File
[ sql ] [ DB ] CONNECT:[ UseTime:0.092126s ] mysql:dbname=yuhal;host=118.31.23.98;port=3306;charset=utf8
[ sql ] [ SQL ] SHOW COLUMNS FROM `yh_b_tags` [ RunTime:0.060428s ]
[ sql ] [ SQL ] SELECT `value` FROM `yh_b_tags` WHERE  `yh_b_tags`.`delete_time` IS NULL ORDER BY update_time desc [ RunTime:0.062603s ]
[ sql ] [ SQL ] SHOW COLUMNS FROM `yh_b_information` [ RunTime:0.060209s ]
[ sql ] [ SQL ] SELECT * FROM `yh_b_information` ORDER BY rand() LIMIT 5 [ RunTime:0.059759s ]

---------------------------------------------------------------
[ 2018-02-11T20:31:02+08:00 ] 60.205.47.19 123.125.67.225 GET /robots.txt
[ log ] www.yuhal.com/robots.txt [运行时间：0.181456s][吞吐率：5.51req/s] [内存消耗：2,120.41kb] [文件加载：35]
[ info ] [ SESSION ] INIT array (
  'id' => '',
  'var_session_id' => '',
  'prefix' => 'think',
  'type' => '',
  'auto_start' => true,
)
[ info ] [ DB ] INIT mysql
[ info ] [ LANG ] /data/home/bxu2713790162/htdocs/thinkphp/lang/zh-cn.php
[ info ] [ ROUTE ] array (
  'type' => 'module',
  'module' => 
  array (
    0 => 'blog',
    1 => 'error',
    2 => 'index',
  ),
  'convert' => false,
)
[ info ] [ HEADER ] array (
  'accept' => '*/*',
  'accept-encoding' => 'gzip',
  'accept-language' => 'zh-cn,zh-tw',
  'connection' => 'close',
  'host' => 'www.yuhal.com',
  'user-agent' => 'Mozilla/5.0 (Windows NT 10.0; WOW64) AppleWebKit/537.36 (KHTML, like Gecko) Chrome/45.0.2454.93 Safari/537.36',
)
[ info ] [ PARAM ] array (
)
[ info ] [ RUN ] app\blog\controller\Error->index[ /data/home/bxu2713790162/htdocs/application/blog/controller/Error.php ]
[ info ] [ VIEW ] /data/home/bxu2713790162/htdocs/application/blog/view/error/error.html [ array (
  0 => 'code',
  1 => 'msg',
) ]
[ info ] [ LOG ] INIT File

---------------------------------------------------------------
[ 2018-02-11T20:32:58+08:00 ] 60.205.47.19 123.125.71.89 GET /
[ log ] www.yuhal.com/ [运行时间：0.906059s][吞吐率：1.10req/s] [内存消耗：3,335.88kb] [文件加载：46]
[ info ] [ SESSION ] INIT array (
  'id' => '',
  'var_session_id' => '',
  'prefix' => 'think',
  'type' => '',
  'auto_start' => true,
)
[ info ] [ DB ] INIT mysql
[ info ] [ LANG ] /data/home/bxu2713790162/htdocs/thinkphp/lang/zh-cn.php
[ info ] [ ROUTE ] array (
  'type' => 'module',
  'module' => 
  array (
    0 => 'blog',
    1 => 'index',
    2 => 'index',
  ),
  'convert' => false,
)
[ info ] [ HEADER ] array (
  'accept' => '*/*',
  'accept-encoding' => 'gzip',
  'accept-language' => 'zh-cn,zh-tw',
  'connection' => 'close',
  'host' => 'www.yuhal.com',
  'if-modified-since' => 'Wed, 16 Aug 2017 05:55:12 GMT',
  'if-none-match' => '"15-556d88a041000"',
  'user-agent' => 'Mozilla/5.0 (compatible; Baiduspider/2.0; +http://www.baidu.com/search/spider.html)',
)
[ info ] [ PARAM ] array (
)
[ info ] [ DB ] INIT mysql
[ info ] [ RUN ] app\blog\controller\Index->index[ /data/home/bxu2713790162/htdocs/application/blog/controller/Index.php ]
[ info ] [ VIEW ] /data/home/bxu2713790162/htdocs/application/blog/view/index/index.html [ array (
  0 => 'Tag',
  1 => 'Information',
  2 => 'User',
  3 => 'allart',
  4 => 'p',
  5 => 'page',
  6 => 'title',
) ]
[ info ] [ LOG ] INIT File
[ sql ] [ DB ] CONNECT:[ UseTime:0.077951s ] mysql:dbname=yuhal;host=118.31.23.98;port=3306;charset=utf8
[ sql ] [ SQL ] SHOW COLUMNS FROM `yh_b_tags` [ RunTime:0.052782s ]
[ sql ] [ SQL ] SELECT `value` FROM `yh_b_tags` WHERE  `yh_b_tags`.`delete_time` IS NULL ORDER BY update_time desc [ RunTime:0.052004s ]
[ sql ] [ SQL ] SHOW COLUMNS FROM `yh_b_information` [ RunTime:0.052406s ]
[ sql ] [ SQL ] SELECT * FROM `yh_b_information` ORDER BY rand() LIMIT 5 [ RunTime:0.052048s ]
[ sql ] [ SQL ] SHOW COLUMNS FROM `yh_b_article` [ RunTime:0.052448s ]
[ sql ] [ SQL ] SELECT `a`.`article_id`,`a`.`tag_ids`,`a`.`article_title`,`a`.`create_time`,`a`.`note`,`b`.`value`,`b`.`color` FROM `yh_b_article` `a` INNER JOIN `yh_b_article_type` `b` ON `b`.`id`=`a`.`type_id` WHERE  `a`.`delete_time` IS NULL  AND (  article_title like '%%' ) ORDER BY a.create_time desc LIMIT 0,5 [ RunTime:0.052223s ]
[ sql ] [ SQL ] select a.path from yh_s_picture as a left join yh_s_group as b on a.group_id=b.id where b.value='博客' order by rand() limit 1 [ RunTime:0.052292s ]
[ sql ] [ SQL ] select a.path from yh_s_picture as a left join yh_s_group as b on a.group_id=b.id where b.value='博客' order by rand() limit 1 [ RunTime:0.052227s ]
[ sql ] [ SQL ] select a.path from yh_s_picture as a left join yh_s_group as b on a.group_id=b.id where b.value='博客' order by rand() limit 1 [ RunTime:0.052083s ]
[ sql ] [ SQL ] select a.path from yh_s_picture as a left join yh_s_group as b on a.group_id=b.id where b.value='博客' order by rand() limit 1 [ RunTime:0.052148s ]
[ sql ] [ SQL ] select a.path from yh_s_picture as a left join yh_s_group as b on a.group_id=b.id where b.value='博客' order by rand() limit 1 [ RunTime:0.052276s ]
[ sql ] [ SQL ] SELECT COUNT(*) AS tp_count FROM `yh_b_article` WHERE  `yh_b_article`.`delete_time` IS NULL  AND (  article_title like '%%' ) LIMIT 1 [ RunTime:0.052183s ]

---------------------------------------------------------------
[ 2018-02-11T20:32:58+08:00 ] 60.205.47.19 111.206.221.104 GET /sponsorinfo
[ log ] www.yuhal.com/sponsorinfo [运行时间：0.187473s][吞吐率：5.33req/s] [内存消耗：2,134.02kb] [文件加载：36]
[ info ] [ SESSION ] INIT array (
  'id' => '',
  'var_session_id' => '',
  'prefix' => 'think',
  'type' => '',
  'auto_start' => true,
)
[ info ] [ DB ] INIT mysql
[ info ] [ LANG ] /data/home/bxu2713790162/htdocs/thinkphp/lang/zh-cn.php
[ info ] [ ROUTE ] array (
  'type' => 'module',
  'module' => 
  array (
    0 => 'blog',
    1 => 'error',
    2 => 'index',
  ),
  'convert' => false,
)
[ info ] [ HEADER ] array (
  'accept' => 'application/json, text/javascript, */*; q=0.01',
  'accept-language' => 'zh-CN,zh;q=0.8,en-US;q=0.5,en;q=0.3',
  'host' => 'www.yuhal.com',
  'proxy-connection' => 'keep-alive',
  'referer' => 'http://www.yuhal.com/',
  'resource-type' => '13',
  'user-agent' => 'Mozilla/5.0 (iPhone; CPU iPhone OS 9_1 like Mac OS X) AppleWebKit/601.1.46 (KHTML, like Gecko) Version/9.0 Mobile/13B143 Safari/601.1 (compatible; Baiduspider-render/2.0; +http://www.baidu.com/search/spider.html)',
  'x-devtools-emulate-network-conditions-client-id' => '01d63fe3-30d6-4b3e-bcdf-dc895d3d81fb',
  'x-requested-with' => 'XMLHttpRequest',
)
[ info ] [ PARAM ] array (
)
[ info ] [ RUN ] app\blog\controller\Error->index[ /data/home/bxu2713790162/htdocs/application/blog/controller/Error.php ]
[ info ] [ VIEW ] /data/home/bxu2713790162/htdocs/application/blog/view/error/error.html [ array (
  0 => 'code',
  1 => 'msg',
) ]
[ info ] [ LOG ] INIT File

---------------------------------------------------------------
[ 2018-02-11T20:32:59+08:00 ] 60.205.47.19 111.206.198.107 GET /informationinfo
[ log ] www.yuhal.com/informationinfo [运行时间：0.591090s][吞吐率：1.69req/s] [内存消耗：3,317.39kb] [文件加载：46]
[ info ] [ SESSION ] INIT array (
  'id' => '',
  'var_session_id' => '',
  'prefix' => 'think',
  'type' => '',
  'auto_start' => true,
)
[ info ] [ DB ] INIT mysql
[ info ] [ LANG ] /data/home/bxu2713790162/htdocs/thinkphp/lang/zh-cn.php
[ info ] [ ROUTE ] array (
  'type' => 'module',
  'module' => 
  array (
    0 => 'blog',
    1 => 'information',
    2 => 'informationinfo',
  ),
  'convert' => false,
)
[ info ] [ HEADER ] array (
  'accept' => 'application/json, text/javascript, */*; q=0.01',
  'accept-language' => 'zh-CN,zh;q=0.8,en-US;q=0.5,en;q=0.3',
  'host' => 'www.yuhal.com',
  'proxy-connection' => 'keep-alive',
  'referer' => 'http://www.yuhal.com/',
  'resource-type' => '13',
  'user-agent' => 'Mozilla/5.0 (iPhone; CPU iPhone OS 9_1 like Mac OS X) AppleWebKit/601.1.46 (KHTML, like Gecko) Version/9.0 Mobile/13B143 Safari/601.1 (compatible; Baiduspider-render/2.0; +http://www.baidu.com/search/spider.html)',
  'x-devtools-emulate-network-conditions-client-id' => '01d63fe3-30d6-4b3e-bcdf-dc895d3d81fb',
  'x-requested-with' => 'XMLHttpRequest',
)
[ info ] [ PARAM ] array (
)
[ info ] [ DB ] INIT mysql
[ info ] [ RUN ] app\blog\controller\Information->informationinfo[ /data/home/bxu2713790162/htdocs/application/blog/controller/Information.php ]
[ info ] [ LOG ] INIT File
[ sql ] [ DB ] CONNECT:[ UseTime:0.101952s ] mysql:dbname=yuhal;host=118.31.23.98;port=3306;charset=utf8
[ sql ] [ SQL ] SHOW COLUMNS FROM `yh_b_tags` [ RunTime:0.068661s ]
[ sql ] [ SQL ] SELECT `value` FROM `yh_b_tags` WHERE  `yh_b_tags`.`delete_time` IS NULL ORDER BY update_time desc [ RunTime:0.068233s ]
[ sql ] [ SQL ] SHOW COLUMNS FROM `yh_b_information` [ RunTime:0.068637s ]
[ sql ] [ SQL ] SELECT * FROM `yh_b_information` ORDER BY rand() LIMIT 5 [ RunTime:0.068160s ]

---------------------------------------------------------------
[ 2018-02-11T21:53:41+08:00 ] 60.205.47.19 51.15.193.15 GET /robots.txt
[ log ] www.yuhal.com/robots.txt [运行时间：0.197720s][吞吐率：5.06req/s] [内存消耗：2,119.00kb] [文件加载：35]
[ info ] [ SESSION ] INIT array (
  'id' => '',
  'var_session_id' => '',
  'prefix' => 'think',
  'type' => '',
  'auto_start' => true,
)
[ info ] [ DB ] INIT mysql
[ info ] [ LANG ] /data/home/bxu2713790162/htdocs/thinkphp/lang/zh-cn.php
[ info ] [ ROUTE ] array (
  'type' => 'module',
  'module' => 
  array (
    0 => 'blog',
    1 => 'error',
    2 => 'index',
  ),
  'convert' => false,
)
[ info ] [ HEADER ] array (
  'accept' => '*/*',
  'connection' => 'keep-alive',
  'host' => 'www.yuhal.com',
  'user-agent' => 'Mozilla/5.0 (compatible; MJ12bot/v1.4.8; http://mj12bot.com/)',
)
[ info ] [ PARAM ] array (
)
[ info ] [ RUN ] app\blog\controller\Error->index[ /data/home/bxu2713790162/htdocs/application/blog/controller/Error.php ]
[ info ] [ VIEW ] /data/home/bxu2713790162/htdocs/application/blog/view/error/error.html [ array (
  0 => 'code',
  1 => 'msg',
) ]
[ info ] [ LOG ] INIT File

---------------------------------------------------------------
[ 2018-02-11T21:53:44+08:00 ] 60.205.47.19 51.15.193.15 GET /details/82
[ log ] www.yuhal.com/details/82 [运行时间：0.653085s][吞吐率：1.53req/s] [内存消耗：3,311.18kb] [文件加载：46]
[ info ] [ SESSION ] INIT array (
  'id' => '',
  'var_session_id' => '',
  'prefix' => 'think',
  'type' => '',
  'auto_start' => true,
)
[ info ] [ DB ] INIT mysql
[ info ] [ LANG ] /data/home/bxu2713790162/htdocs/thinkphp/lang/zh-cn.php
[ info ] [ ROUTE ] array (
  'type' => 'module',
  'module' => 
  array (
    0 => 'blog',
    1 => 'details',
    2 => 'index',
  ),
  'convert' => false,
)
[ info ] [ HEADER ] array (
  'accept' => 'text/html,text/plain,text/xml,text/*,application/xml,application/xhtml+xml,application/rss+xml,application/atom+xml,application/rdf+xml,application/php,application/x-php,application/x-httpd-php',
  'accept-language' => 'en',
  'host' => 'www.yuhal.com',
  'user-agent' => 'Mozilla/5.0 (compatible; MJ12bot/v1.4.8; http://mj12bot.com/)',
)
[ info ] [ PARAM ] array (
  'id' => '82',
)
[ info ] [ DB ] INIT mysql
[ info ] [ RUN ] app\blog\controller\Details->index[ /data/home/bxu2713790162/htdocs/application/blog/controller/Details.php ]
[ info ] [ VIEW ] /data/home/bxu2713790162/htdocs/application/blog/view/error/error.html [ array (
  0 => 'Tag',
  1 => 'Information',
  2 => 'User',
  3 => 'code',
  4 => 'msg',
) ]
[ info ] [ LOG ] INIT File
[ sql ] [ DB ] CONNECT:[ UseTime:0.092204s ] mysql:dbname=yuhal;host=118.31.23.98;port=3306;charset=utf8
[ sql ] [ SQL ] SHOW COLUMNS FROM `yh_b_tags` [ RunTime:0.059404s ]
[ sql ] [ SQL ] SELECT `value` FROM `yh_b_tags` WHERE  `yh_b_tags`.`delete_time` IS NULL ORDER BY update_time desc [ RunTime:0.058932s ]
[ sql ] [ SQL ] SHOW COLUMNS FROM `yh_b_information` [ RunTime:0.059468s ]
[ sql ] [ SQL ] SELECT * FROM `yh_b_information` ORDER BY rand() LIMIT 5 [ RunTime:0.059090s ]
[ sql ] [ SQL ] SHOW COLUMNS FROM `yh_b_article` [ RunTime:0.059784s ]
[ sql ] [ SQL ] SELECT `a`.`article_title`,`a`.`create_time`,`a`.`note`,`b`.`color`,`b`.`show_type`,`b`.`value`,`a`.`article_id`,`a`.`tag_ids` FROM `yh_b_article` `a` INNER JOIN `yh_b_article_type` `b` ON `b`.`id`=`a`.`type_id` WHERE  `a`.`delete_time` IS NULL  AND (  article_id=82 ) LIMIT 1 [ RunTime:0.059197s ]

---------------------------------------------------------------
[ 2018-02-11T21:53:49+08:00 ] 60.205.47.19 51.15.193.15 GET /details/83
[ log ] www.yuhal.com/details/83 [运行时间：0.729914s][吞吐率：1.37req/s] [内存消耗：3,311.71kb] [文件加载：46]
[ info ] [ SESSION ] INIT array (
  'id' => '',
  'var_session_id' => '',
  'prefix' => 'think',
  'type' => '',
  'auto_start' => true,
)
[ info ] [ DB ] INIT mysql
[ info ] [ LANG ] /data/home/bxu2713790162/htdocs/thinkphp/lang/zh-cn.php
[ info ] [ ROUTE ] array (
  'type' => 'module',
  'module' => 
  array (
    0 => 'blog',
    1 => 'details',
    2 => 'index',
  ),
  'convert' => false,
)
[ info ] [ HEADER ] array (
  'accept' => 'text/html,text/plain,text/xml,text/*,application/xml,application/xhtml+xml,application/rss+xml,application/atom+xml,application/rdf+xml,application/php,application/x-php,application/x-httpd-php',
  'accept-encoding' => 'gzip',
  'accept-language' => 'en',
  'host' => 'www.yuhal.com',
  'user-agent' => 'Mozilla/5.0 (compatible; MJ12bot/v1.4.8; http://mj12bot.com/)',
)
[ info ] [ PARAM ] array (
  'id' => '83',
)
[ info ] [ DB ] INIT mysql
[ info ] [ RUN ] app\blog\controller\Details->index[ /data/home/bxu2713790162/htdocs/application/blog/controller/Details.php ]
[ info ] [ VIEW ] /data/home/bxu2713790162/htdocs/application/blog/view/error/error.html [ array (
  0 => 'Tag',
  1 => 'Information',
  2 => 'User',
  3 => 'code',
  4 => 'msg',
) ]
[ info ] [ LOG ] INIT File
[ sql ] [ DB ] CONNECT:[ UseTime:0.101121s ] mysql:dbname=yuhal;host=118.31.23.98;port=3306;charset=utf8
[ sql ] [ SQL ] SHOW COLUMNS FROM `yh_b_tags` [ RunTime:0.067913s ]
[ sql ] [ SQL ] SELECT `value` FROM `yh_b_tags` WHERE  `yh_b_tags`.`delete_time` IS NULL ORDER BY update_time desc [ RunTime:0.067417s ]
[ sql ] [ SQL ] SHOW COLUMNS FROM `yh_b_information` [ RunTime:0.067990s ]
[ sql ] [ SQL ] SELECT * FROM `yh_b_information` ORDER BY rand() LIMIT 5 [ RunTime:0.067555s ]
[ sql ] [ SQL ] SHOW COLUMNS FROM `yh_b_article` [ RunTime:0.068191s ]
[ sql ] [ SQL ] SELECT `a`.`article_title`,`a`.`create_time`,`a`.`note`,`b`.`color`,`b`.`show_type`,`b`.`value`,`a`.`article_id`,`a`.`tag_ids` FROM `yh_b_article` `a` INNER JOIN `yh_b_article_type` `b` ON `b`.`id`=`a`.`type_id` WHERE  `a`.`delete_time` IS NULL  AND (  article_id=83 ) LIMIT 1 [ RunTime:0.067613s ]

---------------------------------------------------------------
[ 2018-02-11T21:53:52+08:00 ] 60.205.47.19 51.15.193.15 GET /details/84
[ log ] www.yuhal.com/details/84 [运行时间：0.671661s][吞吐率：1.49req/s] [内存消耗：3,311.80kb] [文件加载：46]
[ info ] [ SESSION ] INIT array (
  'id' => '',
  'var_session_id' => '',
  'prefix' => 'think',
  'type' => '',
  'auto_start' => true,
)
[ info ] [ DB ] INIT mysql
[ info ] [ LANG ] /data/home/bxu2713790162/htdocs/thinkphp/lang/zh-cn.php
[ info ] [ ROUTE ] array (
  'type' => 'module',
  'module' => 
  array (
    0 => 'blog',
    1 => 'details',
    2 => 'index',
  ),
  'convert' => false,
)
[ info ] [ HEADER ] array (
  'accept' => 'text/html,text/plain,text/xml,text/*,application/xml,application/xhtml+xml,application/rss+xml,application/atom+xml,application/rdf+xml,application/php,application/x-php,application/x-httpd-php',
  'accept-encoding' => 'gzip',
  'accept-language' => 'en',
  'host' => 'www.yuhal.com',
  'user-agent' => 'Mozilla/5.0 (compatible; MJ12bot/v1.4.8; http://mj12bot.com/)',
)
[ info ] [ PARAM ] array (
  'id' => '84',
)
[ info ] [ DB ] INIT mysql
[ info ] [ RUN ] app\blog\controller\Details->index[ /data/home/bxu2713790162/htdocs/application/blog/controller/Details.php ]
[ info ] [ VIEW ] /data/home/bxu2713790162/htdocs/application/blog/view/error/error.html [ array (
  0 => 'Tag',
  1 => 'Information',
  2 => 'User',
  3 => 'code',
  4 => 'msg',
) ]
[ info ] [ LOG ] INIT File
[ sql ] [ DB ] CONNECT:[ UseTime:0.090794s ] mysql:dbname=yuhal;host=118.31.23.98;port=3306;charset=utf8
[ sql ] [ SQL ] SHOW COLUMNS FROM `yh_b_tags` [ RunTime:0.061005s ]
[ sql ] [ SQL ] SELECT `value` FROM `yh_b_tags` WHERE  `yh_b_tags`.`delete_time` IS NULL ORDER BY update_time desc [ RunTime:0.060630s ]
[ sql ] [ SQL ] SHOW COLUMNS FROM `yh_b_information` [ RunTime:0.061059s ]
[ sql ] [ SQL ] SELECT * FROM `yh_b_information` ORDER BY rand() LIMIT 5 [ RunTime:0.060853s ]
[ sql ] [ SQL ] SHOW COLUMNS FROM `yh_b_article` [ RunTime:0.061240s ]
[ sql ] [ SQL ] SELECT `a`.`article_title`,`a`.`create_time`,`a`.`note`,`b`.`color`,`b`.`show_type`,`b`.`value`,`a`.`article_id`,`a`.`tag_ids` FROM `yh_b_article` `a` INNER JOIN `yh_b_article_type` `b` ON `b`.`id`=`a`.`type_id` WHERE  `a`.`delete_time` IS NULL  AND (  article_id=84 ) LIMIT 1 [ RunTime:0.060824s ]

---------------------------------------------------------------
[ 2018-02-11T21:53:55+08:00 ] 60.205.47.19 51.15.193.15 GET /details/85
[ log ] www.yuhal.com/details/85 [运行时间：0.682946s][吞吐率：1.46req/s] [内存消耗：3,311.71kb] [文件加载：46]
[ info ] [ SESSION ] INIT array (
  'id' => '',
  'var_session_id' => '',
  'prefix' => 'think',
  'type' => '',
  'auto_start' => true,
)
[ info ] [ DB ] INIT mysql
[ info ] [ LANG ] /data/home/bxu2713790162/htdocs/thinkphp/lang/zh-cn.php
[ info ] [ ROUTE ] array (
  'type' => 'module',
  'module' => 
  array (
    0 => 'blog',
    1 => 'details',
    2 => 'index',
  ),
  'convert' => false,
)
[ info ] [ HEADER ] array (
  'accept' => 'text/html,text/plain,text/xml,text/*,application/xml,application/xhtml+xml,application/rss+xml,application/atom+xml,application/rdf+xml,application/php,application/x-php,application/x-httpd-php',
  'accept-encoding' => 'gzip',
  'accept-language' => 'en',
  'host' => 'www.yuhal.com',
  'user-agent' => 'Mozilla/5.0 (compatible; MJ12bot/v1.4.8; http://mj12bot.com/)',
)
[ info ] [ PARAM ] array (
  'id' => '85',
)
[ info ] [ DB ] INIT mysql
[ info ] [ RUN ] app\blog\controller\Details->index[ /data/home/bxu2713790162/htdocs/application/blog/controller/Details.php ]
[ info ] [ VIEW ] /data/home/bxu2713790162/htdocs/application/blog/view/error/error.html [ array (
  0 => 'Tag',
  1 => 'Information',
  2 => 'User',
  3 => 'code',
  4 => 'msg',
) ]
[ info ] [ LOG ] INIT File
[ sql ] [ DB ] CONNECT:[ UseTime:0.091249s ] mysql:dbname=yuhal;host=118.31.23.98;port=3306;charset=utf8
[ sql ] [ SQL ] SHOW COLUMNS FROM `yh_b_tags` [ RunTime:0.061365s ]
[ sql ] [ SQL ] SELECT `value` FROM `yh_b_tags` WHERE  `yh_b_tags`.`delete_time` IS NULL ORDER BY update_time desc [ RunTime:0.060939s ]
[ sql ] [ SQL ] SHOW COLUMNS FROM `yh_b_information` [ RunTime:0.061272s ]
[ sql ] [ SQL ] SELECT * FROM `yh_b_information` ORDER BY rand() LIMIT 5 [ RunTime:0.062108s ]
[ sql ] [ SQL ] SHOW COLUMNS FROM `yh_b_article` [ RunTime:0.061276s ]
[ sql ] [ SQL ] SELECT `a`.`article_title`,`a`.`create_time`,`a`.`note`,`b`.`color`,`b`.`show_type`,`b`.`value`,`a`.`article_id`,`a`.`tag_ids` FROM `yh_b_article` `a` INNER JOIN `yh_b_article_type` `b` ON `b`.`id`=`a`.`type_id` WHERE  `a`.`delete_time` IS NULL  AND (  article_id=85 ) LIMIT 1 [ RunTime:0.061038s ]

---------------------------------------------------------------
[ 2018-02-11T21:53:58+08:00 ] 60.205.47.19 51.15.193.15 GET /details/86
[ log ] www.yuhal.com/details/86 [运行时间：0.646792s][吞吐率：1.55req/s] [内存消耗：3,311.78kb] [文件加载：46]
[ info ] [ SESSION ] INIT array (
  'id' => '',
  'var_session_id' => '',
  'prefix' => 'think',
  'type' => '',
  'auto_start' => true,
)
[ info ] [ DB ] INIT mysql
[ info ] [ LANG ] /data/home/bxu2713790162/htdocs/thinkphp/lang/zh-cn.php
[ info ] [ ROUTE ] array (
  'type' => 'module',
  'module' => 
  array (
    0 => 'blog',
    1 => 'details',
    2 => 'index',
  ),
  'convert' => false,
)
[ info ] [ HEADER ] array (
  'accept' => 'text/html,text/plain,text/xml,text/*,application/xml,application/xhtml+xml,application/rss+xml,application/atom+xml,application/rdf+xml,application/php,application/x-php,application/x-httpd-php',
  'accept-encoding' => 'gzip',
  'accept-language' => 'en',
  'host' => 'www.yuhal.com',
  'user-agent' => 'Mozilla/5.0 (compatible; MJ12bot/v1.4.8; http://mj12bot.com/)',
)
[ info ] [ PARAM ] array (
  'id' => '86',
)
[ info ] [ DB ] INIT mysql
[ info ] [ RUN ] app\blog\controller\Details->index[ /data/home/bxu2713790162/htdocs/application/blog/controller/Details.php ]
[ info ] [ VIEW ] /data/home/bxu2713790162/htdocs/application/blog/view/error/error.html [ array (
  0 => 'Tag',
  1 => 'Information',
  2 => 'User',
  3 => 'code',
  4 => 'msg',
) ]
[ info ] [ LOG ] INIT File
[ sql ] [ DB ] CONNECT:[ UseTime:0.088694s ] mysql:dbname=yuhal;host=118.31.23.98;port=3306;charset=utf8
[ sql ] [ SQL ] SHOW COLUMNS FROM `yh_b_tags` [ RunTime:0.059785s ]
[ sql ] [ SQL ] SELECT `value` FROM `yh_b_tags` WHERE  `yh_b_tags`.`delete_time` IS NULL ORDER BY update_time desc [ RunTime:0.059287s ]
[ sql ] [ SQL ] SHOW COLUMNS FROM `yh_b_information` [ RunTime:0.059848s ]
[ sql ] [ SQL ] SELECT * FROM `yh_b_information` ORDER BY rand() LIMIT 5 [ RunTime:0.059257s ]
[ sql ] [ SQL ] SHOW COLUMNS FROM `yh_b_article` [ RunTime:0.059847s ]
[ sql ] [ SQL ] SELECT `a`.`article_title`,`a`.`create_time`,`a`.`note`,`b`.`color`,`b`.`show_type`,`b`.`value`,`a`.`article_id`,`a`.`tag_ids` FROM `yh_b_article` `a` INNER JOIN `yh_b_article_type` `b` ON `b`.`id`=`a`.`type_id` WHERE  `a`.`delete_time` IS NULL  AND (  article_id=86 ) LIMIT 1 [ RunTime:0.059379s ]

---------------------------------------------------------------
[ 2018-02-11T21:54:01+08:00 ] 60.205.47.19 51.15.193.15 GET /details/87
[ log ] www.yuhal.com/details/87 [运行时间：0.679420s][吞吐率：1.47req/s] [内存消耗：3,311.71kb] [文件加载：46]
[ info ] [ SESSION ] INIT array (
  'id' => '',
  'var_session_id' => '',
  'prefix' => 'think',
  'type' => '',
  'auto_start' => true,
)
[ info ] [ DB ] INIT mysql
[ info ] [ LANG ] /data/home/bxu2713790162/htdocs/thinkphp/lang/zh-cn.php
[ info ] [ ROUTE ] array (
  'type' => 'module',
  'module' => 
  array (
    0 => 'blog',
    1 => 'details',
    2 => 'index',
  ),
  'convert' => false,
)
[ info ] [ HEADER ] array (
  'accept' => 'text/html,text/plain,text/xml,text/*,application/xml,application/xhtml+xml,application/rss+xml,application/atom+xml,application/rdf+xml,application/php,application/x-php,application/x-httpd-php',
  'accept-encoding' => 'gzip',
  'accept-language' => 'en',
  'host' => 'www.yuhal.com',
  'user-agent' => 'Mozilla/5.0 (compatible; MJ12bot/v1.4.8; http://mj12bot.com/)',
)
[ info ] [ PARAM ] array (
  'id' => '87',
)
[ info ] [ DB ] INIT mysql
[ info ] [ RUN ] app\blog\controller\Details->index[ /data/home/bxu2713790162/htdocs/application/blog/controller/Details.php ]
[ info ] [ VIEW ] /data/home/bxu2713790162/htdocs/application/blog/view/error/error.html [ array (
  0 => 'Tag',
  1 => 'Information',
  2 => 'User',
  3 => 'code',
  4 => 'msg',
) ]
[ info ] [ LOG ] INIT File
[ sql ] [ DB ] CONNECT:[ UseTime:0.091278s ] mysql:dbname=yuhal;host=118.31.23.98;port=3306;charset=utf8
[ sql ] [ SQL ] SHOW COLUMNS FROM `yh_b_tags` [ RunTime:0.061568s ]
[ sql ] [ SQL ] SELECT `value` FROM `yh_b_tags` WHERE  `yh_b_tags`.`delete_time` IS NULL ORDER BY update_time desc [ RunTime:0.061127s ]
[ sql ] [ SQL ] SHOW COLUMNS FROM `yh_b_information` [ RunTime:0.061551s ]
[ sql ] [ SQL ] SELECT * FROM `yh_b_information` ORDER BY rand() LIMIT 5 [ RunTime:0.062260s ]
[ sql ] [ SQL ] SHOW COLUMNS FROM `yh_b_article` [ RunTime:0.061497s ]
[ sql ] [ SQL ] SELECT `a`.`article_title`,`a`.`create_time`,`a`.`note`,`b`.`color`,`b`.`show_type`,`b`.`value`,`a`.`article_id`,`a`.`tag_ids` FROM `yh_b_article` `a` INNER JOIN `yh_b_article_type` `b` ON `b`.`id`=`a`.`type_id` WHERE  `a`.`delete_time` IS NULL  AND (  article_id=87 ) LIMIT 1 [ RunTime:0.061105s ]

---------------------------------------------------------------
[ 2018-02-11T21:54:08+08:00 ] 60.205.47.19 51.15.193.15 GET /details/88
[ log ] www.yuhal.com/details/88 [运行时间：0.705500s][吞吐率：1.42req/s] [内存消耗：3,311.71kb] [文件加载：46]
[ info ] [ SESSION ] INIT array (
  'id' => '',
  'var_session_id' => '',
  'prefix' => 'think',
  'type' => '',
  'auto_start' => true,
)
[ info ] [ DB ] INIT mysql
[ info ] [ LANG ] /data/home/bxu2713790162/htdocs/thinkphp/lang/zh-cn.php
[ info ] [ ROUTE ] array (
  'type' => 'module',
  'module' => 
  array (
    0 => 'blog',
    1 => 'details',
    2 => 'index',
  ),
  'convert' => false,
)
[ info ] [ HEADER ] array (
  'accept' => 'text/html,text/plain,text/xml,text/*,application/xml,application/xhtml+xml,application/rss+xml,application/atom+xml,application/rdf+xml,application/php,application/x-php,application/x-httpd-php',
  'accept-encoding' => 'gzip',
  'accept-language' => 'en',
  'host' => 'www.yuhal.com',
  'user-agent' => 'Mozilla/5.0 (compatible; MJ12bot/v1.4.8; http://mj12bot.com/)',
)
[ info ] [ PARAM ] array (
  'id' => '88',
)
[ info ] [ DB ] INIT mysql
[ info ] [ RUN ] app\blog\controller\Details->index[ /data/home/bxu2713790162/htdocs/application/blog/controller/Details.php ]
[ info ] [ VIEW ] /data/home/bxu2713790162/htdocs/application/blog/view/error/error.html [ array (
  0 => 'Tag',
  1 => 'Information',
  2 => 'User',
  3 => 'code',
  4 => 'msg',
) ]
[ info ] [ LOG ] INIT File
[ sql ] [ DB ] CONNECT:[ UseTime:0.101557s ] mysql:dbname=yuhal;host=118.31.23.98;port=3306;charset=utf8
[ sql ] [ SQL ] SHOW COLUMNS FROM `yh_b_tags` [ RunTime:0.067698s ]
[ sql ] [ SQL ] SELECT `value` FROM `yh_b_tags` WHERE  `yh_b_tags`.`delete_time` IS NULL ORDER BY update_time desc [ RunTime:0.066994s ]
[ sql ] [ SQL ] SHOW COLUMNS FROM `yh_b_information` [ RunTime:0.067315s ]
[ sql ] [ SQL ] SELECT * FROM `yh_b_information` ORDER BY rand() LIMIT 5 [ RunTime:0.066975s ]
[ sql ] [ SQL ] SHOW COLUMNS FROM `yh_b_article` [ RunTime:0.067500s ]
[ sql ] [ SQL ] SELECT `a`.`article_title`,`a`.`create_time`,`a`.`note`,`b`.`color`,`b`.`show_type`,`b`.`value`,`a`.`article_id`,`a`.`tag_ids` FROM `yh_b_article` `a` INNER JOIN `yh_b_article_type` `b` ON `b`.`id`=`a`.`type_id` WHERE  `a`.`delete_time` IS NULL  AND (  article_id=88 ) LIMIT 1 [ RunTime:0.066945s ]

---------------------------------------------------------------
[ 2018-02-11T21:54:12+08:00 ] 60.205.47.19 51.15.193.15 GET /details/89
[ log ] www.yuhal.com/details/89 [运行时间：0.699182s][吞吐率：1.43req/s] [内存消耗：3,311.71kb] [文件加载：46]
[ info ] [ SESSION ] INIT array (
  'id' => '',
  'var_session_id' => '',
  'prefix' => 'think',
  'type' => '',
  'auto_start' => true,
)
[ info ] [ DB ] INIT mysql
[ info ] [ LANG ] /data/home/bxu2713790162/htdocs/thinkphp/lang/zh-cn.php
[ info ] [ ROUTE ] array (
  'type' => 'module',
  'module' => 
  array (
    0 => 'blog',
    1 => 'details',
    2 => 'index',
  ),
  'convert' => false,
)
[ info ] [ HEADER ] array (
  'accept' => 'text/html,text/plain,text/xml,text/*,application/xml,application/xhtml+xml,application/rss+xml,application/atom+xml,application/rdf+xml,application/php,application/x-php,application/x-httpd-php',
  'accept-encoding' => 'gzip',
  'accept-language' => 'en',
  'host' => 'www.yuhal.com',
  'user-agent' => 'Mozilla/5.0 (compatible; MJ12bot/v1.4.8; http://mj12bot.com/)',
)
[ info ] [ PARAM ] array (
  'id' => '89',
)
[ info ] [ DB ] INIT mysql
[ info ] [ RUN ] app\blog\controller\Details->index[ /data/home/bxu2713790162/htdocs/application/blog/controller/Details.php ]
[ info ] [ VIEW ] /data/home/bxu2713790162/htdocs/application/blog/view/error/error.html [ array (
  0 => 'Tag',
  1 => 'Information',
  2 => 'User',
  3 => 'code',
  4 => 'msg',
) ]
[ info ] [ LOG ] INIT File
[ sql ] [ DB ] CONNECT:[ UseTime:0.099158s ] mysql:dbname=yuhal;host=118.31.23.98;port=3306;charset=utf8
[ sql ] [ SQL ] SHOW COLUMNS FROM `yh_b_tags` [ RunTime:0.066764s ]
[ sql ] [ SQL ] SELECT `value` FROM `yh_b_tags` WHERE  `yh_b_tags`.`delete_time` IS NULL ORDER BY update_time desc [ RunTime:0.066108s ]
[ sql ] [ SQL ] SHOW COLUMNS FROM `yh_b_information` [ RunTime:0.066699s ]
[ sql ] [ SQL ] SELECT * FROM `yh_b_information` ORDER BY rand() LIMIT 5 [ RunTime:0.066310s ]
[ sql ] [ SQL ] SHOW COLUMNS FROM `yh_b_article` [ RunTime:0.066830s ]
[ sql ] [ SQL ] SELECT `a`.`article_title`,`a`.`create_time`,`a`.`note`,`b`.`color`,`b`.`show_type`,`b`.`value`,`a`.`article_id`,`a`.`tag_ids` FROM `yh_b_article` `a` INNER JOIN `yh_b_article_type` `b` ON `b`.`id`=`a`.`type_id` WHERE  `a`.`delete_time` IS NULL  AND (  article_id=89 ) LIMIT 1 [ RunTime:0.066286s ]

---------------------------------------------------------------
[ 2018-02-11T21:54:15+08:00 ] 60.205.47.19 51.15.193.15 GET /details/90
[ log ] www.yuhal.com/details/90 [运行时间：0.727469s][吞吐率：1.37req/s] [内存消耗：3,311.80kb] [文件加载：46]
[ info ] [ SESSION ] INIT array (
  'id' => '',
  'var_session_id' => '',
  'prefix' => 'think',
  'type' => '',
  'auto_start' => true,
)
[ info ] [ DB ] INIT mysql
[ info ] [ LANG ] /data/home/bxu2713790162/htdocs/thinkphp/lang/zh-cn.php
[ info ] [ ROUTE ] array (
  'type' => 'module',
  'module' => 
  array (
    0 => 'blog',
    1 => 'details',
    2 => 'index',
  ),
  'convert' => false,
)
[ info ] [ HEADER ] array (
  'accept' => 'text/html,text/plain,text/xml,text/*,application/xml,application/xhtml+xml,application/rss+xml,application/atom+xml,application/rdf+xml,application/php,application/x-php,application/x-httpd-php',
  'accept-encoding' => 'gzip',
  'accept-language' => 'en',
  'host' => 'www.yuhal.com',
  'user-agent' => 'Mozilla/5.0 (compatible; MJ12bot/v1.4.8; http://mj12bot.com/)',
)
[ info ] [ PARAM ] array (
  'id' => '90',
)
[ info ] [ DB ] INIT mysql
[ info ] [ RUN ] app\blog\controller\Details->index[ /data/home/bxu2713790162/htdocs/application/blog/controller/Details.php ]
[ info ] [ VIEW ] /data/home/bxu2713790162/htdocs/application/blog/view/error/error.html [ array (
  0 => 'Tag',
  1 => 'Information',
  2 => 'User',
  3 => 'code',
  4 => 'msg',
) ]
[ info ] [ LOG ] INIT File
[ sql ] [ DB ] CONNECT:[ UseTime:0.101968s ] mysql:dbname=yuhal;host=118.31.23.98;port=3306;charset=utf8
[ sql ] [ SQL ] SHOW COLUMNS FROM `yh_b_tags` [ RunTime:0.068583s ]
[ sql ] [ SQL ] SELECT `value` FROM `yh_b_tags` WHERE  `yh_b_tags`.`delete_time` IS NULL ORDER BY update_time desc [ RunTime:0.068160s ]
[ sql ] [ SQL ] SHOW COLUMNS FROM `yh_b_information` [ RunTime:0.068382s ]
[ sql ] [ SQL ] SELECT * FROM `yh_b_information` ORDER BY rand() LIMIT 5 [ RunTime:0.068193s ]
[ sql ] [ SQL ] SHOW COLUMNS FROM `yh_b_article` [ RunTime:0.068570s ]
[ sql ] [ SQL ] SELECT `a`.`article_title`,`a`.`create_time`,`a`.`note`,`b`.`color`,`b`.`show_type`,`b`.`value`,`a`.`article_id`,`a`.`tag_ids` FROM `yh_b_article` `a` INNER JOIN `yh_b_article_type` `b` ON `b`.`id`=`a`.`type_id` WHERE  `a`.`delete_time` IS NULL  AND (  article_id=90 ) LIMIT 1 [ RunTime:0.068115s ]

---------------------------------------------------------------
[ 2018-02-11T21:54:18+08:00 ] 60.205.47.19 51.15.193.15 GET /details/91
[ log ] www.yuhal.com/details/91 [运行时间：0.626478s][吞吐率：1.60req/s] [内存消耗：3,311.71kb] [文件加载：46]
[ info ] [ SESSION ] INIT array (
  'id' => '',
  'var_session_id' => '',
  'prefix' => 'think',
  'type' => '',
  'auto_start' => true,
)
[ info ] [ DB ] INIT mysql
[ info ] [ LANG ] /data/home/bxu2713790162/htdocs/thinkphp/lang/zh-cn.php
[ info ] [ ROUTE ] array (
  'type' => 'module',
  'module' => 
  array (
    0 => 'blog',
    1 => 'details',
    2 => 'index',
  ),
  'convert' => false,
)
[ info ] [ HEADER ] array (
  'accept' => 'text/html,text/plain,text/xml,text/*,application/xml,application/xhtml+xml,application/rss+xml,application/atom+xml,application/rdf+xml,application/php,application/x-php,application/x-httpd-php',
  'accept-encoding' => 'gzip',
  'accept-language' => 'en',
  'host' => 'www.yuhal.com',
  'user-agent' => 'Mozilla/5.0 (compatible; MJ12bot/v1.4.8; http://mj12bot.com/)',
)
[ info ] [ PARAM ] array (
  'id' => '91',
)
[ info ] [ DB ] INIT mysql
[ info ] [ RUN ] app\blog\controller\Details->index[ /data/home/bxu2713790162/htdocs/application/blog/controller/Details.php ]
[ info ] [ VIEW ] /data/home/bxu2713790162/htdocs/application/blog/view/error/error.html [ array (
  0 => 'Tag',
  1 => 'Information',
  2 => 'User',
  3 => 'code',
  4 => 'msg',
) ]
[ info ] [ LOG ] INIT File
[ sql ] [ DB ] CONNECT:[ UseTime:0.088433s ] mysql:dbname=yuhal;host=118.31.23.98;port=3306;charset=utf8
[ sql ] [ SQL ] SHOW COLUMNS FROM `yh_b_tags` [ RunTime:0.059539s ]
[ sql ] [ SQL ] SELECT `value` FROM `yh_b_tags` WHERE  `yh_b_tags`.`delete_time` IS NULL ORDER BY update_time desc [ RunTime:0.059088s ]
[ sql ] [ SQL ] SHOW COLUMNS FROM `yh_b_information` [ RunTime:0.059408s ]
[ sql ] [ SQL ] SELECT * FROM `yh_b_information` ORDER BY rand() LIMIT 5 [ RunTime:0.059119s ]
[ sql ] [ SQL ] SHOW COLUMNS FROM `yh_b_article` [ RunTime:0.059568s ]
[ sql ] [ SQL ] SELECT `a`.`article_title`,`a`.`create_time`,`a`.`note`,`b`.`color`,`b`.`show_type`,`b`.`value`,`a`.`article_id`,`a`.`tag_ids` FROM `yh_b_article` `a` INNER JOIN `yh_b_article_type` `b` ON `b`.`id`=`a`.`type_id` WHERE  `a`.`delete_time` IS NULL  AND (  article_id=91 ) LIMIT 1 [ RunTime:0.059107s ]

---------------------------------------------------------------
[ 2018-02-11T21:54:22+08:00 ] 60.205.47.19 51.15.193.15 GET /details/92
[ log ] www.yuhal.com/details/92 [运行时间：0.697319s][吞吐率：1.43req/s] [内存消耗：3,311.73kb] [文件加载：46]
[ info ] [ SESSION ] INIT array (
  'id' => '',
  'var_session_id' => '',
  'prefix' => 'think',
  'type' => '',
  'auto_start' => true,
)
[ info ] [ DB ] INIT mysql
[ info ] [ LANG ] /data/home/bxu2713790162/htdocs/thinkphp/lang/zh-cn.php
[ info ] [ ROUTE ] array (
  'type' => 'module',
  'module' => 
  array (
    0 => 'blog',
    1 => 'details',
    2 => 'index',
  ),
  'convert' => false,
)
[ info ] [ HEADER ] array (
  'accept' => 'text/html,text/plain,text/xml,text/*,application/xml,application/xhtml+xml,application/rss+xml,application/atom+xml,application/rdf+xml,application/php,application/x-php,application/x-httpd-php',
  'accept-encoding' => 'gzip',
  'accept-language' => 'en',
  'host' => 'www.yuhal.com',
  'user-agent' => 'Mozilla/5.0 (compatible; MJ12bot/v1.4.8; http://mj12bot.com/)',
)
[ info ] [ PARAM ] array (
  'id' => '92',
)
[ info ] [ DB ] INIT mysql
[ info ] [ RUN ] app\blog\controller\Details->index[ /data/home/bxu2713790162/htdocs/application/blog/controller/Details.php ]
[ info ] [ VIEW ] /data/home/bxu2713790162/htdocs/application/blog/view/error/error.html [ array (
  0 => 'Tag',
  1 => 'Information',
  2 => 'User',
  3 => 'code',
  4 => 'msg',
) ]
[ info ] [ LOG ] INIT File
[ sql ] [ DB ] CONNECT:[ UseTime:0.099333s ] mysql:dbname=yuhal;host=118.31.23.98;port=3306;charset=utf8
[ sql ] [ SQL ] SHOW COLUMNS FROM `yh_b_tags` [ RunTime:0.067156s ]
[ sql ] [ SQL ] SELECT `value` FROM `yh_b_tags` WHERE  `yh_b_tags`.`delete_time` IS NULL ORDER BY update_time desc [ RunTime:0.066361s ]
[ sql ] [ SQL ] SHOW COLUMNS FROM `yh_b_information` [ RunTime:0.066791s ]
[ sql ] [ SQL ] SELECT * FROM `yh_b_information` ORDER BY rand() LIMIT 5 [ RunTime:0.066352s ]
[ sql ] [ SQL ] SHOW COLUMNS FROM `yh_b_article` [ RunTime:0.066800s ]
[ sql ] [ SQL ] SELECT `a`.`article_title`,`a`.`create_time`,`a`.`note`,`b`.`color`,`b`.`show_type`,`b`.`value`,`a`.`article_id`,`a`.`tag_ids` FROM `yh_b_article` `a` INNER JOIN `yh_b_article_type` `b` ON `b`.`id`=`a`.`type_id` WHERE  `a`.`delete_time` IS NULL  AND (  article_id=92 ) LIMIT 1 [ RunTime:0.066338s ]

---------------------------------------------------------------
[ 2018-02-11T21:54:26+08:00 ] 60.205.47.19 51.15.193.15 GET /details/93
[ log ] www.yuhal.com/details/93 [运行时间：0.666973s][吞吐率：1.50req/s] [内存消耗：3,311.80kb] [文件加载：46]
[ info ] [ SESSION ] INIT array (
  'id' => '',
  'var_session_id' => '',
  'prefix' => 'think',
  'type' => '',
  'auto_start' => true,
)
[ info ] [ DB ] INIT mysql
[ info ] [ LANG ] /data/home/bxu2713790162/htdocs/thinkphp/lang/zh-cn.php
[ info ] [ ROUTE ] array (
  'type' => 'module',
  'module' => 
  array (
    0 => 'blog',
    1 => 'details',
    2 => 'index',
  ),
  'convert' => false,
)
[ info ] [ HEADER ] array (
  'accept' => 'text/html,text/plain,text/xml,text/*,application/xml,application/xhtml+xml,application/rss+xml,application/atom+xml,application/rdf+xml,application/php,application/x-php,application/x-httpd-php',
  'accept-encoding' => 'gzip',
  'accept-language' => 'en',
  'host' => 'www.yuhal.com',
  'user-agent' => 'Mozilla/5.0 (compatible; MJ12bot/v1.4.8; http://mj12bot.com/)',
)
[ info ] [ PARAM ] array (
  'id' => '93',
)
[ info ] [ DB ] INIT mysql
[ info ] [ RUN ] app\blog\controller\Details->index[ /data/home/bxu2713790162/htdocs/application/blog/controller/Details.php ]
[ info ] [ VIEW ] /data/home/bxu2713790162/htdocs/application/blog/view/error/error.html [ array (
  0 => 'Tag',
  1 => 'Information',
  2 => 'User',
  3 => 'code',
  4 => 'msg',
) ]
[ info ] [ LOG ] INIT File
[ sql ] [ DB ] CONNECT:[ UseTime:0.089019s ] mysql:dbname=yuhal;host=118.31.23.98;port=3306;charset=utf8
[ sql ] [ SQL ] SHOW COLUMNS FROM `yh_b_tags` [ RunTime:0.060291s ]
[ sql ] [ SQL ] SELECT `value` FROM `yh_b_tags` WHERE  `yh_b_tags`.`delete_time` IS NULL ORDER BY update_time desc [ RunTime:0.059541s ]
[ sql ] [ SQL ] SHOW COLUMNS FROM `yh_b_information` [ RunTime:0.060173s ]
[ sql ] [ SQL ] SELECT * FROM `yh_b_information` ORDER BY rand() LIMIT 5 [ RunTime:0.059492s ]
[ sql ] [ SQL ] SHOW COLUMNS FROM `yh_b_article` [ RunTime:0.059977s ]
[ sql ] [ SQL ] SELECT `a`.`article_title`,`a`.`create_time`,`a`.`note`,`b`.`color`,`b`.`show_type`,`b`.`value`,`a`.`article_id`,`a`.`tag_ids` FROM `yh_b_article` `a` INNER JOIN `yh_b_article_type` `b` ON `b`.`id`=`a`.`type_id` WHERE  `a`.`delete_time` IS NULL  AND (  article_id=93 ) LIMIT 1 [ RunTime:0.059516s ]

---------------------------------------------------------------
[ 2018-02-11T21:54:30+08:00 ] 60.205.47.19 51.15.193.15 GET /details/94
[ log ] www.yuhal.com/details/94 [运行时间：0.727099s][吞吐率：1.38req/s] [内存消耗：3,311.71kb] [文件加载：46]
[ info ] [ SESSION ] INIT array (
  'id' => '',
  'var_session_id' => '',
  'prefix' => 'think',
  'type' => '',
  'auto_start' => true,
)
[ info ] [ DB ] INIT mysql
[ info ] [ LANG ] /data/home/bxu2713790162/htdocs/thinkphp/lang/zh-cn.php
[ info ] [ ROUTE ] array (
  'type' => 'module',
  'module' => 
  array (
    0 => 'blog',
    1 => 'details',
    2 => 'index',
  ),
  'convert' => false,
)
[ info ] [ HEADER ] array (
  'accept' => 'text/html,text/plain,text/xml,text/*,application/xml,application/xhtml+xml,application/rss+xml,application/atom+xml,application/rdf+xml,application/php,application/x-php,application/x-httpd-php',
  'accept-encoding' => 'gzip',
  'accept-language' => 'en',
  'host' => 'www.yuhal.com',
  'user-agent' => 'Mozilla/5.0 (compatible; MJ12bot/v1.4.8; http://mj12bot.com/)',
)
[ info ] [ PARAM ] array (
  'id' => '94',
)
[ info ] [ DB ] INIT mysql
[ info ] [ RUN ] app\blog\controller\Details->index[ /data/home/bxu2713790162/htdocs/application/blog/controller/Details.php ]
[ info ] [ VIEW ] /data/home/bxu2713790162/htdocs/application/blog/view/error/error.html [ array (
  0 => 'Tag',
  1 => 'Information',
  2 => 'User',
  3 => 'code',
  4 => 'msg',
) ]
[ info ] [ LOG ] INIT File
[ sql ] [ DB ] CONNECT:[ UseTime:0.101668s ] mysql:dbname=yuhal;host=118.31.23.98;port=3306;charset=utf8
[ sql ] [ SQL ] SHOW COLUMNS FROM `yh_b_tags` [ RunTime:0.068369s ]
[ sql ] [ SQL ] SELECT `value` FROM `yh_b_tags` WHERE  `yh_b_tags`.`delete_time` IS NULL ORDER BY update_time desc [ RunTime:0.067925s ]
[ sql ] [ SQL ] SHOW COLUMNS FROM `yh_b_information` [ RunTime:0.068223s ]
[ sql ] [ SQL ] SELECT * FROM `yh_b_information` ORDER BY rand() LIMIT 5 [ RunTime:0.067844s ]
[ sql ] [ SQL ] SHOW COLUMNS FROM `yh_b_article` [ RunTime:0.068365s ]
[ sql ] [ SQL ] SELECT `a`.`article_title`,`a`.`create_time`,`a`.`note`,`b`.`color`,`b`.`show_type`,`b`.`value`,`a`.`article_id`,`a`.`tag_ids` FROM `yh_b_article` `a` INNER JOIN `yh_b_article_type` `b` ON `b`.`id`=`a`.`type_id` WHERE  `a`.`delete_time` IS NULL  AND (  article_id=94 ) LIMIT 1 [ RunTime:0.067958s ]

---------------------------------------------------------------
[ 2018-02-11T21:54:33+08:00 ] 60.205.47.19 51.15.193.15 GET /details/95
[ log ] www.yuhal.com/details/95 [运行时间：0.704846s][吞吐率：1.42req/s] [内存消耗：3,311.77kb] [文件加载：46]
[ info ] [ SESSION ] INIT array (
  'id' => '',
  'var_session_id' => '',
  'prefix' => 'think',
  'type' => '',
  'auto_start' => true,
)
[ info ] [ DB ] INIT mysql
[ info ] [ LANG ] /data/home/bxu2713790162/htdocs/thinkphp/lang/zh-cn.php
[ info ] [ ROUTE ] array (
  'type' => 'module',
  'module' => 
  array (
    0 => 'blog',
    1 => 'details',
    2 => 'index',
  ),
  'convert' => false,
)
[ info ] [ HEADER ] array (
  'accept' => 'text/html,text/plain,text/xml,text/*,application/xml,application/xhtml+xml,application/rss+xml,application/atom+xml,application/rdf+xml,application/php,application/x-php,application/x-httpd-php',
  'accept-encoding' => 'gzip',
  'accept-language' => 'en',
  'host' => 'www.yuhal.com',
  'user-agent' => 'Mozilla/5.0 (compatible; MJ12bot/v1.4.8; http://mj12bot.com/)',
)
[ info ] [ PARAM ] array (
  'id' => '95',
)
[ info ] [ DB ] INIT mysql
[ info ] [ RUN ] app\blog\controller\Details->index[ /data/home/bxu2713790162/htdocs/application/blog/controller/Details.php ]
[ info ] [ VIEW ] /data/home/bxu2713790162/htdocs/application/blog/view/error/error.html [ array (
  0 => 'Tag',
  1 => 'Information',
  2 => 'User',
  3 => 'code',
  4 => 'msg',
) ]
[ info ] [ LOG ] INIT File
[ sql ] [ DB ] CONNECT:[ UseTime:0.100479s ] mysql:dbname=yuhal;host=118.31.23.98;port=3306;charset=utf8
[ sql ] [ SQL ] SHOW COLUMNS FROM `yh_b_tags` [ RunTime:0.067516s ]
[ sql ] [ SQL ] SELECT `value` FROM `yh_b_tags` WHERE  `yh_b_tags`.`delete_time` IS NULL ORDER BY update_time desc [ RunTime:0.067018s ]
[ sql ] [ SQL ] SHOW COLUMNS FROM `yh_b_information` [ RunTime:0.067503s ]
[ sql ] [ SQL ] SELECT * FROM `yh_b_information` ORDER BY rand() LIMIT 5 [ RunTime:0.067154s ]
[ sql ] [ SQL ] SHOW COLUMNS FROM `yh_b_article` [ RunTime:0.067649s ]
[ sql ] [ SQL ] SELECT `a`.`article_title`,`a`.`create_time`,`a`.`note`,`b`.`color`,`b`.`show_type`,`b`.`value`,`a`.`article_id`,`a`.`tag_ids` FROM `yh_b_article` `a` INNER JOIN `yh_b_article_type` `b` ON `b`.`id`=`a`.`type_id` WHERE  `a`.`delete_time` IS NULL  AND (  article_id=95 ) LIMIT 1 [ RunTime:0.067079s ]

---------------------------------------------------------------
[ 2018-02-11T21:54:36+08:00 ] 60.205.47.19 51.15.193.15 GET /details/96
[ log ] www.yuhal.com/details/96 [运行时间：0.668726s][吞吐率：1.50req/s] [内存消耗：3,311.73kb] [文件加载：46]
[ info ] [ SESSION ] INIT array (
  'id' => '',
  'var_session_id' => '',
  'prefix' => 'think',
  'type' => '',
  'auto_start' => true,
)
[ info ] [ DB ] INIT mysql
[ info ] [ LANG ] /data/home/bxu2713790162/htdocs/thinkphp/lang/zh-cn.php
[ info ] [ ROUTE ] array (
  'type' => 'module',
  'module' => 
  array (
    0 => 'blog',
    1 => 'details',
    2 => 'index',
  ),
  'convert' => false,
)
[ info ] [ HEADER ] array (
  'accept' => 'text/html,text/plain,text/xml,text/*,application/xml,application/xhtml+xml,application/rss+xml,application/atom+xml,application/rdf+xml,application/php,application/x-php,application/x-httpd-php',
  'accept-encoding' => 'gzip',
  'accept-language' => 'en',
  'host' => 'www.yuhal.com',
  'user-agent' => 'Mozilla/5.0 (compatible; MJ12bot/v1.4.8; http://mj12bot.com/)',
)
[ info ] [ PARAM ] array (
  'id' => '96',
)
[ info ] [ DB ] INIT mysql
[ info ] [ RUN ] app\blog\controller\Details->index[ /data/home/bxu2713790162/htdocs/application/blog/controller/Details.php ]
[ info ] [ VIEW ] /data/home/bxu2713790162/htdocs/application/blog/view/error/error.html [ array (
  0 => 'Tag',
  1 => 'Information',
  2 => 'User',
  3 => 'code',
  4 => 'msg',
) ]
[ info ] [ LOG ] INIT File
[ sql ] [ DB ] CONNECT:[ UseTime:0.089157s ] mysql:dbname=yuhal;host=118.31.23.98;port=3306;charset=utf8
[ sql ] [ SQL ] SHOW COLUMNS FROM `yh_b_tags` [ RunTime:0.060210s ]
[ sql ] [ SQL ] SELECT `value` FROM `yh_b_tags` WHERE  `yh_b_tags`.`delete_time` IS NULL ORDER BY update_time desc [ RunTime:0.059558s ]
[ sql ] [ SQL ] SHOW COLUMNS FROM `yh_b_information` [ RunTime:0.060102s ]
[ sql ] [ SQL ] SELECT * FROM `yh_b_information` ORDER BY rand() LIMIT 5 [ RunTime:0.059713s ]
[ sql ] [ SQL ] SHOW COLUMNS FROM `yh_b_article` [ RunTime:0.060166s ]
[ sql ] [ SQL ] SELECT `a`.`article_title`,`a`.`create_time`,`a`.`note`,`b`.`color`,`b`.`show_type`,`b`.`value`,`a`.`article_id`,`a`.`tag_ids` FROM `yh_b_article` `a` INNER JOIN `yh_b_article_type` `b` ON `b`.`id`=`a`.`type_id` WHERE  `a`.`delete_time` IS NULL  AND (  article_id=96 ) LIMIT 1 [ RunTime:0.059689s ]

---------------------------------------------------------------
[ 2018-02-11T21:54:39+08:00 ] 60.205.47.19 51.15.193.15 GET /details/98
[ log ] www.yuhal.com/details/98 [运行时间：0.705328s][吞吐率：1.42req/s] [内存消耗：3,311.73kb] [文件加载：46]
[ info ] [ SESSION ] INIT array (
  'id' => '',
  'var_session_id' => '',
  'prefix' => 'think',
  'type' => '',
  'auto_start' => true,
)
[ info ] [ DB ] INIT mysql
[ info ] [ LANG ] /data/home/bxu2713790162/htdocs/thinkphp/lang/zh-cn.php
[ info ] [ ROUTE ] array (
  'type' => 'module',
  'module' => 
  array (
    0 => 'blog',
    1 => 'details',
    2 => 'index',
  ),
  'convert' => false,
)
[ info ] [ HEADER ] array (
  'accept' => 'text/html,text/plain,text/xml,text/*,application/xml,application/xhtml+xml,application/rss+xml,application/atom+xml,application/rdf+xml,application/php,application/x-php,application/x-httpd-php',
  'accept-encoding' => 'gzip',
  'accept-language' => 'en',
  'host' => 'www.yuhal.com',
  'user-agent' => 'Mozilla/5.0 (compatible; MJ12bot/v1.4.8; http://mj12bot.com/)',
)
[ info ] [ PARAM ] array (
  'id' => '98',
)
[ info ] [ DB ] INIT mysql
[ info ] [ RUN ] app\blog\controller\Details->index[ /data/home/bxu2713790162/htdocs/application/blog/controller/Details.php ]
[ info ] [ VIEW ] /data/home/bxu2713790162/htdocs/application/blog/view/error/error.html [ array (
  0 => 'Tag',
  1 => 'Information',
  2 => 'User',
  3 => 'code',
  4 => 'msg',
) ]
[ info ] [ LOG ] INIT File
[ sql ] [ DB ] CONNECT:[ UseTime:0.100250s ] mysql:dbname=yuhal;host=118.31.23.98;port=3306;charset=utf8
[ sql ] [ SQL ] SHOW COLUMNS FROM `yh_b_tags` [ RunTime:0.067458s ]
[ sql ] [ SQL ] SELECT `value` FROM `yh_b_tags` WHERE  `yh_b_tags`.`delete_time` IS NULL ORDER BY update_time desc [ RunTime:0.066884s ]
[ sql ] [ SQL ] SHOW COLUMNS FROM `yh_b_information` [ RunTime:0.067587s ]
[ sql ] [ SQL ] SELECT * FROM `yh_b_information` ORDER BY rand() LIMIT 5 [ RunTime:0.066969s ]
[ sql ] [ SQL ] SHOW COLUMNS FROM `yh_b_article` [ RunTime:0.067448s ]
[ sql ] [ SQL ] SELECT `a`.`article_title`,`a`.`create_time`,`a`.`note`,`b`.`color`,`b`.`show_type`,`b`.`value`,`a`.`article_id`,`a`.`tag_ids` FROM `yh_b_article` `a` INNER JOIN `yh_b_article_type` `b` ON `b`.`id`=`a`.`type_id` WHERE  `a`.`delete_time` IS NULL  AND (  article_id=98 ) LIMIT 1 [ RunTime:0.067010s ]

---------------------------------------------------------------
[ 2018-02-11T21:54:42+08:00 ] 60.205.47.19 51.15.193.15 GET /details/99
[ log ] www.yuhal.com/details/99 [运行时间：0.717923s][吞吐率：1.39req/s] [内存消耗：3,311.73kb] [文件加载：46]
[ info ] [ SESSION ] INIT array (
  'id' => '',
  'var_session_id' => '',
  'prefix' => 'think',
  'type' => '',
  'auto_start' => true,
)
[ info ] [ DB ] INIT mysql
[ info ] [ LANG ] /data/home/bxu2713790162/htdocs/thinkphp/lang/zh-cn.php
[ info ] [ ROUTE ] array (
  'type' => 'module',
  'module' => 
  array (
    0 => 'blog',
    1 => 'details',
    2 => 'index',
  ),
  'convert' => false,
)
[ info ] [ HEADER ] array (
  'accept' => 'text/html,text/plain,text/xml,text/*,application/xml,application/xhtml+xml,application/rss+xml,application/atom+xml,application/rdf+xml,application/php,application/x-php,application/x-httpd-php',
  'accept-encoding' => 'gzip',
  'accept-language' => 'en',
  'host' => 'www.yuhal.com',
  'user-agent' => 'Mozilla/5.0 (compatible; MJ12bot/v1.4.8; http://mj12bot.com/)',
)
[ info ] [ PARAM ] array (
  'id' => '99',
)
[ info ] [ DB ] INIT mysql
[ info ] [ RUN ] app\blog\controller\Details->index[ /data/home/bxu2713790162/htdocs/application/blog/controller/Details.php ]
[ info ] [ VIEW ] /data/home/bxu2713790162/htdocs/application/blog/view/error/error.html [ array (
  0 => 'Tag',
  1 => 'Information',
  2 => 'User',
  3 => 'code',
  4 => 'msg',
) ]
[ info ] [ LOG ] INIT File
[ sql ] [ DB ] CONNECT:[ UseTime:0.100168s ] mysql:dbname=yuhal;host=118.31.23.98;port=3306;charset=utf8
[ sql ] [ SQL ] SHOW COLUMNS FROM `yh_b_tags` [ RunTime:0.067666s ]
[ sql ] [ SQL ] SELECT `value` FROM `yh_b_tags` WHERE  `yh_b_tags`.`delete_time` IS NULL ORDER BY update_time desc [ RunTime:0.066919s ]
[ sql ] [ SQL ] SHOW COLUMNS FROM `yh_b_information` [ RunTime:0.067498s ]
[ sql ] [ SQL ] SELECT * FROM `yh_b_information` ORDER BY rand() LIMIT 5 [ RunTime:0.067358s ]
[ sql ] [ SQL ] SHOW COLUMNS FROM `yh_b_article` [ RunTime:0.067355s ]
[ sql ] [ SQL ] SELECT `a`.`article_title`,`a`.`create_time`,`a`.`note`,`b`.`color`,`b`.`show_type`,`b`.`value`,`a`.`article_id`,`a`.`tag_ids` FROM `yh_b_article` `a` INNER JOIN `yh_b_article_type` `b` ON `b`.`id`=`a`.`type_id` WHERE  `a`.`delete_time` IS NULL  AND (  article_id=99 ) LIMIT 1 [ RunTime:0.066946s ]

---------------------------------------------------------------
[ 2018-02-11T21:54:48+08:00 ] 60.205.47.19 51.15.193.15 GET /tag/%E5%86%85%E7%BD%91%E7%A9%BF%E9%80%8F
[ log ] www.yuhal.com/tag/%E5%86%85%E7%BD%91%E7%A9%BF%E9%80%8F [运行时间：0.645352s][吞吐率：1.55req/s] [内存消耗：3,298.49kb] [文件加载：46]
[ info ] [ SESSION ] INIT array (
  'id' => '',
  'var_session_id' => '',
  'prefix' => 'think',
  'type' => '',
  'auto_start' => true,
)
[ info ] [ DB ] INIT mysql
[ info ] [ LANG ] /data/home/bxu2713790162/htdocs/thinkphp/lang/zh-cn.php
[ info ] [ ROUTE ] array (
  'type' => 'module',
  'module' => 
  array (
    0 => 'blog',
    1 => 'tag',
    2 => 'index',
  ),
  'convert' => false,
)
[ info ] [ HEADER ] array (
  'accept' => 'text/html,text/plain,text/xml,text/*,application/xml,application/xhtml+xml,application/rss+xml,application/atom+xml,application/rdf+xml,application/php,application/x-php,application/x-httpd-php',
  'accept-encoding' => 'gzip',
  'accept-language' => 'en',
  'host' => 'www.yuhal.com',
  'user-agent' => 'Mozilla/5.0 (compatible; MJ12bot/v1.4.8; http://mj12bot.com/)',
)
[ info ] [ PARAM ] array (
  'tag' => '内网穿透',
)
[ info ] [ DB ] INIT mysql
[ info ] [ RUN ] app\blog\controller\Tag->index[ /data/home/bxu2713790162/htdocs/application/blog/controller/Tag.php ]
[ info ] [ VIEW ] /data/home/bxu2713790162/htdocs/application/blog/view/error/error.html [ array (
  0 => 'Tag',
  1 => 'Information',
  2 => 'User',
  3 => 'code',
  4 => 'msg',
) ]
[ info ] [ LOG ] INIT File
[ sql ] [ DB ] CONNECT:[ UseTime:0.098893s ] mysql:dbname=yuhal;host=118.31.23.98;port=3306;charset=utf8
[ sql ] [ SQL ] SHOW COLUMNS FROM `yh_b_tags` [ RunTime:0.066548s ]
[ sql ] [ SQL ] SELECT `value` FROM `yh_b_tags` WHERE  `yh_b_tags`.`delete_time` IS NULL ORDER BY update_time desc [ RunTime:0.066100s ]
[ sql ] [ SQL ] SHOW COLUMNS FROM `yh_b_information` [ RunTime:0.066574s ]
[ sql ] [ SQL ] SELECT * FROM `yh_b_information` ORDER BY rand() LIMIT 5 [ RunTime:0.066018s ]
[ sql ] [ SQL ] SELECT * FROM `yh_b_tags` WHERE  `yh_b_tags`.`delete_time` IS NULL  AND `value` = '内网穿透' LIMIT 1 [ RunTime:0.066077s ]

---------------------------------------------------------------
[ 2018-02-11T21:54:51+08:00 ] 60.205.47.19 51.15.193.15 GET /tag/%E6%97%A0%E9%99%90%E6%9E%81%E5%88%86%E7%B1%BB
[ log ] www.yuhal.com/tag/%E6%97%A0%E9%99%90%E6%9E%81%E5%88%86%E7%B1%BB [运行时间：0.655338s][吞吐率：1.53req/s] [内存消耗：3,298.26kb] [文件加载：46]
[ info ] [ SESSION ] INIT array (
  'id' => '',
  'var_session_id' => '',
  'prefix' => 'think',
  'type' => '',
  'auto_start' => true,
)
[ info ] [ DB ] INIT mysql
[ info ] [ LANG ] /data/home/bxu2713790162/htdocs/thinkphp/lang/zh-cn.php
[ info ] [ ROUTE ] array (
  'type' => 'module',
  'module' => 
  array (
    0 => 'blog',
    1 => 'tag',
    2 => 'index',
  ),
  'convert' => false,
)
[ info ] [ HEADER ] array (
  'accept' => 'text/html,text/plain,text/xml,text/*,application/xml,application/xhtml+xml,application/rss+xml,application/atom+xml,application/rdf+xml,application/php,application/x-php,application/x-httpd-php',
  'accept-encoding' => 'gzip',
  'accept-language' => 'en',
  'host' => 'www.yuhal.com',
  'user-agent' => 'Mozilla/5.0 (compatible; MJ12bot/v1.4.8; http://mj12bot.com/)',
)
[ info ] [ PARAM ] array (
  'tag' => '无限极分类',
)
[ info ] [ DB ] INIT mysql
[ info ] [ RUN ] app\blog\controller\Tag->index[ /data/home/bxu2713790162/htdocs/application/blog/controller/Tag.php ]
[ info ] [ VIEW ] /data/home/bxu2713790162/htdocs/application/blog/view/error/error.html [ array (
  0 => 'Tag',
  1 => 'Information',
  2 => 'User',
  3 => 'code',
  4 => 'msg',
) ]
[ info ] [ LOG ] INIT File
[ sql ] [ DB ] CONNECT:[ UseTime:0.103039s ] mysql:dbname=yuhal;host=118.31.23.98;port=3306;charset=utf8
[ sql ] [ SQL ] SHOW COLUMNS FROM `yh_b_tags` [ RunTime:0.069457s ]
[ sql ] [ SQL ] SELECT `value` FROM `yh_b_tags` WHERE  `yh_b_tags`.`delete_time` IS NULL ORDER BY update_time desc [ RunTime:0.068684s ]
[ sql ] [ SQL ] SHOW COLUMNS FROM `yh_b_information` [ RunTime:0.069343s ]
[ sql ] [ SQL ] SELECT * FROM `yh_b_information` ORDER BY rand() LIMIT 5 [ RunTime:0.068856s ]
[ sql ] [ SQL ] SELECT * FROM `yh_b_tags` WHERE  `yh_b_tags`.`delete_time` IS NULL  AND `value` = '无限极分类' LIMIT 1 [ RunTime:0.071298s ]

---------------------------------------------------------------
